7 524.0 552.0 -0.000694 -0.000336 5507 5514
7 524.0 552.0 -0.003499 0.001596 5523 5529
7 524.0 552.0 -0.005393 0.003227 5539 5545
7 524.0 552.0 -0.002794 -0.003386 5555 5561
7 524.0 552.0 -0.005413 0.003856 5571 5577
7 524.0 552.0 -0.003141 -0.000405 5587 5593
7 524.0 552.0 -0.002783 -0.001018 5603 5609
7 524.0 552.0 -0.000552 0.001167 5619 5625
7 524.0 552.0 -0.000633 -0.001239 5635 5642
7 524.0 552.0 -0.001141 -0.002847 5651 5657
7 524.0 552.0 -0.000151 -0.000377 5667 5673
7 524.0 552.0 -2e-05 -5e-05 5683 5689
7 524.0 552.0 -3e-06 -7e-06 5699 5705
7 524.0 552.0 -0.0 -0.0 5716 5722
7 524.0 552.0 -0.0 -0.0 5731 5737
7 524.0 552.0 -0.0 -0.0 5747 5753
7 524.0 552.0 -0.0 -0.0 5764 5770
7 524.0 552.0 0.0007 0.001778 5779 5785
7 524.0 552.0 0.001869 0.004748 5795 5801
7 524.0 552.0 0.00272 -0.001008 5811 5817
7 524.0 552.0 0.003604 0.001291 5827 5833
7 524.0 552.0 0.003025 -0.001946 5844 5850
7 524.0 552.0 0.000679 0.000976 5860 5866
7 524.0 552.0 0.002009 0.003239 5877 5883
7 524.0 552.0 0.001117 -0.002656 5892 5898
7 524.0 552.0 0.000148 -0.000351 5908 5914
7 524.0 552.0 2e-05 -4.6e-05 5924 5930
7 524.0 552.0 1e-06 -3e-06 5941 5947
7 524.0 552.0 0.0 -0.0 5956 5962
7 524.0 552.0 0.0 -0.0 5972 5978
7 524.0 552.0 0.0 -0.0 5989 5995
7 524.0 552.0 0.0 -0.0 6004 6010
7 524.0 552.0 0.0 -0.0 6020 6026
7 524.0 552.0 -0.003088 0.002648 6036 6042
7 524.0 552.0 -0.003814 -0.001484 6053 6059
7 524.0 552.0 -0.005744 0.003979 6069 6075
7 524.0 552.0 -0.000851 -0.002986 6085 6091
7 524.0 552.0 -0.003251 -0.003122 6102 6108
7 524.0 552.0 -0.005465 0.00391 6117 6123
7 524.0 552.0 -0.001278 -0.002597 6133 6140
7 524.0 552.0 -0.00089 -0.001314 6150 6156
7 524.0 552.0 0.00017 -0.003756 6165 6171
7 524.0 552.0 2.2e-05 -0.000497 6204 6210
7 524.0 552.0 0.000435 -0.000406 6220 6226
7 524.0 552.0 0.000578 -0.000501 6236 6242
7 524.0 552.0 7.6e-05 -6.6e-05 6252 6259
7 524.0 552.0 1e-05 -9e-06 6268 6274
7 524.0 552.0 1e-06 -1e-06 6284 6290
7 524.0 552.0 0.0 -0.0 6301 6307
7 524.0 552.0 0.0 -0.0 6316 6322
7 524.0 552.0 0.0 -0.0 6332 6339
7 524.0 552.0 0.0 -0.0 6349 6355
7 524.0 552.0 0.0 -0.0 6365 6371
7 524.0 552.0 0.0 -0.0 6381 6387
7 524.0 552.0 0.0 -0.0 6397 6404
7 524.0 552.0 0.0 -0.0 6414 6420
7 524.0 552.0 0.0 -0.0 6430 6436
7 524.0 552.0 0.0 -0.0 6446 6452
7 524.0 552.0 -0.003028 0.002601 6462 6468
7 524.0 552.0 -0.0004 0.000344 6478 6485
7 524.0 552.0 -0.002059 0.001769 6494 6500
7 524.0 552.0 -0.000679 -0.000349 6510 6516
7 524.0 552.0 -0.004101 0.003401 6526 6532
7 524.0 552.0 0.000905 -0.002624 6542 6549
7 522.0 552.0 -0.003182 -0.003482 6558 6564
7 522.0 552.0 -0.004312 0.001718 6574 6580
7 522.0 552.0 -0.00049 -0.002841 6590 6596
7 522.0 552.0 -0.004049 -9.6e-05 6606 6612
7 522.0 552.0 -0.000592 -0.001727 6622 6629
7 522.0 552.0 0.00026 -0.001137 6638 6644
7 522.0 552.0 -0.000505 -0.001517 6654 6660
7 522.0 552.0 -3.4e-05 -0.000102 6670 6676
7 522.0 552.0 -0.001409 -0.003568 6687 6693
7 522.0 552.0 -0.000551 -0.001394 6703 6709
7 522.0 552.0 -0.002377 -0.00601 6719 6725
7 522.0 552.0 -0.004602 -0.011618 6735 6741
7 522.0 552.0 -0.005053 -0.012739 6751 6758
7 522.0 552.0 -0.006914 -0.01739 6767 6773
0 522.0 554.0 -0.002102 -0.032387 6783 6793
0 522.0 556.0 0.001818 -0.039753 6801 6807
0 522.0 556.0 -0.001262 -0.046153 6817 6823
0 522.0 558.0 -0.000979 -0.055425 6833 6839
0 522.0 560.0 0.001847 -0.05967 6850 6856
0 522.0 562.0 -0.002843 -0.071636 6866 6872
0 522.0 564.0 -0.004841 -0.076868 6882 6888
0 522.0 568.0 -0.007736 -0.081978 6898 6904
0 520.0 570.0 -0.009596 -0.090529 6915 6921
0 520.0 574.0 -0.010687 -0.097655 6930 6936
0 520.0 576.0 -0.021226 -0.101403 6946 6953
0 520.0 580.0 -0.020671 -0.110913 6962 6968
0 518.0 584.0 -0.020458 -0.117268 6978 6984
0 518.0 588.0 -0.031683 -0.123551 6995 7000
0 516.0 594.0 -0.034417 -0.128733 7011 7017
0 516.0 598.0 -0.03257 -0.135699 7027 7033
0 514.0 602.0 -0.039768 -0.139067 7043 7050
0 512.0 606.0 -0.039169 -0.143836 7059 7065
0 512.0 610.0 -0.040251 -0.149456 7075 7081
0 510.0 616.0 -0.039893 -0.153296 7091 7097
0 510.0 622.0 -0.037651 -0.155261 7107 7113
0 508.0 626.0 -0.035501 -0.16331 7124 7131
0 506.0 632.0 -0.040093 -0.163551 7139 7145
0 506.0 636.0 -0.035458 -0.168187 7155 7162
0 504.0 642.0 -0.039345 -0.17314 7171 7177
0 504.0 648.0 -0.034648 -0.178857 7187 7193
0 502.0 654.0 -0.032406 -0.181688 7203 7209
0 502.0 660.0 -0.034281 -0.18835 7219 7225
0 500.0 666.0 -0.0311 -0.194967 7235 7241
0 500.0 672.0 -0.024894 -0.201399 7252 7258
0 498.0 680.0 -0.029169 -0.20126 7268 7274
0 498.0 686.0 -0.023387 -0.21055 7284 7290
0 498.0 692.0 -0.020278 -0.210998 7301 7307
0 496.0 700.0 -0.019122 -0.213596 7316 7322
0 496.0 706.0 -0.015214 -0.214914 7332 7338
0 496.0 714.0 -0.016382 -0.219661 7348 7354
0 496.0 722.0 -0.014475 -0.218704 7364 7370
0 494.0 728.0 -0.00765 -0.219537 7380 7387
0 494.0 734.0 -0.009435 -0.221787 7396 7402
0 494.0 744.0 -0.009621 -0.222385 7412 7419
0 494.0 750.0 -0.004431 -0.222469 7428 7434
0 494.0 756.0 -0.008412 -0.223985 7444 7451
0 494.0 764.0 -0.005268 -0.222079 7460 7466
0 494.0 770.0 -0.001653 -0.220329 7476 7482
0 494.0 776.0 -0.006202 -0.211853 7492 7498
0 494.0 786.0 -0.001463 -0.214157 7508 7515
0 494.0 792.0 -0.000755 -0.210497 7524 7530
0 494.0 798.0 0.00031 -0.207171 7541 7547
0 494.0 804.0 0.003568 -0.206107 7556 7562
0 494.0 812.0 0.001652 -0.204346 7572 7578
0 494.0 818.0 0.003475 -0.201019 7589 7595
0 494.0 824.0 0.002274 -0.197872 7604 7610
0 494.0 830.0 0.005193 -0.194974 7620 7626
0 494.0 836.0 0.006478 -0.192171 7636 7643
0 494.0 844.0 0.008894 -0.185855 7652 7658
0 494.0 848.0 0.008 -0.184269 7669 7675
0 496.0 854.0 0.006158 -0.177757 7684 7690
0 496.0 860.0 0.010936 -0.169479 7700 7707
0 496.0 864.0 0.00189 -0.159573 7716 7722
0 496.0 870.0 0.005813 -0.155555 7732 7738
0 496.0 874.0 0.004936 -0.145726 7748 7754
0 496.0 878.0 0.001983 -0.139928 7764 7770
0 496.0 882.0 0.00015 -0.128158 7781 7787
0 496.0 886.0 0.000491 -0.122219 7796 7802
0 496.0 890.0 -0.005385 -0.111735 7812 7818
0 496.0 894.0 -0.004327 -0.104007 7828 7834
0 496.0 896.0 -0.00475 -0.093443 7844 7851
0 496.0 900.0 -0.008518 -0.081005 7860 7866
0 494.0 902.0 -0.009701 -0.069396 7876 7882
0 494.0 904.0 -0.00556 -0.062073 7892 7898
0 494.0 906.0 -0.01306 -0.05319 7909 7915
0 494.0 906.0 -0.010326 -0.043138 7924 7930
0 494.0 908.0 -0.014073 -0.032709 7940 7946
0 494.0 908.0 -0.012967 -0.024777 7956 7962
0 492.0 910.0 -0.008369 -0.017046 7972 7978
2 492.0 910.0 -0.009798 -0.012462 7989 7995
2 492.0 910.0 -0.007585 -0.008318 8004 8005
2 492.0 910.0 -0.002024 -0.002183 8020 8021
2 492.0 910.0 -0.007535 0.001495 8036 8037
2 492.0 910.0 -0.008996 0.001315 8052 8052
2 492.0 910.0 -0.010761 0.006207 8069 8069
2 492.0 910.0 -0.003037 0.001876 8085 8086
2 492.0 910.0 -0.002122 0.001333 8101 8102
2 492.0 910.0 -0.005377 0.003391 8117 8118
2 492.0 910.0 0.001009 -0.000636 8134 8135
2 492.0 910.0 6.8e-05 -4.3e-05 8150 8151
2 492.0 910.0 9e-06 -6e-06 8166 8167
2 492.0 910.0 0.00363 0.003849 8182 8183
2 492.0 908.0 0.001828 0.001939 8198 8199
2 492.0 908.0 0.00222 0.002356 8214 8214
2 492.0 908.0 0.011455 -0.00268 8230 8231
2 492.0 908.0 0.005617 0.002114 8265 8266
2 492.0 908.0 0.011898 0.001651 8281 8282
2 492.0 908.0 0.01022 -0.003007 8297 8298
2 494.0 908.0 0.004248 0.0017 8313 8314
2 494.0 908.0 0.007843 0.001269 8329 8329
2 494.0 908.0 0.00678 -0.002356 8345 8345
2 494.0 908.0 0.003999 0.001251 8361 8362
2 494.0 908.0 0.00238 -0.002638 8377 8378
2 494.0 908.0 0.002871 0.001388 8393 8393
2 494.0 908.0 0.00038 0.000184 8409 8410
2 494.0 908.0 2.6e-05 1.2e-05 8425 8426
2 494.0 908.0 3e-06 2e-06 8441 8442
2 494.0 908.0 0.0 0.0 8458 8458
2 494.0 908.0 0.0 0.0 8473 8473
2 494.0 908.0 0.0 0.0 8489 8490
2 494.0 908.0 0.0 0.0 8505 8506
2 494.0 908.0 0.0 0.0 8521 8521
2 494.0 908.0 0.0 0.0 8537 8538
2 494.0 908.0 -0.003697 -0.00102 8553 8554
2 494.0 908.0 -0.007247 0.004115 8570 8570
2 494.0 908.0 -0.002463 -0.001825 8585 8586
2 494.0 908.0 -0.003705 0.001884 8601 8602
2 494.0 908.0 -0.002939 -0.000426 8618 8618
2 494.0 908.0 -0.003526 0.001342 8633 8633
2 494.0 908.0 -0.000466 0.000178 8649 8650
2 494.0 908.0 -0.00455 0.002856 8666 8666
2 494.0 908.0 -2.1e-05 1.2e-05 8682 8682
2 494.0 908.0 -3e-06 2e-06 8698 8699
2 494.0 908.0 -0.001205 0.000758 8714 8715
2 494.0 908.0 0.000215 -0.000135 8731 8731
2 494.0 908.0 2.8e-05 -1.8e-05 8747 8748
2 494.0 908.0 4e-06 -2e-06 8763 8764
2 494.0 908.0 0.0 -0.0 8779 8780
2 494.0 908.0 0.0 -0.0 8795 8795
2 494.0 908.0 0.0 -0.0 8811 8812
2 494.0 908.0 0.0 -0.0 8827 8828
2 494.0 908.0 0.0 -0.0 8844 8844
2 494.0 908.0 0.001006 0.001071 8859 8859
2 494.0 908.0 6.8e-05 7.2e-05 8875 8876
2 494.0 908.0 0.001984 0.002112 8891 8892
7 494.0 908.0 0.000262 0.000279 8908 8909
7 494.0 908.0 5.5e-05 5.9e-05 8924 8930
7 494.0 908.0 0.001315 0.001401 8940 8945
7 494.0 908.0 -0.000707 -0.000753 8956 8961
7 494.0 908.0 0.000912 0.000972 8973 8978
7 494.0 908.0 0.001428 0.001522 8988 8994
7 494.0 908.0 0.001534 0.001635 9004 9010
7 494.0 908.0 -0.000409 -0.000436 9020 9026
7 494.0 908.0 -5.4e-05 -5.8e-05 9036 9042
7 494.0 908.0 -7e-06 -8e-06 9052 9058
7 494.0 908.0 -1e-06 -1e-06 9068 9074
7 494.0 908.0 -0.0 -0.0 9084 9090
7 494.0 908.0 -0.0 -0.0 9100 9106
7 494.0 908.0 -0.001204 0.000758 9116 9122
7 494.0 908.0 -0.002956 0.001861 9132 9137
7 494.0 908.0 -0.004032 0.005886 9149 9154
7 494.0 908.0 -0.003899 0.006823 9165 9171
7 494.0 908.0 -0.000317 0.012853 9181 9187
7 492.0 906.0 -0.007472 0.018682 9197 9203
0 492.0 906.0 -0.000344 0.02335 9213 9219
0 492.0 904.0 -0.003253 0.030416 9230 9235
0 492.0 904.0 -0.007979 0.040231 9246 9251
0 492.0 902.0 -0.006453 0.054428 9261 9267
0 492.0 900.0 -0.006567 0.064954 9277 9283
0 492.0 898.0 -0.005335 0.071834 9293 9299
0 492.0 896.0 -0.004646 0.079363 9309 9315
0 492.0 892.0 -0.007576 0.091021 9325 9331
0 492.0 890.0 -0.008324 0.103269 9341 9347
0 492.0 886.0 -0.009182 0.113543 9357 9363
0 490.0 880.0 -0.015419 0.125464 9373 9379
0 490.0 876.0 -0.011829 0.13364 9389 9395
0 490.0 872.0 -0.013265 0.145936 9406 9411
0 488.0 866.0 -0.019467 0.154053 9422 9428
0 488.0 862.0 -0.013345 0.158996 9438 9444
0 488.0 856.0 -0.016856 0.167703 9454 9460
0 488.0 852.0 -0.017367 0.172873 9470 9476
0 488.0 846.0 -0.014653 0.18022 9486 9492
0 486.0 840.0 -0.014595 0.185187 9502 9508
0 486.0 832.0 -0.017113 0.193442 9518 9524
0 486.0 826.0 -0.011745 0.196407 9535 9540
0 486.0 820.0 -0.01317 0.201643 9551 9557
0 484.0 814.0 -0.008495 0.207537 9567 9573
0 484.0 806.0 -0.007021 0.21304 9583 9589
0 484.0 800.0 -0.005842 0.217789 9599 9605
0 484.0 792.0 -0.000153 0.220831 9615 9621
0 484.0 786.0 0.005983 0.227305 9631 9637
0 484.0 780.0 0.006567 0.228959 9647 9653
0 486.0 770.0 0.013271 0.228902 9663 9669
0 486.0 762.0 0.011864 0.234639 9679 9685
0 486.0 756.0 0.017563 0.235513 9695 9701
0 488.0 748.0 0.023906 0.230876 9711 9717
0 488.0 742.0 0.022952 0.238862 9727 9733
0 488.0 732.0 0.025017 0.237136 9743 9749
0 490.0 726.0 0.027816 0.234617 9759 9765
0 490.0 718.0 0.028995 0.236733 9775 9781
0 492.0 712.0 0.026364 0.235217 9791 9797
0 492.0 704.0 0.02752 0.228949 9807 9813
0 494.0 696.0 0.025199 0.22891 9823 9829
0 494.0 688.0 0.022989 0.22683 9839 9845
0 494.0 682.0 0.021526 0.222636 9855 9860
0 496.0 674.0 0.014521 0.222948 9871 9877
0 496.0 666.0 0.014255 0.221689 9888 9893
0 496.0 660.0 0.006012 0.22218 9905 9910
0 496.0 654.0 0.000531 0.216584 9920 9926
0 496.0 646.0 0.000644 0.212394 9936 9942
0 496.0 640.0 -0.001528 0.20943 9952 9958
0 496.0 632.0 -0.003739 0.206983 9968 9974
0 496.0 626.0 0.002189 0.197726 9984 9990
0 496.0 620.0 -0.002236 0.194843 10000 10005
0 496.0 614.0 -0.002768 0.189245 10016 10022
0 496.0 608.0 -0.001005 0.184728 10032 10037
0 496.0 602.0 -0.002708 0.181482 10048 10054
0 496.0 596.0 0.000772 0.175292 10064 10070
0 496.0 592.0 0.003323 0.167521 10080 10086
0 496.0 586.0 -0.000449 0.165863 10096 10102
0 496.0 580.0 0.005595 0.159806 10112 10118
0 496.0 576.0 0.00288 0.155295 10129 10134
0 496.0 572.0 0.001781 0.150976 10145 10150
0 496.0 566.0 0.00524 0.144671 10161 10167
0 496.0 562.0 0.004816 0.140786 10177 10183
0 496.0 558.0 -0.00042 0.13868 10193 10199
0 496.0 554.0 0.00379 0.131499 10209 10215
0 496.0 550.0 0.000938 0.128016 10225 10231
0 496.0 546.0 2.8e-05 0.120259 10241 10247
0 498.0 542.0 0.003032 0.113014 10257 10263
0 498.0 538.0 -0.000279 0.106866 10273 10279
0 496.0 534.0 -0.005112 0.105666 10289 10295
0 496.0 532.0 0.000237 0.093933 10305 10311
0 496.0 530.0 -0.002534 0.086005 10321 10327
0 496.0 526.0 -0.002797 0.082069 10338 10344
0 496.0 524.0 -0.000549 0.073922 10353 10359
0 496.0 522.0 -0.005847 0.063393 10369 10376
0 496.0 520.0 -0.000669 0.057149 10385 10391
2 496.0 518.0 -0.002251 0.05227 10401 10408
2 496.0 518.0 -0.003049 0.048644 10417 10418
2 496.0 516.0 6.2e-05 0.042647 10433 10434
2 496.0 514.0 0.000308 0.039514 10449 10449
2 496.0 514.0 -0.000561 0.034398 10465 10466
2 496.0 514.0 0.003638 0.024929 10481 10482
2 496.0 512.0 0.00436 0.025903 10497 10497
2 496.0 512.0 -4.1e-05 0.021057 10513 10514
2 496.0 512.0 0.004055 0.013673 10529 10530
2 496.0 510.0 0.001819 0.014014 10545 10546
2 496.0 510.0 -0.002828 0.007941 10561 10562
2 496.0 510.0 0.000285 0.001066 10577 10578
2 496.0 510.0 -0.001454 0.001523 10593 10594
2 496.0 510.0 -0.004072 0.003796 10609 10610
2 496.0 510.0 -0.004578 -0.004217 10625 10626
2 496.0 510.0 -0.005768 -0.007343 10641 10642
2 496.0 510.0 -0.008265 -0.006816 10658 10658
2 496.0 512.0 -0.006635 -0.012209 10673 10673
2 496.0 512.0 -0.006055 -0.006604 10689 10690
2 496.0 512.0 -0.006263 -0.008783 10705 10706
2 496.0 512.0 -0.008018 -0.009719 10722 10722
2 494.0 512.0 -0.01059 -0.00038 10738 10739
2 494.0 512.0 -0.006915 -0.004103 10754 10755
2 494.0 512.0 -0.01242 -0.000214 10770 10771
2 494.0 512.0 -0.016717 0.007305 10786 10786
2 494.0 512.0 -0.013896 0.003293 10802 10803
2 492.0 512.0 -0.016212 0.000995 10818 10819
2 492.0 512.0 -0.0208 0.010216 10834 10835
2 492.0 512.0 -0.014429 0.003695 10850 10851
2 492.0 512.0 -0.01537 0.002603 10866 10867
2 490.0 512.0 -0.016857 0.003227 10882 10883
2 490.0 512.0 -0.014312 -0.003545 10898 10898
2 490.0 512.0 -0.014271 6e-05 10914 10915
2 490.0 512.0 -0.012434 -0.000322 10930 10931
2 488.0 512.0 -0.012452 -0.004013 10946 10947
2 488.0 512.0 -0.011783 0.004069 10962 10962
2 488.0 512.0 -0.00745 -0.002516 10978 10979
2 488.0 512.0 -0.010268 -0.003864 10994 10995
2 488.0 512.0 -0.010568 0.005046 11010 11010
2 488.0 512.0 -0.003464 -0.002925 11026 11027
2 488.0 512.0 -0.004922 7.8e-05 11042 11043
2 488.0 512.0 -0.00765 0.004172 11059 11059
2 488.0 512.0 -0.002334 -0.004428 11074 11075
2 486.0 512.0 -0.001968 0.000346 11090 11091
2 486.0 512.0 -0.006759 0.003738 11107 11107
2 486.0 512.0 -0.002498 0.001375 11122 11122
2 486.0 512.0 -0.003606 0.00196 11138 11139
2 486.0 512.0 -0.004231 0.002561 11154 11155
2 486.0 512.0 -0.002929 -0.001637 11171 11171
2 486.0 512.0 -0.001066 -0.000208 11187 11187
2 486.0 512.0 -0.001181 -0.002718 11203 11204
2 486.0 512.0 -0.001636 0.001036 11219 11220
2 486.0 512.0 -0.00011 7e-05 11236 11236
2 486.0 512.0 -1.5e-05 9e-06 11251 11252
2 486.0 512.0 -2e-06 1e-06 11267 11268
2 486.0 512.0 -0.0 0.0 11283 11284
2 486.0 512.0 -0.0 0.0 11299 11299
2 486.0 512.0 -0.0 0.0 11315 11316
2 486.0 512.0 -0.0 0.0 11331 11332
2 486.0 512.0 -0.0 0.0 11347 11348
2 486.0 512.0 -0.0 0.0 11363 11363
2 486.0 512.0 -0.0 0.0 11379 11380
2 486.0 512.0 -0.0 0.0 11395 11396
2 486.0 512.0 -0.0 0.0 11411 11412
2 486.0 512.0 -0.0 0.0 11427 11428
2 486.0 512.0 -0.0 0.0 11443 11444
2 486.0 512.0 -0.0 0.0 11459 11459
2 486.0 512.0 0.000754 -0.000711 11475 11476
7 486.0 512.0 0.000162 0.000239 11492 11499
7 486.0 512.0 -0.000157 -0.000431 11507 11514
7 486.0 512.0 -2.1e-05 -5.7e-05 11523 11530
7 486.0 512.0 -3e-06 -8e-06 11539 11545
7 486.0 512.0 -0.0 -1e-06 11555 11562
7 486.0 512.0 -0.0 -0.0 11571 11577
7 486.0 512.0 -0.0 -0.0 11587 11593
7 486.0 512.0 -0.003847 0.003629 11604 11610
7 486.0 512.0 -0.004841 -0.002169 11619 11625
7 486.0 512.0 -0.00819 0.006002 11636 11642
7 486.0 512.0 -0.004282 -0.000491 11652 11658
7 486.0 512.0 -0.005732 -0.003166 11668 11675
7 486.0 512.0 -0.006938 0.004157 11684 11690
7 486.0 512.0 -0.003768 -0.00123 11700 11707
7 486.0 512.0 -0.005832 -0.001932 11716 11722
7 484.0 512.0 -0.00826 0.004393 11732 11739
7 484.0 512.0 -0.002815 -0.002098 11748 11754
7 484.0 512.0 -0.005527 -0.001582 11764 11771
7 484.0 512.0 -0.006545 0.00206 11780 11786
7 484.0 512.0 -0.003726 -0.003767 11796 11802
7 484.0 512.0 -0.003271 0.000868 11812 11818
7 484.0 512.0 -0.001181 -0.001614 11828 11834
7 484.0 512.0 -0.003429 -0.000183 11844 11851
7 484.0 512.0 -0.000473 -7.5e-05 11860 11866
7 484.0 512.0 -0.000905 -0.002248 11876 11882
7 484.0 512.0 -0.003089 -0.007914 11892 11899
7 484.0 512.0 0.003944 -0.010112 11908 11914
0 484.0 514.0 0.008359 -0.021912 11924 11934
0 484.0 514.0 0.011451 -0.034221 11943 11949
0 486.0 516.0 0.015107 -0.039449 11958 11964
0 486.0 516.0 0.00868 -0.044118 11974 11980
0 486.0 518.0 0.010492 -0.051542 11990 11997
0 486.0 520.0 0.009794 -0.061492 12006 12012
0 486.0 522.0 0.004535 -0.06536 12022 12028
0 486.0 526.0 0.009958 -0.077212 12038 12045
0 486.0 528.0 0.006913 -0.088258 12054 12060
0 486.0 530.0 0.00876 -0.099705 12070 12077
0 488.0 536.0 0.009611 -0.109178 12086 12092
0 488.0 538.0 0.00358 -0.113422 12103 12109
0 488.0 542.0 0.005588 -0.128055 12119 12125
0 488.0 546.0 0.001509 -0.129228 12135 12141
0 488.0 550.0 -0.002199 -0.138947 12151 12157
0 488.0 556.0 -0.001387 -0.147271 12167 12173
0 488.0 562.0 -0.000959 -0.152992 12183 12190
0 488.0 566.0 -0.005648 -0.15394 12199 12205
0 488.0 570.0 -0.005996 -0.161604 12216 12222
0 488.0 576.0 -0.002661 -0.167234 12231 12237
0 486.0 580.0 -0.008782 -0.168431 12247 12253
0 486.0 588.0 -0.0085 -0.169655 12264 12270
0 486.0 592.0 -0.004212 -0.181639 12279 12285
0 486.0 598.0 -0.004748 -0.182388 12296 12302
0 486.0 604.0 -0.003899 -0.183332 12311 12317
0 486.0 612.0 -0.002764 -0.188717 12327 12334
0 486.0 618.0 -0.001446 -0.189827 12343 12349
0 486.0 624.0 0.002436 -0.19685 12359 12366
0 486.0 630.0 0.00118 -0.195564 12375 12381
0 486.0 636.0 0.002799 -0.200599 12391 12397
0 486.0 642.0 0.006023 -0.204237 12407 12413
0 486.0 650.0 0.003013 -0.205457 12423 12429
0 488.0 676.0 0.0136 -0.223444 12462 12468
0 488.0 682.0 0.019644 -0.225235 12501 12507
0 490.0 690.0 0.018702 -0.2268 12517 12523
0 490.0 698.0 0.02306 -0.231986 12533 12539
0 490.0 706.0 0.027101 -0.23558 12549 12555
0 492.0 712.0 0.027962 -0.235532 12565 12571
0 492.0 720.0 0.032991 -0.240119 12581 12587
0 494.0 728.0 0.033557 -0.239388 12597 12603
0 496.0 736.0 0.038196 -0.239114 12613 12619
0 496.0 744.0 0.04138 -0.239696 12629 12635
0 498.0 750.0 0.039358 -0.234279 12645 12651
0 498.0 758.0 0.043304 -0.230753 12661 12668
0 500.0 764.0 0.045748 -0.227365 12677 12683
0 502.0 774.0 0.042858 -0.224405 12693 12699
0 504.0 780.0 0.045781 -0.219115 12709 12715
0 504.0 786.0 0.043447 -0.215192 12725 12732
0 506.0 794.0 0.039665 -0.211165 12741 12748
0 506.0 800.0 0.041997 -0.210116 12757 12763
0 508.0 808.0 0.041276 -0.205633 12773 12779
0 510.0 814.0 0.033739 -0.202727 12790 12796
0 510.0 820.0 0.037754 -0.198173 12806 12812
0 512.0 828.0 0.03135 -0.196004 12823 12829
0 512.0 834.0 0.025052 -0.189702 12838 12844
0 514.0 838.0 0.024563 -0.186235 12854 12860
0 514.0 844.0 0.018635 -0.176726 12871 12877
0 514.0 850.0 0.018943 -0.172118 12887 12893
0 516.0 856.0 0.021309 -0.164553 12903 12910
0 516.0 860.0 0.010573 -0.155396 12919 12925
0 516.0 864.0 0.011461 -0.147132 12935 12941
0 516.0 870.0 0.012729 -0.141947 12951 12957
0 516.0 874.0 0.003984 -0.129665 12967 12974
0 516.0 878.0 0.005982 -0.125822 12983 12989
0 516.0 882.0 0.005337 -0.118758 12999 13005
0 516.0 886.0 0.004739 -0.109549 13015 13021
0 518.0 888.0 0.00774 -0.101536 13031 13037
0 518.0 892.0 0.005606 -0.093109 13047 13053
0 518.0 894.0 0.001936 -0.087548 13063 13069
0 518.0 896.0 0.002961 -0.07133 13080 13086
0 518.0 898.0 -0.001888 -0.064405 13095 13101
0 518.0 900.0 -0.002738 -0.052687 13112 13118
0 518.0 902.0 -0.001804 -0.044009 13129 13135
0 518.0 904.0 -0.004892 -0.034714 13145 13151
0 516.0 904.0 -0.007622 -0.029159 13161 13167
0 516.0 904.0 -0.000164 -0.02051 13177 13183
2 516.0 906.0 -0.006638 -0.012039 13193 13200
2 516.0 906.0 -0.004619 -0.010197 13209 13209
2 516.0 906.0 -0.001677 -0.003531 13225 13226
2 516.0 906.0 -0.002049 -0.002376 13241 13242
2 516.0 906.0 -0.002207 -0.002452 13257 13257
2 516.0 906.0 -0.000292 -0.000324 13273 13274
2 516.0 906.0 -3.9e-05 -4.3e-05 13289 13290
2 516.0 906.0 -0.002259 0.001375 13306 13306
2 516.0 906.0 -0.002035 0.001242 13322 13323
2 516.0 906.0 0.000317 -0.000194 13338 13339
2 516.0 906.0 4.2e-05 -2.6e-05 13354 13355
2 516.0 906.0 6e-06 -3e-06 13370 13371
2 516.0 906.0 0.002269 0.002506 13386 13387
2 516.0 906.0 -0.000316 -0.00035 13402 13403
2 516.0 906.0 0.002226 0.002461 13418 13418
2 516.0 906.0 0.003843 0.00425 13434 13435
2 516.0 906.0 0.00813 -0.001736 13451 13451
2 518.0 906.0 0.006903 0.001226 13466 13466
2 518.0 906.0 0.010777 0.001356 13482 13483
2 518.0 906.0 0.008342 -0.002896 13498 13499
2 518.0 906.0 0.006972 0.002129 13515 13515
2 518.0 906.0 0.010393 0.003918 13530 13530
2 518.0 906.0 0.009853 -0.00282 13546 13547
2 518.0 906.0 0.005072 0.001792 13562 13563
2 518.0 906.0 0.007914 0.001408 13578 13579
2 520.0 906.0 0.007474 -0.001526 13594 13595
2 520.0 906.0 0.00644 0.002092 13610 13611
2 520.0 906.0 0.003648 -0.00248 13627 13627
2 520.0 906.0 0.006615 -0.002365 13642 13642
2 520.0 906.0 0.005756 0.002234 13658 13659
2 520.0 906.0 0.002702 -0.001433 13674 13675
2 520.0 906.0 0.004687 -0.00225 13690 13690
2 520.0 906.0 0.003725 0.002171 13706 13707
2 520.0 906.0 0.001487 -0.002492 13722 13723
2 520.0 906.0 -0.001477 0.000687 13738 13739
2 520.0 906.0 0.000956 -0.000609 13754 13755
2 520.0 906.0 0.001994 0.002103 13771 13771
2 520.0 906.0 -0.00141 0.001295 13786 13786
2 520.0 906.0 0.003225 -0.001901 13802 13803
2 520.0 906.0 0.004822 -0.001231 13818 13819
2 520.0 906.0 0.000764 0.001957 13835 13835
2 520.0 906.0 -0.000258 -0.000726 13851 13851
2 520.0 906.0 0.005768 -0.002498 13867 13868
2 520.0 906.0 0.004992 0.001496 13883 13884
2 520.0 906.0 4.6e-05 -0.000485 13900 13900
2 522.0 906.0 0.00118 0.000651 13916 13917
2 522.0 906.0 0.002982 -0.001628 13932 13933
2 522.0 906.0 0.000431 -0.000175 13948 13948
2 522.0 906.0 0.001796 -0.001078 13964 13965
2 522.0 906.0 0.004347 0.000743 13980 13981
2 522.0 906.0 0.00018 -0.001351 13996 13997
2 522.0 906.0 2.4e-05 -0.000179 14012 14012
2 522.0 906.0 3e-06 -2.4e-05 14028 14029
2 522.0 906.0 0.001387 1.8e-05 14044 14045
2 522.0 906.0 0.000183 2e-06 14060 14060
2 522.0 906.0 2.4e-05 0.0 14076 14077
2 522.0 906.0 3e-06 0.0 14092 14093
2 522.0 906.0 0.0 0.0 14109 14109
7 522.0 906.0 0.0 0.0 14124 14126
7 522.0 906.0 0.0 0.0 14140 14146
7 522.0 906.0 0.0 0.0 14156 14162
7 522.0 906.0 0.003538 5.1e-05 14172 14178
7 522.0 906.0 0.002663 0.001441 14189 14194
7 522.0 906.0 0.006149 0.002757 14204 14210
7 522.0 906.0 0.010056 -0.00234 14221 14226
7 522.0 906.0 0.006768 0.000851 14236 14242
7 522.0 906.0 0.010856 0.001342 14252 14258
7 524.0 906.0 0.016452 -0.001708 14268 14274
7 524.0 906.0 0.011278 0.002035 14284 14290
7 524.0 904.0 0.016731 0.000514 14300 14306
0 524.0 906.0 0.021398 -0.000541 14316 14323
0 526.0 906.0 0.020807 0.002353 14332 14338
0 526.0 904.0 0.020587 -0.000415 14348 14354
0 526.0 904.0 0.02174 0.003444 14364 14369
0 528.0 904.0 0.023073 0.009318 14380 14385
0 528.0 904.0 0.022436 0.008345 14397 14402
0 528.0 904.0 0.018428 0.014506 14413 14419
0 530.0 904.0 0.023801 0.021157 14429 14435
0 530.0 902.0 0.01723 0.018744 14446 14451
0 530.0 902.0 0.024024 0.027244 14461 14467
0 532.0 900.0 0.026436 0.030121 14477 14483
0 532.0 900.0 0.016369 0.040573 14493 14499
0 534.0 898.0 0.021262 0.044378 14509 14515
0 534.0 896.0 0.017801 0.05628 14525 14531
0 534.0 894.0 0.018353 0.064753 14541 14548
0 534.0 892.0 0.023433 0.071543 14557 14563
0 536.0 890.0 0.020658 0.076865 14574 14581
0 536.0 886.0 0.022596 0.089464 14591 14597
0 536.0 884.0 0.02001 0.102121 14606 14612
0 538.0 880.0 0.017075 0.110606 14622 14628
0 538.0 876.0 0.020823 0.120566 14638 14644
0 538.0 872.0 0.017441 0.134587 14654 14660
0 540.0 866.0 0.01248 0.1483 14671 14676
0 540.0 862.0 0.016258 0.154168 14687 14693
0 540.0 856.0 0.009969 0.164634 14703 14709
0 540.0 850.0 0.007959 0.171098 14719 14725
0 540.0 846.0 0.00818 0.178326 14735 14741
0 540.0 840.0 0.000798 0.189487 14751 14757
0 540.0 834.0 -0.003329 0.195381 14767 14773
0 540.0 826.0 0.001815 0.198686 14783 14789
0 540.0 820.0 -0.008116 0.204272 14799 14804
0 540.0 814.0 -0.004564 0.20917 14816 14822
0 540.0 806.0 -0.00833 0.213883 14832 14838
0 540.0 798.0 -0.012949 0.216096 14849 14854
0 540.0 792.0 -0.009722 0.217377 14866 14871
0 538.0 786.0 -0.015576 0.220591 14882 14887
0 538.0 778.0 -0.019894 0.225724 14897 14903
0 538.0 770.0 -0.014781 0.223557 14913 14919
0 538.0 762.0 -0.020934 0.226753 14929 14935
0 536.0 756.0 -0.020888 0.226476 14945 14951
0 536.0 750.0 -0.020056 0.225831 14961 14967
0 536.0 742.0 -0.024084 0.226347 14977 14983
0 534.0 734.0 -0.022782 0.226086 14993 14999
0 534.0 726.0 -0.021667 0.224039 15009 15015
0 532.0 720.0 -0.02566 0.220451 15025 15031
0 532.0 714.0 -0.017971 0.221162 15041 15047
0 532.0 704.0 -0.01982 0.216573 15057 15063
0 530.0 698.0 -0.017886 0.214631 15073 15079
0 530.0 692.0 -0.012409 0.210658 15089 15095
0 530.0 686.0 -0.011316 0.213527 15105 15111
0 530.0 680.0 -0.010113 0.208613 15121 15128
0 530.0 674.0 -0.003608 0.206236 15137 15142
0 530.0 668.0 -0.001236 0.204772 15153 15158
0 530.0 660.0 -0.000316 0.202409 15170 15176
0 530.0 654.0 0.005363 0.196012 15186 15192
0 530.0 648.0 0.004694 0.193895 15202 15208
0 530.0 640.0 0.004597 0.195372 15219 15224
0 530.0 634.0 0.015136 0.18948 15235 15240
0 532.0 628.0 0.015445 0.182682 15250 15256
0 532.0 622.0 0.017122 0.184105 15266 15272
0 532.0 618.0 0.022276 0.17658 15282 15288
0 534.0 610.0 0.024408 0.17127 15298 15304
0 534.0 606.0 0.026862 0.171001 15314 15320
0 536.0 600.0 0.031488 0.16489 15330 15336
0 536.0 596.0 0.025882 0.163326 15346 15352
0 536.0 590.0 0.02982 0.15801 15362 15368
0 538.0 584.0 0.032056 0.149761 15378 15384
0 540.0 580.0 0.02827 0.147014 15394 15399
0 540.0 576.0 0.030076 0.1422 15410 15415
0 540.0 572.0 0.030391 0.136841 15427 15432
0 542.0 566.0 0.025173 0.136263 15443 15449
0 542.0 562.0 0.031064 0.128233 15459 15465
0 544.0 560.0 0.027116 0.126728 15475 15481
0 544.0 556.0 0.021424 0.122806 15491 15497
0 546.0 552.0 0.02346 0.116964 15507 15513
0 546.0 548.0 0.019665 0.111742 15523 15529
0 546.0 544.0 0.016034 0.114638 15539 15544
0 546.0 540.0 0.014414 0.108482 15555 15561
0 546.0 538.0 0.008293 0.10564 15572 15577
0 548.0 534.0 0.010685 0.100173 15588 15593
0 548.0 530.0 0.008016 0.097131 15603 15609
0 548.0 528.0 0.000709 0.092517 15619 15625
0 548.0 526.0 0.003484 0.088117 15635 15641
0 548.0 522.0 0.000752 0.081778 15651 15657
0 548.0 520.0 -0.007608 0.081802 15667 15673
0 548.0 518.0 -0.003451 0.074437 15683 15689
0 548.0 516.0 -0.009244 0.072369 15699 15705
0 546.0 514.0 -0.016942 0.070661 15716 15721
0 546.0 512.0 -0.014596 0.0632 15733 15738
0 546.0 510.0 -0.01593 0.055423 15750 15755
0 544.0 508.0 -0.021775 0.056859 15766 15771
0 544.0 506.0 -0.022978 0.048924 15781 15787
0 544.0 504.0 -0.024166 0.041534 15797 15803
0 542.0 504.0 -0.028489 0.037749 15813 15819
0 542.0 502.0 -0.0264 0.033231 15829 15835
0 540.0 502.0 -0.029417 0.024395 15845 15851
0 540.0 500.0 -0.0302 0.025987 15861 15867
0 538.0 500.0 -0.03135 0.024765 15877 15883
0 538.0 498.0 -0.035841 0.019004 15893 15899
0 536.0 498.0 -0.030966 0.009417 15909 15915
0 536.0 498.0 -0.032438 0.003572 15926 15931
0 534.0 498.0 -0.0333 0.006121 15941 15947
0 534.0 498.0 -0.029689 0.000463 15957 15963
0 532.0 498.0 -0.030451 0.001966 15973 15979
0 532.0 498.0 -0.032599 0.001714 15989 15995
0 530.0 498.0 -0.028017 -0.00443 16005 16011
0 530.0 498.0 -0.027485 0.001945 16021 16026
0 528.0 498.0 -0.025114 0.002 16037 16042
0 528.0 498.0 -0.02763 0.000984 16054 16059
0 528.0 498.0 -0.029406 0.009815 16069 16075
0 526.0 498.0 -0.025707 0.005819 16085 16091
0 526.0 498.0 -0.025004 0.003927 16101 16107
0 524.0 498.0 -0.029002 0.01269 16117 16123
0 524.0 498.0 -0.026544 0.009414 16133 16139
0 522.0 496.0 -0.028071 0.007109 16149 16155
0 522.0 496.0 -0.030578 0.013611 16166 16171
0 522.0 496.0 -0.025667 0.006847 16181 16187
0 520.0 496.0 -0.029805 0.009071 16197 16203
0 518.0 496.0 -0.030465 0.010772 16213 16219
2 518.0 496.0 -0.026137 0.006984 16229 16236
2 518.0 496.0 -0.02887 0.0051 16245 16246
2 516.0 494.0 -0.030196 0.008813 16261 16262
2 516.0 494.0 -0.02375 0.005873 16277 16277
2 514.0 494.0 -0.02529 0.002278 16293 16294
2 514.0 494.0 -0.027027 0.008676 16309 16310
2 514.0 494.0 -0.020815 0.001872 16325 16325
2 512.0 494.0 -0.023246 0.005553 16341 16342
2 512.0 494.0 -0.024255 0.00508 16357 16358
2 512.0 494.0 -0.020411 -0.000423 16374 16374
2 510.0 494.0 -0.019963 0.002496 16389 16389
2 510.0 494.0 -0.022338 0.001537 16405 16406
2 510.0 494.0 -0.020993 -0.00278 16422 16422
2 508.0 494.0 -0.021983 0.004005 16437 16438
2 508.0 494.0 -0.016721 -0.003625 16453 16454
2 508.0 494.0 -0.017283 -0.004688 16470 16470
2 508.0 494.0 -0.017556 0.003008 16486 16486
2 506.0 494.0 -0.012407 -0.00058 16501 16502
2 506.0 494.0 -0.011222 -0.001516 16517 16518
2 506.0 494.0 -0.013037 0.003844 16534 16534
2 506.0 494.0 -0.00726 -0.000438 16549 16550
2 506.0 494.0 -0.00516 0.000576 16565 16566
2 506.0 494.0 -0.006244 0.002821 16582 16582
2 506.0 494.0 -0.002065 -0.001486 16598 16598
2 506.0 494.0 -0.000941 -0.0002 16614 16615
2 506.0 494.0 -6.3e-05 -1.3e-05 16630 16631
2 506.0 494.0 -8e-06 -2e-06 16646 16647
2 506.0 494.0 -1e-06 -0.0 16662 16663
2 506.0 494.0 -0.0 -0.0 16679 16679
2 506.0 494.0 -0.0 -0.0 16694 16695
2 506.0 494.0 -0.0 -0.0 16710 16711
2 506.0 494.0 -0.001439 0.001327 16726 16727
2 506.0 494.0 0.001305 -0.001203 16742 16743
2 506.0 494.0 0.000173 -0.000159 16759 16759
2 506.0 494.0 2.3e-05 -2.1e-05 16775 16775
2 506.0 494.0 2e-06 -1e-06 16791 16792
2 506.0 494.0 0.0 -0.0 16807 16808
2 506.0 494.0 -0.006454 -3e-05 16824 16824
2 504.0 494.0 -0.009808 0.000374 16840 16841
2 504.0 494.0 -0.009909 -0.000189 16856 16857
2 504.0 494.0 -0.010858 -0.003246 16872 16873
2 504.0 494.0 -0.006654 -0.000447 16888 16888
2 504.0 494.0 -0.01052 0.004017 16904 16905
2 504.0 494.0 -0.009952 -0.003598 16920 16921
2 502.0 494.0 -0.00849 0.001591 16936 16937
2 502.0 494.0 -0.004904 -0.001132 16953 16953
2 502.0 494.0 -0.009245 -0.000635 16968 16969
2 502.0 494.0 -0.007389 0.002624 16984 16985
2 502.0 494.0 -0.004153 -0.000977 17000 17000
2 502.0 494.0 -0.003014 -0.001519 17016 17016
2 502.0 494.0 -0.005138 0.002979 17032 17033
2 502.0 494.0 0.000268 -0.002324 17048 17049
2 502.0 494.0 -0.001252 0.001855 17065 17065
2 502.0 494.0 -0.000653 -0.001141 17081 17082
2 502.0 494.0 -0.001044 -0.002872 17097 17098
2 502.0 494.0 -0.000138 -0.00038 17114 17114
2 502.0 494.0 -0.005869 0.005382 17130 17130
2 502.0 494.0 0.000364 -0.000342 17146 17147
7 502.0 494.0 2.5e-05 -2.3e-05 17163 17170
7 502.0 494.0 3e-06 -3e-06 17179 17185
7 502.0 494.0 0.0 -0.0 17195 17201
7 502.0 494.0 -0.000957 -0.002721 17211 17218
7 502.0 494.0 -0.000761 -0.002162 17227 17233
7 502.0 494.0 0.000692 0.001967 17243 17250
7 502.0 494.0 -0.000396 -0.001126 17259 17265
7 502.0 494.0 -0.001811 -0.005139 17275 17281
7 502.0 494.0 -0.000925 -0.002625 17291 17298
7 502.0 494.0 -0.002371 -0.006723 17307 17313
7 502.0 496.0 -0.001097 -0.010397 17323 17329
7 502.0 496.0 0.003294 -0.011812 17339 17345
7 502.0 496.0 -0.001405 -0.011094 17355 17362
7 502.0 496.0 -0.000771 -0.017858 17371 17377
7 502.0 496.0 0.003189 -0.016894 17387 17393
7 502.0 498.0 -0.002618 -0.016356 17403 17410
0 502.0 498.0 0.000319 -0.020707 17419 17429
0 502.0 498.0 -0.000227 -0.021829 17437 17443
0 502.0 500.0 -0.004591 -0.026488 17453 17460
0 502.0 500.0 -0.001773 -0.030324 17469 17475
0 500.0 502.0 -0.00658 -0.037298 17486 17492
0 500.0 504.0 -0.006525 -0.043918 17501 17507
0 500.0 504.0 -0.003299 -0.044789 17517 17523
0 500.0 506.0 -0.006812 -0.048609 17533 17539
0 500.0 508.0 -0.010056 -0.054395 17549 17555
0 500.0 510.0 -0.004604 -0.058567 17566 17572
0 500.0 512.0 -0.013933 -0.059331 17581 17587
0 500.0 514.0 -0.014716 -0.066576 17597 17603
0 498.0 516.0 -0.013149 -0.069687 17613 17619
0 498.0 518.0 -0.015564 -0.071466 17629 17635
0 498.0 520.0 -0.016589 -0.077786 17645 17651
0 498.0 524.0 -0.01295 -0.084083 17661 17667
0 496.0 526.0 -0.019572 -0.087056 17677 17684
0 496.0 530.0 -0.015181 -0.090578 17693 17699
0 496.0 532.0 -0.013647 -0.098091 17709 17715
0 494.0 536.0 -0.017068 -0.103841 17726 17732
0 494.0 538.0 -0.012837 -0.107218 17742 17748
0 494.0 544.0 -0.013117 -0.115604 17758 17765
0 494.0 548.0 -0.013736 -0.118732 17774 17780
0 494.0 550.0 -0.005503 -0.126983 17790 17796
0 494.0 554.0 -0.011667 -0.123946 17807 17813
0 492.0 558.0 -0.005039 -0.134016 17822 17828
0 494.0 564.0 0.001591 -0.138685 17839 17845
0 492.0 568.0 0.001681 -0.139739 17855 17861
0 494.0 572.0 0.003426 -0.141677 17871 17877
0 494.0 576.0 0.009097 -0.149126 17887 17893
0 494.0 582.0 0.00811 -0.145503 17903 17909
0 494.0 588.0 0.010491 -0.147891 17919 17925
0 494.0 592.0 0.015766 -0.15487 17935 17941
0 494.0 596.0 0.013677 -0.154114 17951 17958
0 496.0 602.0 0.017666 -0.153809 17967 17973
0 496.0 608.0 0.019196 -0.161247 17984 17990
0 496.0 612.0 0.016743 -0.162293 17999 18004
0 498.0 618.0 0.021691 -0.165583 18015 18022
0 498.0 622.0 0.017809 -0.168144 18031 18037
0 498.0 630.0 0.019664 -0.172768 18047 18054
0 500.0 634.0 0.020827 -0.176421 18063 18069
0 500.0 640.0 0.01857 -0.180181 18079 18086
0 500.0 646.0 0.020093 -0.184517 18095 18101
0 502.0 654.0 0.020621 -0.188827 18112 18118
0 502.0 658.0 0.010172 -0.189826 18129 18135
0 502.0 664.0 0.0121 -0.19439 18146 18152
0 502.0 670.0 0.007251 -0.197311 18161 18168
0 502.0 678.0 0.002576 -0.200452 18178 18185
0 502.0 684.0 -0.000552 -0.201137 18194 18201
0 502.0 690.0 -0.008626 -0.205656 18211 18218
0 502.0 700.0 -0.012986 -0.209878 18227 18234
0 500.0 706.0 -0.016403 -0.209351 18243 18249
0 500.0 712.0 -0.022766 -0.208269 18258 18265
0 500.0 718.0 -0.023586 -0.209822 18274 18281
0 498.0 724.0 -0.020853 -0.210354 18290 18297
0 498.0 730.0 -0.025907 -0.203634 18306 18312
0 498.0 738.0 -0.025493 -0.202819 18322 18329
0 496.0 744.0 -0.023707 -0.202021 18338 18344
0 496.0 750.0 -0.028943 -0.192841 18354 18361
0 494.0 756.0 -0.026151 -0.190426 18370 18376
0 494.0 762.0 -0.025595 -0.187016 18387 18393
0 494.0 770.0 -0.026446 -0.182728 18403 18410
0 492.0 774.0 -0.020996 -0.177684 18419 18425
0 492.0 780.0 -0.025584 -0.170143 18435 18442
0 492.0 784.0 -0.020124 -0.165309 18451 18457
0 490.0 792.0 -0.016627 -0.158742 18467 18474
0 490.0 796.0 -0.021628 -0.153118 18483 18489
0 490.0 800.0 -0.016373 -0.152306 18499 18506
0 488.0 804.0 -0.015558 -0.143353 18515 18521
0 488.0 808.0 -0.020047 -0.138531 18532 18538
0 488.0 814.0 -0.018244 -0.139376 18547 18553
0 488.0 818.0 -0.014917 -0.13264 18563 18570
0 486.0 822.0 -0.020998 -0.12644 18579 18585
0 486.0 826.0 -0.015621 -0.125762 18595 18601
0 486.0 830.0 -0.015252 -0.125105 18611 18617
0 484.0 834.0 -0.020728 -0.117502 18627 18633
0 484.0 838.0 -0.018774 -0.11478 18643 18650
0 484.0 842.0 -0.018711 -0.114086 18659 18665
0 482.0 844.0 -0.022741 -0.106671 18676 18682
0 482.0 848.0 -0.020055 -0.099398 18691 18697
0 482.0 852.0 -0.023217 -0.097029 18708 18714
0 480.0 854.0 -0.023619 -0.093156 18723 18729
0 480.0 856.0 -0.023923 -0.085844 18740 18746
0 480.0 860.0 -0.02453 -0.078735 18755 18762
0 478.0 862.0 -0.025047 -0.076844 18771 18778
0 478.0 864.0 -0.020276 -0.068786 18788 18794
0 476.0 866.0 -0.021914 -0.062141 18803 18809
0 476.0 868.0 -0.020682 -0.059325 18819 18825
0 476.0 870.0 -0.01549 -0.050455 18835 18841
0 476.0 870.0 -0.017115 -0.041598 18851 18857
0 474.0 872.0 -0.01377 -0.038252 18867 18874
0 474.0 872.0 -0.006618 -0.034184 18883 18889
0 474.0 874.0 -0.013923 -0.028046 18899 18905
0 474.0 874.0 -0.006408 -0.022663 18915 18921
2 474.0 876.0 -0.00326 -0.021037 18931 18938
2 474.0 876.0 -0.005261 -0.01627 18947 18948
2 474.0 876.0 -0.005011 -0.014871 18963 18964
2 474.0 876.0 0.001411 -0.015489 18980 18980
2 474.0 876.0 -0.0008 -0.010053 18995 18995
2 474.0 878.0 0.00179 -0.008052 19011 19012
2 474.0 878.0 0.003369 -0.009498 19027 19028
2 474.0 878.0 -0.000258 -0.005938 19044 19044
2 474.0 878.0 0.004401 -0.003799 19059 19060
2 474.0 878.0 0.002393 -0.001972 19075 19076
2 474.0 878.0 0.00194 -0.001355 19092 19092
2 474.0 878.0 0.005212 -0.003519 19108 19108
2 474.0 878.0 0.001828 -0.001233 19123 19124
2 474.0 878.0 0.006375 0.006625 19139 19140
2 474.0 878.0 0.010176 -9.3e-05 19156 19156
2 474.0 878.0 0.005328 0.005375 19172 19173
2 476.0 878.0 0.010097 0.00421 19188 19188
2 476.0 878.0 0.010222 -0.001391 19204 19205
2 476.0 878.0 0.009716 0.004482 19220 19221
2 476.0 878.0 0.009955 -0.000613 19236 19236
2 476.0 878.0 0.011012 -0.003157 19252 19253
2 476.0 878.0 0.010037 0.001289 19268 19269
2 476.0 878.0 0.00807 -0.003175 19285 19285
2 478.0 878.0 0.011428 -0.002753 19300 19301
2 478.0 878.0 0.008442 0.002437 19317 19317
2 478.0 878.0 0.006235 -0.001928 19332 19332
2 478.0 878.0 0.008309 0.001033 19348 19349
2 478.0 878.0 0.010447 0.003615 19364 19365
2 478.0 878.0 0.009464 -0.001887 19380 19381
2 478.0 878.0 0.00577 0.000753 19396 19397
2 480.0 878.0 0.009339 0.000727 19412 19413
2 480.0 878.0 0.011818 -0.002957 19428 19429
2 480.0 878.0 0.00504 0.002469 19445 19445
2 480.0 878.0 0.008362 0.000957 19460 19461
2 480.0 878.0 0.011721 -0.001381 19476 19477
2 480.0 878.0 0.008398 0.001542 19492 19493
2 480.0 878.0 0.006312 -0.000929 19509 19509
2 482.0 878.0 0.009969 -0.002787 19525 19525
2 482.0 878.0 0.007688 0.001729 19541 19542
2 482.0 878.0 0.00239 -0.001256 19557 19558
2 482.0 878.0 0.001831 -0.000586 19573 19573
2 482.0 878.0 0.004265 0.002421 19589 19590
2 482.0 878.0 0.002851 -0.002437 19605 19606
2 482.0 878.0 0.001928 0.000392 19622 19622
2 482.0 878.0 0.002455 -0.001415 19638 19639
2 482.0 878.0 0.000896 -0.000568 19654 19655
2 482.0 878.0 6e-05 -3.8e-05 19671 19671
2 482.0 878.0 8e-06 -5e-06 19686 19687
2 482.0 878.0 1e-06 -1e-06 19702 19703
2 482.0 878.0 0.0 -0.0 19718 19719
2 482.0 878.0 0.0 -0.0 19735 19735
2 482.0 878.0 0.0 -0.0 19750 19751
2 482.0 878.0 0.0 -0.0 19766 19767
2 482.0 878.0 -0.0022 0.001467 19782 19783
2 482.0 878.0 -0.001628 -0.001188 19798 19798
2 482.0 878.0 2.5e-05 -0.000908 19814 19815
2 482.0 878.0 2e-06 -6.1e-05 19830 19831
7 482.0 878.0 0.0 -8e-06 19846 19848
7 482.0 878.0 0.0 -1e-06 19862 19868
7 482.0 878.0 0.0 -0.0 19878 19883
7 482.0 878.0 0.0 -0.0 19894 19899
7 482.0 878.0 0.004159 0.000725 19910 19916
7 482.0 878.0 0.0114 -0.002446 19926 19932
7 482.0 878.0 0.010055 0.0043 19942 19948
7 484.0 878.0 0.01203 -0.001352 19958 19964
7 484.0 878.0 0.013881 -0.000314 19974 19980
7 484.0 878.0 0.01468 0.003477 19990 19996
7 484.0 878.0 0.015225 -0.001141 20006 20012
7 486.0 878.0 0.013647 0.001906 20022 20027
7 486.0 878.0 0.014717 0.004891 20039 20044
7 486.0 878.0 0.014675 0.000745 20056 20061
7 486.0 876.0 0.009815 0.006926 20071 20077
7 486.0 876.0 0.010986 0.004862 20087 20093
7 488.0 876.0 0.013199 0.004907 20103 20109
7 488.0 876.0 0.010704 0.010777 20119 20125
7 488.0 876.0 0.010076 0.011228 20135 20140
7 488.0 876.0 0.011388 0.012899 20152 20157
7 488.0 876.0 0.016169 0.018365 20167 20173
0 488.0 874.0 0.006631 0.027584 20183 20190
0 488.0 872.0 0.002785 0.033966 20199 20205
0 490.0 872.0 0.006326 0.042461 20215 20221
0 490.0 870.0 0.001846 0.049552 20231 20237
0 490.0 868.0 0.005875 0.058673 20247 20253
0 490.0 866.0 0.007856 0.06873 20263 20268
0 490.0 864.0 0.003599 0.07319 20279 20284
0 490.0 860.0 0.008231 0.080222 20296 20301
0 490.0 858.0 0.010089 0.091906 20312 20317
0 490.0 856.0 0.006889 0.098309 20327 20333
0 490.0 852.0 0.011922 0.107188 20343 20349
0 492.0 848.0 0.010514 0.115781 20359 20365
0 492.0 844.0 0.006292 0.123955 20375 20381
0 492.0 840.0 0.0098 0.132705 20391 20397
0 492.0 836.0 0.010128 0.138034 20407 20413
0 492.0 830.0 0.007049 0.14526 20423 20429
0 492.0 826.0 0.009209 0.153514 20439 20445
0 492.0 820.0 0.006513 0.159312 20455 20461
0 494.0 816.0 0.009272 0.164364 20471 20477
0 494.0 810.0 0.008696 0.169344 20487 20493
0 494.0 806.0 0.005806 0.17293 20503 20509
0 494.0 798.0 0.011886 0.17555 20519 20524
0 494.0 794.0 0.008375 0.180831 20535 20541
0 494.0 788.0 0.008579 0.183482 20552 20557
0 496.0 782.0 0.014604 0.182127 20567 20573
0 496.0 776.0 0.01169 0.187314 20583 20588
0 496.0 770.0 0.011868 0.186623 20600 20605
0 496.0 764.0 0.014315 0.186781 20615 20621
0 496.0 758.0 0.018116 0.184616 20631 20636
0 498.0 752.0 0.017879 0.1891 20648 20653
0 498.0 746.0 0.025211 0.183102 20664 20669
0 500.0 740.0 0.023464 0.185709 20679 20685
0 500.0 734.0 0.023917 0.189818 20695 20701
0 500.0 728.0 0.030334 0.18629 20711 20717
0 502.0 722.0 0.031948 0.185202 20727 20733
0 504.0 716.0 0.030909 0.187282 20743 20749
0 504.0 710.0 0.037938 0.184382 20759 20765
0 506.0 704.0 0.035711 0.18706 20775 20781
0 506.0 698.0 0.038755 0.189074 20791 20797
0 508.0 692.0 0.041149 0.189424 20807 20813
0 510.0 686.0 0.035583 0.190413 20824 20829
0 510.0 680.0 0.041103 0.188391 20841 20847
0 512.0 674.0 0.033753 0.191579 20857 20863
0 512.0 666.0 0.033792 0.191652 20872 20879
0 514.0 660.0 0.036636 0.18508 20889 20895
0 514.0 654.0 0.028912 0.187573 20904 20909
0 516.0 650.0 0.030386 0.185065 20921 20926
0 516.0 644.0 0.028664 0.180123 20936 20942
0 518.0 638.0 0.023932 0.178138 20952 20958
0 518.0 632.0 0.020258 0.180856 20968 20974
0 518.0 626.0 0.021558 0.17299 20984 20990
0 520.0 622.0 0.016343 0.168391 21000 21005
0 520.0 616.0 0.012576 0.167076 21016 21022
0 520.0 612.0 0.008935 0.16523 21032 21038
0 520.0 604.0 0.004983 0.161716 21048 21054
0 520.0 600.0 0.005017 0.157705 21064 21070
0 520.0 596.0 -0.004728 0.15283 21080 21086
0 520.0 590.0 -0.00896 0.150779 21096 21102
0 520.0 586.0 -0.008631 0.145523 21112 21118
0 520.0 580.0 -0.014787 0.145858 21130 21135
0 518.0 576.0 -0.019034 0.138559 21146 21151
0 518.0 572.0 -0.019845 0.135474 21162 21168
0 518.0 568.0 -0.022424 0.130633 21178 21184
0 516.0 564.0 -0.026613 0.13093 21194 21200
0 516.0 560.0 -0.024901 0.12363 21210 21216
0 514.0 556.0 -0.027127 0.115912 21227 21232
0 514.0 552.0 -0.027634 0.112666 21242 21248
0 512.0 548.0 -0.026948 0.109262 21258 21264
0 512.0 546.0 -0.028296 0.100463 21274 21280
0 512.0 542.0 -0.026706 0.0972 21290 21296
0 510.0 540.0 -0.030748 0.093687 21307 21312
0 508.0 536.0 -0.03227 0.086601 21324 21329
0 508.0 534.0 -0.030182 0.079538 21339 21345
0 508.0 532.0 -0.031769 0.077339 21355 21361
0 506.0 530.0 -0.036996 0.074045 21371 21377
0 506.0 528.0 -0.033072 0.065015 21387 21393
0 504.0 526.0 -0.036605 0.058523 21403 21409
0 502.0 524.0 -0.037224 0.05543 21419 21425
0 502.0 522.0 -0.037139 0.050104 21435 21441
0 500.0 520.0 -0.035912 0.037372 21451 21457
0 500.0 520.0 -0.035325 0.032992 21467 21473
2 498.0 518.0 -0.034166 0.031487 21483 21489
2 498.0 518.0 -0.033347 0.030722 21499 21499
2 496.0 516.0 -0.036331 0.033542 21515 21516
2 496.0 516.0 -0.032776 0.016908 21531 21532
2 494.0 516.0 -0.03094 0.017732 21547 21548
2 494.0 516.0 -0.032876 0.01563 21563 21563
2 492.0 516.0 -0.026831 0.004065 21579 21579
2 492.0 514.0 -0.026362 0.011977 21595 21596
2 490.0 514.0 -0.02376 -0.000766 21611 21612
2 490.0 514.0 -0.02029 -0.003108 21627 21628
2 490.0 514.0 -0.020199 0.00067 21643 21644
2 488.0 516.0 -0.014361 -0.004282 21659 21660
2 488.0 516.0 -0.012094 -0.00316 21676 21676
2 488.0 516.0 -0.01448 0.000632 21691 21692
2 488.0 516.0 -0.005049 -0.006209 21707 21708
2 488.0 516.0 -0.003398 -0.00263 21723 21724
2 488.0 516.0 -0.006071 0.000626 21740 21740
2 488.0 516.0 -0.000439 -0.002682 21756 21757
2 488.0 516.0 -0.000238 -0.000817 21772 21773
2 488.0 516.0 -3.2e-05 -0.000108 21789 21789
2 488.0 516.0 -4e-06 -1.4e-05 21804 21804
2 488.0 516.0 -1e-06 -2e-06 21820 21821
2 488.0 516.0 -0.0 -0.0 21836 21837
2 488.0 516.0 -0.0 -0.0 21853 21853
2 488.0 516.0 -0.0 -0.0 21868 21868
2 488.0 516.0 -0.0 -0.0 21884 21885
2 488.0 516.0 -0.002623 2.9e-05 21900 21901
2 488.0 516.0 -0.011804 0.002626 21916 21916
2 486.0 516.0 -0.011339 0.000928 21932 21933
2 486.0 516.0 -0.013594 -0.000226 21948 21949
2 486.0 516.0 -0.014998 0.001977 21964 21965
2 486.0 516.0 -0.012827 -0.004435 21981 21981
2 486.0 516.0 -0.011582 0.003157 21996 21997
2 484.0 516.0 -0.013344 -0.000742 22012 22013
2 484.0 516.0 -0.011743 -0.001745 22029 22029
2 484.0 516.0 -0.009418 0.003493 22044 22044
2 484.0 516.0 -0.006248 0.000579 22060 22061
2 484.0 516.0 -0.007003 -0.002084 22077 22077
2 484.0 516.0 -0.002229 0.001566 22092 22092
2 484.0 516.0 0.001152 -0.001448 22108 22109
2 484.0 516.0 0.000152 -0.000192 22124 22125
2 484.0 516.0 2e-05 -2.5e-05 22141 22141
2 484.0 516.0 3e-06 -3e-06 22157 22158
2 484.0 516.0 0.0 -0.0 22173 22174
2 484.0 516.0 0.0 -0.0 22189 22190
2 484.0 516.0 0.0007 0.001778 22205 22206
2 484.0 516.0 0.004352 -0.000795 22222 22222
2 484.0 516.0 0.00967 -0.0007 22238 22238
2 484.0 516.0 0.007314 0.003398 22254 22255
2 484.0 516.0 0.00869 -0.001894 22270 22271
2 484.0 516.0 0.008728 -0.000738 22286 22286
2 484.0 516.0 0.006527 0.003457 22302 22303
2 486.0 516.0 0.006126 -0.001436 22318 22319
7 486.0 516.0 0.004973 0.002695 22335 22342
7 486.0 516.0 0.004779 -0.001021 22351 22357
7 486.0 516.0 0.007141 -0.003829 22367 22374
7 486.0 516.0 0.004298 0.003078 22383 22389
7 486.0 516.0 0.003655 -0.001867 22399 22405
7 486.0 516.0 0.002708 -0.002443 22416 22422
7 486.0 516.0 0.004866 0.002784 22432 22438
7 486.0 516.0 -0.000407 -0.002318 22448 22454
7 486.0 516.0 0.002853 -0.003042 22465 22471
7 486.0 516.0 0.002345 -0.00223 22481 22487
7 486.0 516.0 0.00031 -0.000295 22497 22503
7 486.0 516.0 4.1e-05 -3.9e-05 22513 22520
7 486.0 516.0 5e-06 -5e-06 22530 22536
7 486.0 516.0 0.0 -0.0 22546 22552
7 486.0 516.0 0.0 -0.0 22562 22569
7 486.0 516.0 0.0 -0.0 22579 22585
7 486.0 516.0 0.0 -0.0 22594 22600
7 486.0 516.0 0.0 -0.0 22610 22616
7 486.0 516.0 0.0 -0.0 22626 22632
7 486.0 516.0 0.0 -0.0 22642 22649
7 486.0 516.0 0.0 -0.0 22658 22664
7 486.0 516.0 0.0 -0.0 22674 22680
7 486.0 516.0 0.0 -0.0 22690 22696
7 486.0 516.0 0.0 -0.0 22706 22712
7 486.0 516.0 0.003852 -0.003624 22723 22729
7 486.0 516.0 0.002491 -0.002343 22738 22744
7 486.0 516.0 0.000882 -0.012486 22754 22760
7 486.0 516.0 0.00484 -0.018378 22770 22776
7 486.0 518.0 -0.004189 -0.01887 22787 22793
0 486.0 518.0 0.001951 -0.026233 22803 22813
0 486.0 520.0 0.001474 -0.034141 22821 22827
0 486.0 520.0 -0.00348 -0.037361 22837 22843
0 486.0 522.0 -0.00091 -0.039647 22854 22860
0 486.0 524.0 -0.002135 -0.04825 22870 22876
0 486.0 524.0 -0.00356 -0.054466 22886 22892
0 486.0 526.0 -0.001135 -0.061994 22902 22908
0 486.0 530.0 -0.00518 -0.062093 22918 22924
0 486.0 532.0 -0.004324 -0.071442 22934 22940
0 486.0 534.0 -0.002717 -0.079633 22950 22957
0 486.0 536.0 -0.008762 -0.078084 22966 22972
0 486.0 540.0 -0.006904 -0.087243 22983 22989
0 486.0 542.0 -0.006361 -0.093681 22999 23005
0 484.0 544.0 -0.010001 -0.100819 23015 23022
0 484.0 548.0 -0.008879 -0.09934 23032 23038
0 484.0 552.0 -0.008463 -0.110569 23047 23053
0 484.0 556.0 -0.013222 -0.109566 23063 23069
0 484.0 560.0 -0.010593 -0.114361 23079 23086
0 482.0 562.0 -0.013531 -0.116487 23095 23101
0 482.0 568.0 -0.01141 -0.121038 23112 23118
0 482.0 572.0 -0.008745 -0.123269 23129 23135
0 482.0 576.0 -0.010634 -0.127783 23145 23151
0 482.0 580.0 -0.007402 -0.132756 23161 23167
0 482.0 582.0 -0.005762 -0.133422 23178 23184
0 482.0 588.0 -0.005513 -0.137303 23193 23199
0 482.0 592.0 -0.003699 -0.137619 23209 23215
0 482.0 596.0 0.0017 -0.141015 23225 23231
0 482.0 602.0 0.003447 -0.145923 23242 23248
0 482.0 606.0 0.009404 -0.151184 23257 23263
0 482.0 612.0 0.009956 -0.155889 23273 23279
0 482.0 618.0 0.012606 -0.161852 23289 23295
0 484.0 622.0 0.018521 -0.167616 23306 23312
0 484.0 628.0 0.019693 -0.178117 23321 23327
0 484.0 632.0 0.023285 -0.18723 23337 23343
0 486.0 640.0 0.027329 -0.191859 23353 23359
0 486.0 646.0 0.028066 -0.197944 23370 23376
0 488.0 654.0 0.031878 -0.208321 23385 23391
0 488.0 660.0 0.035594 -0.21232 23402 23408
0 490.0 668.0 0.034746 -0.216392 23418 23424
0 492.0 674.0 0.04003 -0.223308 23434 23441
0 492.0 682.0 0.045035 -0.223497 23450 23456
0 494.0 688.0 0.045136 -0.225184 23466 23472
0 496.0 698.0 0.050624 -0.225692 23483 23489
0 498.0 704.0 0.055124 -0.231055 23498 23504
0 500.0 712.0 0.051583 -0.228432 23514 23521
0 500.0 718.0 0.05751 -0.226843 23530 23536
0 502.0 724.0 0.059347 -0.228681 23547 23553
0 504.0 732.0 0.061323 -0.223529 23562 23568
0 508.0 740.0 0.065439 -0.220699 23578 23584
0 510.0 748.0 0.064061 -0.21624 23594 23600
0 512.0 754.0 0.065363 -0.21121 23610 23617
0 514.0 760.0 0.068575 -0.204474 23626 23632
0 516.0 766.0 0.069758 -0.202081 23642 23648
0 518.0 774.0 0.075813 -0.19691 23658 23664
0 520.0 780.0 0.076488 -0.191087 23674 23680
0 522.0 784.0 0.075565 -0.186486 23690 23696
0 526.0 790.0 0.08323 -0.180727 23706 23713
0 528.0 796.0 0.086126 -0.176932 23722 23728
0 532.0 802.0 0.086641 -0.172217 23738 23745
0 534.0 808.0 0.09334 -0.165374 23754 23760
0 538.0 812.0 0.097765 -0.159034 23770 23777
0 540.0 816.0 0.099282 -0.155372 23786 23792
0 544.0 822.0 0.107366 -0.151676 23802 23809
0 548.0 828.0 0.108735 -0.1482 23818 23824
0 550.0 832.0 0.110061 -0.142481 23834 23841
0 554.0 836.0 0.111454 -0.135517 23850 23856
0 558.0 840.0 0.112213 -0.130299 23866 23872
0 562.0 844.0 0.114163 -0.125583 23882 23888
0 566.0 848.0 0.115834 -0.119498 23898 23904
0 568.0 852.0 0.108665 -0.112972 23914 23920
0 572.0 854.0 0.106514 -0.112386 23930 23936
0 576.0 858.0 0.105133 -0.103318 23946 23953
0 578.0 860.0 0.098819 -0.096099 23962 23968
0 582.0 864.0 0.098736 -0.092891 23979 23985
0 586.0 868.0 0.095685 -0.091866 23994 24000
0 588.0 870.0 0.087224 -0.084251 24010 24017
0 590.0 872.0 0.086132 -0.082474 24026 24032
0 594.0 876.0 0.08093 -0.07681 24042 24048
0 596.0 878.0 0.078576 -0.073712 24059 24065
0 598.0 880.0 0.072534 -0.068789 24074 24081
0 600.0 882.0 0.065791 -0.062443 24090 24096
0 602.0 884.0 0.057292 -0.055537 24106 24113
0 604.0 886.0 0.056502 -0.049756 24122 24129
0 606.0 886.0 0.046518 -0.04674 24138 24144
0 606.0 888.0 0.039025 -0.04235 24155 24161
0 608.0 890.0 0.037594 -0.03224 24171 24178
0 608.0 890.0 0.028781 -0.025173 24187 24193
0 610.0 890.0 0.024091 -0.023408 24203 24209
0 610.0 892.0 0.021446 -0.015006 24219 24225
2 610.0 892.0 0.009156 -0.008359 24235 24242
2 610.0 892.0 0.005897 -0.004052 24251 24252
2 610.0 892.0 0.003717 -0.002106 24267 24268
2 610.0 892.0 0.001097 -0.000602 24283 24283
2 610.0 892.0 0.000145 -8e-05 24299 24300
2 610.0 892.0 1.9e-05 -1.1e-05 24315 24316
2 610.0 892.0 1e-06 -1e-06 24331 24332
2 610.0 892.0 -0.005851 0.00313 24347 24347
2 610.0 892.0 -0.010749 0.005754 24363 24363
2 610.0 892.0 -0.00382 0.002045 24379 24380
2 610.0 892.0 -0.008147 0.004365 24395 24396
2 610.0 890.0 -0.01029 0.005518 24411 24412
2 610.0 890.0 -0.004296 0.002304 24427 24427
2 610.0 890.0 -0.005295 0.002842 24443 24443
2 608.0 890.0 -0.008405 0.004514 24459 24460
2 608.0 890.0 -0.006118 -0.001585 24475 24476
2 608.0 890.0 -0.007902 0.002587 24491 24491
2 608.0 890.0 -0.003734 -0.000906 24507 24508
2 608.0 890.0 -0.003494 -0.000707 24523 24524
2 608.0 890.0 -0.004582 0.002123 24539 24540
2 608.0 890.0 -0.001848 -0.00119 24555 24555
2 608.0 890.0 -0.001763 0.000518 24571 24572
2 608.0 890.0 -0.00489 0.002575 24587 24588
2 608.0 890.0 -0.000115 -0.003174 24604 24604
2 608.0 890.0 -0.002344 0.000833 24619 24619
2 608.0 890.0 -0.002101 0.001074 24635 24636
2 608.0 890.0 -0.003348 0.001799 24651 24652
2 608.0 890.0 -0.000443 0.000238 24668 24668
2 608.0 890.0 -5.9e-05 3.1e-05 24683 24683
2 608.0 890.0 -0.001798 0.000968 24699 24700
2 608.0 890.0 -0.000238 0.000128 24715 24716
2 608.0 890.0 -1.6e-05 9e-06 24731 24731
2 608.0 890.0 -2e-06 1e-06 24747 24748
2 608.0 890.0 0.001774 0.002274 24763 24764
2 608.0 890.0 0.00141 0.001807 24779 24780
2 608.0 890.0 0.00109 0.001398 24795 24795
2 608.0 890.0 0.000378 0.000485 24811 24812
2 608.0 890.0 0.000954 0.001223 24827 24828
2 608.0 890.0 -0.000744 -0.000954 24843 24843
2 608.0 890.0 0.000805 0.001033 24859 24860
2 608.0 890.0 0.001281 0.001644 24875 24876
2 608.0 890.0 -0.001071 -0.001374 24892 24892
2 608.0 890.0 0.000762 0.000977 24907 24907
2 608.0 890.0 0.002449 0.003144 24923 24924
2 608.0 890.0 -0.000839 -0.001077 24939 24940
2 608.0 890.0 -0.007139 0.003644 24955 24955
2 608.0 890.0 -0.000839 0.002367 24971 24972
2 608.0 890.0 -0.00102 0.000247 24987 24988
2 608.0 890.0 -0.002812 0.003122 25003 25003
2 608.0 890.0 -0.0027 0.001668 25018 25018
2 608.0 890.0 -0.00812 0.004395 25034 25035
7 608.0 890.0 -0.002282 0.001233 25051 25052
7 606.0 890.0 -0.008328 0.004498 25066 25072
7 606.0 890.0 -0.00761 0.004113 25086 25092
7 606.0 888.0 -0.008622 0.00252 25102 25108
7 606.0 888.0 -0.009979 0.004004 25117 25123
