7 554.0 492.0 0.000388 -0.000393 5512 5519
7 556.0 492.0 0.000274 -0.002525 5528 5535
7 554.0 494.0 -0.002316 -0.008221 5544 5550
7 554.0 494.0 -0.003615 -0.012159 5560 5566
7 554.0 494.0 -0.001731 -0.005797 5576 5583
7 554.0 494.0 -0.00259 -0.008651 5593 5599
7 554.0 494.0 -0.002833 -0.00945 5608 5614
7 554.0 494.0 -0.00193 -0.006431 5624 5630
7 554.0 494.0 -0.00137 -0.004563 5640 5647
7 554.0 496.0 -0.002959 -0.00984 5657 5663
7 554.0 496.0 -0.001916 -0.006368 5672 5678
7 554.0 496.0 0.000803 -0.012225 5688 5695
7 554.0 496.0 0.003716 -0.015122 5704 5711
7 554.0 496.0 -0.000245 -0.015252 5721 5727
7 554.0 498.0 -0.000372 -0.017965 5737 5743
9 554.0 498.0 0.004266 -0.023159 5753 5763
9 554.0 498.0 0.000527 -0.024975 5771 5780
9 554.0 500.0 -0.002169 -0.027495 5788 5795
9 554.0 500.0 0.000897 -0.027236 5805 5811
9 554.0 502.0 -0.00364 -0.028305 5820 5827
9 554.0 502.0 -0.004301 -0.030704 5836 5842
9 554.0 504.0 -0.00072 -0.025459 5852 5859
9 554.0 504.0 -0.004548 -0.028558 5868 5875
9 554.0 504.0 -0.002572 -0.030618 5884 5890
9 554.0 506.0 -0.006454 -0.025666 5900 5907
9 554.0 506.0 -0.007958 -0.025965 5916 5922
9 554.0 508.0 -0.00683 -0.021668 5932 5941
9 554.0 508.0 -0.006881 -0.021727 5951 5957
9 552.0 508.0 -0.021161 -0.010438 5967 5976
9 552.0 508.0 -0.030058 0.004566 5984 5990
9 550.0 508.0 -0.036521 0.00815 6000 6006
9 550.0 508.0 -0.042021 0.012596 6017 6023
9 548.0 508.0 -0.046466 0.020194 6033 6040
9 546.0 506.0 -0.049432 0.021276 6049 6055
9 544.0 506.0 -0.054746 0.022225 6065 6072
9 542.0 504.0 -0.057076 0.023336 6082 6088
9 540.0 504.0 -0.059357 0.016943 6098 6104
9 538.0 504.0 -0.066694 0.022437 6114 6121
9 536.0 504.0 -0.069682 0.009243 6130 6136
9 534.0 504.0 -0.079111 0.003698 6147 6153
9 526.0 504.0 -0.109276 -0.015811 6163 6193
9 522.0 504.0 -0.131105 -0.022107 6202 6209
9 516.0 506.0 -0.144532 -0.031791 6219 6226
9 510.0 508.0 -0.161057 -0.034461 6235 6242
9 506.0 508.0 -0.178373 -0.035091 6251 6258
9 500.0 510.0 -0.19312 -0.041958 6267 6274
9 492.0 510.0 -0.214899 -0.042575 6283 6290
9 486.0 512.0 -0.22758 -0.043685 6299 6305
9 476.0 514.0 -0.241348 -0.046374 6315 6322
9 468.0 516.0 -0.257633 -0.046077 6331 6337
9 460.0 518.0 -0.273693 -0.048009 6347 6354
9 452.0 518.0 -0.281691 -0.049559 6363 6370
9 444.0 520.0 -0.291989 -0.048201 6379 6385
9 432.0 522.0 -0.299424 -0.051497 6395 6402
9 422.0 524.0 -0.298685 -0.051364 6411 6417
9 414.0 526.0 -0.296316 -0.056641 6427 6434
9 404.0 528.0 -0.294428 -0.060351 6443 6449
9 396.0 530.0 -0.293168 -0.057034 6460 6466
9 384.0 532.0 -0.286151 -0.055904 6475 6481
9 376.0 534.0 -0.281614 -0.05974 6491 6498
9 368.0 536.0 -0.276162 -0.058166 6507 6513
9 360.0 536.0 -0.265523 -0.05987 6524 6530
9 352.0 538.0 -0.258193 -0.05925 6539 6545
9 342.0 542.0 -0.252912 -0.05741 6555 6562
9 334.0 542.0 -0.243881 -0.057481 6571 6577
9 328.0 544.0 -0.234933 -0.06006 6587 6594
9 320.0 546.0 -0.227972 -0.057145 6603 6609
9 314.0 548.0 -0.222922 -0.050429 6619 6626
9 306.0 550.0 -0.215835 -0.051448 6635 6642
9 300.0 552.0 -0.21083 -0.051207 6651 6657
9 294.0 552.0 -0.206888 -0.045456 6667 6674
9 288.0 554.0 -0.200116 -0.045168 6683 6690
9 282.0 556.0 -0.195563 -0.039604 6699 6705
9 274.0 558.0 -0.191413 -0.04095 6715 6722
9 268.0 558.0 -0.185799 -0.036971 6731 6737
9 262.0 560.0 -0.18592 -0.035006 6747 6754
9 258.0 560.0 -0.181226 -0.032392 6764 6770
9 250.0 562.0 -0.181566 -0.02725 6780 6787
9 244.0 562.0 -0.179921 -0.023094 6796 6802
9 240.0 562.0 -0.177195 -0.023273 6812 6819
9 234.0 564.0 -0.177937 -0.018382 6828 6834
9 228.0 564.0 -0.173507 -0.013496 6844 6851
9 224.0 564.0 -0.17419 -0.013608 6860 6866
9 216.0 564.0 -0.169765 -0.010042 6876 6883
9 212.0 564.0 -0.166155 -0.003032 6892 6898
9 206.0 564.0 -0.158449 -0.00561 6908 6914
9 202.0 566.0 -0.152818 -0.00638 6925 6931
9 196.0 566.0 -0.14747 -0.001369 6941 6949
9 192.0 566.0 -0.143048 0.003235 6958 6964
9 188.0 564.0 -0.138237 0.00629 6973 6979
9 184.0 564.0 -0.124953 0.011146 6989 6996
9 180.0 564.0 -0.121625 0.018707 7005 7012
9 176.0 564.0 -0.114133 0.022142 7021 7027
9 172.0 562.0 -0.104902 0.02825 7038 7044
9 170.0 562.0 -0.097845 0.033013 7053 7060
9 168.0 560.0 -0.090117 0.040151 7069 7075
9 164.0 558.0 -0.085768 0.038085 7085 7092
9 162.0 558.0 -0.077369 0.039786 7102 7108
9 160.0 556.0 -0.075102 0.047052 7117 7123
9 158.0 554.0 -0.066 0.039083 7133 7140
9 156.0 554.0 -0.063743 0.034855 7149 7156
9 152.0 552.0 -0.057661 0.035877 7166 7172
9 152.0 552.0 -0.05455 0.029916 7182 7189
9 150.0 550.0 -0.054194 0.030152 7198 7205
9 148.0 550.0 -0.050981 0.020219 7214 7221
9 146.0 550.0 -0.052432 0.014952 7230 7236
9 144.0 548.0 -0.048974 0.016332 7247 7253
9 144.0 548.0 -0.046611 0.009185 7262 7268
9 142.0 548.0 -0.047788 0.009094 7279 7285
9 140.0 548.0 -0.047186 0.013094 7294 7301
9 138.0 548.0 -0.041263 0.007761 7310 7316
9 138.0 548.0 -0.043058 0.003373 7326 7333
9 136.0 548.0 -0.041865 0.01372 7342 7348
9 134.0 546.0 -0.03952 0.010524 7358 7365
9 134.0 546.0 -0.041247 0.009267 7375 7381
9 132.0 546.0 -0.037557 0.016131 7390 7396
9 132.0 546.0 -0.034867 0.009955 7406 7413
9 130.0 546.0 -0.035517 0.008098 7422 7428
9 130.0 546.0 -0.026804 0.007825 7438 7445
9 128.0 544.0 -0.022589 0.007219 7454 7460
9 128.0 544.0 -0.021777 0.011114 7470 7477
2 128.0 544.0 -0.0158 0.004807 7486 7492
2 128.0 544.0 -0.012195 0.002039 7502 7503
2 126.0 544.0 -0.008057 0.004731 7519 7519
2 126.0 544.0 -0.003795 0.001568 7534 7534
2 126.0 544.0 -0.001807 -0.002121 7550 7550
2 126.0 544.0 -0.000581 -0.00064 7566 7566
2 126.0 544.0 -7.7e-05 -8.5e-05 7582 7582
2 126.0 544.0 -1e-05 -1.1e-05 7598 7599
2 126.0 544.0 -1e-06 -1e-06 7614 7615
2 126.0 544.0 -0.0 -0.0 7630 7631
2 126.0 544.0 -0.0 -0.0 7646 7647
2 126.0 544.0 3.8e-05 4e-05 7662 7663
2 126.0 544.0 0.001837 0.001928 7678 7679
2 126.0 544.0 0.006634 0.001379 7694 7695
2 126.0 544.0 0.002988 -0.003295 7710 7711
2 128.0 544.0 0.002384 0.001653 7726 7727
2 128.0 544.0 0.004677 0.001953 7742 7743
2 128.0 544.0 0.001231 -0.00364 7758 7759
2 128.0 544.0 0.003867 -0.001217 7775 7775
2 128.0 544.0 -0.000464 -0.001186 7790 7791
2 128.0 544.0 -6.1e-05 -0.000157 7806 7807
2 128.0 544.0 -8e-06 -2.1e-05 7823 7823
2 128.0 544.0 -1e-06 -1e-06 7839 7840
2 128.0 544.0 -0.0 -0.0 7855 7856
2 128.0 544.0 -0.0 -0.0 7871 7872
2 128.0 544.0 -0.0 -0.0 7887 7888
2 128.0 544.0 -0.0 -0.0 7903 7904
2 128.0 544.0 -0.0 -0.0 7919 7920
2 128.0 544.0 -0.004485 0.006465 7935 7936
2 128.0 544.0 -0.004296 0.000668 7952 7953
2 126.0 544.0 -0.007317 -0.000448 7968 7969
2 126.0 544.0 -0.004451 0.001997 7984 7985
2 126.0 544.0 -0.004991 0.001231 8000 8000
2 126.0 544.0 -0.006433 0.000654 8017 8017
2 126.0 544.0 -0.004278 0.002183 8033 8033
2 126.0 544.0 -0.006721 0.000437 8049 8050
2 126.0 544.0 -0.006038 0.0049 8065 8066
2 126.0 544.0 -0.001484 -3.4e-05 8081 8082
2 126.0 544.0 -0.004953 0.001553 8097 8098
2 126.0 544.0 -0.003472 0.00524 8114 8114
2 126.0 544.0 -0.002438 -0.000525 8130 8130
2 126.0 544.0 -0.00102 0.000159 8145 8145
2 126.0 544.0 -0.000135 2.1e-05 8161 8161
2 126.0 544.0 -1.8e-05 3e-06 8177 8177
2 126.0 544.0 -2e-06 0.0 8193 8194
2 126.0 544.0 -0.0 0.0 8209 8210
2 126.0 544.0 -0.0 0.0 8225 8226
2 126.0 544.0 -0.0 0.0 8241 8242
2 126.0 544.0 0.004414 -0.001917 8258 8258
2 126.0 544.0 0.006767 -0.003118 8273 8274
2 126.0 544.0 0.008431 -0.006451 8289 8290
2 126.0 544.0 0.00553 -2.9e-05 8306 8306
2 126.0 544.0 0.006503 -0.001419 8322 8322
2 126.0 544.0 0.005985 -0.001355 8337 8338
2 126.0 544.0 0.003097 0.002682 8353 8354
2 126.0 544.0 0.006457 0.002044 8370 8370
2 126.0 544.0 0.003623 -0.00337 8385 8385
7 126.0 544.0 0.000821 -8.6e-05 8401 8401
7 128.0 544.0 0.001639 -0.002044 8418 8423
7 128.0 544.0 0.000118 -0.00062 8434 8440
7 128.0 544.0 1.6e-05 -8.2e-05 8450 8455
7 128.0 544.0 2e-06 -1.1e-05 8466 8472
7 128.0 544.0 0.0 -1e-06 8482 8487
7 128.0 544.0 0.0 -0.0 8499 8504
7 128.0 544.0 0.0 -0.0 8514 8520
7 128.0 544.0 -0.002071 0.003413 8530 8536
7 126.0 544.0 -0.006349 0.00062 8546 8552
7 126.0 544.0 -0.007309 0.003537 8562 8568
7 126.0 544.0 -0.003668 -0.000446 8578 8584
7 126.0 544.0 -0.005308 -0.002004 8595 8600
7 126.0 544.0 -0.003456 0.002536 8610 8616
7 126.0 544.0 0.000254 -0.001763 8626 8632
7 126.0 544.0 -0.001957 -0.002321 8642 8648
7 126.0 544.0 -0.000259 -0.000307 8658 8664
7 126.0 544.0 -1.7e-05 -2.1e-05 8674 8680
7 126.0 544.0 -2e-06 -3e-06 8690 8696
7 126.0 544.0 0.00502 0.003382 8706 8711
7 126.0 544.0 0.011454 0.000605 8722 8728
7 128.0 544.0 0.013357 -0.000572 8738 8744
7 128.0 544.0 0.012248 0.001956 8754 8760
7 128.0 544.0 0.018834 -0.000314 8770 8776
7 128.0 544.0 0.017057 -0.001509 8786 8791
7 130.0 544.0 0.018055 0.004287 8802 8808
7 130.0 544.0 0.020534 0.005662 8818 8824
7 130.0 544.0 0.019183 -0.000498 8834 8840
7 132.0 544.0 0.01925 0.007376 8850 8856
1 132.0 542.0 0.021315 0.007764 8867 8872
1 132.0 542.0 0.019374 -0.000147 8883 8889
1 132.0 542.0 0.018262 0.005361 8899 8905
1 134.0 542.0 0.020568 0.003173 8916 8921
1 134.0 542.0 0.018185 0.003647 8932 8938
1 134.0 542.0 0.019611 5.9e-05 8949 8955
1 136.0 542.0 0.022229 -0.004527 8965 8971
1 136.0 542.0 0.021144 -2.8e-05 8981 8987
1 138.0 542.0 0.026648 0.001124 8998 9002
1 138.0 542.0 0.024528 -0.004586 9013 9019
1 138.0 542.0 0.02696 0.000899 9030 9035
1 140.0 542.0 0.030997 0.006149 9045 9051
1 140.0 542.0 0.029972 0.002301 9062 9067
1 142.0 542.0 0.027548 0.011675 9077 9083
1 142.0 542.0 0.030196 0.014288 9093 9098
1 144.0 542.0 0.032867 0.012214 9109 9115
1 144.0 540.0 0.034422 0.017499 9125 9130
1 146.0 540.0 0.037658 0.016784 9141 9147
1 148.0 540.0 0.039126 0.015005 9157 9162
1 148.0 538.0 0.041734 0.01959 9173 9179
1 150.0 538.0 0.045772 0.01647 9189 9195
1 152.0 538.0 0.048279 0.018555 9205 9210
1 154.0 538.0 0.053205 0.018482 9221 9227
1 156.0 536.0 0.057619 0.015115 9237 9242
1 158.0 536.0 0.059075 0.016714 9253 9259
1 160.0 536.0 0.068672 0.019023 9269 9274
1 162.0 536.0 0.070076 0.016011 9285 9291
1 164.0 534.0 0.072596 0.027388 9301 9307
1 166.0 534.0 0.077679 0.024882 9318 9323
1 170.0 532.0 0.08137 0.027526 9333 9339
1 172.0 532.0 0.084057 0.033763 9349 9354
1 174.0 530.0 0.090834 0.039443 9365 9371
1 178.0 528.0 0.096414 0.040796 9381 9387
1 182.0 528.0 0.098074 0.048808 9398 9403
1 184.0 526.0 0.103729 0.049202 9414 9420
1 188.0 524.0 0.106989 0.054171 9430 9436
1 190.0 522.0 0.108983 0.055666 9446 9451
1 196.0 520.0 0.113238 0.054581 9462 9468
1 198.0 518.0 0.11352 0.057977 9478 9484
1 202.0 518.0 0.118025 0.05484 9494 9499
1 206.0 516.0 0.120533 0.049685 9510 9516
1 210.0 514.0 0.12141 0.049683 9527 9532
1 214.0 512.0 0.12617 0.044258 9543 9549
1 218.0 512.0 0.126425 0.039769 9559 9565
1 222.0 510.0 0.130408 0.038328 9575 9580
1 228.0 508.0 0.133876 0.034523 9591 9597
1 232.0 508.0 0.134339 0.031669 9607 9613
1 236.0 506.0 0.136688 0.031157 9623 9629
1 240.0 506.0 0.14009 0.028863 9639 9645
1 244.0 506.0 0.141066 0.030426 9655 9660
1 250.0 504.0 0.143408 0.028363 9672 9677
1 254.0 504.0 0.145522 0.027206 9687 9693
1 258.0 502.0 0.143146 0.028524 9703 9709
1 264.0 502.0 0.148575 0.026104 9719 9725
1 268.0 500.0 0.149586 0.024167 9735 9741
1 274.0 500.0 0.149547 0.028097 9751 9757
1 278.0 498.0 0.152579 0.02992 9767 9773
1 282.0 498.0 0.152184 0.026577 9784 9789
1 288.0 496.0 0.15279 0.030983 9800 9805
1 292.0 496.0 0.155326 0.028431 9815 9821
1 296.0 496.0 0.156552 0.027087 9831 9836
1 304.0 494.0 0.158515 0.031295 9847 9853
1 308.0 494.0 0.157736 0.031206 9863 9868
1 312.0 492.0 0.1616 0.02811 9879 9885
1 318.0 492.0 0.161806 0.031603 9895 9901
1 322.0 490.0 0.162898 0.030152 9911 9916
1 330.0 490.0 0.163739 0.029961 9927 9933
1 334.0 488.0 0.162246 0.032239 9943 9949
1 338.0 488.0 0.164894 0.031293 9959 9965
1 344.0 486.0 0.163193 0.030724 9975 9981
1 350.0 486.0 0.164996 0.03035 9991 9998
1 356.0 484.0 0.165542 0.029485 10008 10013
1 360.0 484.0 0.168009 0.028782 10023 10029
1 366.0 482.0 0.167909 0.028863 10039 10044
1 370.0 482.0 0.167873 0.021185 10055 10061
1 378.0 482.0 0.166693 0.025986 10071 10077
1 382.0 480.0 0.169345 0.019681 10088 10093
1 388.0 480.0 0.167234 0.016058 10103 10109
1 392.0 480.0 0.167918 0.015964 10119 10125
1 398.0 480.0 0.168521 0.009682 10135 10141
1 404.0 480.0 0.167866 0.008186 10151 10157
1 408.0 478.0 0.164311 0.011668 10167 10172
1 414.0 478.0 0.163176 0.00687 10183 10189
1 418.0 478.0 0.159282 0.008562 10199 10205
1 424.0 478.0 0.156036 0.005604 10216 10221
1 430.0 478.0 0.154003 0.000388 10232 10238
1 434.0 478.0 0.148282 0.004653 10248 10253
1 438.0 478.0 0.145385 0.001326 10264 10270
1 442.0 478.0 0.139182 -0.002313 10280 10286
1 448.0 478.0 0.131929 0.001143 10297 10302
1 452.0 478.0 0.132287 -0.004408 10313 10319
1 456.0 478.0 0.122969 -0.005118 10329 10335
1 460.0 478.0 0.120304 -0.008993 10345 10351
1 464.0 480.0 0.106263 -0.010261 10361 10367
1 470.0 480.0 0.100596 -0.00546 10393 10399
1 472.0 480.0 0.094286 -0.009535 10410 10415
1 476.0 480.0 0.084501 -0.009693 10425 10431
1 478.0 480.0 0.080644 -0.009453 10441 10447
1 480.0 480.0 0.073271 -0.008748 10457 10463
1 482.0 482.0 0.064463 -0.008875 10473 10479
1 484.0 482.0 0.057427 -0.003427 10489 10495
1 486.0 482.0 0.049543 -0.00779 10506 10511
1 488.0 482.0 0.036983 -0.002786 10521 10527
1 488.0 482.0 0.033837 -0.000672 10537 10542
1 490.0 482.0 0.025605 -0.006415 10554 10559
1 490.0 482.0 0.016884 -0.000973 10569 10575
1 490.0 482.0 0.013654 0.001109 10585 10590
1 490.0 482.0 0.008404 -0.004903 10601 10607
1 490.0 482.0 0.002227 0.002542 10617 10622
1 490.0 482.0 0.003182 -0.00242 10633 10639
1 490.0 482.0 0.000214 -0.000163 10649 10655
1 490.0 482.0 -0.006683 0.006388 10666 10671
1 490.0 482.0 -0.011029 0.010542 10681 10687
1 490.0 482.0 -0.014667 0.004358 10698 10703
1 490.0 482.0 -0.01765 0.003469 10713 10719
1 488.0 482.0 -0.020252 0.005615 10729 10734
1 488.0 482.0 -0.016647 -0.002282 10745 10751
1 488.0 482.0 -0.018281 -0.00192 10761 10766
1 486.0 480.0 -0.021175 0.003131 10777 10783
1 486.0 482.0 -0.017107 0.000147 10793 10799
1 486.0 482.0 -0.017493 -0.005941 10809 10814
1 486.0 482.0 -0.017233 0.002573 10825 10831
1 484.0 482.0 -0.010354 -0.005929 10841 10847
1 484.0 482.0 -0.0123 -0.006087 10857 10863
1 484.0 482.0 -0.012524 0.004821 10873 10879
1 484.0 482.0 -0.005679 -0.001615 10889 10894
1 484.0 482.0 -0.006679 -0.000483 10905 10911
1 484.0 482.0 -0.005689 0.002794 10921 10927
1 484.0 482.0 -0.00216 -0.001922 10937 10943
1 484.0 482.0 -0.000779 0.000223 10953 10959
1 484.0 482.0 -0.000103 3e-05 10969 10974
1 484.0 482.0 -7e-06 2e-06 10985 10991
1 484.0 482.0 -1e-06 0.0 11000 11005
1 484.0 482.0 -0.0 0.0 11017 11023
1 484.0 482.0 -0.0 0.0 11033 11039
1 484.0 482.0 -0.0 0.0 11049 11055
1 484.0 482.0 -0.0 0.0 11065 11070
1 484.0 482.0 -0.0 0.0 11082 11087
1 484.0 482.0 -0.0 0.0 11097 11102
1 484.0 482.0 -0.0 0.0 11113 11119
1 484.0 482.0 -0.0 0.0 11129 11135
1 484.0 482.0 -0.0 0.0 11146 11151
1 484.0 482.0 -0.0 0.0 11162 11168
1 484.0 482.0 -0.0 0.0 11179 11184
1 484.0 482.0 -0.0 0.0 11194 11200
1 484.0 482.0 -0.0 0.0 11210 11215
1 484.0 482.0 -0.0 0.0 11226 11232
1 484.0 482.0 -0.001023 0.00099 11242 11248
1 484.0 482.0 -0.001103 0.001068 11259 11264
1 484.0 482.0 -0.00551 0.005621 11274 11280
1 484.0 482.0 0.001479 -0.002023 11290 11295
1 482.0 482.0 -0.001265 0.001147 11306 11312
1 482.0 482.0 -0.004933 0.00477 11322 11327
1 482.0 482.0 0.001721 -0.001669 11338 11344
1 482.0 482.0 -0.001783 0.001728 11354 11360
1 482.0 480.0 -0.00029 0.000281 11370 11376
1 482.0 482.0 0.000455 -0.00044 11386 11392
1 482.0 482.0 6e-05 -5.8e-05 11402 11409
1 482.0 482.0 8e-06 -8e-06 11418 11423
1 482.0 482.0 1e-06 -1e-06 11434 11440
1 482.0 482.0 0.0 -0.0 11450 11456
1 482.0 482.0 0.0 -0.0 11466 11472
1 482.0 482.0 0.0 -0.0 11482 11487
1 482.0 482.0 0.0 -0.0 11498 11504
1 482.0 482.0 0.0 -0.0 11514 11520
1 482.0 482.0 0.0 -0.0 11530 11536
1 482.0 482.0 0.0 -0.0 11546 11551
1 482.0 482.0 0.0 -0.0 11562 11568
1 482.0 482.0 0.002867 -0.002777 11578 11584
1 482.0 482.0 0.00496 -0.004804 11595 11600
1 482.0 482.0 0.001588 -0.001538 11611 11616
1 484.0 482.0 0.000703 -0.000681 11627 11633
1 484.0 482.0 0.002961 -0.002867 11643 11649
1 484.0 482.0 0.000392 -0.000379 11659 11664
1 484.0 482.0 0.002894 -0.002802 11675 11681
1 484.0 482.0 0.000383 -0.000371 11691 11696
1 484.0 482.0 5.1e-05 -4.9e-05 11707 11713
1 484.0 482.0 7e-06 -6e-06 11723 11729
1 484.0 482.0 0.000745 -0.000721 11739 11744
1 484.0 482.0 0.001234 0.003089 11755 11761
1 484.0 482.0 0.002557 -4.6e-05 11771 11777
1 484.0 482.0 -0.001235 0.000888 11787 11792
1 484.0 482.0 0.002415 0.003697 11803 11809
1 484.0 482.0 0.002623 -0.003672 11819 11824
1 484.0 482.0 0.000347 -0.000486 11835 11841
1 484.0 482.0 4.6e-05 -6.4e-05 11851 11857
1 484.0 482.0 0.004776 -0.004622 11867 11872
1 484.0 482.0 0.000157 -0.000152 11883 11889
1 484.0 482.0 0.003384 -0.003272 11899 11904
1 484.0 482.0 0.0058 -0.005604 11915 11921
1 484.0 482.0 0.006034 -0.005828 11931 11936
1 484.0 482.0 0.009434 -0.009104 11948 11954
1 484.0 482.0 0.011846 -0.011421 11964 11969
1 486.0 484.0 0.013074 -0.01259 11980 11986
1 486.0 484.0 0.017124 -0.016468 11996 12001
1 486.0 484.0 0.016259 -0.019266 12012 12017
1 486.0 484.0 0.015932 -0.02004 12028 12034
2 488.0 486.0 0.021781 -0.022437 12044 12050
2 488.0 486.0 0.017525 -0.01959 12060 12061
2 488.0 486.0 0.019068 -0.019212 12076 12077
2 490.0 488.0 0.018474 -0.017753 12092 12093
2 490.0 488.0 0.013923 -0.013268 12109 12109
2 490.0 488.0 0.0154 -0.014651 12125 12125
2 490.0 488.0 0.018499 -0.017574 12141 12141
2 490.0 490.0 0.010373 -0.007439 12157 12158
2 492.0 490.0 0.010905 0.000277 12173 12173
2 492.0 490.0 0.007665 -0.002598 12189 12190
2 492.0 490.0 0.004394 0.001938 12205 12206
2 492.0 488.0 0.005579 0.003412 12221 12222
2 492.0 488.0 0.001379 0.002251 12237 12238
2 492.0 488.0 0.000675 0.001682 12253 12254
2 492.0 488.0 -0.00177 0.002223 12269 12270
2 492.0 488.0 -0.006745 0.005846 12285 12286
2 492.0 488.0 -0.008654 0.008143 12301 12302
2 490.0 488.0 -0.011317 0.010745 12317 12318
2 490.0 488.0 -0.009549 0.009084 12333 12334
2 490.0 488.0 -0.011426 0.01088 12349 12349
2 490.0 486.0 -0.015692 0.010693 12365 12365
2 490.0 486.0 -0.011117 0.003362 12381 12381
2 488.0 486.0 -0.013891 0.003769 12397 12398
2 488.0 486.0 -0.015197 0.008371 12413 12413
2 488.0 486.0 -0.010988 0.000914 12429 12430
2 488.0 486.0 -0.013848 0.001652 12445 12446
2 488.0 486.0 -0.012776 0.005802 12461 12462
2 488.0 486.0 -0.006374 -0.003293 12477 12477
2 486.0 486.0 -0.007502 -0.003544 12494 12495
2 486.0 486.0 -0.005236 0.000556 12510 12511
2 486.0 486.0 -0.004882 -0.000812 12527 12527
2 486.0 486.0 -0.00392 -0.003731 12542 12543
2 486.0 486.0 -0.000659 -0.002895 12558 12559
2 486.0 486.0 -0.002681 -0.003963 12574 12575
2 486.0 486.0 -0.000522 -0.000991 12591 12591
2 486.0 486.0 -0.000124 -7.9e-05 12606 12607
2 486.0 486.0 -0.000992 -0.002725 12622 12623
2 486.0 486.0 -6.7e-05 -0.000184 12639 12639
2 486.0 486.0 -9e-06 -2.4e-05 12654 12654
2 486.0 486.0 -1e-06 -3e-06 12670 12670
2 486.0 486.0 -0.0 -0.0 12686 12686
2 486.0 486.0 -0.0 -0.0 12702 12703
2 486.0 486.0 -0.0 -0.0 12718 12718
2 486.0 486.0 -0.0 -0.0 12734 12735
2 486.0 486.0 -0.0 -0.0 12750 12751
2 486.0 486.0 0.000994 0.002766 12766 12767
2 486.0 486.0 0.000131 0.000366 12782 12783
2 486.0 486.0 0.000992 0.002763 12798 12799
2 486.0 486.0 0.000469 0.001306 12814 12815
2 486.0 486.0 0.00023 0.00064 12830 12831
2 486.0 486.0 3e-05 8.5e-05 12846 12847
2 486.0 486.0 4e-06 1.1e-05 12862 12863
2 486.0 486.0 0.0 1e-06 12879 12879
2 486.0 486.0 0.0 0.0 12895 12895
2 486.0 486.0 0.0 0.0 12910 12910
2 486.0 486.0 0.0 0.0 12926 12926
2 486.0 486.0 0.0 0.0 12942 12943
2 486.0 486.0 0.0 0.0 12958 12958
2 486.0 486.0 0.0 0.0 12974 12975
2 486.0 486.0 0.0 0.0 12990 12991
2 486.0 486.0 0.0 0.0 13005 13006
2 486.0 486.0 0.0 0.0 13021 13022
2 486.0 486.0 0.0 0.0 13037 13038
2 486.0 486.0 0.0 0.0 13053 13054
2 486.0 486.0 0.0 0.0 13070 13070
2 486.0 486.0 0.0 0.0 13085 13086
2 486.0 486.0 0.0 0.0 13102 13102
2 486.0 486.0 0.0 0.0 13119 13119
7 486.0 486.0 0.00288 -0.002764 13135 13141
7 486.0 486.0 0.000821 -0.000788 13150 13156
7 486.0 486.0 0.000604 -0.00058 13166 13173
7 486.0 486.0 8e-05 -7.7e-05 13182 13188
7 486.0 486.0 5e-06 -5e-06 13198 13205
7 486.0 486.0 1e-06 -1e-06 13214 13220
7 486.0 486.0 0.0 -0.0 13230 13237
7 486.0 486.0 0.0 -0.0 13246 13253
7 486.0 486.0 0.0 -0.0 13263 13269
7 486.0 486.0 0.0 -0.0 13279 13286
7 486.0 486.0 0.0 -0.0 13295 13301
7 486.0 486.0 0.0 -0.0 13311 13318
7 486.0 486.0 0.0 -0.0 13327 13334
7 486.0 486.0 0.0 -0.0 13344 13350
7 486.0 486.0 0.0 -0.0 13359 13366
7 486.0 486.0 0.0 -0.0 13375 13381
7 486.0 486.0 0.0 -0.0 13391 13398
7 486.0 486.0 0.0 -0.0 13407 13414
7 486.0 486.0 0.0 -0.0 13423 13430
7 486.0 486.0 0.0 -0.0 13439 13445
7 486.0 486.0 0.0 -0.0 13455 13462
7 486.0 486.0 0.0 -0.0 13471 13477
7 486.0 486.0 0.0 -0.0 13487 13494
7 486.0 486.0 0.0 -0.0 13503 13510
7 486.0 486.0 -0.006253 0.006005 13520 13526
7 486.0 486.0 -0.015298 0.005542 13535 13541
9 484.0 486.0 -0.020762 0.002551 13552 13561
9 484.0 486.0 -0.029165 0.002599 13569 13576
9 482.0 486.0 -0.039053 0.012303 13586 13592
9 480.0 484.0 -0.043462 0.008702 13602 13609
9 480.0 484.0 -0.056716 0.01167 13618 13625
9 478.0 484.0 -0.063768 0.011022 13634 13640
9 474.0 484.0 -0.075078 0.010836 13650 13657
9 472.0 484.0 -0.081065 0.01103 13666 13673
9 470.0 484.0 -0.088739 0.011962 13682 13688
9 466.0 484.0 -0.098019 0.00514 13698 13705
9 464.0 482.0 -0.104502 0.008474 13714 13720
9 458.0 482.0 -0.109231 0.002523 13730 13737
9 456.0 482.0 -0.117146 2.7e-05 13746 13752
9 452.0 482.0 -0.122674 0.002061 13762 13769
9 448.0 482.0 -0.129521 -0.004223 13778 13784
9 444.0 484.0 -0.138725 -0.00544 13795 13801
9 440.0 484.0 -0.143446 -0.002144 13810 13816
9 434.0 484.0 -0.150029 -0.00907 13826 13833
9 428.0 484.0 -0.157663 -0.004835 13842 13848
9 424.0 484.0 -0.1637 -0.001838 13859 13865
9 418.0 484.0 -0.165846 -0.002843 13874 13881
9 414.0 484.0 -0.171013 0.000424 13890 13896
9 406.0 484.0 -0.176158 0.006522 13906 13913
9 402.0 484.0 -0.178932 0.006382 13922 13928
9 396.0 484.0 -0.182154 0.009741 13939 13945
9 390.0 484.0 -0.182415 0.006344 13954 13960
9 384.0 482.0 -0.18435 0.003971 13970 13977
9 378.0 482.0 -0.186343 0.00528 13986 13992
9 372.0 482.0 -0.18686 0.007246 14001 14008
9 366.0 482.0 -0.190766 0.007406 14018 14024
9 360.0 482.0 -0.189844 0.008113 14034 14041
9 354.0 482.0 -0.190052 0.005301 14050 14056
9 346.0 482.0 -0.18995 0.006191 14066 14073
9 342.0 482.0 -0.188092 0.006951 14082 14088
9 336.0 482.0 -0.188891 0.000401 14099 14105
9 330.0 482.0 -0.190783 0.000787 14114 14120
9 322.0 482.0 -0.189928 0.000103 14131 14137
9 316.0 482.0 -0.187779 -0.00647 14147 14154
9 312.0 482.0 -0.188405 -0.004373 14163 14170
9 306.0 482.0 -0.186785 -0.013533 14179 14185
9 300.0 482.0 -0.188127 -0.013695 14195 14202
9 292.0 484.0 -0.190305 -0.018029 14212 14218
9 286.0 484.0 -0.190341 -0.025002 14228 14235
9 282.0 484.0 -0.191403 -0.028966 14245 14251
9 274.0 486.0 -0.190169 -0.033601 14260 14266
9 268.0 488.0 -0.189418 -0.039518 14277 14283
9 262.0 488.0 -0.191117 -0.042348 14292 14299
9 256.0 490.0 -0.191575 -0.047408 14309 14315
9 250.0 492.0 -0.19003 -0.052454 14324 14331
9 242.0 494.0 -0.193537 -0.053256 14341 14347
9 238.0 496.0 -0.188358 -0.052982 14356 14363
9 232.0 498.0 -0.189665 -0.058191 14373 14379
9 226.0 498.0 -0.188931 -0.059089 14389 14396
9 220.0 500.0 -0.184458 -0.056643 14405 14412
9 214.0 504.0 -0.181201 -0.057314 14422 14428
9 208.0 504.0 -0.180078 -0.057704 14437 14444
9 202.0 506.0 -0.174589 -0.055917 14453 14459
9 198.0 508.0 -0.170008 -0.057145 14469 14476
9 192.0 510.0 -0.167797 -0.055772 14485 14491
9 186.0 512.0 -0.164063 -0.057754 14501 14508
9 180.0 514.0 -0.161931 -0.055683 14517 14523
9 176.0 516.0 -0.156178 -0.050167 14533 14540
9 172.0 518.0 -0.152465 -0.059132 14549 14555
9 166.0 520.0 -0.149388 -0.055964 14565 14572
9 162.0 520.0 -0.149161 -0.046744 14581 14588
9 156.0 522.0 -0.14285 -0.053376 14597 14604
9 152.0 524.0 -0.143947 -0.047564 14613 14620
9 148.0 526.0 -0.13925 -0.046066 14629 14636
9 144.0 526.0 -0.138078 -0.042464 14645 14651
9 138.0 528.0 -0.135013 -0.040646 14661 14667
9 136.0 530.0 -0.13161 -0.039075 14678 14684
9 132.0 530.0 -0.125255 -0.035571 14693 14700
9 128.0 532.0 -0.123136 -0.028095 14709 14716
9 122.0 532.0 -0.117706 -0.030294 14726 14732
9 120.0 534.0 -0.114537 -0.029323 14742 14748
9 116.0 534.0 -0.109833 -0.017544 14759 14765
9 112.0 534.0 -0.102867 -0.026504 14774 14780
9 108.0 536.0 -0.100721 -0.021441 14790 14797
9 106.0 536.0 -0.092801 -0.012662 14806 14812
9 104.0 536.0 -0.086131 -0.017407 14822 14829
9 102.0 536.0 -0.077813 -0.010872 14838 14845
9 100.0 538.0 -0.070687 -0.005064 14854 14860
9 96.0 538.0 -0.064425 -0.009725 14870 14877
9 94.0 538.0 -0.058802 -0.003652 14886 14893
9 94.0 538.0 -0.052557 0.00447 14903 14909
9 92.0 538.0 -0.041848 0.002202 14919 14926
9 90.0 536.0 -0.037667 0.010408 14935 14942
9 90.0 536.0 -0.029653 0.009826 14951 14958
9 90.0 536.0 -0.024793 0.01161 14967 14973
9 88.0 536.0 -0.021794 0.012327 14983 14989
2 88.0 536.0 -0.016666 0.01082 14999 15003
2 88.0 536.0 -0.012242 0.00967 15016 15016
2 88.0 536.0 -0.009622 0.009681 15031 15031
2 88.0 536.0 -0.006276 0.006392 15047 15048
2 86.0 534.0 -0.005514 0.004416 15063 15064
2 86.0 534.0 -0.00498 0.00798 15080 15080
2 86.0 534.0 0.001301 -0.002422 15095 15095
2 86.0 534.0 -0.000826 0.001452 15111 15111
2 86.0 534.0 -0.000109 0.000192 15127 15127
2 86.0 534.0 -1.4e-05 2.5e-05 15143 15144
2 86.0 534.0 -1e-06 2e-06 15159 15160
2 86.0 534.0 0.002422 0.002358 15175 15176
2 88.0 534.0 0.004111 0.004003 15191 15192
2 88.0 534.0 0.006329 0.002597 15208 15208
2 88.0 534.0 0.006485 -0.006781 15223 15223
2 88.0 534.0 0.007523 -0.002979 15239 15240
2 88.0 534.0 0.008763 -0.002704 15255 15256
2 88.0 534.0 0.005561 -0.002483 15271 15272
2 88.0 534.0 0.006152 -0.00136 15287 15288
2 88.0 534.0 0.006485 -0.005002 15303 15304
2 88.0 536.0 0.005626 0.000322 15320 15320
2 88.0 536.0 0.006831 -0.000331 15336 15336
2 90.0 536.0 0.005558 -0.00632 15353 15353
2 90.0 536.0 0.003165 0.001505 15368 15368
2 90.0 536.0 0.0045 0.001072 15384 15385
2 90.0 536.0 0.002554 -0.00609 15400 15401
2 90.0 536.0 0.000338 -0.000806 15416 15417
2 90.0 536.0 0.003156 0.002939 15432 15433
2 90.0 536.0 -0.000322 -0.000326 15448 15449
2 90.0 536.0 -4.3e-05 -4.3e-05 15465 15465
2 90.0 536.0 -6e-06 -6e-06 15481 15481
2 90.0 536.0 -1e-06 -1e-06 15496 15496
2 90.0 536.0 -0.0 -0.0 15512 15512
2 90.0 536.0 -0.0 -0.0 15528 15529
2 90.0 536.0 -0.0 -0.0 15544 15545
2 90.0 536.0 -0.0 -0.0 15561 15561
2 90.0 536.0 -0.0 -0.0 15577 15577
2 90.0 536.0 -0.0 -0.0 15593 15593
2 90.0 536.0 -0.0 -0.0 15609 15610
2 90.0 536.0 -0.0 -0.0 15625 15626
2 90.0 536.0 -0.0 -0.0 15641 15642
2 90.0 536.0 -0.0 -0.0 15657 15658
2 90.0 536.0 -0.0 -0.0 15673 15674
2 90.0 536.0 -0.0 -0.0 15689 15690
2 90.0 536.0 -0.0 -0.0 15706 15706
2 90.0 536.0 -0.0 -0.0 15722 15722
2 90.0 536.0 -0.0 -0.0 15738 15739
2 90.0 536.0 -0.0 -0.0 15755 15755
2 90.0 536.0 -0.0 -0.0 15770 15771
2 90.0 536.0 0.003365 -0.000283 15786 15787
2 90.0 536.0 0.005137 -0.003527 15802 15803
2 90.0 536.0 0.001561 5e-06 15819 15819
2 90.0 536.0 0.006296 0.000564 15835 15835
2 90.0 536.0 0.004107 -0.005697 15851 15851
2 90.0 536.0 0.002278 0.00184 15867 15867
2 90.0 536.0 0.004065 0.003002 15883 15884
2 90.0 536.0 0.00092 -0.003319 15899 15900
2 90.0 536.0 0.001171 0.000589 15915 15916
7 90.0 536.0 0.000155 7.8e-05 15931 15932
7 90.0 536.0 0.002064 -0.000735 15948 15954
7 90.0 536.0 0.000273 -9.7e-05 15964 15970
