7 496.0 486.0 -0.0 0.0 5502 5508
7 496.0 486.0 -0.0 0.0 5518 5525
7 496.0 486.0 -0.0 0.0 5534 5540
7 496.0 486.0 -0.0 0.0 5550 5557
7 496.0 486.0 -0.0 0.0 5566 5572
7 496.0 486.0 -0.0 0.0 5583 5590
7 496.0 486.0 -0.0 0.0 5599 5605
7 496.0 486.0 -0.0 0.0 5615 5622
7 496.0 486.0 -0.0 0.0 5631 5638
7 496.0 486.0 -0.0 0.0 5647 5653
7 496.0 486.0 -0.0 0.0 5663 5670
7 496.0 486.0 -0.0 0.0 5679 5686
7 496.0 486.0 -0.0 0.0 5695 5701
7 496.0 486.0 -0.0 0.0 5711 5717
7 496.0 486.0 -0.0 0.0 5727 5734
7 496.0 486.0 -0.0 0.0 5743 5750
7 496.0 486.0 -0.0 0.0 5760 5766
7 496.0 486.0 -0.0 0.0 5776 5782
7 496.0 486.0 -0.0 0.0 5793 5799
7 496.0 486.0 -0.0 0.0 5808 5815
7 496.0 486.0 -0.0 0.0 5825 5831
7 496.0 486.0 -0.0 0.0 5841 5848
7 496.0 486.0 -0.0 0.0 5857 5863
7 496.0 486.0 -0.0 0.0 5874 5880
7 496.0 486.0 -0.0 0.0 5890 5897
7 496.0 486.0 -0.0 0.0 5906 5912
7 496.0 486.0 -0.0 0.0 5922 5929
7 496.0 486.0 -0.0 0.0 5938 5944
7 496.0 486.0 -0.0 0.0 5954 5961
7 496.0 486.0 -0.0 0.0 5970 5976
7 496.0 486.0 -0.0 0.0 5987 5993
7 496.0 486.0 -0.0 0.0 6001 6008
7 496.0 486.0 -0.0 0.0 6017 6023
7 496.0 486.0 -0.0 0.0 6033 6040
7 496.0 486.0 -0.0 0.0 6049 6055
7 496.0 486.0 -0.0 0.0 6065 6072
7 496.0 486.0 -0.0 0.0 6081 6087
7 496.0 486.0 -0.0 0.0 6097 6104
7 496.0 486.0 -0.0 0.0 6114 6120
7 496.0 486.0 -0.0 0.0 6129 6136
7 496.0 486.0 -0.0 0.0 6145 6151
7 496.0 486.0 -0.0 0.0 6162 6168
7 496.0 486.0 -0.0 0.0 6177 6184
7 496.0 486.0 -0.0 0.0 6193 6200
7 496.0 486.0 -0.0 0.0 6209 6215
7 496.0 486.0 -0.0 0.0 6226 6232
7 496.0 486.0 -0.0 0.0 6241 6248
7 496.0 486.0 -0.0 0.0 6257 6263
7 496.0 486.0 -0.0 0.0 6273 6280
7 496.0 486.0 -0.0 0.0 6289 6295
7 496.0 486.0 -0.0 0.0 6305 6311
7 496.0 486.0 -0.0 0.0 6322 6328
7 496.0 486.0 -0.0 0.0 6338 6344
7 496.0 486.0 -0.0 0.0 6354 6360
7 496.0 486.0 -0.0 0.0 6369 6376
7 496.0 486.0 -0.0 0.0 6385 6393
7 496.0 486.0 -0.0 0.0 6404 6411
7 496.0 486.0 -0.0 0.0 6420 6427
7 496.0 486.0 -0.0 0.0 6436 6443
7 496.0 486.0 -0.0 0.0 6452 6458
7 496.0 486.0 -0.0 0.0 6468 6474
7 496.0 486.0 -0.0 0.0 6484 6491
7 496.0 486.0 -0.0 0.0 6500 6506
7 496.0 486.0 -0.0 0.0 6517 6523
7 496.0 486.0 -0.0 0.0 6532 6538
7 496.0 486.0 -0.0 0.0 6548 6554
7 496.0 486.0 -0.0 0.0 6564 6571
7 496.0 486.0 -0.0 0.0 6580 6587
7 496.0 486.0 -0.0 0.0 6597 6603
7 496.0 486.0 -0.0 0.0 6612 6619
7 496.0 486.0 -0.0 0.0 6628 6635
7 496.0 486.0 -0.0 0.0 6644 6650
7 496.0 486.0 -0.0 0.0 6660 6667
7 496.0 486.0 -0.0 0.0 6676 6682
7 496.0 486.0 -0.0 0.0 6692 6698
7 496.0 486.0 -0.0 0.0 6709 6715
7 496.0 486.0 -0.0 0.0 6724 6731
7 496.0 486.0 -0.0 0.0 6740 6746
7 496.0 486.0 -0.0 0.0 6757 6763
7 496.0 486.0 -0.0 0.0 6773 6779
7 496.0 486.0 -0.0 0.0 6788 6794
7 496.0 486.0 -0.0 0.0 6804 6811
7 496.0 486.0 -0.0 0.0 6820 6827
7 496.0 486.0 -0.0 0.0 6836 6842
7 496.0 486.0 -0.0 0.0 6852 6859
7 496.0 486.0 -0.0 0.0 6868 6874
7 496.0 486.0 -0.0 0.0 6884 6890
7 496.0 486.0 -0.0 0.0 6901 6907
7 496.0 486.0 -0.0 0.0 6917 6923
7 496.0 486.0 -0.0 0.0 6934 6940
7 496.0 486.0 -0.0 0.0 6949 6955
7 496.0 486.0 -0.0 0.0 6965 6972
7 496.0 486.0 -0.0 0.0 6981 6987
7 496.0 486.0 -0.0 0.0 6998 7003
7 496.0 486.0 -0.0 0.0 7013 7020
7 496.0 486.0 -0.0 0.0 7029 7035
7 496.0 486.0 -0.0 0.0 7045 7051
7 496.0 486.0 -0.0 0.0 7061 7067
7 496.0 486.0 -0.0 0.0 7077 7084
7 496.0 486.0 -0.0 0.0 7093 7099
7 496.0 486.0 -0.0 0.0 7109 7116
7 496.0 486.0 -0.0 0.0 7125 7132
7 496.0 486.0 -0.0 0.0 7141 7147
7 496.0 486.0 -0.0 0.0 7158 7164
7 496.0 486.0 -0.0 0.0 7173 7179
7 496.0 486.0 -0.0 0.0 7189 7196
7 496.0 486.0 -0.0 0.0 7205 7211
7 496.0 486.0 -0.0 0.0 7221 7228
7 496.0 486.0 -0.0 0.0 7237 7244
7 496.0 486.0 -0.0 0.0 7253 7259
7 496.0 486.0 -0.0 0.0 7269 7276
7 496.0 486.0 -0.0 0.0 7285 7292
7 496.0 486.0 -0.0 0.0 7302 7308
7 496.0 486.0 -0.0 0.0 7317 7324
7 496.0 486.0 -0.0 0.0 7333 7340
7 496.0 486.0 -0.0 0.0 7350 7356
7 496.0 486.0 -0.0 0.0 7366 7373
7 496.0 486.0 -0.0 0.0 7382 7388
7 496.0 486.0 -0.0 0.0 7398 7405
7 496.0 486.0 -0.0 0.0 7414 7421
7 496.0 486.0 -0.0 0.0 7430 7436
7 496.0 486.0 -0.0 0.0 7446 7453
7 496.0 486.0 -0.006755 0.002753 7462 7469
7 496.0 486.0 -0.004875 -0.003738 7479 7485
7 496.0 486.0 -0.007585 0.001168 7495 7502
7 496.0 486.0 -0.006055 -0.001162 7512 7518
7 494.0 486.0 -0.010279 -0.003307 7529 7535
7 494.0 486.0 -0.011543 0.001924 7544 7551
7 494.0 486.0 -0.012348 -0.002296 7560 7566
7 494.0 486.0 -0.014208 0.000639 7576 7584
7 494.0 486.0 -0.017805 0.000656 7592 7598
7 492.0 486.0 -0.016214 -0.002546 7608 7615
7 492.0 486.0 -0.019729 0.001132 7624 7631
9 492.0 486.0 -0.024176 0.001425 7640 7649
9 490.0 486.0 -0.01949 -0.005592 7657 7664
9 490.0 486.0 -0.022104 0.000835 7673 7680
9 488.0 486.0 -0.028701 0.002184 7689 7695
9 488.0 486.0 -0.029486 -0.00069 7706 7712
9 488.0 486.0 -0.029019 0.000215 7721 7728
9 486.0 486.0 -0.032383 0.001794 7737 7744
9 484.0 486.0 -0.035389 -0.00344 7753 7759
9 484.0 486.0 -0.037676 0.003243 7769 7776
9 482.0 486.0 -0.040917 0.001485 7785 7792
9 482.0 486.0 -0.04215 -0.000826 7801 7808
9 480.0 486.0 -0.045515 0.002519 7818 7824
9 478.0 486.0 -0.045404 -0.000666 7833 7839
9 476.0 486.0 -0.047128 -0.000579 7850 7856
9 474.0 484.0 -0.05588 0.005577 7866 7873
9 474.0 486.0 -0.051345 -0.005411 7882 7889
9 472.0 484.0 -0.05431 0.000979 7898 7904
9 470.0 486.0 -0.056705 -0.001641 7915 7921
9 468.0 486.0 -0.055994 -0.004216 7930 7937
9 466.0 486.0 -0.054774 -0.004366 7946 7952
9 464.0 486.0 -0.055671 -0.007622 7962 7968
9 462.0 486.0 -0.055265 -0.011699 7978 7985
9 460.0 486.0 -0.053756 -0.009858 7994 8000
9 458.0 486.0 -0.05289 -0.014739 8010 8017
9 458.0 488.0 -0.057094 -0.010936 8026 8033
9 454.0 488.0 -0.05887 -0.008424 8042 8049
9 452.0 488.0 -0.062159 -0.005561 8058 8065
9 452.0 488.0 -0.062946 -0.006095 8074 8080
9 450.0 488.0 -0.067464 0.001679 8090 8096
9 448.0 488.0 -0.069527 -0.001305 8107 8113
9 444.0 488.0 -0.067541 0.002309 8122 8129
9 442.0 488.0 -0.071399 0.004115 8138 8144
9 440.0 488.0 -0.070108 -0.005139 8155 8161
9 438.0 488.0 -0.071936 0.002944 8172 8178
9 434.0 488.0 -0.074326 0.000622 8187 8194
9 432.0 488.0 -0.07358 -0.006416 8203 8209
9 430.0 488.0 -0.073995 0.001003 8219 8225
9 428.0 488.0 -0.071458 -0.000977 8235 8242
9 426.0 488.0 -0.06878 -0.002034 8251 8258
9 424.0 488.0 -0.063896 -0.00234 8267 8274
9 422.0 488.0 -0.062186 0.000368 8283 8289
9 420.0 488.0 -0.061493 -0.002925 8299 8305
9 418.0 488.0 -0.058786 0.001216 8316 8322
9 416.0 488.0 -0.053255 -0.001331 8333 8339
9 414.0 488.0 -0.055751 -0.001394 8348 8355
9 412.0 488.0 -0.057253 0.00202 8364 8371
9 412.0 488.0 -0.053459 -0.004678 8380 8386
9 410.0 488.0 -0.055666 0.000265 8396 8402
9 408.0 488.0 -0.057126 0.0043 8413 8419
9 406.0 488.0 -0.056223 -0.001537 8428 8435
9 404.0 488.0 -0.053485 0.002018 8444 8450
9 402.0 488.0 -0.056492 0.003991 8460 8468
9 400.0 488.0 -0.05276 0.000106 8476 8483
9 398.0 488.0 -0.051616 0.005533 8492 8499
9 396.0 488.0 -0.050297 0.003049 8509 8516
9 396.0 488.0 -0.049386 0.000918 8524 8531
9 394.0 488.0 -0.045929 0.003983 8541 8547
9 392.0 488.0 -0.046982 0.004118 8556 8563
9 392.0 488.0 -0.041882 0.000869 8572 8579
9 390.0 488.0 -0.039235 -0.001015 8588 8595
9 388.0 488.0 -0.039172 0.001067 8604 8610
9 388.0 488.0 -0.034427 -0.000319 8621 8627
9 386.0 488.0 -0.032921 0.000189 8637 8643
9 386.0 488.0 -0.02975 0.000889 8653 8659
9 384.0 488.0 -0.029092 0.001342 8670 8676
9 384.0 488.0 -0.028549 0.000973 8685 8692
9 384.0 488.0 -0.021714 -0.005558 8701 8708
9 382.0 488.0 -0.022538 0.006397 8717 8724
9 382.0 488.0 -0.023674 0.005837 8733 8739
9 382.0 488.0 -0.019228 -0.003617 8749 8758
9 380.0 488.0 -0.01595 0.004187 8766 8775
9 380.0 486.0 -0.01937 0.005653 8783 8792
9 380.0 486.0 -0.015845 -0.000108 8800 8809
9 378.0 486.0 -0.014593 0.003699 8817 8826
9 378.0 486.0 -0.009944 -0.002587 8834 8843
9 378.0 486.0 -0.009738 0.001946 8851 8860
9 378.0 486.0 -0.009234 0.000698 8868 8877
9 378.0 486.0 -0.00359 -0.008719 8885 8894
9 378.0 486.0 -0.00329 0.00143 8903 8911
9 378.0 488.0 -0.000863 -0.001226 8920 8929
9 378.0 488.0 -0.000756 -0.001484 8937 8946
9 378.0 488.0 -5.1e-05 -0.0001 8954 8963
9 378.0 488.0 -0.000648 -0.001335 8972 8980
9 378.0 488.0 -4.4e-05 -9e-05 8989 8997
9 378.0 488.0 -6e-06 -1.2e-05 9006 9014
9 378.0 488.0 -0.0 -1e-06 9023 9032
9 378.0 488.0 -0.0 -0.0 9040 9049
9 378.0 488.0 -7.1e-05 0.001137 9057 9066
9 378.0 488.0 0.002551 0.002599 9074 9083
9 378.0 488.0 0.000121 -0.000103 9092 9101
9 378.0 488.0 8e-06 -7e-06 9109 9118
9 378.0 488.0 1e-06 -1e-06 9126 9135
9 378.0 488.0 0.0 -0.0 9143 9152
9 378.0 488.0 0.0 -0.0 9161 9169
9 378.0 488.0 -0.006658 -0.001062 9177 9186
9 378.0 488.0 -0.009079 -0.000102 9195 9204
9 376.0 488.0 -0.010439 -0.00083 9212 9221
9 376.0 488.0 -0.015683 0.003493 9229 9238
9 376.0 488.0 -0.014326 -0.002215 9246 9255
9 376.0 486.0 -0.016315 0.001378 9263 9272
9 374.0 486.0 -0.023667 0.003598 9280 9289
9 374.0 488.0 -0.022223 -0.003718 9297 9304
9 372.0 486.0 -0.024667 0.002506 9313 9319
9 372.0 486.0 -0.02969 0.002087 9329 9335
9 372.0 486.0 -0.030568 -0.005626 9346 9352
9 370.0 486.0 -0.03135 0.000715 9362 9368
9 368.0 488.0 -0.034056 -0.002239 9377 9384
9 368.0 488.0 -0.036563 -0.002862 9393 9400
9 366.0 488.0 -0.03885 -0.00122 9409 9415
9 366.0 488.0 -0.040781 -0.003391 9425 9431
9 364.0 488.0 -0.043975 -0.002072 9441 9448
9 362.0 488.0 -0.048045 -0.002253 9457 9464
9 360.0 488.0 -0.046749 -0.007905 9473 9479
9 360.0 488.0 -0.052184 -0.007499 9489 9496
9 358.0 488.0 -0.059243 -0.004667 9505 9512
9 356.0 488.0 -0.057047 -0.014136 9521 9528
9 354.0 488.0 -0.058846 -0.008728 9537 9544
9 352.0 490.0 -0.066046 -0.007839 9553 9560
9 350.0 490.0 -0.066132 -0.016426 9569 9575
9 348.0 490.0 -0.069786 -0.010989 9585 9591
9 344.0 490.0 -0.077376 -0.011217 9601 9608
9 342.0 490.0 -0.07661 -0.012043 9617 9623
9 340.0 490.0 -0.081686 -0.008447 9633 9639
9 336.0 492.0 -0.086394 -0.009995 9650 9656
9 334.0 492.0 -0.086966 -0.012352 9665 9672
9 332.0 492.0 -0.08961 -0.013535 9681 9688
9 328.0 492.0 -0.093007 -0.015501 9697 9704
9 326.0 492.0 -0.097124 -0.013196 9713 9719
9 322.0 494.0 -0.095484 -0.014833 9730 9736
9 318.0 494.0 -0.096515 -0.016126 9747 9753
9 316.0 494.0 -0.096771 -0.01409 9762 9769
9 312.0 494.0 -0.099782 -0.014902 9778 9785
9 310.0 496.0 -0.099107 -0.016319 9794 9800
9 306.0 496.0 -0.098246 -0.016003 9810 9816
9 304.0 496.0 -0.102428 -0.016681 9827 9833
9 300.0 496.0 -0.097734 -0.019336 9842 9849
9 298.0 498.0 -0.098928 -0.018712 9858 9864
9 294.0 498.0 -0.100953 -0.017579 9874 9880
9 290.0 498.0 -0.099579 -0.022547 9891 9897
9 288.0 500.0 -0.099018 -0.022234 9906 9913
9 284.0 500.0 -0.102327 -0.019771 9922 9929
9 282.0 500.0 -0.098957 -0.02692 9938 9944
9 278.0 502.0 -0.099338 -0.025104 9955 9961
9 274.0 502.0 -0.099827 -0.025024 9970 9977
9 272.0 504.0 -0.092997 -0.030305 9986 9993
9 268.0 504.0 -0.095884 -0.027729 10001 10008
9 264.0 506.0 -0.091795 -0.031363 10017 10024
9 262.0 506.0 -0.088516 -0.031832 10033 10039
9 260.0 508.0 -0.085545 -0.027669 10050 10056
9 258.0 508.0 -0.079323 -0.031287 10065 10072
9 254.0 508.0 -0.080739 -0.022554 10081 10087
9 252.0 510.0 -0.074814 -0.022165 10097 10103
9 250.0 510.0 -0.068676 -0.025028 10114 10120
9 248.0 512.0 -0.061976 -0.017935 10130 10137
9 246.0 512.0 -0.059879 -0.014898 10146 10153
9 244.0 512.0 -0.056414 -0.01743 10162 10168
9 242.0 512.0 -0.048368 -0.011186 10178 10184
9 242.0 512.0 -0.047063 -0.006736 10194 10201
9 240.0 514.0 -0.038855 -0.011455 10210 10217
9 238.0 514.0 -0.033744 -0.002619 10226 10232
9 238.0 514.0 -0.030427 -0.001998 10242 10248
9 236.0 514.0 -0.026467 -0.004654 10259 10265
9 236.0 514.0 -0.020475 -0.001627 10274 10281
9 236.0 514.0 -0.014806 -0.003514 10290 10299
9 236.0 514.0 -0.010005 0.002322 10307 10316
9 236.0 514.0 -0.005156 0.004206 10324 10333
9 236.0 514.0 0.000732 -0.003921 10341 10350
9 236.0 514.0 4.9e-05 -0.000264 10358 10367
9 236.0 514.0 7e-06 -3.5e-05 10375 10384
9 236.0 514.0 1e-06 -5e-06 10392 10401
9 236.0 514.0 0.007094 0.001351 10409 10418
9 236.0 514.0 0.00994 0.000787 10426 10435
9 236.0 514.0 0.011148 -0.001003 10443 10452
9 236.0 514.0 0.014495 -0.00134 10460 10469
9 238.0 514.0 0.013159 0.006715 10477 10486
9 238.0 514.0 0.011287 -0.000889 10495 10503
9 238.0 514.0 0.013829 -0.001151 10512 10521
9 238.0 512.0 0.011147 0.005616 10529 10538
9 238.0 512.0 0.010663 0.002434 10548 10557
9 238.0 512.0 0.005223 0.009947 10566 10575
9 240.0 512.0 0.003625 0.003599 10584 10594
9 240.0 512.0 0.002492 0.003412 10603 10612
9 240.0 512.0 -7.1e-05 -0.000107 10623 10633
9 240.0 512.0 -0.003314 0.003925 10641 10650
9 240.0 512.0 -0.004658 0.006596 10658 10667
9 238.0 512.0 -0.008511 0.012264 10675 10684
9 238.0 510.0 -0.017626 0.011948 10693 10701
9 238.0 510.0 -0.021563 0.00148 10710 10719
9 236.0 510.0 -0.023086 0.006396 10727 10734
9 236.0 510.0 -0.027643 0.005353 10743 10749
9 234.0 510.0 -0.029059 0.00081 10760 10766
9 234.0 510.0 -0.036306 0.011526 10776 10783
9 232.0 510.0 -0.033361 0.003842 10792 10799
9 232.0 510.0 -0.037371 0.005217 10808 10815
9 230.0 510.0 -0.041177 0.009511 10824 10830
9 228.0 510.0 -0.03907 0.002207 10841 10847
9 228.0 510.0 -0.04041 0.005269 10857 10864
9 226.0 508.0 -0.047587 0.008855 10873 10880
9 224.0 508.0 -0.044936 0.001579 10889 10896
9 224.0 508.0 -0.046213 0.011156 10905 10911
9 222.0 508.0 -0.049874 0.005569 10921 10927
9 220.0 508.0 -0.050985 0.003221 10937 10944
9 218.0 508.0 -0.050138 0.007299 10953 10959
9 216.0 508.0 -0.051188 0.010498 10969 10975
9 216.0 508.0 -0.051118 0.006933 10986 10992
9 214.0 508.0 -0.051371 0.007432 11001 11007
9 212.0 508.0 -0.052554 0.009216 11017 11024
9 210.0 506.0 -0.055254 0.006024 11033 11039
9 208.0 506.0 -0.053886 0.012198 11049 11055
9 206.0 506.0 -0.055563 0.006567 11066 11072
9 204.0 506.0 -0.052991 0.012557 11081 11088
9 202.0 506.0 -0.055319 0.010972 11097 11104
9 200.0 506.0 -0.055858 0.009579 11113 11119
9 200.0 504.0 -0.053319 0.00865 11129 11135
9 198.0 504.0 -0.055404 0.012489 11145 11152
9 196.0 504.0 -0.053962 0.006201 11161 11168
9 194.0 504.0 -0.054516 0.01166 11177 11183
9 192.0 504.0 -0.05762 0.014666 11194 11200
9 190.0 504.0 -0.055526 0.006127 11209 11216
9 188.0 502.0 -0.058879 0.01002 11225 11232
9 186.0 502.0 -0.06133 0.013787 11241 11248
9 184.0 502.0 -0.061119 0.005899 11257 11264
9 182.0 502.0 -0.058903 0.011699 11273 11279
9 180.0 502.0 -0.062081 0.011261 11289 11295
9 180.0 502.0 -0.058189 0.010656 11306 11312
9 178.0 500.0 -0.056199 0.011465 11321 11328
9 176.0 500.0 -0.056809 0.009641 11337 11343
9 174.0 500.0 -0.055954 0.010511 11353 11359
9 172.0 500.0 -0.054337 0.013565 11369 11376
9 170.0 500.0 -0.05156 0.009746 11385 11392
9 168.0 500.0 -0.051494 0.013317 11401 11408
9 168.0 498.0 -0.051121 0.014277 11417 11423
9 166.0 498.0 -0.051576 0.010933 11433 11439
9 164.0 498.0 -0.048221 0.013657 11449 11456
9 162.0 498.0 -0.050932 0.015628 11465 11472
9 160.0 496.0 -0.047681 0.011911 11481 11488
9 160.0 496.0 -0.045144 0.015974 11497 11504
9 158.0 496.0 -0.047994 0.015715 11513 11520
9 156.0 496.0 -0.046818 0.00872 11529 11535
9 154.0 496.0 -0.04615 0.012333 11545 11551
9 154.0 494.0 -0.047145 0.0148 11562 11568
9 152.0 494.0 -0.048064 0.011011 11577 11585
9 150.0 494.0 -0.047191 0.011728 11593 11599
9 148.0 494.0 -0.048686 0.010972 11609 11615
9 148.0 494.0 -0.048401 0.00469 11625 11631
9 146.0 494.0 -0.04939 0.01012 11642 11648
9 144.0 494.0 -0.04952 0.006472 11657 11664
9 142.0 494.0 -0.047244 0.001957 11673 11679
9 140.0 492.0 -0.04891 0.004915 11689 11695
9 140.0 492.0 -0.048785 0.001962 11705 11712
9 138.0 492.0 -0.047664 -0.000723 11721 11728
9 136.0 492.0 -0.048989 0.002844 11737 11744
9 134.0 492.0 -0.046828 -0.00626 11753 11759
9 134.0 494.0 -0.046604 -0.003697 11770 11776
9 132.0 494.0 -0.048538 0.001074 11785 11792
9 130.0 494.0 -0.046852 -0.004728 11801 11808
9 128.0 494.0 -0.041207 0.000923 11817 11824
9 128.0 494.0 -0.04494 -0.000517 11833 11839
9 126.0 494.0 -0.040267 -0.006193 11850 11856
9 124.0 494.0 -0.036157 0.000834 11865 11872
9 124.0 494.0 -0.036441 -0.0012 11881 11888
9 122.0 494.0 -0.034309 -0.004576 11897 11903
9 122.0 494.0 -0.033422 0.000464 11914 11920
9 120.0 494.0 -0.03074 0.000265 11930 11937
9 120.0 494.0 -0.028415 -0.003293 11946 11952
9 118.0 494.0 -0.028294 0.002811 11962 11969
9 118.0 494.0 -0.022942 -0.00275 11978 11984
9 118.0 494.0 -0.020283 -0.000506 11994 12000
9 116.0 494.0 -0.022214 0.002057 12010 12017
9 116.0 494.0 -0.01728 -0.006906 12026 12033
2 116.0 494.0 -0.013344 0.000144 12042 12047
2 116.0 494.0 -0.013833 -7.7e-05 12059 12059
2 116.0 494.0 -0.009361 -0.002518 12074 12075
2 114.0 494.0 -0.005922 -0.002122 12090 12091
2 114.0 494.0 -0.008271 1.2e-05 12107 12107
2 114.0 494.0 -0.005677 -0.007733 12123 12123
2 114.0 494.0 -0.002366 0.000926 12139 12140
2 114.0 494.0 -0.00259 0.000495 12155 12156
2 114.0 494.0 -0.002128 -0.002583 12172 12172
2 114.0 494.0 -0.000281 -0.000342 12188 12189
2 114.0 494.0 -3.7e-05 -4.5e-05 12204 12205
2 114.0 494.0 -5e-06 -6e-06 12220 12221
2 114.0 494.0 -0.0 -0.0 12237 12237
2 114.0 494.0 -0.0 -0.0 12252 12252
2 114.0 494.0 -0.0 -0.0 12268 12269
2 114.0 494.0 -0.0 -0.0 12284 12285
2 114.0 494.0 0.004402 0.002904 12301 12301
2 114.0 494.0 0.002219 -0.002468 12316 12316
2 114.0 494.0 0.004509 -0.002295 12332 12333
2 114.0 494.0 0.00418 0.001677 12348 12349
2 114.0 494.0 0.003495 -0.001244 12365 12365
2 114.0 494.0 0.004972 -0.003632 12380 12381
2 116.0 494.0 0.003617 0.002352 12396 12397
2 116.0 494.0 0.000804 -0.003045 12412 12413
2 116.0 494.0 0.004323 -0.002369 12429 12429
2 116.0 494.0 -0.000377 0.001399 12445 12445
2 116.0 494.0 0.000979 -0.001664 12461 12462
2 116.0 494.0 0.003356 -0.002303 12477 12478
2 116.0 494.0 0.002386 -0.000934 12493 12494
2 116.0 494.0 -2e-05 -0.000489 12509 12510
2 116.0 494.0 -1e-06 -3.3e-05 12526 12526
2 116.0 494.0 -0.0 -4e-06 12542 12543
2 116.0 494.0 -0.0 -1e-06 12558 12559
2 116.0 494.0 -0.0 -0.0 12575 12575
2 116.0 494.0 -0.0 -0.0 12590 12590
2 116.0 494.0 -0.0 -0.0 12606 12607
2 116.0 494.0 -0.0 -0.0 12623 12623
2 116.0 494.0 -0.0 -0.0 12638 12639
2 116.0 494.0 -0.0 -0.0 12654 12655
2 116.0 494.0 -0.000949 0.001712 12670 12671
2 116.0 494.0 0.000457 -0.00077 12686 12687
2 116.0 494.0 8e-06 -1.3e-05 12720 12721
2 116.0 494.0 1e-06 -2e-06 12736 12737
2 116.0 494.0 0.0 -0.0 12753 12753
2 116.0 494.0 0.0 -0.0 12768 12768
2 116.0 494.0 0.0 -0.0 12784 12785
2 116.0 494.0 0.0 -0.0 12800 12801
2 116.0 494.0 0.0 -0.0 12816 12817
2 116.0 494.0 0.0 -0.0 12833 12833
2 116.0 494.0 0.0 -0.0 12849 12849
2 116.0 494.0 0.0 -0.0 12864 12864
2 116.0 494.0 0.0 -0.0 12880 12881
2 116.0 494.0 0.0 -0.0 12896 12897
2 116.0 494.0 0.0 -0.0 12913 12913
2 116.0 494.0 0.0 -0.0 12928 12928
2 116.0 494.0 0.0 -0.0 12944 12945
7 116.0 494.0 0.0 -0.0 12960 12961
7 116.0 494.0 0.0 -0.0 12976 12982
7 116.0 494.0 0.0 -0.0 12992 12998
7 116.0 494.0 0.0 -0.0 13009 13014
7 116.0 494.0 0.0 -0.0 13024 13030
7 116.0 494.0 0.0 -0.0 13040 13046
7 116.0 494.0 0.0 -0.0 13056 13062
7 116.0 494.0 0.0 -0.0 13072 13078
7 116.0 494.0 0.0 -0.0 13089 13094
7 116.0 494.0 -0.002564 0.004626 13104 13110
7 116.0 494.0 0.000931 -0.001679 13120 13126
7 116.0 494.0 6.3e-05 -0.000113 13136 13142
7 116.0 494.0 8e-06 -1.5e-05 13152 13158
7 116.0 494.0 1e-06 -2e-06 13169 13174
7 116.0 494.0 -0.000986 0.001779 13186 13191
7 116.0 494.0 -6.6e-05 0.00012 13201 13207
7 116.0 494.0 -9e-06 1.6e-05 13217 13223
7 116.0 494.0 -0.000987 0.001781 13233 13239
7 116.0 494.0 0.000818 -0.001477 13249 13254
7 116.0 494.0 -0.001826 0.003296 13266 13271
7 116.0 494.0 -0.000123 0.000222 13281 13287
7 116.0 494.0 -1.6e-05 2.9e-05 13297 13303
7 116.0 494.0 -2e-06 4e-06 13313 13318
7 116.0 494.0 -0.0 1e-06 13330 13335
7 116.0 494.0 -0.0 0.0 13345 13351
7 116.0 494.0 0.001948 0.002127 13361 13367
7 116.0 494.0 0.004488 0.004902 13377 13383
7 116.0 494.0 0.009011 0.00242 13394 13399
7 116.0 494.0 0.0129 -0.0047 13410 13416
7 116.0 494.0 0.019591 -0.006632 13426 13432
7 118.0 494.0 0.021752 -0.003329 13442 13448
1 118.0 494.0 0.022372 -0.005376 13458 13464
1 120.0 494.0 0.029609 -0.009013 13474 13480
1 120.0 494.0 0.034118 -0.00365 13490 13495
1 122.0 496.0 0.03604 -0.005556 13507 13512
1 122.0 496.0 0.041491 -0.004506 13522 13528
1 124.0 496.0 0.046763 -0.00577 13538 13544
1 126.0 496.0 0.047447 -0.007843 13554 13560
1 128.0 496.0 0.052135 -0.009563 13570 13576
1 130.0 496.0 0.054929 -0.00437 13586 13592
1 130.0 496.0 0.058276 -0.008066 13602 13608
1 132.0 496.0 0.062277 -0.007137 13618 13624
1 136.0 496.0 0.062457 -0.006325 13635 13640
1 138.0 498.0 0.064813 -0.010169 13650 13656
1 140.0 498.0 0.066359 -0.00633 13666 13672
1 142.0 498.0 0.07053 -0.012546 13682 13688
1 144.0 498.0 0.072114 -0.014422 13698 13703
1 146.0 498.0 0.071553 -0.00834 13714 13720
1 148.0 500.0 0.073683 -0.017342 13730 13736
1 150.0 500.0 0.079349 -0.015051 13746 13752
1 154.0 500.0 0.077944 -0.008882 13762 13768
1 156.0 500.0 0.079652 -0.014916 13778 13784
1 158.0 500.0 0.081148 -0.014049 13794 13800
1 162.0 502.0 0.081158 -0.008097 13810 13816
1 164.0 502.0 0.085251 -0.014012 13827 13833
1 166.0 502.0 0.087842 -0.010805 13844 13849
1 170.0 502.0 0.086627 -0.010309 13859 13865
1 172.0 502.0 0.089385 -0.010522 13875 13881
1 176.0 502.0 0.092258 -0.009252 13891 13897
1 178.0 504.0 0.092595 -0.012152 13907 13913
1 180.0 504.0 0.096128 -0.013649 13923 13929
1 184.0 504.0 0.095505 -0.00594 13939 13945
1 188.0 504.0 0.097515 -0.013128 13956 13961
1 190.0 504.0 0.098831 -0.010438 13971 13977
1 194.0 504.0 0.10155 -0.009659 13987 13993
1 196.0 506.0 0.101856 -0.013333 14002 14008
1 200.0 506.0 0.108512 -0.012152 14018 14024
1 204.0 506.0 0.105854 -0.007087 14034 14040
1 208.0 506.0 0.108101 -0.011001 14050 14055
1 210.0 506.0 0.112525 -0.011186 14067 14072
1 214.0 506.0 0.11329 -0.005935 14082 14088
1 218.0 508.0 0.116053 -0.009852 14098 14104
1 222.0 508.0 0.117376 -0.00655 14114 14119
1 226.0 508.0 0.121483 -0.007653 14131 14136
1 230.0 508.0 0.120613 -0.00588 14147 14152
1 234.0 508.0 0.122587 -0.00146 14162 14168
1 238.0 508.0 0.123356 -0.002888 14178 14184
1 242.0 508.0 0.125547 -0.005068 14194 14200
1 246.0 508.0 0.12565 -0.000793 14210 14216
1 250.0 508.0 0.125066 -0.004517 14227 14232
1 254.0 508.0 0.127093 0.001649 14243 14249
1 258.0 508.0 0.124915 0.001495 14259 14265
1 262.0 508.0 0.123344 0.001226 14275 14281
1 266.0 508.0 0.126367 -0.000503 14291 14297
1 270.0 508.0 0.124064 0.003071 14307 14313
1 274.0 508.0 0.121878 0.001004 14323 14328
1 278.0 508.0 0.121626 0.002457 14340 14345
1 282.0 508.0 0.118911 0.007904 14357 14362
1 286.0 508.0 0.115786 0.002858 14373 14378
1 290.0 508.0 0.117397 0.003511 14388 14394
1 294.0 508.0 0.114291 0.005916 14404 14410
1 296.0 508.0 0.111564 0.002769 14420 14426
1 300.0 508.0 0.10924 0.007858 14437 14442
1 304.0 508.0 0.108899 0.003163 14452 14458
1 306.0 508.0 0.107955 0.003892 14468 14474
1 312.0 506.0 0.10859 0.003202 14484 14490
1 314.0 506.0 0.104875 0.004511 14500 14505
1 318.0 506.0 0.106855 0.000483 14517 14522
1 320.0 506.0 0.099531 0.005953 14532 14538
1 324.0 506.0 0.100277 0.002568 14548 14554
1 328.0 506.0 0.103746 0.000867 14564 14570
1 330.0 506.0 0.100229 0.006493 14580 14586
1 334.0 506.0 0.101953 -0.002373 14597 14602
1 336.0 506.0 0.102553 0.003186 14612 14618
1 340.0 506.0 0.10302 0.004473 14628 14634
1 344.0 506.0 0.102237 -0.000493 14644 14650
1 348.0 506.0 0.10587 0.000895 14660 14666
1 350.0 506.0 0.105439 0.002378 14676 14682
1 354.0 506.0 0.107799 -0.003428 14692 14698
1 356.0 506.0 0.109325 -0.001264 14708 14714
1 366.0 506.0 0.111997 -0.001561 14724 14730
1 368.0 506.0 0.11365 -0.001742 14762 14768
1 372.0 506.0 0.113897 -0.001514 14778 14784
1 378.0 506.0 0.11845 -0.001616 14794 14801
1 380.0 506.0 0.117056 0.001629 14810 14816
1 384.0 506.0 0.12022 -0.001911 14826 14833
1 388.0 506.0 0.117618 0.004527 14842 14848
1 392.0 506.0 0.120469 0.004115 14858 14864
1 394.0 506.0 0.118625 0.004079 14874 14880
1 400.0 506.0 0.11835 0.004461 14890 14896
1 402.0 506.0 0.114591 0.010158 14906 14912
1 406.0 506.0 0.116447 0.005519 14922 14928
1 410.0 506.0 0.110204 0.012614 14938 14944
1 414.0 506.0 0.109486 0.008443 14955 14961
1 418.0 506.0 0.108102 0.008867 14972 14978
1 420.0 504.0 0.103719 0.010316 14988 14995
1 424.0 504.0 0.098175 0.008816 15004 15011
1 428.0 504.0 0.097194 0.007952 15021 15027
1 430.0 504.0 0.092523 0.013848 15037 15043
1 434.0 504.0 0.090264 0.008054 15053 15059
1 436.0 504.0 0.088564 0.008888 15069 15075
1 440.0 502.0 0.083769 0.00814 15086 15091
1 442.0 502.0 0.082981 0.004686 15102 15107
1 444.0 502.0 0.080162 0.004411 15117 15123
1 446.0 502.0 0.072852 0.004013 15133 15139
1 450.0 502.0 0.075317 0.001147 15149 15155
1 452.0 502.0 0.070215 0.003811 15165 15171
1 454.0 502.0 0.065803 -1.5e-05 15182 15187
1 456.0 502.0 0.067784 -0.003676 15199 15204
1 458.0 502.0 0.063459 0.004201 15214 15220
1 460.0 502.0 0.061812 -0.005426 15230 15236
1 462.0 502.0 0.062732 -0.004614 15246 15252
1 464.0 502.0 0.057665 8.1e-05 15262 15268
1 464.0 502.0 0.057011 -0.004233 15278 15284
1 468.0 502.0 0.054296 0.000321 15294 15300
1 468.0 502.0 0.053428 0.004634 15311 15316
1 470.0 502.0 0.05213 0.002214 15327 15333
1 472.0 502.0 0.051037 0.001459 15343 15349
1 474.0 502.0 0.044953 0.008409 15359 15365
1 476.0 502.0 0.046522 0.005178 15375 15381
1 476.0 502.0 0.046719 0.004804 15391 15397
1 478.0 502.0 0.04252 0.007375 15408 15413
1 478.0 502.0 0.043718 0.009344 15423 15429
1 480.0 500.0 0.039707 0.012448 15439 15445
2 482.0 500.0 0.035659 0.010737 15455 15461
2 482.0 500.0 0.037837 0.009101 15471 15472
2 484.0 500.0 0.031202 0.013026 15487 15488
2 484.0 500.0 0.028658 0.012777 15503 15504
2 486.0 500.0 0.027101 0.009546 15519 15520
2 486.0 500.0 0.024967 0.010957 15535 15536
2 486.0 498.0 0.020699 0.00947 15551 15552
2 488.0 498.0 0.021858 0.005157 15568 15568
2 488.0 498.0 0.013805 0.014162 15585 15586
2 488.0 498.0 0.012471 0.005879 15601 15602
2 488.0 498.0 0.013482 0.004396 15618 15618
2 490.0 498.0 0.008519 0.008267 15633 15634
2 490.0 498.0 0.005851 0.003314 15649 15650
2 490.0 498.0 0.007908 -0.001412 15665 15665
2 490.0 498.0 0.004628 0.004347 15681 15682
2 490.0 498.0 0.0008 0.001621 15697 15698
2 490.0 498.0 0.000106 0.000214 15713 15713
2 490.0 498.0 1.4e-05 2.8e-05 15729 15730
2 490.0 498.0 2e-06 4e-06 15745 15746
2 490.0 496.0 -0.005796 0.005491 15762 15762
2 490.0 496.0 -0.003786 0.003588 15778 15778
2 490.0 496.0 -0.009208 0.008732 15794 15795
2 488.0 496.0 -0.004348 0.001706 15810 15811
2 488.0 496.0 -0.00803 0.003021 15826 15827
2 488.0 496.0 -0.011892 0.006706 15843 15843
2 488.0 496.0 -0.007797 -0.001762 15858 15859
2 488.0 496.0 -0.008643 0.003956 15874 15875
2 488.0 496.0 -0.014556 0.006585 15891 15891
2 486.0 496.0 -0.008646 -0.001299 15906 15907
2 486.0 496.0 -0.008611 0.002075 15922 15923
2 486.0 496.0 -0.010553 0.004963 15938 15939
2 486.0 496.0 -0.009203 -0.001079 15954 15954
2 486.0 496.0 -0.005098 0.003561 15970 15971
2 486.0 496.0 -0.009588 0.004692 15986 15987
2 486.0 496.0 -0.005601 0.002863 16001 16002
2 486.0 496.0 -0.00576 0.002749 16018 16018
2 486.0 496.0 -0.004848 0.00364 16033 16033
2 484.0 494.0 -0.003526 0.00324 16049 16050
2 484.0 494.0 -0.003847 0.003662 16065 16066
2 484.0 494.0 -0.000783 0.000748 16082 16082
2 484.0 494.0 -0.0006 0.000573 16098 16098
2 484.0 494.0 -0.003459 0.003311 16114 16115
2 484.0 494.0 0.000516 -0.000494 16130 16131
2 484.0 494.0 3.5e-05 -3.3e-05 16146 16147
2 484.0 494.0 5e-06 -4e-06 16162 16163
2 484.0 494.0 1e-06 -1e-06 16178 16179
2 484.0 494.0 0.001 0.002705 16195 16195
2 484.0 494.0 0.001132 0.003063 16210 16210
2 484.0 494.0 0.001507 0.00408 16226 16227
2 484.0 494.0 0.000524 0.001419 16242 16243
2 484.0 494.0 0.00124 0.003359 16258 16259
2 484.0 494.0 0.001671 0.004529 16275 16275
2 484.0 494.0 0.000221 0.000599 16290 16291
2 484.0 494.0 0.000935 0.002536 16306 16307
2 484.0 494.0 0.000804 0.00218 16323 16323
2 484.0 494.0 0.000106 0.000288 16338 16339
2 484.0 494.0 0.000522 0.001417 16354 16355
2 484.0 494.0 0.001403 0.003807 16370 16371
2 486.0 494.0 0.001004 0.002726 16387 16387
2 486.0 494.0 0.001453 0.003947 16402 16402
2 486.0 494.0 -0.000462 -0.001254 16418 16419
2 486.0 494.0 0.000935 0.002541 16434 16435
2 486.0 494.0 0.001443 0.003923 16451 16451
2 486.0 494.0 0.000424 0.001153 16467 16467
2 486.0 494.0 0.000227 0.000618 16483 16483
2 486.0 494.0 0.002021 0.005496 16499 16500
2 486.0 494.0 -6.9e-05 -0.000187 16515 16516
2 486.0 494.0 8.3e-05 0.000225 16531 16532
7 486.0 494.0 -0.000137 -0.000373 16547 16553
7 486.0 494.0 0.00047 0.001279 16563 16570
7 486.0 492.0 0.000892 0.002428 16579 16587
7 486.0 494.0 -0.000218 -0.000593 16595 16602
7 486.0 494.0 0.000644 0.001754 16611 16618
7 486.0 492.0 0.000592 0.001611 16627 16634
7 486.0 492.0 -9.3e-05 -0.000252 16643 16650
7 486.0 492.0 -1.2e-05 -3.3e-05 16659 16665
7 486.0 492.0 -2e-06 -4e-06 16676 16682
7 486.0 492.0 -0.0 -0.0 16692 16699
7 486.0 492.0 -0.0 -0.0 16708 16714
7 486.0 492.0 -0.0 -0.0 16724 16731
7 486.0 492.0 0.000507 0.001379 16740 16746
7 486.0 492.0 6.7e-05 0.000182 16756 16763
7 486.0 492.0 5e-06 1.2e-05 16772 16778
7 486.0 492.0 0.000507 0.001381 16788 16795
7 486.0 492.0 6.7e-05 0.000183 16804 16810
7 486.0 492.0 0.000363 0.00099 16820 16827
7 486.0 492.0 0.000931 0.002537 16836 16843
7 486.0 492.0 0.000123 0.000336 16853 16860
7 486.0 492.0 3.5e-05 9.6e-05 16869 16876
7 486.0 492.0 0.000663 0.001807 16885 16892
7 486.0 492.0 0.000475 0.002921 16901 16908
7 486.0 492.0 0.000357 -0.000743 16918 16924
7 486.0 492.0 0.003925 -0.000149 16933 16940
7 486.0 492.0 0.000854 0.000894 16949 16955
7 486.0 492.0 -5.8e-05 -0.000347 16966 16972
7 486.0 492.0 -8e-06 -4.6e-05 16981 16988
7 486.0 492.0 -1e-06 -3e-06 16997 17003
7 486.0 492.0 -0.0 -0.0 17013 17019
7 486.0 492.0 -0.0 -0.0 17029 17036
7 486.0 492.0 -0.006263 0.005995 17045 17052
7 484.0 492.0 -0.013877 0.002923 17061 17067
7 484.0 492.0 -0.014876 -0.004835 17077 17084
7 484.0 492.0 -0.01866 8e-06 17093 17099
9 482.0 492.0 -0.025501 -0.001887 17110 17119
9 482.0 492.0 -0.024391 -0.007616 17128 17134
9 482.0 492.0 -0.02966 -9.8e-05 17144 17151
9 480.0 492.0 -0.034446 -0.001306 17160 17167
9 478.0 492.0 -0.04021 -0.004154 17176 17183
9 478.0 492.0 -0.042854 -0.002898 17192 17199
9 476.0 492.0 -0.049431 0.003318 17208 17215
9 474.0 492.0 -0.053271 -0.000281 17224 17230
9 472.0 492.0 -0.059601 0.008102 17240 17246
9 470.0 492.0 -0.065866 0.003251 17256 17262
9 468.0 492.0 -0.07274 0.009606 17272 17279
9 464.0 492.0 -0.081868 0.011351 17288 17295
9 462.0 492.0 -0.086752 0.007392 17304 17310
9 460.0 492.0 -0.09691 0.01629 17321 17327
9 456.0 490.0 -0.101986 0.011308 17337 17343
9 452.0 490.0 -0.107576 0.010256 17353 17360
9 448.0 490.0 -0.114534 0.011133 17369 17376
9 444.0 490.0 -0.120482 0.010507 17385 17392
9 442.0 490.0 -0.125169 0.003554 17401 17407
9 438.0 490.0 -0.130289 0.007687 17417 17423
9 432.0 490.0 -0.136326 0.005341 17434 17440
9 428.0 490.0 -0.139604 -0.000267 17449 17456
9 424.0 490.0 -0.143499 0.000293 17465 17472
9 418.0 490.0 -0.148726 0.003097 17481 17488
9 414.0 490.0 -0.148504 -0.00298 17497 17503
9 408.0 490.0 -0.151234 -0.000185 17513 17519
9 404.0 490.0 -0.153062 -0.002329 17529 17535
9 400.0 490.0 -0.152945 0.000381 17546 17552
9 394.0 490.0 -0.151734 -0.000248 17563 17569
9 388.0 490.0 -0.148448 -0.001477 17578 17586
9 384.0 490.0 -0.149746 0.000837 17594 17601
9 380.0 490.0 -0.147627 0.001011 17610 17616
9 376.0 490.0 -0.147656 0.001147 17626 17632
9 372.0 490.0 -0.145305 0.006614 17642 17648
9 366.0 490.0 -0.146751 0.005713 17659 17665
9 360.0 490.0 -0.143548 0.003377 17674 17681
9 356.0 488.0 -0.144373 0.0092 17690 17696
9 352.0 488.0 -0.144346 0.006842 17706 17712
9 348.0 488.0 -0.143857 0.006535 17723 17729
9 344.0 488.0 -0.144856 0.010478 17738 17745
9 338.0 488.0 -0.14272 0.009299 17754 17761
9 334.0 488.0 -0.14325 0.010627 17770 17776
9 330.0 488.0 -0.144287 0.010777 17787 17793
9 326.0 488.0 -0.141527 0.008062 17802 17809
9 320.0 486.0 -0.141955 0.009188 17818 17825
9 316.0 486.0 -0.14245 0.010371 17834 17841
9 310.0 486.0 -0.142371 0.006406 17850 17856
9 306.0 486.0 -0.141401 0.00796 17866 17872
9 302.0 486.0 -0.140261 0.007431 17883 17889
9 298.0 486.0 -0.138637 0.000486 17898 17905
9 292.0 486.0 -0.136712 0.00286 17914 17921
9 288.0 486.0 -0.136938 0.004187 17930 17936
9 284.0 486.0 -0.136063 -0.001858 17946 17952
9 280.0 486.0 -0.130727 -0.002278 17963 17969
9 276.0 486.0 -0.131993 -0.004253 17979 17985
9 272.0 486.0 -0.126251 -0.00955 17994 18000
9 268.0 486.0 -0.123821 -0.004722 18010 18017
9 264.0 486.0 -0.124656 -0.008813 18026 18033
9 260.0 488.0 -0.120832 -0.010441 18042 18048
9 258.0 488.0 -0.119272 -0.009636 18058 18064
9 252.0 488.0 -0.118413 -0.008002 18074 18081
9 248.0 488.0 -0.113323 -0.016516 18090 18096
9 246.0 488.0 -0.115149 -0.010001 18106 18113
9 242.0 488.0 -0.110622 -0.014315 18122 18128
9 238.0 490.0 -0.108705 -0.013571 18138 18145
9 234.0 490.0 -0.108383 -0.011759 18154 18161
9 232.0 490.0 -0.106725 -0.016324 18170 18176
9 228.0 490.0 -0.104023 -0.010449 18186 18193
9 226.0 492.0 -0.104291 -0.011435 18202 18209
9 222.0 492.0 -0.101268 -0.015317 18218 18224
9 218.0 492.0 -0.099449 -0.011417 18234 18240
9 216.0 492.0 -0.100083 -0.010816 18250 18257
9 212.0 492.0 -0.093593 -0.017806 18266 18273
9 210.0 494.0 -0.093439 -0.010909 18282 18289
9 206.0 494.0 -0.094064 -0.010619 18298 18304
9 204.0 494.0 -0.091174 -0.017636 18315 18321
9 200.0 494.0 -0.088778 -0.008322 18330 18337
9 198.0 494.0 -0.087102 -0.009999 18347 18353
9 196.0 496.0 -0.0878 -0.011214 18362 18369
9 192.0 496.0 -0.084511 -0.005647 18378 18385
9 190.0 496.0 -0.084883 -0.008667 18394 18400
9 186.0 496.0 -0.081583 -0.007131 18410 18417
9 184.0 496.0 -0.083892 -0.004477 18426 18433
9 182.0 496.0 -0.080964 -0.006763 18442 18449
9 178.0 496.0 -0.078005 -0.001687 18459 18465
9 176.0 496.0 -0.077567 -0.002775 18475 18482
9 174.0 496.0 -0.072284 -0.003317 18491 18498
9 172.0 496.0 -0.070898 -0.001202 18507 18513
9 170.0 496.0 -0.0734 0.001904 18524 18530
9 168.0 496.0 -0.068722 -0.001558 18540 18547
9 166.0 496.0 -0.064006 -0.002471 18557 18563
9 164.0 496.0 -0.062993 0.002903 18572 18579
9 162.0 496.0 -0.062949 -0.003273 18588 18595
9 160.0 496.0 -0.058302 0.001605 18604 18611
9 158.0 496.0 -0.059403 0.003291 18620 18627
9 156.0 496.0 -0.056648 -0.005753 18636 18642
9 154.0 496.0 -0.054096 -0.001118 18652 18658
9 152.0 496.0 -0.053725 0.00249 18669 18675
9 150.0 496.0 -0.053179 -0.002289 18684 18691
9 148.0 496.0 -0.048433 0.002651 18700 18707
9 148.0 496.0 -0.05034 -0.000474 18716 18723
9 146.0 496.0 -0.046266 -0.004754 18732 18738
9 144.0 496.0 -0.046549 -0.000136 18749 18755
9 142.0 498.0 -0.044522 -0.006655 18764 18771
9 142.0 498.0 -0.041811 -0.002788 18780 18786
9 140.0 498.0 -0.045686 0.000653 18796 18802
9 140.0 498.0 -0.042133 -0.006537 18813 18819
9 138.0 498.0 -0.039957 0.000184 18828 18835
9 136.0 498.0 -0.041667 0.004572 18844 18851
9 136.0 498.0 -0.038188 -0.005817 18860 18866
9 134.0 498.0 -0.03484 0.001931 18877 18883
9 132.0 496.0 -0.035817 0.003239 18893 18900
9 132.0 498.0 -0.033937 -9.1e-05 18909 18915
9 130.0 496.0 -0.02658 0.001805 18925 18931
9 130.0 496.0 -0.02691 -0.000312 18941 18948
9 130.0 498.0 -0.022749 0.001203 18957 18964
9 128.0 496.0 -0.020868 0.000123 18974 18980
2 128.0 496.0 -0.018022 -0.000261 18990 19004
2 128.0 496.0 -0.015041 0.003455 19013 19014
2 126.0 496.0 -0.014358 0.004667 19029 19030
2 126.0 496.0 -0.010999 -0.000944 19046 19046
2 126.0 496.0 -0.008981 0.004762 19061 19061
2 126.0 496.0 -0.009425 0.00476 19077 19078
2 126.0 496.0 -0.008402 0.000269 19093 19094
2 126.0 496.0 -0.005375 0.005673 19109 19110
2 126.0 496.0 -0.008863 0.007719 19125 19125
2 124.0 496.0 -0.007609 0.002621 19141 19142
2 124.0 496.0 -0.006532 0.004579 19157 19158
2 124.0 496.0 -0.007407 0.003813 19174 19174
2 124.0 496.0 -0.007171 0.000251 19189 19189
2 124.0 496.0 -0.005835 0.003139 19205 19206
2 124.0 496.0 -0.007409 0.001008 19221 19222
2 124.0 496.0 -0.004253 0.002151 19238 19238
2 124.0 496.0 -0.004786 0.002219 19253 19253
2 124.0 496.0 -0.004212 -0.003571 19269 19270
2 124.0 496.0 -0.002201 -0.00039 19285 19286
2 124.0 496.0 -0.004722 0.005758 19302 19302
2 124.0 496.0 -0.001921 -0.005353 19317 19317
2 124.0 496.0 -0.00221 0.002772 19333 19334
2 124.0 496.0 -0.000292 0.000367 19349 19350
2 122.0 496.0 -0.002978 0.002437 19366 19366
2 122.0 496.0 0.000554 0.001373 19381 19382
2 122.0 496.0 -0.000464 -0.000463 19397 19398
2 122.0 496.0 -6.1e-05 -6.1e-05 19413 19414
2 122.0 496.0 -8e-06 -8e-06 19429 19430
2 122.0 496.0 -1e-06 -1e-06 19446 19446
2 122.0 496.0 -0.0 -0.0 19462 19463
2 122.0 496.0 -0.0 -0.0 19478 19479
2 122.0 496.0 -0.0 -0.0 19494 19495
2 122.0 496.0 -0.0 -0.0 19510 19510
2 122.0 496.0 -0.0 -0.0 19526 19527
2 122.0 496.0 0.003543 0.00393 19542 19543
2 124.0 496.0 0.002773 -0.003544 19558 19559
2 124.0 496.0 0.006219 -0.00434 19574 19575
2 124.0 496.0 0.006349 0.00171 19591 19591
2 124.0 496.0 0.00541 -0.004096 19607 19608
2 124.0 496.0 0.008365 -0.006073 19623 19624
2 124.0 496.0 0.008244 0.000502 19639 19640
2 124.0 496.0 0.006946 -0.003799 19655 19655
2 124.0 496.0 0.009715 -0.00589 19671 19672
2 124.0 496.0 0.009282 -0.001673 19688 19688
2 126.0 496.0 0.006436 -0.004807 19703 19704
2 126.0 496.0 0.007731 -0.003468 19719 19720
2 126.0 496.0 0.006551 0.000976 19735 19736
2 126.0 496.0 0.005746 -0.004823 19752 19752
2 126.0 496.0 0.006623 -0.004495 19767 19768
2 126.0 496.0 0.00324 0.000901 19783 19784
2 126.0 496.0 0.003024 0.000127 19800 19800
2 126.0 496.0 0.002065 -0.002926 19815 19816
2 126.0 496.0 0.001924 -0.001325 19831 19832
2 126.0 496.0 0.000133 -0.000582 19848 19848
2 126.0 496.0 1.8e-05 -7.7e-05 19863 19863
2 126.0 496.0 2e-06 -1e-05 19879 19880
2 126.0 496.0 0.0 -1e-06 19895 19896
2 126.0 496.0 0.0 -0.0 19911 19912
7 126.0 496.0 0.0 -0.0 19927 19928
7 126.0 496.0 0.0 -0.0 19943 19949
7 126.0 496.0 0.0 -0.0 19960 19965
7 126.0 496.0 0.0 -0.0 19976 19981
7 126.0 496.0 0.0 -0.0 19991 19997
7 126.0 496.0 0.0 -0.0 20007 20013
7 126.0 496.0 0.0 -0.0 20023 20029
7 126.0 496.0 -0.005831 0.001076 20039 20045
7 126.0 496.0 -0.000764 -0.000824 20055 20061
7 126.0 496.0 -0.002404 0.003963 20071 20077
7 126.0 496.0 -0.001135 0.000546 20087 20093
7 126.0 496.0 0.000456 0.001723 20103 20109
7 126.0 496.0 -0.000921 -0.000866 20119 20124
7 126.0 496.0 -0.000122 -0.000115 20136 20141
7 126.0 496.0 -0.001973 0.003467 20152 20157
7 126.0 496.0 4e-05 -7.3e-05 20169 20174
7 126.0 496.0 0.000343 -0.000607 20184 20189
7 126.0 496.0 4.5e-05 -8e-05 20201 20206
7 126.0 496.0 3e-06 -5e-06 20217 20223
7 126.0 496.0 0.0 -1e-06 20232 20238
7 126.0 496.0 0.0 -0.0 20248 20254
7 126.0 496.0 0.0 -0.0 20264 20270
7 126.0 496.0 0.0 -0.0 20280 20286
7 126.0 496.0 0.006786 6.2e-05 20297 20302
7 126.0 496.0 0.007697 0.004675 20313 20319
7 126.0 496.0 0.009819 -0.002842 20329 20334
7 128.0 496.0 0.013328 -0.003983 20344 20350
7 128.0 496.0 0.013772 0.002395 20360 20366
7 128.0 496.0 0.016473 -0.002259 20376 20382
7 128.0 496.0 0.023724 -0.001931 20392 20398
1 130.0 496.0 0.023897 0.00211 20408 20414
1 130.0 496.0 0.023977 -0.002966 20424 20430
1 132.0 496.0 0.030802 -0.004534 20440 20445
1 132.0 496.0 0.034952 -0.002823 20457 20462
1 134.0 498.0 0.034528 -0.006638 20474 20479
1 136.0 498.0 0.04165 -0.007583 20489 20495
1 136.0 498.0 0.043866 -0.007086 20505 20511
1 138.0 498.0 0.045487 -0.009368 20521 20527
1 140.0 498.0 0.049639 -0.012373 20537 20543
1 140.0 498.0 0.050873 -0.011385 20553 20559
1 144.0 500.0 0.054655 -0.01378 20569 20575
1 144.0 500.0 0.055042 -0.007492 20586 20591
1 146.0 500.0 0.059455 -0.013987 20602 20607
1 148.0 500.0 0.062836 -0.012659 20618 20624
1 150.0 500.0 0.066508 -0.009406 20633 20639
1 152.0 500.0 0.065411 -0.009725 20649 20655
1 154.0 502.0 0.070853 -0.011879 20665 20671
1 158.0 502.0 0.070671 -0.005252 20682 20688
1 160.0 502.0 0.075845 -0.00573 20698 20704
1 162.0 502.0 0.078656 -0.010987 20715 20720
1 166.0 502.0 0.079007 -0.003614 20731 20736
1 168.0 502.0 0.080782 -0.005369 20747 20752
1 170.0 502.0 0.087472 -0.005922 20763 20768
1 172.0 502.0 0.085203 -0.002031 20780 20785
1 176.0 502.0 0.088197 -0.003297 20795 20801
1 180.0 502.0 0.094486 -0.005865 20811 20817
1 182.0 502.0 0.092438 -0.001463 20827 20833
1 184.0 502.0 0.096624 -0.00487 20843 20849
1 188.0 504.0 0.098454 -0.001621 20859 20865
1 192.0 504.0 0.098528 -0.004117 20875 20881
1 194.0 504.0 0.103017 -0.009645 20891 20897
1 198.0 504.0 0.101555 -0.003561 20907 20912
1 200.0 504.0 0.100765 -0.008081 20924 20929
1 204.0 504.0 0.106953 -0.007525 20939 20945
1 208.0 504.0 0.103178 -0.001808 20955 20961
1 212.0 504.0 0.106722 -0.007853 20971 20976
1 214.0 504.0 0.110153 -0.00588 20988 20993
1 218.0 504.0 0.111488 -0.002228 21003 21008
1 222.0 504.0 0.112728 -0.006393 21019 21024
1 226.0 504.0 0.117164 -0.004884 21034 21040
1 230.0 504.0 0.115679 -0.001981 21051 21057
1 234.0 504.0 0.117319 -0.000434 21066 21072
1 236.0 506.0 0.122331 0.001483 21082 21088
1 242.0 504.0 0.122866 0.001108 21098 21105
1 246.0 504.0 0.126311 0.001994 21115 21121
1 250.0 504.0 0.12857 0.005298 21131 21136
1 254.0 504.0 0.131258 0.000921 21148 21153
1 258.0 504.0 0.136206 0.001385 21163 21169
1 262.0 504.0 0.132774 0.008195 21179 21185
1 266.0 504.0 0.133436 0.00475 21195 21200
1 270.0 504.0 0.13377 0.006453 21212 21217
1 274.0 504.0 0.132206 0.01459 21227 21233
1 278.0 504.0 0.130615 0.013803 21243 21249
1 284.0 502.0 0.132646 0.010966 21259 21265
1 288.0 502.0 0.129655 0.01667 21275 21281
1 292.0 502.0 0.129704 0.011767 21291 21296
1 296.0 502.0 0.129198 0.01519 21307 21312
1 300.0 502.0 0.12826 0.014522 21324 21329
1 304.0 500.0 0.125069 0.013469 21340 21346
1 308.0 500.0 0.126972 0.014218 21356 21362
1 312.0 500.0 0.123606 0.012996 21372 21378
1 316.0 500.0 0.125438 0.013361 21388 21394
1 320.0 500.0 0.122718 0.013791 21404 21409
1 324.0 498.0 0.122977 0.011867 21420 21426
1 328.0 498.0 0.123285 0.0114 21436 21442
1 332.0 498.0 0.122341 0.011249 21452 21458
1 336.0 498.0 0.121673 0.007401 21468 21474
1 340.0 498.0 0.123913 0.007777 21484 21490
1 344.0 498.0 0.122191 0.009828 21501 21506
1 348.0 498.0 0.123577 0.004579 21518 21523
1 352.0 498.0 0.127409 0.003645 21534 21539
1 356.0 496.0 0.125472 0.007362 21549 21555
1 360.0 496.0 0.126831 0.002088 21565 21571
1 364.0 496.0 0.12937 0.002405 21582 21588
1 368.0 496.0 0.127875 0.003529 21597 21603
1 372.0 496.0 0.128268 0.003144 21613 21619
1 376.0 496.0 0.131132 0.00183 21629 21635
1 382.0 496.0 0.131799 0.001665 21645 21651
1 386.0 496.0 0.130417 -0.001052 21661 21667
1 390.0 496.0 0.132538 0.001044 21677 21683
1 394.0 496.0 0.130244 -0.001228 21693 21699
1 396.0 496.0 0.131569 0.000204 21709 21714
1 402.0 496.0 0.12645 0.003997 21726 21731
1 406.0 496.0 0.125656 0.000386 21741 21747
1 410.0 496.0 0.123787 -0.000514 21757 21763
1 414.0 496.0 0.119153 0.00412 21773 21779
1 416.0 496.0 0.118767 -0.003908 21789 21795
1 420.0 496.0 0.117525 -0.002716 21805 21811
1 424.0 496.0 0.111662 0.00311 21821 21826
1 428.0 496.0 0.104671 -0.001287 21838 21844
1 432.0 496.0 0.105413 -0.00352 21855 21860
1 436.0 496.0 0.098127 -0.000366 21870 21876
1 438.0 496.0 0.099167 -0.004411 21886 21892
1 440.0 496.0 0.094748 -0.004485 21902 21908
1 444.0 496.0 0.086849 -0.001802 21918 21924
1 446.0 496.0 0.084294 -0.00421 21934 21940
1 448.0 498.0 0.077082 0.001341 21950 21956
1 452.0 498.0 0.074555 -0.003059 21966 21972
1 454.0 498.0 0.070127 -0.003864 21983 21988
1 456.0 498.0 0.062302 0.00149 21998 22003
1 458.0 498.0 0.061042 -0.006789 22014 22020
1 460.0 498.0 0.057328 -0.001788 22030 22036
1 462.0 498.0 0.052921 -0.002804 22046 22052
1 462.0 498.0 0.047565 -0.001193 22062 22068
1 464.0 498.0 0.047767 -0.005598 22078 22084
1 466.0 498.0 0.041452 -0.000501 22094 22099
1 466.0 498.0 0.040958 -0.003848 22111 22116
1 468.0 498.0 0.038817 -0.002915 22127 22133
1 470.0 498.0 0.035689 0.002003 22143 22149
1 470.0 498.0 0.036154 -0.001958 22159 22165
1 472.0 498.0 0.034997 -0.000621 22175 22181
1 472.0 498.0 0.032517 0.001076 22192 22197
1 474.0 498.0 0.032207 0.000814 22209 22214
1 474.0 498.0 0.02804 0.003628 22224 22230
1 476.0 498.0 0.025196 0.005037 22240 22246
1 476.0 498.0 0.027186 0.00287 22256 22262
1 478.0 498.0 0.025034 0.005617 22272 22278
1 478.0 498.0 0.025293 -0.000144 22288 22294
1 478.0 498.0 0.024704 0.000955 22304 22310
1 480.0 498.0 0.018433 0.007076 22320 22326
1 480.0 498.0 0.019353 -0.001154 22336 22342
1 480.0 498.0 0.019912 -0.000405 22352 22358
1 480.0 498.0 0.015374 0.002496 22368 22374
2 482.0 498.0 0.013739 0.000133 22385 22390
2 482.0 498.0 0.015164 -0.001119 22402 22402
2 482.0 498.0 0.01085 0.004277 22417 22418
2 482.0 498.0 0.008576 0.000451 22433 22434
2 482.0 498.0 0.009248 -0.002785 22450 22450
2 482.0 496.0 0.004584 0.005013 22466 22467
2 482.0 498.0 0.00495 -0.000439 22482 22483
2 484.0 498.0 0.006345 -0.002447 22498 22499
2 484.0 498.0 0.001869 0.002429 22514 22514
2 484.0 498.0 0.002552 0.001152 22530 22531
2 484.0 498.0 0.002852 0.001811 22546 22547
2 484.0 498.0 0.003608 -0.001591 22563 22563
2 484.0 498.0 0.006455 -0.001631 22579 22579
2 484.0 496.0 0.003199 0.004267 22595 22596
2 484.0 498.0 0.002681 -0.000334 22611 22612
2 484.0 498.0 0.004499 0.000144 22627 22628
2 484.0 496.0 0.002443 0.004977 22644 22644
2 484.0 496.0 0.000496 0.001123 22660 22661
2 484.0 496.0 0.003958 9.3e-05 22676 22677
2 484.0 496.0 0.001959 0.004551 22692 22693
2 484.0 496.0 0.000586 0.00148 22709 22709
2 484.0 496.0 0.002387 0.001046 22724 22724
2 484.0 496.0 0.001001 0.001981 22740 22741
2 484.0 496.0 -0.00038 -0.001115 22756 22757
2 484.0 496.0 -2.6e-05 -7.5e-05 22773 22773
2 484.0 496.0 -3e-06 -1e-05 22788 22788
2 484.0 496.0 -0.0 -1e-06 22804 22805
2 484.0 496.0 -0.0 -0.0 22820 22821
2 484.0 496.0 -0.0 -0.0 22836 22837
2 484.0 496.0 -0.0 -0.0 22852 22852
2 484.0 496.0 -0.0 -0.0 22868 22869
2 484.0 496.0 -0.0 -0.0 22884 22885
2 484.0 496.0 -0.0 -0.0 22901 22901
2 484.0 496.0 -0.0 -0.0 22917 22918
2 484.0 496.0 -0.0 -0.0 22934 22934
2 484.0 496.0 -0.0 -0.0 22949 22949
2 484.0 496.0 -0.0 -0.0 22965 22966
2 484.0 496.0 -0.0 -0.0 22981 22982
2 484.0 496.0 -0.0 -0.0 22997 22998
2 484.0 496.0 -0.0 -0.0 23014 23014
2 484.0 496.0 -0.0 -0.0 23030 23030
2 484.0 496.0 -0.0 -0.0 23046 23047
2 484.0 496.0 -0.0 -0.0 23063 23063
2 484.0 496.0 0.001912 -0.001827 23078 23078
2 484.0 496.0 0.000749 -0.000716 23094 23095
2 484.0 496.0 9.9e-05 -9.5e-05 23110 23111
2 484.0 496.0 7e-06 -6e-06 23127 23127
2 484.0 496.0 1e-06 -1e-06 23142 23143
2 484.0 496.0 0.0 -0.0 23158 23159
2 484.0 496.0 0.002886 -0.002758 23174 23175
2 484.0 496.0 9.9e-05 -9.5e-05 23190 23191
2 484.0 496.0 2.6e-05 -2.5e-05 23208 23209
2 484.0 496.0 3e-06 -3e-06 23224 23225
2 484.0 496.0 0.0 -0.0 23240 23240
2 484.0 496.0 0.0 -0.0 23256 23257
2 484.0 496.0 0.00147 -0.001405 23272 23273
2 484.0 496.0 0.000194 -0.000186 23288 23289
7 484.0 496.0 0.001925 -0.001839 23305 23311
7 484.0 496.0 0.000383 -0.000366 23321 23327
7 484.0 496.0 5.1e-05 -4.8e-05 23337 23344
7 484.0 496.0 7e-06 -6e-06 23354 23360
7 484.0 496.0 1e-06 -1e-06 23370 23376
7 484.0 496.0 0.0 -0.0 23386 23393
7 484.0 496.0 0.0 -0.0 23402 23408
7 484.0 496.0 0.0 -0.0 23418 23425
7 484.0 496.0 0.0 -0.0 23434 23440
7 484.0 496.0 0.0 -0.0 23450 23456
7 484.0 496.0 0.0 -0.0 23466 23472
7 484.0 496.0 0.0 -0.0 23482 23488
7 484.0 496.0 0.0 -0.0 23498 23505
7 484.0 496.0 0.0 -0.0 23514 23520
7 484.0 496.0 0.001471 -0.001405 23531 23537
7 484.0 496.0 0.000195 -0.000186 23546 23552
7 484.0 496.0 1.3e-05 -1.3e-05 23562 23569
7 484.0 496.0 2e-06 -2e-06 23578 23585
7 484.0 496.0 0.0 -0.0 23594 23601
7 484.0 496.0 0.0 -0.0 23610 23616
7 484.0 496.0 0.0 -0.0 23627 23633
7 484.0 496.0 0.0 -0.0 23642 23648
7 484.0 496.0 0.001178 0.003168 23658 23664
7 484.0 496.0 0.001506 0.004052 23674 23680
7 486.0 496.0 0.003556 0.009578 23690 23697
7 486.0 496.0 0.002311 0.006227 23706 23712
7 486.0 496.0 0.002655 0.007163 23722 23728
7 486.0 496.0 0.003549 0.009588 23738 23744
7 486.0 496.0 0.000927 0.013072 23755 23761
7 486.0 494.0 -0.001047 0.016346 23770 23776
7 486.0 494.0 0.001975 0.016737 23787 23793
7 486.0 494.0 -0.002391 0.022608 23803 23809
15 486.0 492.0 0.003694 0.023009 23819 23828
15 486.0 492.0 0.002613 0.02493 23836 23843
15 486.0 490.0 -0.001048 0.029714 23852 23858
15 486.0 490.0 0.008256 0.028663 23869 23875
15 486.0 488.0 0.00593 0.029746 23884 23890
15 486.0 488.0 0.005162 0.035827 23901 23907
15 486.0 486.0 0.010934 0.037041 23916 23922
15 486.0 486.0 0.010978 0.036739 23932 23939
15 488.0 484.0 0.010006 0.045409 23948 23954
15 488.0 482.0 0.013402 0.045615 23964 23970
15 488.0 480.0 0.015344 0.044727 23980 23986
15 488.0 480.0 0.012775 0.053388 23997 24002
15 490.0 478.0 0.018939 0.053052 24012 24018
15 490.0 476.0 0.018411 0.059119 24028 24034
15 490.0 474.0 0.023264 0.063604 24044 24050
15 492.0 472.0 0.023416 0.068809 24060 24066
15 492.0 468.0 0.025703 0.077185 24076 24083
15 492.0 466.0 0.02707 0.082198 24092 24098
15 494.0 464.0 0.027468 0.084336 24109 24115
15 496.0 460.0 0.036015 0.084719 24125 24131
15 496.0 458.0 0.040713 0.089929 24142 24148
15 498.0 456.0 0.046788 0.090685 24157 24163
15 500.0 452.0 0.052786 0.088632 24174 24180
15 502.0 448.0 0.045 0.100471 24189 24195
15 502.0 446.0 0.04867 0.100829 24205 24212
15 504.0 442.0 0.050585 0.103371 24221 24227
15 506.0 440.0 0.045993 0.108592 24237 24243
15 506.0 436.0 0.048325 0.106102 24254 24260
15 508.0 432.0 0.047119 0.10868 24270 24276
15 510.0 428.0 0.043791 0.110867 24286 24292
15 512.0 426.0 0.045336 0.107308 24302 24308
15 512.0 422.0 0.041583 0.114333 24318 24324
15 514.0 418.0 0.041325 0.108941 24334 24340
15 516.0 414.0 0.043586 0.107437 24350 24356
15 516.0 410.0 0.040517 0.112433 24366 24372
15 518.0 408.0 0.039015 0.110119 24382 24389
15 520.0 404.0 0.03953 0.11403 24398 24404
15 520.0 400.0 0.03373 0.116891 24414 24421
15 522.0 396.0 0.030956 0.113165 24430 24436
15 522.0 392.0 0.029658 0.117317 24446 24453
15 524.0 388.0 0.026314 0.121343 24462 24468
15 524.0 384.0 0.02481 0.119095 24479 24485
15 526.0 380.0 0.02407 0.118458 24495 24501
15 526.0 376.0 0.015245 0.123907 24512 24518
15 526.0 372.0 0.009667 0.127916 24527 24533
15 526.0 368.0 0.007312 0.131864 24543 24549
15 526.0 364.0 0.003203 0.132331 24559 24565
15 526.0 360.0 -0.000175 0.134774 24575 24582
15 526.0 356.0 -0.004926 0.138885 24591 24597
15 526.0 352.0 -0.005463 0.135749 24607 24613
15 526.0 348.0 -0.012629 0.142756 24623 24630
15 526.0 342.0 -0.011643 0.141652 24639 24645
15 524.0 338.0 -0.016265 0.145234 24656 24662
15 524.0 332.0 -0.019797 0.147157 24671 24677
15 524.0 328.0 -0.019494 0.14632 24687 24694
15 522.0 324.0 -0.026073 0.150817 24703 24709
15 522.0 318.0 -0.027157 0.152434 24720 24726
15 520.0 314.0 -0.024729 0.150467 24735 24741
15 520.0 308.0 -0.026517 0.149362 24752 24758
15 520.0 304.0 -0.03287 0.158211 24767 24773
15 518.0 300.0 -0.028 0.15316 24784 24790
15 518.0 294.0 -0.032692 0.155652 24799 24805
15 516.0 288.0 -0.033434 0.158051 24815 24821
15 516.0 284.0 -0.03229 0.15845 24831 24837
15 514.0 278.0 -0.030911 0.153866 24847 24853
15 514.0 274.0 -0.030595 0.154703 24864 24870
15 512.0 268.0 -0.030283 0.155549 24880 24886
15 512.0 264.0 -0.027616 0.155789 24897 24903
15 510.0 258.0 -0.027148 0.155912 24912 24918
15 510.0 254.0 -0.025405 0.149269 24928 24935
15 508.0 250.0 -0.025427 0.152871 24944 24950
15 508.0 244.0 -0.021057 0.151057 24960 24966
15 508.0 238.0 -0.019171 0.146492 24977 24983
15 506.0 234.0 -0.018778 0.149875 24993 24999
15 506.0 228.0 -0.013704 0.143172 25009 25015
15 506.0 224.0 -0.012024 0.142277 25025 25031
15 506.0 220.0 -0.011526 0.143778 25042 25048
15 506.0 216.0 -0.004492 0.134313 25057 25063
15 506.0 210.0 -0.004924 0.136931 25073 25080
15 506.0 208.0 -0.002256 0.13346 25089 25095
15 506.0 202.0 0.002219 0.126288 25106 25112
15 506.0 200.0 0.0022 0.127633 25121 25128
15 506.0 196.0 0.001625 0.125042 25138 25144
15 506.0 192.0 0.001048 0.122794 25153 25159
15 506.0 186.0 0.000492 0.122003 25169 25176
15 506.0 184.0 0.004141 0.116603 25185 25191
15 506.0 180.0 0.006346 0.107254 25201 25208
15 506.0 176.0 0.00814 0.103606 25217 25223
15 506.0 172.0 0.003906 0.10259 25233 25240
15 506.0 170.0 0.003497 0.099093 25249 25255
15 506.0 166.0 0.004447 0.09814 25265 25271
15 506.0 164.0 4.5e-05 0.098641 25282 25289
15 506.0 162.0 0.00019 0.093681 25298 25304
15 506.0 158.0 0.002702 0.090157 25315 25321
15 506.0 154.0 -0.002672 0.091579 25330 25336
15 506.0 152.0 -9.7e-05 0.083895 25346 25353
15 506.0 150.0 -0.000967 0.081552 25362 25368
15 506.0 148.0 -0.001186 0.07791 25378 25385
15 506.0 144.0 -0.000679 0.072084 25394 25400
15 506.0 142.0 -0.000627 0.069343 25410 25417
15 506.0 140.0 -0.001472 0.064708 25426 25432
15 506.0 138.0 0.001343 0.057389 25442 25448
15 506.0 138.0 -0.002822 0.057173 25458 25465
15 506.0 136.0 -0.000596 0.045258 25474 25480
15 506.0 134.0 0.000113 0.043169 25490 25496
15 506.0 132.0 -0.002258 0.039933 25506 25512
15 506.0 132.0 -0.002207 0.03294 25523 25529
15 506.0 130.0 -0.002157 0.031335 25538 25544
15 506.0 130.0 -0.002181 0.03112 25554 25560
15 506.0 128.0 -0.001763 0.024841 25571 25577
15 506.0 128.0 -0.001689 0.023515 25586 25592
15 506.0 128.0 -0.001908 0.026215 25602 25608
2 506.0 126.0 -0.001428 0.019388 25618 25624
2 506.0 126.0 -0.001225 0.016538 25634 25634
2 506.0 126.0 -0.001242 0.016642 25650 25651
2 506.0 126.0 -0.000564 0.007532 25667 25668
2 506.0 126.0 -0.000476 0.006327 25682 25683
2 506.0 124.0 -0.000329 0.004356 25698 25699
2 506.0 124.0 6.7e-05 -0.000889 25714 25715
2 506.0 124.0 -0.004201 0.004193 25730 25731
2 506.0 124.0 -0.002403 0.002447 25747 25748
2 506.0 124.0 -0.003674 0.003763 25763 25764
2 506.0 124.0 -0.003327 0.003409 25779 25780
2 506.0 124.0 -0.003985 0.001837 25795 25796
2 506.0 124.0 -0.004445 0.00071 25811 25812
2 504.0 124.0 -0.004082 -0.001632 25827 25828
2 504.0 124.0 -0.003621 0.00068 25843 25844
2 504.0 124.0 -0.005601 -0.000419 25859 25860
2 504.0 124.0 -0.002406 -0.007233 25876 25876
2 504.0 124.0 -0.004235 -0.000504 25891 25892
2 504.0 124.0 -0.007742 -0.001574 25907 25908
2 504.0 124.0 -0.002731 -0.008554 25923 25924
2 504.0 124.0 -0.003717 -0.002561 25939 25940
2 504.0 124.0 -0.006452 -0.00134 25955 25956
2 504.0 126.0 -0.001154 -0.008317 25971 25972
2 504.0 126.0 -0.00334 0.001267 25987 25988
2 504.0 126.0 -0.004213 0.001505 26002 26003
2 504.0 126.0 0.001135 -0.005127 26019 26019
2 504.0 126.0 8.1e-05 0.000293 26034 26035
2 504.0 126.0 0.000115 -0.001427 26050 26051
2 504.0 126.0 1.5e-05 -0.000189 26066 26067
2 504.0 126.0 1e-06 -1.3e-05 26082 26083
2 504.0 126.0 0.0 -2e-06 26098 26099
2 504.0 126.0 0.0 -0.0 26114 26115
2 504.0 126.0 0.0 -0.0 26131 26131
2 504.0 126.0 0.0 -0.0 26147 26148
2 504.0 126.0 -0.000206 0.002877 26163 26164
2 504.0 126.0 -0.000269 0.003752 26180 26180
2 504.0 124.0 -0.000623 0.00865 26195 26196
2 504.0 124.0 -0.000256 0.003545 26211 26212
2 504.0 124.0 -0.000488 0.006739 26228 26228
2 504.0 124.0 -0.000555 0.007634 26243 26244
2 504.0 124.0 0.001384 0.004389 26259 26260
2 504.0 124.0 0.005837 -0.000362 26275 26276
2 504.0 124.0 0.000543 0.009079 26291 26292
2 504.0 124.0 0.003116 0.002759 26307 26308
2 504.0 124.0 0.003761 0.001795 26324 26324
2 504.0 124.0 0.002087 0.001767 26339 26340
2 504.0 124.0 0.002808 0.000743 26355 26356
2 504.0 124.0 5.5e-05 0.005525 26371 26372
2 504.0 124.0 0.0008 0.001725 26387 26388
2 504.0 124.0 0.001735 0.001209 26403 26404
2 504.0 124.0 0.000455 0.003039 26419 26420
2 504.0 124.0 0.000129 -0.000514 26435 26436
2 504.0 124.0 -9.3e-05 0.001397 26451 26452
2 504.0 124.0 -0.000279 0.003717 26467 26468
2 504.0 124.0 -0.000143 0.001902 26483 26484
2 504.0 124.0 -1.9e-05 0.000252 26500 26500
2 504.0 124.0 -0.001899 0.001984 26515 26516
7 504.0 124.0 -0.00399 0.004109 26531 26532
7 504.0 122.0 -0.006244 0.006429 26547 26553
7 504.0 122.0 -0.005448 0.005612 26563 26569
7 504.0 122.0 -0.00582 0.005997 26579 26586
7 504.0 122.0 -0.00408 0.004206 26595 26601
7 502.0 122.0 -0.003723 0.002944 26611 26617
7 502.0 122.0 -0.00401 0.001365 26627 26633
7 502.0 122.0 -0.003211 -0.001518 26643 26649
7 502.0 122.0 -0.003128 0.001677 26659 26665
7 502.0 122.0 -0.005732 0.002605 26675 26681
7 502.0 122.0 -0.004238 0.000828 26692 26697
7 502.0 122.0 -0.005029 0.002919 26708 26713
7 502.0 122.0 -0.006602 0.003561 26723 26729
7 502.0 122.0 -0.001896 -0.003343 26739 26745
7 502.0 122.0 -0.004297 0.001985 26755 26761
7 502.0 122.0 -0.004506 0.001225 26771 26777
7 502.0 122.0 -0.000613 -0.005592 26787 26793
7 502.0 122.0 -0.000418 -0.002151 26803 26809
7 502.0 122.0 -4e-05 -0.003714 26819 26825
7 502.0 122.0 0.000895 -0.006793 26835 26841
7 502.0 122.0 0.000572 -0.007147 26852 26857
7 502.0 122.0 0.00094 -0.013006 26868 26874
7 502.0 124.0 0.007011 -0.020031 26884 26890
14 502.0 124.0 0.010628 -0.030518 26900 26906
14 502.0 126.0 0.011542 -0.037731 26916 26922
14 502.0 126.0 0.012528 -0.039652 26932 26938
14 504.0 128.0 0.015687 -0.053051 26948 26954
14 504.0 130.0 0.013009 -0.054695 26964 26970
14 504.0 132.0 0.017033 -0.06402 26980 26986
14 504.0 134.0 0.017338 -0.070059 26996 27001
14 506.0 138.0 0.016051 -0.076405 27012 27018
14 506.0 140.0 0.018284 -0.07991 27028 27034
14 506.0 142.0 0.023401 -0.091375 27044 27050
14 508.0 146.0 0.020412 -0.093916 27060 27066
14 508.0 148.0 0.022277 -0.098578 27076 27082
14 508.0 152.0 0.022303 -0.106105 27092 27098
14 510.0 156.0 0.018184 -0.106023 27108 27114
14 510.0 158.0 0.021215 -0.112704 27124 27130
14 510.0 164.0 0.020094 -0.117039 27140 27146
14 512.0 166.0 0.016854 -0.118097 27156 27162
14 512.0 170.0 0.014768 -0.120723 27172 27178
14 512.0 174.0 0.010575 -0.128196 27188 27194
14 512.0 178.0 0.008865 -0.131725 27204 27210
14 512.0 184.0 0.007694 -0.139956 27221 27226
14 512.0 188.0 -0.000263 -0.143146 27238 27244
14 512.0 192.0 0.000744 -0.149766 27254 27259
14 512.0 198.0 -0.001368 -0.155454 27271 27276
14 512.0 204.0 -0.002479 -0.15816 27286 27292
14 512.0 208.0 -0.003846 -0.16173 27303 27308
14 512.0 214.0 -0.005034 -0.167647 27318 27324
14 512.0 224.0 -0.013873 -0.163139 27335 27352
14 512.0 228.0 -0.02004 -0.15964 27361 27367
14 510.0 234.0 -0.018003 -0.162742 27378 27383
14 510.0 238.0 -0.020458 -0.159464 27393 27400
14 510.0 244.0 -0.025503 -0.156133 27410 27416
14 508.0 248.0 -0.022597 -0.156547 27425 27432
14 508.0 254.0 -0.024753 -0.151715 27441 27447
14 508.0 258.0 -0.025217 -0.148324 27457 27463
14 506.0 262.0 -0.025575 -0.146158 27473 27479
14 506.0 266.0 -0.028582 -0.141949 27489 27495
14 504.0 272.0 -0.026145 -0.141239 27505 27511
14 504.0 276.0 -0.026037 -0.137267 27521 27527
14 502.0 280.0 -0.02511 -0.136164 27537 27543
14 502.0 284.0 -0.022079 -0.13697 27553 27559
14 502.0 288.0 -0.020936 -0.133087 27569 27575
14 502.0 292.0 -0.019129 -0.135297 27585 27591
14 500.0 298.0 -0.018723 -0.134109 27601 27607
14 500.0 302.0 -0.018848 -0.129817 27618 27625
14 500.0 306.0 -0.019638 -0.130814 27634 27640
14 498.0 310.0 -0.018145 -0.130866 27650 27656
14 498.0 314.0 -0.013781 -0.135534 27666 27672
14 498.0 318.0 -0.012541 -0.138438 27682 27688
14 498.0 322.0 -0.019866 -0.131625 27698 27704
14 496.0 326.0 -0.018749 -0.132413 27714 27720
14 496.0 332.0 -0.020147 -0.133 27731 27736
14 496.0 336.0 -0.023537 -0.129115 27746 27752
14 494.0 340.0 -0.022725 -0.128079 27762 27768
14 494.0 344.0 -0.023429 -0.127683 27778 27784
14 494.0 348.0 -0.024656 -0.122887 27794 27800
14 492.0 350.0 -0.0222 -0.123568 27810 27816
14 492.0 356.0 -0.023494 -0.11842 27826 27831
14 490.0 360.0 -0.022219 -0.116692 27842 27848
14 490.0 362.0 -0.017931 -0.121364 27859 27864
14 490.0 366.0 -0.021638 -0.115938 27874 27880
14 490.0 370.0 -0.017804 -0.114697 27890 27896
14 488.0 374.0 -0.019057 -0.11534 27906 27912
14 488.0 378.0 -0.019583 -0.11304 27922 27928
14 488.0 380.0 -0.017857 -0.108416 27938 27944
14 486.0 384.0 -0.015831 -0.115284 27955 27960
14 486.0 388.0 -0.018549 -0.105701 27971 27977
14 486.0 392.0 -0.015047 -0.10859 27987 27993
14 486.0 396.0 -0.011848 -0.110785 28002 28008
14 484.0 398.0 -0.015349 -0.10217 28018 28024
14 484.0 402.0 -0.014244 -0.102735 28034 28039
14 484.0 406.0 -0.012946 -0.104175 28050 28056
14 484.0 408.0 -0.01491 -0.100041 28066 28072
14 482.0 412.0 -0.012168 -0.100666 28082 28088
14 482.0 414.0 -0.014957 -0.098035 28098 28104
14 482.0 418.0 -0.01387 -0.095746 28114 28120
14 482.0 422.0 -0.010647 -0.098635 28130 28136
14 482.0 424.0 -0.011571 -0.096671 28146 28152
14 482.0 428.0 -0.009833 -0.095422 28162 28168
14 480.0 430.0 -0.007649 -0.09806 28178 28184
14 480.0 434.0 -0.012078 -0.094929 28194 28200
14 480.0 436.0 -0.009236 -0.092626 28210 28216
14 480.0 440.0 -0.007471 -0.095049 28226 28231
14 480.0 442.0 -0.00944 -0.088219 28242 28248
14 480.0 444.0 -0.007172 -0.090181 28258 28264
14 480.0 448.0 -0.00535 -0.090829 28274 28280
14 478.0 452.0 -0.00941 -0.086181 28290 28296
14 478.0 454.0 -0.007577 -0.08368 28306 28312
14 478.0 456.0 -0.004807 -0.08657 28322 28328
14 478.0 458.0 -0.007679 -0.07825 28338 28343
14 478.0 462.0 -0.008613 -0.077379 28355 28360
14 478.0 464.0 -0.007128 -0.0759 28371 28376
14 478.0 466.0 -0.008057 -0.067386 28386 28392
14 478.0 468.0 -0.005813 -0.068201 28403 28408
14 478.0 470.0 -0.00851 -0.063944 28418 28424
14 476.0 472.0 -0.005476 -0.057002 28434 28440
14 476.0 474.0 -0.00389 -0.059693 28450 28456
14 476.0 476.0 -0.008903 -0.051278 28466 28472
14 476.0 476.0 -0.007423 -0.047438 28482 28488
14 476.0 478.0 -0.002988 -0.050407 28498 28504
14 476.0 480.0 -0.008442 -0.043112 28514 28520
14 476.0 482.0 -0.004359 -0.039456 28530 28536
14 476.0 482.0 -0.003361 -0.037631 28546 28552
14 476.0 484.0 -0.006272 -0.035031 28562 28568
14 476.0 484.0 -0.001527 -0.031881 28578 28585
14 476.0 486.0 0.000906 -0.031208 28595 28600
14 476.0 486.0 0.00035 -0.029702 28612 28617
14 476.0 486.0 0.002521 -0.023626 28627 28633
14 476.0 488.0 0.004452 -0.025303 28643 28649
14 476.0 488.0 0.005299 -0.020339 28659 28665
14 476.0 488.0 0.00708 -0.018795 28675 28681
14 476.0 490.0 0.008185 -0.018189 28691 28697
14 476.0 490.0 0.009618 -0.014471 28707 28713
14 478.0 490.0 0.01508 -0.01656 28724 28729
14 478.0 492.0 0.011073 -0.012885 28740 28746
14 478.0 492.0 0.014894 -0.014735 28756 28762
14 478.0 492.0 0.015407 -0.014972 28772 28778
14 478.0 492.0 0.012621 -0.01222 28788 28794
14 480.0 492.0 0.015123 -0.014622 28804 28810
14 480.0 494.0 0.018334 -0.017703 28820 28826
14 480.0 494.0 0.016219 -0.003989 28836 28841
14 482.0 494.0 0.020042 -0.008595 28853 28858
2 482.0 494.0 0.022707 -0.008761 28868 28873
2 482.0 494.0 0.019796 -9.2e-05 28885 28885
2 484.0 494.0 0.021781 -0.003077 28900 28901
2 484.0 494.0 0.025441 -0.004841 28917 28917
2 484.0 494.0 0.023234 0.003603 28932 28933
2 486.0 494.0 0.026105 0.000134 28949 28949
2 486.0 494.0 0.027524 -0.000277 28964 28964
2 486.0 494.0 0.023514 0.004305 28980 28980
2 488.0 494.0 0.023615 0.001229 28996 28997
2 488.0 494.0 0.023618 0.005505 29012 29013
2 490.0 494.0 0.020833 0.001046 29029 29029
2 490.0 494.0 0.019649 0.00184 29044 29045
2 490.0 494.0 0.018605 0.006433 29060 29061
2 492.0 494.0 0.016277 0.003061 29076 29077
2 492.0 494.0 0.01858 -0.002881 29093 29093
2 492.0 494.0 0.0098 0.005474 29108 29108
2 492.0 494.0 0.009415 -0.002052 29124 29124
2 492.0 494.0 0.008218 -0.002587 29140 29141
2 492.0 494.0 0.003562 0.002812 29156 29157
2 492.0 494.0 0.002899 -0.003228 29172 29173
2 492.0 494.0 0.003287 -0.003165 29188 29189
2 492.0 494.0 0.000435 -0.000419 29205 29205
2 492.0 494.0 5.8e-05 -5.5e-05 29220 29221
2 492.0 494.0 8e-06 -7e-06 29236 29237
2 492.0 494.0 1e-06 -0.0 29252 29253
2 492.0 494.0 0.0 -0.0 29269 29269
2 492.0 494.0 0.0 -0.0 29284 29285
2 492.0 494.0 0.0 -0.0 29300 29301
2 492.0 494.0 -0.000648 -0.001798 29316 29317
2 492.0 494.0 -0.004743 -0.003905 29333 29333
2 492.0 494.0 -0.004847 0.002215 29348 29349
2 492.0 494.0 -0.007113 0.002141 29364 29365
2 492.0 494.0 -0.005216 -0.002354 29380 29381
2 492.0 494.0 -0.004427 0.001969 29396 29396
2 492.0 494.0 -0.009284 0.004045 29412 29413
2 492.0 494.0 -0.006279 -0.002595 29428 29429
2 492.0 494.0 -0.006487 0.003757 29444 29445
2 490.0 494.0 -0.009247 0.004171 29460 29461
2 490.0 494.0 -0.004355 -0.004394 29476 29476
2 490.0 494.0 -0.004512 0.001594 29492 29493
2 490.0 494.0 -0.007873 0.003463 29508 29509
2 490.0 494.0 -0.004446 -0.001816 29524 29525
2 490.0 494.0 -0.002215 0.000744 29540 29541
2 490.0 494.0 -0.004834 0.003778 29556 29557
2 490.0 494.0 -0.002562 0.000465 29572 29572
2 490.0 494.0 -0.000173 3.1e-05 29589 29590
2 490.0 494.0 -0.004512 0.001848 29605 29606
2 490.0 494.0 -0.000287 -0.000677 29622 29623
2 490.0 494.0 -3.8e-05 -8.9e-05 29638 29638
2 490.0 494.0 -3e-06 -6e-06 29654 29655
2 490.0 494.0 -0.0 -1e-06 29670 29671
2 490.0 494.0 -0.0 -0.0 29686 29687
2 490.0 494.0 -0.0 -0.0 29702 29702
7 490.0 494.0 -0.0 -0.0 29718 29724
7 490.0 494.0 -0.0 -0.0 29734 29740
7 490.0 494.0 -0.0 -0.0 29750 29756
7 490.0 494.0 -0.0 -0.0 29766 29773
7 490.0 494.0 -0.0 -0.0 29782 29788
7 490.0 494.0 -0.0 -0.0 29798 29805
7 490.0 494.0 -0.0 -0.0 29814 29820
7 490.0 494.0 -0.0 -0.0 29831 29837
7 490.0 494.0 -0.0 -0.0 29846 29852
7 490.0 494.0 0.002897 -0.002746 29862 29869
7 490.0 494.0 0.003921 0.004516 29878 29884
7 490.0 494.0 0.004084 -0.002154 29894 29901
7 490.0 494.0 0.00603 -0.001215 29910 29916
7 490.0 494.0 0.003277 0.002989 29926 29932
7 490.0 494.0 0.002103 -7.8e-05 29943 29949
7 490.0 494.0 0.005473 -0.001889 29959 29966
7 492.0 494.0 0.002374 0.004311 29975 29981
7 492.0 494.0 0.004193 -0.001315 29991 29998
7 492.0 494.0 0.003164 0.001452 30007 30013
7 492.0 494.0 0.002358 -0.001573 30023 30030
7 492.0 494.0 0.001142 0.000236 30039 30045
7 492.0 494.0 0.004255 0.000416 30055 30062
7 492.0 494.0 0.000581 0.000107 30071 30077
7 492.0 494.0 0.004805 -0.00387 30087 30094
7 492.0 494.0 0.002781 0.001725 30104 30110
7 492.0 494.0 0.001978 -0.002452 30120 30126
7 492.0 494.0 0.005585 -0.001714 30137 30143
7 492.0 494.0 0.002181 0.002999 30152 30159
7 492.0 494.0 0.003029 -0.002793 30168 30174
7 492.0 494.0 0.006207 -0.005849 30184 30191
7 492.0 494.0 -0.000603 0.00057 30200 30206
7 492.0 494.0 0.001399 -0.00132 30216 30223
7 492.0 494.0 0.004378 -0.008947 30232 30238
7 492.0 494.0 -0.002425 -0.012992 30249 30255
7 492.0 496.0 -0.001835 -0.018504 30264 30270
0 492.0 496.0 -0.003509 -0.022442 30280 30290
0 492.0 496.0 -0.002865 -0.023891 30298 30304
0 492.0 498.0 -0.001846 -0.030397 30314 30320
0 492.0 498.0 -0.003674 -0.03673 30331 30337
0 492.0 500.0 -0.003683 -0.036641 30346 30353
0 492.0 502.0 -0.004449 -0.04749 30362 30368
0 492.0 504.0 -0.009349 -0.051153 30378 30385
0 492.0 506.0 -0.007336 -0.053009 30394 30400
0 492.0 508.0 -0.007038 -0.066769 30410 30417
0 490.0 510.0 -0.01183 -0.068967 30426 30432
0 490.0 512.0 -0.015541 -0.073436 30443 30449
0 490.0 514.0 -0.014693 -0.081894 30458 30464
0 490.0 516.0 -0.019894 -0.08244 30474 30480
0 488.0 520.0 -0.020085 -0.087381 30490 30497
0 488.0 522.0 -0.022218 -0.096042 30506 30512
0 488.0 526.0 -0.027311 -0.095551 30522 30529
0 486.0 528.0 -0.030511 -0.101696 30538 30544
0 486.0 532.0 -0.031249 -0.107341 30554 30560
0 484.0 536.0 -0.034494 -0.104766 30570 30576
0 482.0 540.0 -0.03566 -0.110075 30586 30592
0 482.0 544.0 -0.038415 -0.111581 30602 30609
0 480.0 546.0 -0.037637 -0.115054 30618 30625
0 480.0 550.0 -0.037959 -0.118417 30634 30641
0 478.0 554.0 -0.040909 -0.118265 30650 30656
0 476.0 558.0 -0.039148 -0.119796 30666 30672
0 476.0 562.0 -0.039998 -0.12645 30683 30689
0 474.0 566.0 -0.046155 -0.121619 30699 30705
0 472.0 570.0 -0.041317 -0.12266 30716 30722
0 472.0 574.0 -0.039087 -0.12572 30732 30738
0 470.0 578.0 -0.041226 -0.120393 30749 30755
0 470.0 582.0 -0.037605 -0.122791 30764 30770
0 468.0 586.0 -0.034604 -0.125592 30780 30787
0 466.0 590.0 -0.037754 -0.119096 30796 30802
0 466.0 594.0 -0.032354 -0.118653 30812 30818
0 464.0 598.0 -0.032741 -0.117708 30828 30834
0 464.0 600.0 -0.031137 -0.10984 30844 30851
0 462.0 604.0 -0.028745 -0.110822 30860 30866
0 462.0 608.0 -0.026307 -0.110429 30877 30883
0 462.0 612.0 -0.021505 -0.109521 30892 30898
0 460.0 616.0 -0.016542 -0.113308 30908 30915
0 460.0 618.0 -0.016119 -0.111817 30924 30930
0 460.0 624.0 -0.013921 -0.111087 30940 30947
0 460.0 626.0 -0.011132 -0.112616 30956 30962
0 460.0 630.0 -0.014403 -0.109575 30972 30979
0 458.0 632.0 -0.013237 -0.104939 30988 30994
0 458.0 638.0 -0.013501 -0.107756 31005 31011
0 458.0 640.0 -0.017745 -0.101893 31020 31026
0 458.0 644.0 -0.014604 -0.103449 31036 31043
0 456.0 646.0 -0.009444 -0.106373 31052 31059
0 456.0 650.0 -0.016421 -0.101259 31068 31074
0 456.0 654.0 -0.015039 -0.098796 31084 31090
0 456.0 656.0 -0.016039 -0.100014 31100 31106
0 454.0 660.0 -0.014164 -0.097532 31116 31122
0 454.0 662.0 -0.011064 -0.098257 31133 31139
0 454.0 666.0 -0.00953 -0.101363 31148 31154
0 454.0 670.0 -0.004986 -0.099269 31164 31170
0 454.0 672.0 -0.003726 -0.101387 31180 31186
0 454.0 676.0 -0.004943 -0.098578 31196 31203
0 454.0 678.0 0.001335 -0.097326 31212 31218
0 454.0 682.0 0.005054 -0.097162 31228 31234
0 454.0 684.0 0.0098 -0.100069 31244 31250
0 456.0 688.0 0.022094 -0.097837 31260 31266
0 456.0 692.0 0.031642 -0.10467 31276 31282
0 458.0 694.0 0.032794 -0.103494 31292 31299
0 458.0 698.0 0.045516 -0.102851 31308 31314
0 460.0 702.0 0.046223 -0.101731 31324 31330
0 462.0 704.0 0.042083 -0.093444 31340 31346
0 464.0 708.0 0.048612 -0.092375 31356 31362
0 464.0 710.0 0.052034 -0.088885 31372 31378
0 466.0 712.0 0.055396 -0.085764 31388 31395
0 468.0 716.0 0.057024 -0.082285 31404 31410
0 470.0 718.0 0.059406 -0.083318 31421 31427
0 472.0 720.0 0.056189 -0.075465 31436 31442
0 474.0 722.0 0.061697 -0.075417 31452 31459
0 476.0 726.0 0.056875 -0.071637 31468 31474
0 478.0 728.0 0.059704 -0.068196 31485 31491
0 480.0 730.0 0.064619 -0.074116 31500 31506
0 482.0 732.0 0.056577 -0.068448 31517 31523
0 484.0 734.0 0.063926 -0.070927 31532 31539
0 486.0 736.0 0.058439 -0.070261 31548 31554
0 488.0 740.0 0.045653 -0.067915 31564 31570
0 488.0 742.0 0.050661 -0.063488 31580 31587
0 490.0 744.0 0.047364 -0.065169 31597 31603
0 492.0 744.0 0.032041 -0.059337 31614 31620
0 492.0 746.0 0.037574 -0.058725 31630 31636
0 494.0 750.0 0.032156 -0.064109 31646 31652
0 494.0 752.0 0.027419 -0.06237 31662 31668
0 496.0 752.0 0.026967 -0.06192 31679 31685
0 496.0 754.0 0.021463 -0.063908 31695 31701
0 496.0 758.0 0.023869 -0.064051 31711 31717
0 498.0 760.0 0.022375 -0.064394 31727 31733
0 498.0 762.0 0.021271 -0.06433 31743 31749
0 498.0 764.0 0.019076 -0.062667 31760 31766
0 500.0 764.0 0.020357 -0.063533 31775 31781
0 500.0 768.0 0.014887 -0.063614 31791 31797
0 500.0 770.0 0.015738 -0.059934 31807 31813
0 500.0 772.0 0.017398 -0.063219 31823 31829
0 502.0 774.0 0.007925 -0.062124 31840 31846
0 502.0 776.0 0.011546 -0.05835 31856 31862
0 502.0 778.0 0.009527 -0.061297 31872 31879
0 502.0 778.0 0.002974 -0.054683 31888 31894
0 502.0 780.0 0.000447 -0.056773 31905 31911
0 502.0 782.0 0.001196 -0.054242 31920 31926
0 502.0 784.0 -0.004493 -0.050359 31936 31942
0 502.0 786.0 -0.003037 -0.050151 31953 31959
0 502.0 788.0 -0.007967 -0.051529 31969 31975
0 502.0 790.0 -0.006584 -0.048651 31986 31992
0 500.0 790.0 -0.006457 -0.049412 32001 32007
0 500.0 792.0 -0.009123 -0.052249 32018 32024
0 500.0 794.0 -0.002315 -0.052462 32033 32039
0 500.0 796.0 -0.003164 -0.054759 32049 32055
0 500.0 798.0 -0.00988 -0.053867 32065 32071
0 500.0 800.0 -0.002277 -0.052159 32081 32088
0 500.0 802.0 -0.001722 -0.056858 32097 32103
0 500.0 802.0 -0.007259 -0.057555 32113 32119
0 500.0 806.0 -0.004067 -0.055117 32130 32136
0 500.0 806.0 -0.004067 -0.058605 32145 32151
0 500.0 808.0 -0.007682 -0.057089 32161 32168
0 498.0 810.0 -0.004945 -0.056141 32177 32183
0 498.0 812.0 -0.007713 -0.059676 32194 32200
0 498.0 814.0 -0.006749 -0.058133 32209 32215
0 498.0 816.0 -0.00844 -0.060144 32225 32231
0 498.0 818.0 -0.008233 -0.063009 32242 32248
0 498.0 820.0 -0.008292 -0.059932 32258 32264
0 498.0 822.0 -0.007496 -0.061682 32275 32281
0 496.0 824.0 -0.014378 -0.059922 32290 32296
0 496.0 826.0 -0.013718 -0.059573 32306 32313
0 496.0 828.0 -0.013184 -0.059925 32322 32328
0 496.0 830.0 -0.016125 -0.056017 32338 32344
0 496.0 832.0 -0.017156 -0.05615 32354 32360
0 494.0 834.0 -0.015556 -0.05385 32370 32376
0 494.0 834.0 -0.017307 -0.051637 32386 32392
0 494.0 836.0 -0.013076 -0.052021 32402 32408
0 494.0 838.0 -0.012287 -0.048423 32418 32424
0 492.0 840.0 -0.013169 -0.045826 32434 32441
0 492.0 840.0 -0.010586 -0.04317 32450 32456
0 492.0 842.0 -0.008172 -0.040207 32467 32473
0 492.0 844.0 -0.008988 -0.03502 32482 32488
0 492.0 844.0 -0.006701 -0.031203 32498 32504
0 492.0 846.0 -0.004872 -0.029961 32514 32520
0 492.0 846.0 -0.004769 -0.02568 32530 32536
0 492.0 846.0 -0.003848 -0.025063 32546 32552
0 492.0 848.0 -0.001776 -0.021656 32562 32568
0 492.0 848.0 0.001975 -0.017232 32578 32586
0 492.0 848.0 0.002473 -0.018308 32594 32602
0 492.0 850.0 -0.000209 -0.017746 32611 32617
2 492.0 850.0 0.006113 -0.014669 32626 32632
2 492.0 850.0 0.006682 -0.014219 32642 32643
2 492.0 850.0 0.00572 -0.015582 32659 32659
2 492.0 850.0 0.008999 -0.012917 32675 32676
2 492.0 852.0 0.010094 -0.015877 32692 32692
2 492.0 852.0 0.002219 -0.012528 32707 32707
2 492.0 852.0 0.009342 -0.008384 32723 32724
2 494.0 852.0 0.012073 -0.009209 32739 32740
2 494.0 852.0 0.00544 -0.009047 32756 32756
2 494.0 852.0 0.009039 -0.006821 32771 32771
2 494.0 854.0 0.014449 -0.009852 32787 32788
2 494.0 854.0 0.007913 -0.005347 32803 32804
2 494.0 854.0 0.008803 -0.005939 32819 32820
2 496.0 854.0 0.01061 -0.007151 32835 32836
2 496.0 854.0 0.007476 -0.005037 32851 32852
2 496.0 854.0 0.011541 -0.002549 32868 32868
2 496.0 854.0 0.014331 0.00141 32883 32884
2 496.0 854.0 0.01189 -0.001292 32899 32900
2 498.0 854.0 0.016981 -0.002419 32915 32915
2 498.0 854.0 0.015056 0.00147 32932 32932
2 498.0 854.0 0.012928 -0.000145 32948 32948
2 498.0 854.0 0.016928 -0.002069 32964 32965
2 500.0 854.0 0.01465 0.005249 32980 32981
2 500.0 854.0 0.012506 -0.001146 32996 32997
2 500.0 854.0 0.01594 -0.003764 33012 33013
2 500.0 854.0 0.011505 0.002475 33029 33029
2 500.0 854.0 0.012678 -0.000796 33044 33044
2 502.0 854.0 0.014892 -0.000841 33060 33061
2 502.0 854.0 0.00927 0.00141 33076 33077
2 502.0 854.0 0.012384 -0.000928 33092 33092
2 502.0 854.0 0.012826 -0.002815 33108 33109
2 502.0 854.0 0.008287 -0.000657 33124 33125
2 502.0 854.0 0.007143 -7.4e-05 33140 33141
2 504.0 854.0 0.009001 -0.00074 33157 33157
2 504.0 854.0 0.005263 0.000703 33172 33173
2 504.0 854.0 0.004194 -0.001053 33188 33189
2 504.0 854.0 0.00339 0.003176 33204 33205
2 504.0 854.0 0.001851 1.4e-05 33221 33221
2 504.0 854.0 0.000561 0.000384 33237 33237
2 504.0 854.0 0.000901 -0.000548 33253 33254
2 504.0 854.0 0.000119 -7.2e-05 33269 33270
2 504.0 854.0 1.6e-05 -1e-05 33286 33286
2 504.0 854.0 2e-06 -1e-06 33301 33301
2 504.0 854.0 0.0 -0.0 33317 33317
2 504.0 854.0 0.0 -0.0 33333 33334
2 504.0 854.0 0.0 -0.0 33349 33350
2 504.0 854.0 0.0 -0.0 33366 33366
2 504.0 854.0 0.0 -0.0 33381 33381
2 504.0 854.0 -0.004372 0.002014 33397 33398
2 504.0 854.0 -0.005188 -0.000112 33414 33414
2 504.0 854.0 -0.008426 0.001099 33430 33430
7 504.0 854.0 -0.004567 9.6e-05 33446 33446
7 502.0 854.0 -0.009466 0.000905 33462 33468
7 502.0 854.0 -0.005043 -0.003102 33478 33484
7 502.0 854.0 -0.005778 0.000712 33494 33500
7 502.0 854.0 -0.012471 0.001577 33510 33516
7 502.0 854.0 -0.005313 -0.003146 33526 33532
7 502.0 854.0 -0.004594 0.002181 33542 33548
7 502.0 854.0 -0.007379 0.000522 33558 33564
7 502.0 854.0 -0.003613 -0.001092 33574 33579
7 502.0 854.0 -0.005892 0.000615 33591 33596
7 500.0 854.0 -0.00651 0.000459 33606 33612
7 500.0 854.0 -0.002877 -0.00035 33622 33628
7 500.0 854.0 -0.003903 0.000169 33638 33644
7 500.0 854.0 -0.003094 0.001152 33654 33661
7 500.0 854.0 -0.003728 0.002371 33670 33676
7 500.0 854.0 -0.006337 0.004231 33687 33695
7 500.0 854.0 -0.005867 0.003925 33704 33711
7 500.0 854.0 -0.003559 0.01798 33720 33726
0 500.0 852.0 -0.00803 0.031753 33736 33742
0 500.0 850.0 -0.002326 0.040342 33752 33757
0 500.0 850.0 -0.006532 0.054328 33769 33774
0 500.0 848.0 -0.013782 0.066991 33785 33791
0 498.0 844.0 -0.007407 0.078938 33801 33807
0 498.0 842.0 -0.014969 0.091514 33818 33823
0 498.0 838.0 -0.011323 0.105424 33834 33839
0 498.0 834.0 -0.015122 0.112267 33849 33855
0 498.0 832.0 -0.011112 0.123698 33865 33871
0 496.0 826.0 -0.011042 0.131627 33881 33887
0 496.0 822.0 -0.0046 0.13493 33897 33903
0 496.0 818.0 0.002162 0.137294 33913 33919
0 498.0 814.0 0.009453 0.143087 33929 33935
0 498.0 810.0 0.011348 0.144345 33945 33951
0 498.0 804.0 0.016957 0.149175 33961 33967
0 500.0 798.0 0.025311 0.152228 33977 33983
0 500.0 794.0 0.027739 0.154244 33993 33999
0 502.0 790.0 0.038944 0.155364 34009 34015
0 502.0 784.0 0.053975 0.155039 34025 34031
0 506.0 778.0 0.057252 0.157072 34042 34047
0 508.0 774.0 0.060588 0.161866 34057 34063
0 510.0 768.0 0.070018 0.159605 34073 34079
0 512.0 764.0 0.075864 0.162401 34089 34095
0 514.0 758.0 0.074215 0.163372 34105 34111
0 516.0 752.0 0.079123 0.16091 34121 34127
0 520.0 748.0 0.082603 0.162018 34137 34143
0 522.0 744.0 0.083694 0.154413 34153 34159
0 524.0 738.0 0.081461 0.153964 34169 34175
0 526.0 734.0 0.082061 0.150728 34185 34191
0 530.0 728.0 0.080345 0.146755 34201 34207
0 532.0 724.0 0.079015 0.144582 34217 34223
0 534.0 720.0 0.075545 0.146155 34233 34239
0 536.0 716.0 0.075157 0.137629 34249 34255
0 540.0 710.0 0.072316 0.134281 34265 34271
0 542.0 706.0 0.069032 0.132906 34281 34287
0 544.0 702.0 0.066095 0.125596 34297 34303
0 546.0 698.0 0.059072 0.120583 34313 34319
0 548.0 694.0 0.049818 0.119865 34329 34335
0 550.0 690.0 0.050407 0.108852 34345 34351
0 550.0 688.0 0.039521 0.105899 34361 34367
0 552.0 684.0 0.031283 0.104578 34377 34383
0 552.0 682.0 0.025444 0.09697 34393 34399
0 552.0 678.0 0.014715 0.095214 34409 34415
0 552.0 674.0 0.004613 0.097269 34426 34431
0 552.0 672.0 -0.007005 0.09185 34443 34449
0 552.0 668.0 -0.015254 0.091761 34459 34465
0 552.0 666.0 -0.015731 0.088934 34476 34482
0 552.0 662.0 -0.026307 0.085287 34493 34498
0 550.0 660.0 -0.037789 0.087929 34510 34515
0 548.0 656.0 -0.038934 0.085073 34525 34531
0 546.0 654.0 -0.047284 0.081492 34541 34547
0 546.0 652.0 -0.055278 0.084759 34557 34563
0 544.0 650.0 -0.053885 0.075627 34573 34579
0 542.0 648.0 -0.058503 0.073126 34589 34596
0 540.0 646.0 -0.0581 0.070459 34605 34611
0 538.0 642.0 -0.054577 0.065206 34621 34627
0 536.0 640.0 -0.057964 0.061082 34637 34643
0 534.0 640.0 -0.054769 0.059053 34653 34659
0 534.0 638.0 -0.054321 0.056248 34669 34675
0 532.0 636.0 -0.054322 0.058215 34685 34691
0 530.0 634.0 -0.049969 0.056946 34701 34706
0 528.0 632.0 -0.0523 0.055103 34718 34724
0 526.0 630.0 -0.053675 0.057494 34734 34740
0 524.0 628.0 -0.049848 0.059772 34751 34756
0 522.0 626.0 -0.051418 0.057085 34766 34772
0 520.0 624.0 -0.052985 0.065874 34782 34788
0 520.0 622.0 -0.049717 0.066755 34798 34804
0 518.0 620.0 -0.057063 0.069193 34814 34820
0 516.0 618.0 -0.056526 0.070418 34830 34836
0 514.0 616.0 -0.052454 0.069924 34846 34851
0 512.0 612.0 -0.054236 0.072548 34863 34868
0 510.0 610.0 -0.053432 0.070439 34878 34883
0 510.0 608.0 -0.051302 0.072064 34895 34900
0 508.0 606.0 -0.049105 0.074156 34910 34916
0 506.0 604.0 -0.051506 0.077545 34926 34932
0 504.0 602.0 -0.045064 0.074249 34942 34948
0 504.0 598.0 -0.042363 0.074802 34958 34964
0 502.0 596.0 -0.037983 0.074727 34974 34979
0 500.0 594.0 -0.034099 0.073764 34991 34996
0 500.0 592.0 -0.030555 0.0711 35006 35012
0 500.0 590.0 -0.022666 0.074771 35022 35028
0 498.0 588.0 -0.019965 0.071132 35038 35044
0 498.0 584.0 -0.015724 0.076218 35054 35060
0 498.0 582.0 -0.010735 0.073034 35070 35076
0 498.0 580.0 -0.012175 0.072681 35086 35092
0 496.0 578.0 -0.009434 0.076182 35102 35108
0 496.0 576.0 -0.003505 0.074905 35118 35124
0 496.0 574.0 -0.008114 0.075739 35134 35140
0 496.0 570.0 -0.008807 0.079046 35150 35156
0 496.0 568.0 -0.001086 0.078638 35167 35172
0 496.0 566.0 -0.005496 0.082179 35183 35188
0 496.0 562.0 -0.00837 0.08547 35198 35204
0 496.0 560.0 -0.006631 0.083312 35214 35220
0 496.0 558.0 -0.007253 0.086204 35230 35236
0 496.0 554.0 -0.007061 0.087533 35246 35252
0 496.0 552.0 -0.003814 0.081032 35262 35269
0 494.0 550.0 -0.008924 0.08347 35278 35285
0 494.0 546.0 -0.00413 0.079434 35294 35300
0 494.0 544.0 -0.006903 0.074029 35310 35316
0 494.0 542.0 -0.011577 0.072952 35326 35332
0 494.0 540.0 -0.006056 0.063679 35343 35348
0 494.0 538.0 -0.010807 0.058681 35359 35364
0 494.0 536.0 -0.013568 0.059438 35374 35380
0 492.0 534.0 -0.008095 0.054122 35390 35396
0 492.0 532.0 -0.007462 0.04984 35406 35412
0 492.0 532.0 -0.007689 0.043471 35422 35428
0 492.0 530.0 -0.001039 0.037919 35438 35444
0 492.0 528.0 -0.003435 0.033831 35454 35460
0 492.0 528.0 -0.005202 0.03463 35470 35476
0 492.0 526.0 -0.003413 0.034733 35486 35491
0 492.0 526.0 -0.003283 0.032977 35503 35508
0 492.0 524.0 -0.006011 0.037701 35518 35524
0 492.0 524.0 -0.00611 0.033879 35534 35540
0 492.0 522.0 -0.007287 0.035625 35550 35556
0 492.0 520.0 -0.007625 0.035426 35566 35572
0 490.0 520.0 -0.007398 0.030928 35583 35589
0 490.0 518.0 -0.008527 0.032587 35599 35604
0 490.0 518.0 -0.009812 0.036072 35615 35621
2 490.0 516.0 -0.010088 0.028359 35631 35637
2 490.0 516.0 -0.01011 0.02902 35647 35648
2 490.0 516.0 -0.007499 0.029224 35664 35664
2 490.0 514.0 -0.011172 0.023883 35679 35680
2 488.0 514.0 -0.012871 0.028602 35695 35696
2 488.0 512.0 -0.008881 0.028314 35712 35712
2 488.0 512.0 -0.011878 0.022401 35728 35728
2 488.0 512.0 -0.014033 0.026586 35745 35745
2 488.0 510.0 -0.006421 0.024377 35760 35761
2 488.0 510.0 -0.009878 0.022764 35776 35776
2 486.0 508.0 -0.011108 0.025792 35792 35793
2 486.0 508.0 -0.007458 0.02413 35809 35809
2 486.0 508.0 -0.008719 0.022774 35825 35825
2 486.0 506.0 -0.010627 0.024885 35840 35841
2 486.0 506.0 -0.006482 0.022871 35856 35857
2 486.0 504.0 -0.010552 0.020825 35872 35872
2 486.0 504.0 -0.01104 0.024185 35888 35889
2 484.0 504.0 -0.008082 0.018803 35904 35905
2 484.0 504.0 -0.006924 0.01666 35921 35921
2 484.0 502.0 -0.005074 0.020866 35936 35937
2 484.0 502.0 -0.004426 0.0119 35952 35953
2 484.0 502.0 -0.002754 0.009811 35968 35969
2 484.0 502.0 0.001557 0.011592 35985 35985
2 484.0 502.0 -0.001811 0.008389 36000 36000
2 484.0 500.0 -0.002178 0.01156 36016 36017
2 484.0 500.0 0.003399 0.008507 36033 36033
2 484.0 500.0 0.001816 0.006551 36048 36048
2 484.0 500.0 0.003135 0.008571 36064 36065
2 484.0 500.0 0.004319 0.01154 36080 36081
2 484.0 500.0 0.003441 0.009181 36096 36097
2 484.0 498.0 0.00401 0.010712 36112 36112
2 484.0 498.0 0.004271 0.01143 36128 36129
2 486.0 498.0 0.004943 0.013251 36144 36145
2 486.0 498.0 0.005371 0.014424 36161 36161
2 486.0 498.0 0.005267 0.014168 36176 36176
2 486.0 496.0 0.005227 0.014086 36192 36193
2 486.0 496.0 0.005888 0.015904 36209 36209
2 486.0 496.0 0.006852 0.006147 36224 36224
2 486.0 496.0 0.00881 0.008004 36240 36241
2 486.0 496.0 0.008613 0.010474 36256 36257
2 486.0 496.0 0.0062 0.004528 36272 36273
2 486.0 496.0 0.007574 -0.000636 36288 36288
2 488.0 494.0 0.003688 0.007158 36304 36304
2 488.0 496.0 0.000497 -0.000855 36320 36321
2 488.0 496.0 0.002046 -0.000136 36336 36337
2 488.0 496.0 0.000271 -1.8e-05 36352 36353
2 488.0 496.0 1.8e-05 -1e-06 36369 36369
2 488.0 496.0 2e-06 -0.0 36384 36385
2 488.0 496.0 0.0 -0.0 36400 36401
2 488.0 496.0 0.0 -0.0 36416 36417
2 488.0 496.0 -0.00267 -0.007258 36432 36432
2 486.0 496.0 -0.006379 -0.006609 36448 36449
2 486.0 496.0 -0.008233 -0.008488 36464 36465
2 486.0 496.0 -0.010791 -0.009587 36480 36480
2 486.0 496.0 -0.007035 -0.009418 36496 36496
2 486.0 496.0 -0.008334 -0.008852 36512 36513
2 486.0 496.0 -0.008339 -0.013425 36528 36529
2 486.0 498.0 -0.006695 -0.006286 36544 36545
2 484.0 498.0 -0.010236 -0.006655 36561 36561
2 484.0 498.0 -0.007208 -0.009415 36576 36576
2 484.0 498.0 -0.003284 -0.003946 36592 36593
2 484.0 498.0 -0.006184 -0.003624 36608 36609
2 484.0 498.0 -0.004461 -0.007417 36624 36624
2 484.0 498.0 -0.004146 -1.3e-05 36640 36641
7 484.0 498.0 -0.005646 0.003261 36656 36662
7 484.0 498.0 -0.003515 -2.9e-05 36673 36679
7 484.0 498.0 -0.006704 0.002837 36690 36696
7 484.0 498.0 -0.003826 0.003187 36705 36711
7 484.0 498.0 -0.00339 0.003182 36721 36727
7 484.0 498.0 -0.003828 0.003656 36737 36743
7 484.0 498.0 -0.00205 9.2e-05 36753 36759
7 484.0 498.0 -0.000634 0.000481 36770 36776
7 484.0 498.0 -0.003462 0.0033 36785 36791
7 484.0 498.0 0.000515 -0.000496 36801 36808
7 484.0 498.0 6.8e-05 -6.6e-05 36817 36823
7 484.0 498.0 9e-06 -9e-06 36833 36839
7 484.0 498.0 1e-06 -1e-06 36850 36856
7 484.0 498.0 0.0 -0.0 36866 36872
7 484.0 498.0 0.00191 -0.001829 36882 36889
7 484.0 498.0 0.002658 -0.002545 36898 36904
7 484.0 498.0 0.005085 -0.000246 36914 36920
7 484.0 498.0 0.007376 0.000283 36931 36937
7 484.0 498.0 0.003575 5.1e-05 36947 36953
7 484.0 498.0 0.005716 -0.003685 36963 36970
7 484.0 498.0 0.003409 0.001274 36979 36985
7 484.0 498.0 0.002518 -0.002976 36995 37000
7 484.0 498.0 0.005799 -0.003188 37011 37017
7 484.0 498.0 0.000732 -0.00022 37027 37034
7 484.0 498.0 0.000765 0.001761 37043 37049
7 484.0 498.0 0.002187 -0.001129 37059 37066
7 484.0 498.0 0.000786 -0.000624 37075 37081
7 484.0 498.0 0.000104 -8.2e-05 37091 37098
7 484.0 498.0 1.4e-05 -1.1e-05 37107 37113
7 484.0 498.0 1e-06 -1e-06 37124 37130
7 484.0 498.0 0.0 -0.0 37139 37145
7 484.0 498.0 0.0 -0.0 37155 37162
7 484.0 498.0 0.0 -0.0 37171 37177
7 484.0 498.0 0.0 -0.0 37187 37193
7 484.0 498.0 0.0 -0.0 37203 37210
7 484.0 498.0 0.0 -0.0 37219 37225
7 484.0 498.0 0.0 -0.0 37235 37241
7 484.0 498.0 -0.005771 0.005516 37252 37258
7 484.0 498.0 -0.00105 0.001565 37267 37273
7 484.0 498.0 -0.004572 0.002862 37284 37290
7 484.0 498.0 -0.001365 -0.004992 37299 37305
7 484.0 498.0 -0.000987 0.000718 37315 37322
7 484.0 498.0 -0.004126 0.003286 37331 37337
7 484.0 498.0 -0.000994 -0.003392 37347 37354
7 484.0 498.0 -0.000956 -0.000852 37364 37370
7 484.0 498.0 -0.006068 0.004942 37380 37386
7 484.0 498.0 0.001567 -0.003482 37396 37403
7 484.0 498.0 -0.002677 0.002299 37412 37418
7 484.0 498.0 -0.000695 -0.001221 37428 37435
7 484.0 498.0 -0.002976 0.002598 37444 37450
7 484.0 498.0 -0.001063 -0.001446 37460 37467
7 484.0 498.0 -0.000315 -0.000656 37476 37482
7 484.0 498.0 -4.2e-05 -8.7e-05 37492 37498
7 484.0 498.0 -0.000751 0.000711 37508 37515
7 484.0 498.0 -0.001111 -0.002607 37524 37530
7 484.0 498.0 -0.000147 -0.000345 37540 37546
7 484.0 498.0 -1.9e-05 -4.6e-05 37557 37563
7 484.0 498.0 -1e-06 -3e-06 37572 37579
7 484.0 498.0 -0.0 -1e-06 37588 37594
7 484.0 498.0 -0.0 -0.0 37604 37611
7 484.0 498.0 -0.0 -0.0 37620 37626
7 484.0 498.0 -0.0 -0.0 37636 37642
7 484.0 498.0 -0.0 -0.0 37652 37658
7 484.0 498.0 -0.0 -0.0 37668 37674
