7 486.0 466.0 0.001337 0.003954 5528 5535
7 486.0 466.0 -0.000117 -0.000347 5545 5551
7 486.0 466.0 0.000438 0.001294 5561 5568
7 486.0 466.0 0.000217 0.000641 5577 5583
7 486.0 466.0 0.001472 -0.001375 5593 5599
7 486.0 466.0 0.001118 0.002551 5609 5616
7 486.0 466.0 0.003321 -0.001524 5625 5631
7 486.0 466.0 0.001738 -0.002089 5641 5648
7 486.0 466.0 0.000117 -0.000141 5657 5664
7 486.0 466.0 0.001861 0.005447 5673 5680
7 486.0 466.0 -0.000224 -0.000672 5689 5695
7 486.0 466.0 -3e-05 -8.9e-05 5705 5712
7 486.0 466.0 -4e-06 -1.2e-05 5721 5727
7 486.0 466.0 -0.0 -1e-06 5737 5744
7 486.0 466.0 -0.0 -0.0 5753 5760
7 486.0 466.0 -0.0 -0.0 5770 5776
7 486.0 466.0 -0.0 -0.0 5785 5792
7 486.0 466.0 -0.0 -0.0 5801 5807
7 486.0 466.0 -0.0 -0.0 5817 5824
7 486.0 466.0 -0.0 -0.0 5833 5839
7 486.0 466.0 -0.0 -0.0 5849 5856
7 486.0 466.0 -0.0 -0.0 5865 5872
7 486.0 466.0 -0.0 -0.0 5881 5887
7 486.0 466.0 -0.0 -0.0 5897 5904
7 486.0 466.0 -0.0 -0.0 5913 5920
7 486.0 466.0 -0.0 -0.0 5929 5935
7 486.0 466.0 -0.0 -0.0 5946 5952
7 486.0 466.0 -0.0 -0.0 5961 5968
7 486.0 466.0 -0.001895 0.001844 5977 5983
7 486.0 466.0 -0.001344 0.001308 5993 6000
7 486.0 466.0 0.000314 -0.000306 6009 6015
7 486.0 466.0 4.2e-05 -4e-05 6025 6032
7 486.0 466.0 5e-06 -5e-06 6041 6047
7 486.0 466.0 0.0 -0.0 6057 6064
7 486.0 466.0 0.0 -0.0 6073 6079
7 486.0 466.0 0.0 -0.0 6090 6096
7 486.0 466.0 -0.000923 -0.002732 6105 6112
7 486.0 466.0 -0.000533 -0.001576 6121 6127
7 486.0 466.0 -0.001474 0.001157 6138 6144
7 486.0 466.0 0.000792 -0.002657 6153 6160
7 486.0 466.0 0.002988 -0.005005 6169 6175
7 486.0 468.0 0.000275 -0.00295 6185 6192
7 486.0 468.0 -0.000735 -0.00267 6201 6207
7 486.0 468.0 -0.000371 -0.001128 6217 6224
7 486.0 468.0 -0.000974 -0.002881 6233 6239
7 486.0 468.0 -0.00214 -0.006314 6250 6256
7 486.0 468.0 -0.001528 -0.004506 6265 6271
7 486.0 468.0 -0.003055 -0.008993 6281 6288
7 486.0 468.0 -0.011432 -0.009283 6297 6303
7 484.0 468.0 -0.013125 -0.005115 6313 6320
7 484.0 468.0 -0.0166 -0.006884 6329 6335
7 484.0 468.0 -0.018985 -0.008879 6346 6352
9 482.0 468.0 -0.019832 -0.006887 6361 6372
9 482.0 470.0 -0.023551 -0.009726 6381 6387
9 482.0 470.0 -0.026343 -0.00556 6397 6403
9 480.0 470.0 -0.027122 -0.009933 6413 6419
9 480.0 470.0 -0.030297 -0.013643 6429 6435
9 478.0 470.0 -0.032949 -0.009504 6446 6452
9 478.0 470.0 -0.039157 -0.013401 6463 6469
9 476.0 472.0 -0.045118 -0.011404 6480 6486
9 474.0 472.0 -0.046155 -0.011501 6495 6502
9 472.0 472.0 -0.054625 -0.013216 6512 6518
9 470.0 472.0 -0.060466 -0.006715 6527 6534
9 468.0 472.0 -0.062344 -0.012078 6543 6550
9 466.0 472.0 -0.069096 -0.00928 6559 6566
9 464.0 474.0 -0.073997 -0.007298 6575 6582
9 462.0 474.0 -0.073031 -0.011042 6591 6597
9 458.0 474.0 -0.082138 -0.009199 6608 6614
9 456.0 474.0 -0.080802 -0.006137 6623 6630
9 454.0 474.0 -0.084571 -0.009059 6639 6646
9 450.0 474.0 -0.089303 -0.004929 6655 6661
9 448.0 474.0 -0.089019 -0.008823 6672 6678
9 444.0 476.0 -0.092149 -0.006606 6688 6694
9 442.0 476.0 -0.09386 -0.006065 6704 6710
9 438.0 476.0 -0.092703 -0.005338 6720 6726
9 436.0 476.0 -0.093863 -0.008162 6736 6743
9 432.0 476.0 -0.096587 -0.00405 6752 6759
9 430.0 476.0 -0.093698 -0.010214 6768 6775
9 426.0 476.0 -0.09761 -0.006903 6784 6790
9 422.0 476.0 -0.0988 -0.002969 6800 6806
9 420.0 476.0 -0.095477 -0.007962 6817 6823
9 418.0 476.0 -0.100601 -0.002138 6832 6839
9 414.0 476.0 -0.097552 -0.00217 6848 6855
9 410.0 478.0 -0.098743 -0.004135 6864 6871
9 408.0 478.0 -0.098994 -0.004102 6880 6887
9 404.0 478.0 -0.10114 0.000424 6896 6902
9 402.0 478.0 -0.100262 -0.006268 6913 6919
9 398.0 478.0 -0.103971 -0.004981 6928 6935
9 394.0 478.0 -0.10167 -0.008418 6944 6951
9 390.0 478.0 -0.10358 -0.006229 6960 6967
9 388.0 478.0 -0.106887 -0.006228 6976 6982
9 384.0 478.0 -0.103365 -0.008852 6993 6999
9 380.0 478.0 -0.108743 -0.005256 7009 7015
9 376.0 478.0 -0.109384 -0.001722 7026 7032
9 374.0 478.0 -0.109824 -0.005482 7042 7048
9 370.0 478.0 -0.112527 -0.006711 7058 7064
9 366.0 480.0 -0.112125 -0.000697 7073 7080
9 362.0 480.0 -0.111481 -0.006628 7089 7095
9 358.0 480.0 -0.117028 -0.005858 7105 7111
9 356.0 480.0 -0.114905 -0.005304 7122 7128
9 350.0 480.0 -0.119273 -0.00924 7138 7145
9 348.0 480.0 -0.122818 -0.004417 7154 7161
9 344.0 480.0 -0.118758 -0.00637 7170 7176
9 340.0 480.0 -0.123207 -0.006088 7187 7193
9 336.0 480.0 -0.122727 -0.00752 7203 7209
9 330.0 482.0 -0.126234 -0.008602 7220 7226
9 328.0 482.0 -0.127296 -0.009224 7235 7242
9 324.0 482.0 -0.130978 -0.004508 7251 7258
9 318.0 482.0 -0.12952 -0.012623 7267 7275
9 314.0 482.0 -0.130354 -0.012139 7284 7291
9 310.0 482.0 -0.129541 -0.008666 7301 7307
9 300.0 484.0 -0.127078 -0.005976 7317 7323
9 296.0 484.0 -0.125409 -0.011188 7358 7365
9 292.0 484.0 -0.125551 -0.008212 7373 7380
9 288.0 484.0 -0.12188 -0.005851 7389 7395
9 284.0 484.0 -0.122965 -0.0077 7405 7412
9 280.0 486.0 -0.118702 -0.00889 7421 7428
9 276.0 486.0 -0.11785 -0.007309 7437 7444
9 272.0 486.0 -0.115625 -0.009098 7454 7460
9 268.0 486.0 -0.115091 -0.00725 7469 7476
9 266.0 486.0 -0.110498 -0.008543 7485 7492
9 262.0 486.0 -0.109403 -0.004431 7501 7508
9 260.0 486.0 -0.10649 -0.005579 7517 7524
9 256.0 486.0 -0.104295 -0.010441 7533 7540
9 252.0 488.0 -0.103275 -0.007304 7549 7555
9 248.0 488.0 -0.101562 -0.007529 7565 7571
9 246.0 488.0 -0.098081 -0.008978 7581 7588
9 242.0 488.0 -0.098347 -0.009277 7598 7604
9 240.0 488.0 -0.096732 -0.004759 7614 7620
9 236.0 488.0 -0.095079 -0.006193 7630 7636
9 234.0 488.0 -0.09436 -0.007914 7647 7653
9 230.0 488.0 -0.086137 -0.009649 7663 7669
9 228.0 488.0 -0.088365 -0.008927 7679 7685
9 224.0 490.0 -0.088231 -0.006927 7694 7701
9 222.0 490.0 -0.082858 -0.007357 7710 7717
9 220.0 490.0 -0.084883 -0.005665 7726 7733
9 218.0 490.0 -0.081582 -0.002879 7742 7749
9 214.0 490.0 -0.077519 -0.009363 7758 7765
9 212.0 490.0 -0.080612 -0.005403 7774 7780
9 210.0 490.0 -0.078551 -0.004492 7790 7796
9 206.0 490.0 -0.07615 -0.007537 7806 7813
9 204.0 490.0 -0.076454 -0.004988 7822 7829
9 202.0 490.0 -0.07567 -0.003634 7838 7845
9 200.0 492.0 -0.074236 -0.008857 7854 7861
9 198.0 492.0 -0.077073 -0.008068 7870 7876
9 194.0 492.0 -0.073394 0.001654 7887 7893
9 192.0 492.0 -0.072878 -0.00898 7904 7910
9 190.0 492.0 -0.073488 -0.00499 7919 7926
9 188.0 492.0 -0.071022 -0.005024 7935 7942
9 186.0 492.0 -0.073069 -0.00891 7951 7957
9 184.0 492.0 -0.071755 -0.003255 7967 7974
9 182.0 494.0 -0.070219 -0.012517 7983 7990
9 178.0 494.0 -0.07443 -0.009965 8000 8005
9 176.0 494.0 -0.073079 -0.00407 8015 8022
9 174.0 494.0 -0.069605 -0.008371 8031 8038
9 172.0 494.0 -0.07139 -0.008068 8047 8053
9 170.0 494.0 -0.066221 -0.001189 8064 8070
9 168.0 494.0 -0.063081 -0.006089 8079 8086
9 166.0 494.0 -0.066138 -0.008804 8095 8102
9 164.0 494.0 -0.060095 -0.004015 8111 8118
9 162.0 494.0 -0.060914 -0.00233 8127 8134
9 160.0 494.0 -0.060275 0.002813 8143 8150
9 158.0 494.0 -0.05616 -0.002232 8159 8166
9 156.0 494.0 -0.053526 0.001566 8175 8181
9 154.0 494.0 -0.053895 0.006584 8191 8197
9 152.0 494.0 -0.053271 0.004773 8207 8214
9 152.0 494.0 -0.052914 0.005936 8223 8229
9 150.0 494.0 -0.052313 0.008774 8239 8245
9 148.0 494.0 -0.047991 0.008269 8256 8262
9 146.0 494.0 -0.05159 0.008701 8272 8279
9 144.0 492.0 -0.048323 0.011903 8288 8295
9 142.0 492.0 -0.046807 0.007744 8304 8311
9 142.0 492.0 -0.04371 0.005827 8320 8327
9 140.0 492.0 -0.040233 0.003798 8336 8342
9 140.0 492.0 -0.039558 0.002455 8352 8358
9 138.0 492.0 -0.042095 0.005049 8368 8375
9 136.0 492.0 -0.036873 0.000341 8384 8391
9 136.0 492.0 -0.035588 0.001388 8400 8406
9 134.0 492.0 -0.033882 0.003986 8416 8423
9 134.0 492.0 -0.031237 -0.001293 8432 8439
9 132.0 492.0 -0.030597 -0.002499 8448 8455
9 132.0 492.0 -0.02674 0.002595 8464 8470
9 130.0 492.0 -0.02227 -0.001815 8480 8486
9 130.0 492.0 -0.020261 -0.005506 8496 8502
2 130.0 492.0 -0.015301 -0.00251 8512 8518
2 130.0 492.0 -0.011656 -0.005555 8529 8529
2 128.0 492.0 -0.010908 -0.003652 8545 8545
2 128.0 492.0 -0.008607 0.003795 8561 8562
2 128.0 492.0 -0.003482 -0.001593 8578 8578
2 128.0 492.0 -0.004666 0.000737 8593 8594
2 128.0 492.0 0.000345 -0.001608 8609 8610
2 128.0 492.0 4.6e-05 -0.000213 8625 8626
2 128.0 492.0 6e-06 -2.8e-05 8642 8642
2 128.0 492.0 1e-06 -4e-06 8657 8657
2 128.0 492.0 0.0 -0.0 8673 8674
2 128.0 492.0 0.0 -0.0 8689 8690
2 128.0 492.0 0.0 -0.0 8705 8705
2 128.0 492.0 0.0 -0.0 8721 8721
2 128.0 492.0 0.001914 0.002158 8737 8738
2 128.0 492.0 0.001521 0.001715 8754 8754
2 128.0 492.0 0.002444 0.002756 8770 8770
2 128.0 492.0 0.001262 0.001423 8786 8787
2 128.0 492.0 0.001435 0.001618 8802 8803
2 128.0 492.0 0.002799 0.003158 8819 8819
2 128.0 492.0 0.001321 0.00149 8835 8836
2 128.0 492.0 0.001771 0.001998 8851 8852
2 128.0 492.0 0.001261 0.001424 8868 8868
2 128.0 492.0 0.001434 0.001619 8883 8884
2 128.0 492.0 0.001785 0.002016 8899 8900
2 128.0 492.0 0.000272 0.000308 8916 8916
2 128.0 492.0 0.000681 0.00077 8931 8931
2 130.0 492.0 0.002002 0.002261 8947 8948
2 130.0 492.0 0.000657 -0.002158 8964 8964
2 130.0 492.0 0.001061 0.000815 8979 8979
2 130.0 492.0 0.00014 0.000108 8995 8996
2 130.0 492.0 0.002285 -0.000326 9011 9012
2 130.0 492.0 0.000321 0.000167 9028 9028
2 130.0 492.0 0.001343 -0.00228 9043 9043
2 130.0 492.0 0.001489 0.000201 9059 9060
2 130.0 492.0 0.000197 2.7e-05 9075 9076
2 130.0 492.0 0.001824 -0.003202 9092 9092
2 130.0 492.0 0.001827 0.002312 9107 9108
2 130.0 492.0 0.000579 -0.000292 9123 9124
2 130.0 492.0 0.001378 -0.002341 9140 9140
2 130.0 492.0 0.001768 0.002426 9155 9155
2 130.0 492.0 0.000572 -0.000277 9171 9172
2 130.0 492.0 0.001304 0.001413 9188 9188
2 130.0 492.0 0.000501 0.000558 9203 9203
2 130.0 492.0 6.6e-05 7.4e-05 9219 9220
2 130.0 492.0 9e-06 1e-05 9235 9236
2 130.0 492.0 1e-06 1e-06 9252 9252
2 130.0 492.0 0.0 0.0 9268 9269
2 130.0 492.0 0.0 0.0 9284 9284
2 130.0 492.0 0.0 0.0 9300 9301
2 130.0 492.0 0.0 0.0 9316 9317
2 130.0 492.0 0.0 0.0 9332 9332
2 130.0 492.0 0.0 0.0 9348 9349
2 130.0 492.0 0.0 0.0 9364 9365
2 130.0 492.0 0.0 0.0 9380 9381
2 130.0 492.0 0.0 0.0 9396 9397
2 130.0 492.0 0.0 0.0 9412 9413
7 130.0 492.0 0.0 0.0 9428 9430
7 130.0 492.0 0.0 0.0 9444 9450
7 130.0 492.0 0.0 0.0 9460 9466
7 130.0 492.0 0.0 0.0 9476 9482
7 130.0 492.0 -0.000274 -0.00031 9492 9498
7 130.0 492.0 -0.000365 -0.000413 9509 9514
7 130.0 492.0 0.00219 0.002478 9525 9531
7 130.0 492.0 -0.000355 -0.000402 9541 9547
7 130.0 492.0 0.000926 0.001048 9558 9563
7 130.0 492.0 6.2e-05 7.1e-05 9573 9579
7 130.0 492.0 0.001918 0.002171 9589 9595
7 130.0 492.0 0.000254 0.000287 9605 9611
7 130.0 492.0 0.003852 0.004362 9621 9627
7 130.0 492.0 -0.0014 -0.001585 9637 9643
7 130.0 492.0 0.00108 0.001223 9653 9658
7 130.0 492.0 -5.2e-05 -5.9e-05 9669 9674
7 130.0 492.0 0.000328 -0.001552 9686 9691
7 130.0 492.0 0.00167 -0.003082 9701 9707
7 130.0 492.0 0.004039 0.003917 9717 9723
7 130.0 492.0 -0.000223 -0.000297 9733 9739
7 130.0 492.0 -3e-05 -3.9e-05 9749 9755
7 130.0 492.0 0.004514 -0.000588 9765 9771
7 130.0 492.0 0.001533 0.000983 9781 9787
7 130.0 492.0 0.005005 0.001796 9797 9803
7 130.0 492.0 0.005742 -0.00384 9813 9819
7 130.0 492.0 0.008838 -0.001808 9829 9835
7 132.0 492.0 0.015694 -0.000903 9845 9851
7 132.0 492.0 0.01506 -0.002636 9861 9866
7 132.0 492.0 0.018744 0.001542 9878 9883
1 134.0 492.0 0.027169 -0.001464 9894 9900
1 134.0 492.0 0.031623 0.002101 9909 9915
1 136.0 492.0 0.037732 0.000402 9925 9931
1 138.0 492.0 0.048943 -0.006052 9941 9947
1 138.0 492.0 0.051038 -0.004295 9957 9963
1 140.0 492.0 0.062246 -0.008052 9974 9979
1 142.0 492.0 0.067205 -0.016532 9989 9995
1 146.0 494.0 0.071054 -0.014819 10005 10011
1 148.0 494.0 0.074256 -0.018124 10022 10027
1 150.0 494.0 0.07954 -0.019786 10037 10043
1 152.0 496.0 0.08157 -0.019011 10053 10059
1 156.0 496.0 0.087291 -0.018111 10069 10075
1 158.0 496.0 0.085466 -0.023948 10085 10091
1 162.0 496.0 0.088505 -0.017603 10101 10107
1 164.0 498.0 0.094541 -0.018331 10117 10123
1 166.0 498.0 0.097908 -0.019408 10133 10139
1 172.0 498.0 0.101558 -0.01831 10149 10155
1 174.0 500.0 0.105611 -0.018496 10165 10171
1 178.0 500.0 0.107021 -0.016238 10181 10187
1 180.0 500.0 0.115493 -0.014372 10197 10203
1 184.0 500.0 0.114732 -0.014909 10213 10219
1 188.0 502.0 0.116685 -0.01199 10229 10235
1 192.0 502.0 0.119545 -0.007854 10245 10250
1 196.0 502.0 0.121034 -0.009536 10261 10266
1 200.0 502.0 0.121916 -0.001483 10277 10282
1 204.0 502.0 0.126346 -0.004198 10294 10299
1 208.0 502.0 0.126391 -0.005874 10310 10315
1 212.0 502.0 0.12828 -0.002926 10327 10332
1 216.0 502.0 0.130975 -0.000894 10344 10349
1 222.0 502.0 0.131697 0.000596 10360 10365
1 226.0 502.0 0.131047 0.001419 10375 10381
1 230.0 502.0 0.13365 0.002627 10391 10397
1 234.0 502.0 0.132289 0.005704 10407 10413
1 238.0 502.0 0.137669 0.001365 10423 10429
1 244.0 502.0 0.137018 -0.001575 10439 10445
1 248.0 502.0 0.137053 0.002067 10455 10460
1 252.0 502.0 0.140446 0.002698 10471 10476
1 256.0 502.0 0.138818 0.002585 10487 10493
1 260.0 502.0 0.143252 0.00375 10503 10509
1 266.0 502.0 0.143211 0.003532 10519 10525
1 270.0 502.0 0.14311 0.001722 10535 10542
1 274.0 502.0 0.146435 0.006358 10551 10557
1 278.0 502.0 0.147468 -0.001139 10567 10573
1 284.0 502.0 0.147088 0.006656 10583 10589
1 288.0 502.0 0.147844 0.006186 10599 10605
1 294.0 502.0 0.149648 0.001294 10615 10621
1 298.0 500.0 0.14661 0.006815 10631 10637
1 302.0 500.0 0.15103 0.006741 10647 10653
1 308.0 500.0 0.149711 0.004079 10663 10669
1 312.0 500.0 0.151782 0.008934 10679 10685
1 318.0 500.0 0.153915 0.006099 10695 10701
1 322.0 500.0 0.151184 0.006346 10711 10717
1 326.0 500.0 0.148664 0.010889 10727 10733
1 332.0 500.0 0.153632 0.009955 10743 10749
1 336.0 500.0 0.150482 0.00958 10759 10765
1 340.0 498.0 0.152137 0.011576 10775 10781
1 346.0 498.0 0.153874 0.010369 10792 10797
1 352.0 498.0 0.14967 0.009789 10809 10814
1 356.0 498.0 0.148613 0.010621 10824 10830
1 362.0 498.0 0.151124 0.003243 10840 10846
1 366.0 498.0 0.146172 0.007478 10856 10862
1 370.0 498.0 0.148405 0.007749 10872 10878
1 374.0 498.0 0.147255 0.001615 10888 10894
1 380.0 496.0 0.146091 0.006677 10904 10910
1 386.0 496.0 0.144639 0.006531 10920 10926
1 390.0 496.0 0.14332 0.002134 10936 10942
1 394.0 496.0 0.140836 0.005884 10952 10958
1 398.0 496.0 0.13797 0.006206 10968 10974
1 402.0 496.0 0.134312 0.001103 10984 10990
1 408.0 496.0 0.133132 0.000956 11000 11005
1 412.0 496.0 0.132335 2.2e-05 11016 11022
1 416.0 496.0 0.126887 0.000857 11032 11038
1 418.0 496.0 0.127335 0.000771 11048 11054
1 424.0 496.0 0.128709 -0.004807 11064 11070
1 428.0 496.0 0.121654 0.001138 11080 11086
1 432.0 496.0 0.124378 -0.001589 11096 11101
1 434.0 496.0 0.121907 -0.00643 11112 11118
1 438.0 496.0 0.120372 -0.003336 11128 11134
1 444.0 498.0 0.119611 -0.003943 11145 11150
1 446.0 498.0 0.115604 -0.008499 11161 11166
1 450.0 498.0 0.109848 -0.000367 11177 11183
1 454.0 498.0 0.106957 -0.00393 11193 11198
1 456.0 498.0 0.103212 -0.003076 11209 11214
1 460.0 498.0 0.101713 -0.003546 11224 11230
1 464.0 498.0 0.099179 -0.004212 11240 11246
1 466.0 498.0 0.093479 -0.006221 11256 11262
1 468.0 498.0 0.08924 -0.003127 11272 11278
1 472.0 498.0 0.08626 -0.007196 11288 11294
1 474.0 498.0 0.078405 0.000223 11304 11310
1 476.0 498.0 0.079396 -6.3e-05 11320 11325
1 480.0 498.0 0.07446 -0.002995 11336 11342
2 482.0 498.0 0.067131 -0.002344 11352 11359
2 482.0 498.0 0.06488 0.000483 11368 11369
2 484.0 498.0 0.059994 -0.002876 11385 11385
2 486.0 498.0 0.050734 0.001817 11400 11400
2 488.0 498.0 0.048002 0.000258 11416 11417
2 490.0 498.0 0.040683 0.001698 11432 11433
2 490.0 498.0 0.034127 0.003629 11448 11449
2 492.0 498.0 0.032093 0.000734 11465 11465
2 492.0 498.0 0.026264 -0.002307 11480 11481
2 492.0 498.0 0.021242 0.002047 11497 11497
2 494.0 498.0 0.017014 0.001569 11512 11513
2 494.0 498.0 0.011424 0.001903 11528 11529
2 494.0 498.0 0.007714 0.0011 11544 11545
2 494.0 498.0 0.005757 0.000587 11560 11561
2 494.0 498.0 0.002412 -0.002698 11576 11576
2 494.0 498.0 0.000319 -0.000357 11592 11593
2 494.0 498.0 2.2e-05 -2.4e-05 11609 11609
2 494.0 498.0 3e-06 -3e-06 11625 11625
2 494.0 498.0 -0.001928 0.001809 11641 11642
2 494.0 498.0 -0.009336 0.00754 11657 11658
2 494.0 498.0 -0.009045 -0.000111 11673 11674
2 494.0 498.0 -0.014226 6.9e-05 11689 11690
2 492.0 498.0 -0.01343 0.005988 11705 11705
2 492.0 498.0 -0.011852 0.001746 11721 11722
2 492.0 498.0 -0.016458 0.002903 11737 11738
2 492.0 498.0 -0.012281 0.003232 11753 11753
2 492.0 498.0 -0.012392 -0.000365 11769 11770
2 490.0 498.0 -0.014846 0.001401 11786 11786
2 490.0 498.0 -0.010641 0.0017 11801 11801
2 490.0 498.0 -0.010698 -0.001955 11817 11818
2 490.0 498.0 -0.013868 0.004276 11833 11834
2 490.0 498.0 -0.008893 -0.004328 11850 11850
2 488.0 498.0 -0.010969 -0.002269 11865 11865
2 488.0 498.0 -0.012985 0.003873 11881 11882
2 488.0 498.0 -0.004885 -0.004418 11897 11897
2 488.0 498.0 -0.010633 -0.001514 11913 11914
2 488.0 498.0 -0.010344 0.005804 11929 11930
2 488.0 498.0 -0.007378 -0.001462 11945 11946
2 486.0 498.0 -0.008682 -0.003233 11961 11961
2 486.0 498.0 -0.006069 0.001021 11977 11978
2 486.0 498.0 -0.00487 -0.000282 11993 11994
2 486.0 498.0 -0.005382 -0.000445 12009 12010
2 486.0 498.0 -0.001432 -0.001798 12026 12026
2 486.0 498.0 -0.00183 -0.0011 12041 12042
2 486.0 498.0 -0.004574 0.003845 12057 12058
2 486.0 498.0 0.002285 -0.002245 12074 12074
2 486.0 498.0 0.000302 -0.000297 12089 12090
2 486.0 498.0 4e-05 -3.9e-05 12105 12106
2 486.0 498.0 3e-06 -3e-06 12122 12122
2 486.0 498.0 0.0 -0.0 12137 12137
2 486.0 498.0 0.0 -0.0 12153 12154
2 486.0 498.0 0.0 -0.0 12169 12170
2 486.0 498.0 0.0 -0.0 12186 12186
2 486.0 498.0 0.0 -0.0 12201 12202
2 486.0 498.0 0.0 -0.0 12218 12218
2 486.0 498.0 0.001023 0.002755 12233 12233
2 486.0 498.0 0.000628 0.001691 12249 12250
2 486.0 498.0 0.001087 0.002928 12265 12266
2 486.0 498.0 0.003234 0.001733 12281 12281
2 486.0 498.0 0.001302 0.002115 12297 12298
2 486.0 498.0 0.001501 0.003863 12314 12314
2 486.0 498.0 0.001013 -0.002666 12329 12329
2 486.0 498.0 0.000645 0.001025 12345 12346
2 486.0 498.0 0.002048 0.005478 12361 12362
2 486.0 498.0 -0.000731 -0.00198 12378 12378
2 486.0 498.0 -9.7e-05 -0.000262 12393 12393
2 486.0 498.0 -1.3e-05 -3.5e-05 12409 12410
2 486.0 498.0 -2e-06 -5e-06 12425 12426
7 486.0 498.0 -0.0 -0.0 12441 12448
7 486.0 498.0 -0.0 -0.0 12457 12464
7 486.0 498.0 -0.0 -0.0 12473 12480
7 486.0 498.0 -0.0 -0.0 12489 12496
7 486.0 498.0 -0.0 -0.0 12506 12512
7 486.0 498.0 -0.0 -0.0 12521 12528
7 486.0 498.0 -0.0 -0.0 12537 12544
7 486.0 498.0 -0.0 -0.0 12553 12560
7 486.0 498.0 -0.0 -0.0 12569 12575
7 486.0 498.0 -0.0 -0.0 12586 12592
7 486.0 498.0 -0.0 -0.0 12601 12608
7 486.0 498.0 -0.0 -0.0 12617 12624
7 486.0 498.0 -0.0 -0.0 12633 12639
7 486.0 498.0 -0.0 -0.0 12650 12656
7 486.0 498.0 -0.0 -0.0 12665 12672
7 486.0 498.0 -0.0 -0.0 12681 12688
7 486.0 498.0 -0.0 -0.0 12697 12703
7 486.0 498.0 -0.0 -0.0 12714 12720
7 486.0 498.0 -0.0 -0.0 12729 12736
7 486.0 498.0 -0.0 -0.0 12745 12751
7 486.0 498.0 -0.0 -0.0 12761 12768
7 486.0 498.0 -0.0 -0.0 12777 12784
7 486.0 498.0 -0.0 -0.0 12794 12800
7 486.0 498.0 -0.0 -0.0 12810 12817
7 486.0 498.0 -0.0 -0.0 12827 12833
7 486.0 498.0 -0.0 -0.0 12843 12850
7 486.0 498.0 -0.0 -0.0 12859 12865
7 486.0 498.0 -0.0 -0.0 12876 12882
7 486.0 498.0 -0.0 -0.0 12891 12898
7 486.0 498.0 -0.0 -0.0 12907 12914
7 486.0 498.0 -0.0 -0.0 12923 12929
7 486.0 498.0 -0.0 -0.0 12939 12946
7 486.0 496.0 -0.006277 0.00598 12955 12962
7 486.0 496.0 -0.004659 0.004439 12971 12977
7 486.0 496.0 -0.006842 0.006523 12987 12993
7 486.0 496.0 -0.007233 0.0069 13003 13009
7 486.0 496.0 -0.011781 0.00516 13018 13025
7 484.0 496.0 -0.015574 -4e-05 13034 13041
9 484.0 496.0 -0.020531 0.003318 13050 13060
9 484.0 496.0 -0.024321 0.003959 13068 13075
9 482.0 496.0 -0.029486 0.005437 13084 13091
9 482.0 496.0 -0.032356 0.003528 13100 13107
9 480.0 496.0 -0.041174 -0.000367 13116 13123
9 478.0 496.0 -0.045814 0.007531 13132 13139
9 478.0 496.0 -0.05066 -0.000766 13148 13154
9 476.0 496.0 -0.057006 -0.001212 13164 13170
9 472.0 496.0 -0.065745 0.00221 13180 13187
9 470.0 496.0 -0.073642 0.000226 13196 13203
9 468.0 496.0 -0.080002 -0.002856 13212 13219
9 466.0 496.0 -0.086856 -0.001512 13228 13234
9 462.0 496.0 -0.091958 -0.005094 13244 13250
9 458.0 496.0 -0.103163 -0.003605 13260 13266
9 456.0 496.0 -0.106245 -0.004267 13277 13283
9 452.0 496.0 -0.116207 -0.002337 13292 13299
9 448.0 496.0 -0.122209 -0.000116 13308 13315
9 444.0 496.0 -0.126634 -0.000175 13324 13330
9 440.0 496.0 -0.132179 -0.000423 13340 13346
9 436.0 496.0 -0.138959 0.006053 13356 13362
9 432.0 496.0 -0.144286 0.00347 13373 13379
9 426.0 496.0 -0.148451 0.006658 13388 13395
9 420.0 494.0 -0.15281 0.011083 13404 13410
9 416.0 494.0 -0.159239 0.007458 13421 13427
9 410.0 494.0 -0.162682 0.010082 13438 13444
9 404.0 494.0 -0.16303 0.006986 13453 13460
9 400.0 494.0 -0.16779 0.005822 13469 13476
9 394.0 494.0 -0.173881 0.010565 13485 13492
9 388.0 494.0 -0.172495 0.00777 13501 13508
9 384.0 494.0 -0.17573 0.00714 13517 13524
9 376.0 492.0 -0.177726 0.0089 13533 13540
9 372.0 492.0 -0.176045 0.005582 13549 13556
9 366.0 492.0 -0.181905 0.010254 13565 13572
9 360.0 492.0 -0.18097 0.010918 13581 13588
9 354.0 492.0 -0.179433 0.006853 13598 13604
9 350.0 492.0 -0.183567 0.009583 13613 13620
9 334.0 492.0 -0.185654 0.010233 13653 13660
9 328.0 490.0 -0.182696 0.009936 13669 13676
9 322.0 490.0 -0.181075 0.005465 13685 13692
9 316.0 490.0 -0.182426 0.010477 13701 13708
9 312.0 490.0 -0.179986 0.009588 13717 13724
9 306.0 490.0 -0.179939 0.009624 13733 13740
9 298.0 490.0 -0.177356 0.011307 13749 13756
9 294.0 490.0 -0.174252 0.012199 13765 13771
9 288.0 488.0 -0.174544 0.007174 13781 13787
9 282.0 488.0 -0.174836 0.011084 13797 13804
9 278.0 488.0 -0.167601 0.006377 13813 13820
9 272.0 488.0 -0.167212 0.005547 13829 13835
9 266.0 488.0 -0.161848 0.00768 13845 13851
9 262.0 488.0 -0.154697 0.001181 13862 13868
9 258.0 488.0 -0.150141 0.001576 13878 13884
9 252.0 488.0 -0.146737 0.004204 13894 13901
9 248.0 488.0 -0.138581 -1e-06 13910 13916
9 244.0 488.0 -0.138371 0.001014 13926 13932
9 240.0 488.0 -0.133151 0.001292 13942 13949
9 236.0 488.0 -0.128068 -0.004379 13958 13964
9 230.0 488.0 -0.125533 -0.002878 13975 13981
9 226.0 488.0 -0.122633 -0.000622 13990 13997
9 224.0 488.0 -0.12114 -0.005666 14006 14013
9 220.0 488.0 -0.117853 -0.003604 14022 14029
9 216.0 488.0 -0.111788 -0.003628 14038 14045
9 212.0 488.0 -0.111291 -0.004687 14054 14061
9 208.0 488.0 -0.109363 -0.005053 14070 14077
9 206.0 490.0 -0.10383 -0.007253 14086 14093
9 202.0 490.0 -0.103364 -0.007118 14102 14109
9 198.0 490.0 -0.100506 -0.003015 14118 14125
9 196.0 490.0 -0.098769 -0.009513 14134 14141
9 192.0 490.0 -0.096833 -0.008819 14150 14157
9 190.0 490.0 -0.097643 -0.003588 14166 14173
9 186.0 490.0 -0.094152 -0.011074 14182 14188
9 184.0 490.0 -0.094659 -0.007906 14198 14204
9 180.0 490.0 -0.090392 -0.006666 14214 14220
9 178.0 492.0 -0.090299 -0.010881 14230 14236
9 174.0 492.0 -0.08842 -0.012044 14246 14252
9 172.0 492.0 -0.082739 -0.01566 14263 14269
9 170.0 492.0 -0.082782 -0.014912 14278 14285
9 166.0 494.0 -0.078359 -0.016006 14294 14300
9 164.0 494.0 -0.074843 -0.020148 14310 14316
9 162.0 494.0 -0.072459 -0.018943 14326 14332
9 160.0 494.0 -0.073926 -0.011977 14342 14348
9 158.0 496.0 -0.066831 -0.019706 14359 14365
9 156.0 496.0 -0.068275 -0.018478 14375 14382
9 154.0 496.0 -0.062893 -0.011412 14391 14398
9 152.0 498.0 -0.061129 -0.017893 14407 14414
9 150.0 498.0 -0.058883 -0.01325 14423 14429
9 148.0 498.0 -0.057122 -0.008817 14439 14445
9 146.0 498.0 -0.054471 -0.015014 14455 14461
9 144.0 498.0 -0.053245 -0.007957 14472 14478
9 142.0 498.0 -0.047787 -0.007377 14488 14495
9 140.0 498.0 -0.049937 -0.007788 14504 14511
9 140.0 498.0 -0.047784 -0.002981 14520 14527
9 138.0 500.0 -0.040452 -0.004563 14536 14544
9 136.0 500.0 -0.039712 -0.005141 14552 14558
9 136.0 500.0 -0.038754 0.00055 14568 14575
9 134.0 500.0 -0.029795 -0.003872 14584 14590
9 134.0 500.0 -0.032853 -0.000707 14600 14606
9 132.0 500.0 -0.023676 0.001688 14617 14623
9 132.0 500.0 -0.023299 0.001329 14634 14640
9 132.0 500.0 -0.022279 -0.000404 14650 14656
9 130.0 500.0 -0.019317 0.005451 14666 14673
2 130.0 500.0 -0.015528 0.003006 14682 14689
2 130.0 500.0 -0.015068 0.001701 14698 14699
2 130.0 498.0 -0.011161 0.006171 14714 14715
2 130.0 498.0 -0.009607 0.002135 14731 14731
2 128.0 498.0 -0.008102 0.000272 14747 14748
2 128.0 498.0 -0.002365 0.000932 14763 14764
2 128.0 498.0 -0.002959 0.003818 14780 14780
2 128.0 498.0 -0.000391 0.000505 14795 14795
2 128.0 498.0 -5.2e-05 6.7e-05 14811 14812
2 128.0 498.0 -3e-06 5e-06 14827 14828
2 128.0 498.0 -0.0 1e-06 14843 14843
2 128.0 498.0 0.002901 0.003247 14859 14860
2 130.0 498.0 0.006806 0.007625 14875 14876
2 130.0 498.0 0.003811 0.004271 14891 14892
2 130.0 498.0 0.00598 0.006709 14907 14908
2 130.0 498.0 0.011544 0.007279 14923 14924
2 130.0 498.0 0.010615 0.001612 14940 14940
2 130.0 498.0 0.009791 0.0049 14955 14956
2 130.0 498.0 0.013243 0.003657 14971 14972
2 132.0 498.0 0.009566 -0.000288 14987 14987
2 132.0 498.0 0.010195 0.004074 15002 15003
2 132.0 498.0 0.012396 -0.001224 15018 15019
2 132.0 496.0 0.010025 0.003574 15034 15034
2 132.0 496.0 0.009768 -0.000448 15050 15051
2 132.0 496.0 0.011114 -0.003021 15066 15067
2 132.0 496.0 0.005691 0.001471 15082 15083
2 134.0 496.0 0.009801 0.001825 15098 15099
2 134.0 496.0 0.008171 -0.004374 15114 15115
2 134.0 496.0 0.004922 0.002794 15130 15130
2 134.0 496.0 0.008571 0.002339 15146 15147
2 134.0 498.0 0.006658 -0.00205 15163 15163
2 134.0 496.0 0.005351 0.002001 15178 15178
2 134.0 496.0 0.006833 0.001505 15194 15195
2 134.0 496.0 0.003178 -0.000131 15210 15211
2 134.0 496.0 0.002653 0.00252 15226 15226
2 134.0 496.0 0.002845 -0.00252 15242 15243
2 134.0 496.0 0.001019 0.000398 15259 15259
2 134.0 496.0 0.000135 5.3e-05 15275 15275
2 134.0 496.0 1.8e-05 7e-06 15291 15292
2 134.0 496.0 1e-06 0.0 15307 15308
2 134.0 496.0 0.0 0.0 15323 15323
2 134.0 496.0 0.0 0.0 15339 15340
2 134.0 496.0 0.0 0.0 15355 15356
2 134.0 496.0 0.0 0.0 15371 15371
2 134.0 496.0 0.0 0.0 15387 15388
2 134.0 496.0 0.0 0.0 15403 15404
2 134.0 496.0 0.0 0.0 15419 15419
2 134.0 496.0 0.0 0.0 15435 15436
2 134.0 496.0 0.0 0.0 15451 15452
2 134.0 496.0 -0.001614 -0.001834 15467 15468
2 134.0 496.0 -0.001148 -0.001305 15483 15484
2 134.0 496.0 -0.001742 -0.001979 15499 15500
2 134.0 496.0 -0.000558 -0.000634 15515 15516
2 134.0 496.0 -0.001943 -0.002208 15531 15532
2 134.0 496.0 -0.000505 -0.000573 15547 15547
2 134.0 496.0 -3.4e-05 -3.9e-05 15563 15564
2 134.0 496.0 -4e-06 -5e-06 15579 15579
2 134.0 496.0 -1e-06 -1e-06 15595 15596
2 134.0 496.0 -0.0 -0.0 15611 15612
7 134.0 496.0 -0.0 -0.0 15627 15629
7 134.0 496.0 -0.0 -0.0 15643 15649
7 134.0 496.0 -0.0 -0.0 15659 15690
7 134.0 496.0 -0.0 -0.0 15698 15704
7 134.0 496.0 -0.0 -0.0 15714 15720
7 134.0 496.0 -0.0 -0.0 15730 15736
7 134.0 496.0 -0.0 -0.0 15747 15753
7 134.0 496.0 -0.0 -0.0 15762 15769
7 134.0 496.0 -0.0 -0.0 15778 15784
7 134.0 496.0 -0.0 -0.0 15794 15800
7 134.0 496.0 -0.0 -0.0 15810 15816
7 134.0 496.0 -0.0 -0.0 15826 15832
7 134.0 496.0 -0.0 -0.0 15842 15847
7 134.0 496.0 -0.0 -0.0 15858 15864
7 134.0 496.0 -0.0 -0.0 15874 15880
7 134.0 496.0 -0.0 -0.0 15890 15895
7 134.0 496.0 -0.0 -0.0 15907 15913
7 134.0 496.0 0.003168 0.0036 15922 15928
7 134.0 496.0 0.004041 0.004595 15939 15945
7 136.0 496.0 0.009215 0.004764 15956 15961
7 136.0 496.0 0.008324 0.002887 15972 15978
7 136.0 496.0 0.013694 0.002299 15987 15993
7 136.0 496.0 0.023218 -0.003642 16002 16008
1 138.0 496.0 0.02893 0.001227 16018 16025
1 138.0 496.0 0.03358 0.00063 16034 16040
1 140.0 496.0 0.040807 -0.005292 16050 16056
1 142.0 498.0 0.046573 -0.005281 16066 16072
1 142.0 498.0 0.054807 -0.004964 16083 16088
1 144.0 498.0 0.05866 -0.013484 16098 16104
1 148.0 498.0 0.062515 -0.006698 16114 16120
1 150.0 498.0 0.070563 -0.009575 16130 16136
1 152.0 498.0 0.071751 -0.013545 16146 16152
1 154.0 498.0 0.07716 -0.008379 16162 16168
1 156.0 498.0 0.08552 -0.012392 16178 16184
1 160.0 500.0 0.086514 -0.009977 16194 16200
1 162.0 500.0 0.088781 -0.006864 16210 16216
1 166.0 500.0 0.098008 -0.012166 16226 16232
1 168.0 500.0 0.099649 -0.006849 16242 16248
1 172.0 500.0 0.104174 -0.010692 16258 16264
1 176.0 500.0 0.106639 -0.009611 16274 16280
1 180.0 500.0 0.10857 -0.004161 16290 16296
1 182.0 502.0 0.115243 -0.004095 16306 16312
1 186.0 502.0 0.116224 -0.007278 16322 16328
1 190.0 502.0 0.119475 -0.001369 16338 16344
1 194.0 502.0 0.122398 -6e-06 16354 16360
1 198.0 502.0 0.124251 -0.003577 16370 16376
1 202.0 502.0 0.124785 0.004122 16386 16392
1 206.0 502.0 0.130467 0.004562 16402 16408
1 210.0 502.0 0.129812 0.009047 16418 16424
1 214.0 500.0 0.136086 0.008457 16434 16440
1 220.0 500.0 0.139487 0.010447 16450 16455
1 224.0 500.0 0.141346 0.011279 16466 16471
1 228.0 500.0 0.150495 0.0119 16483 16488
1 234.0 500.0 0.15235 0.010812 16499 16505
1 238.0 498.0 0.153105 0.018896 16515 16521
1 244.0 498.0 0.15825 0.018406 16531 16537
1 248.0 498.0 0.162997 0.014345 16547 16552
1 254.0 498.0 0.163877 0.018088 16563 16568
1 258.0 496.0 0.166511 0.018777 16579 16585
1 264.0 496.0 0.167345 0.011611 16595 16600
1 270.0 496.0 0.166509 0.02068 16611 16616
1 276.0 496.0 0.168569 0.014473 16628 16633
1 280.0 494.0 0.165674 0.016246 16644 16649
1 286.0 494.0 0.165868 0.013834 16661 16666
1 292.0 494.0 0.162091 0.013833 16677 16683
1 296.0 494.0 0.16192 0.01371 16693 16699
1 302.0 494.0 0.162077 0.010176 16709 16715
1 308.0 492.0 0.161837 0.008944 16725 16731
1 312.0 492.0 0.159643 0.009747 16741 16747
1 318.0 492.0 0.159486 0.007228 16757 16763
1 322.0 492.0 0.157805 0.005825 16773 16779
1 328.0 492.0 0.157351 0.002881 16789 16795
1 334.0 492.0 0.154948 0.000241 16805 16811
1 338.0 492.0 0.154209 -0.004092 16821 16827
1 342.0 492.0 0.154976 -0.00102 16837 16843
1 348.0 492.0 0.156538 -0.005055 16853 16859
1 352.0 492.0 0.149277 -0.001884 16869 16875
1 356.0 492.0 0.152748 -0.008307 16885 16890
1 362.0 494.0 0.154907 -0.010613 16901 16906
1 366.0 494.0 0.151677 -0.007801 16918 16923
1 372.0 494.0 0.152408 -0.007167 16934 16939
1 376.0 494.0 0.151275 -0.011849 16950 16955
1 382.0 494.0 0.146912 -0.005105 16965 16971
1 386.0 494.0 0.149781 -0.003639 16981 16987
1 392.0 494.0 0.149271 -0.010631 16998 17002
1 396.0 496.0 0.147518 -0.006904 17015 17020
1 402.0 496.0 0.146873 -0.005443 17031 17036
1 406.0 496.0 0.145967 -0.006528 17046 17052
1 410.0 496.0 0.143652 -0.002932 17062 17068
1 414.0 496.0 0.14024 -0.003269 17078 17084
1 420.0 496.0 0.134187 0.005667 17094 17100
1 424.0 496.0 0.13385 0.004147 17110 17116
1 428.0 496.0 0.131921 0.003081 17126 17131
1 432.0 496.0 0.126759 0.007129 17143 17148
1 436.0 494.0 0.125834 0.005158 17158 17163
1 440.0 496.0 0.125235 -0.000614 17175 17180
1 444.0 494.0 0.121626 0.003258 17192 17197
1 448.0 494.0 0.11918 0.002935 17208 17213
1 450.0 494.0 0.115945 -0.003951 17224 17229
1 456.0 494.0 0.11062 -0.000213 17240 17245
1 458.0 494.0 0.108689 -0.000781 17255 17261
1 462.0 494.0 0.09709 0.001874 17272 17277
1 464.0 494.0 0.097337 -0.004184 17288 17293
1 468.0 494.0 0.09255 -0.003683 17303 17309
1 470.0 496.0 0.08353 -0.00152 17319 17325
1 472.0 496.0 0.080332 -0.002815 17335 17341
1 476.0 496.0 0.074236 -0.002218 17351 17357
1 476.0 496.0 0.065532 0.002489 17367 17373
1 478.0 496.0 0.063477 -0.000267 17383 17389
1 482.0 496.0 0.061056 -0.004509 17399 17405
2 482.0 496.0 0.053218 0.00276 17415 17422
2 484.0 496.0 0.05268 0.000158 17431 17432
2 486.0 496.0 0.052404 -0.004456 17447 17448
2 486.0 496.0 0.043289 0.003983 17464 17464
2 488.0 496.0 0.042878 0.003749 17479 17479
2 490.0 496.0 0.040791 -0.001608 17495 17496
2 490.0 496.0 0.035033 0.001486 17512 17512
2 492.0 494.0 0.030202 0.005919 17527 17527
2 492.0 494.0 0.028891 0.00104 17544 17545
2 494.0 494.0 0.021218 0.003274 17560 17561
2 494.0 494.0 0.018104 0.004922 17577 17577
2 494.0 494.0 0.010667 0.004549 17593 17594
2 494.0 494.0 0.010515 0.000559 17609 17610
2 494.0 494.0 0.007722 -0.002172 17625 17626
2 494.0 494.0 0.000372 -0.000302 17641 17641
2 494.0 494.0 0.00028 -0.00026 17658 17658
2 494.0 494.0 3.7e-05 -3.4e-05 17673 17674
2 494.0 494.0 -0.000641 -0.001803 17689 17690
2 494.0 494.0 -0.008185 -0.004771 17705 17706
2 494.0 494.0 -0.012618 0.003482 17721 17721
2 494.0 494.0 -0.011922 -0.002668 17737 17738
2 494.0 494.0 -0.013637 -0.003059 17753 17754
2 492.0 494.0 -0.016443 0.002463 17770 17770
2 492.0 494.0 -0.016278 0.000841 17785 17785
2 492.0 494.0 -0.018217 0.0007 17801 17801
2 492.0 494.0 -0.016228 0.005685 17817 17818
2 490.0 494.0 -0.016068 0.005392 17833 17834
2 490.0 494.0 -0.017377 0.003535 17849 17850
2 490.0 494.0 -0.013204 0.002891 17865 17866
2 490.0 494.0 -0.015216 0.004619 17881 17882
2 488.0 494.0 -0.017244 0.007091 17897 17897
2 488.0 494.0 -0.015847 0.003153 17913 17914
2 488.0 494.0 -0.015742 0.00057 17930 17930
2 488.0 494.0 -0.015966 0.008397 17946 17946
2 488.0 494.0 -0.011573 0.001371 17962 17963
2 486.0 494.0 -0.013045 0.00074 17979 17979
2 486.0 494.0 -0.010369 0.001645 17994 17994
2 486.0 494.0 -0.007841 0.000249 18011 18011
2 486.0 494.0 -0.009815 0.001474 18026 18027
2 486.0 494.0 -0.004919 -0.002425 18042 18043
2 486.0 494.0 -0.006832 -0.001121 18059 18059
2 486.0 494.0 -0.006872 0.00307 18075 18076
2 484.0 494.0 -0.002891 0.000665 18091 18092
2 484.0 494.0 -0.003797 -0.002169 18108 18108
2 484.0 494.0 -0.001971 0.00112 18124 18124
2 484.0 494.0 -0.003309 0.000641 18140 18141
2 484.0 494.0 -0.00031 -0.000194 18157 18157
2 484.0 494.0 -4.1e-05 -2.6e-05 18173 18173
2 484.0 494.0 -5e-06 -3e-06 18189 18190
2 484.0 494.0 -1e-06 -0.0 18206 18206
2 484.0 494.0 -0.0 -0.0 18221 18222
2 484.0 494.0 -0.0 -0.0 18238 18238
2 484.0 494.0 -0.0 -0.0 18253 18253
2 484.0 494.0 -0.0 -0.0 18269 18270
2 484.0 494.0 -0.0 -0.0 18285 18286
2 484.0 494.0 0.005791 -0.001882 18302 18302
2 484.0 494.0 0.001703 -0.001146 18317 18318
7 486.0 494.0 0.003157 0.001861 18333 18341
7 486.0 494.0 0.003192 -0.003014 18349 18355
7 486.0 494.0 0.002333 -0.002226 18365 18372
7 486.0 494.0 0.000805 -0.000769 18381 18387
7 486.0 494.0 0.000578 -0.000553 18397 18404
7 486.0 494.0 0.000573 -0.000547 18413 18419
7 486.0 494.0 0.002961 -0.00283 18430 18436
7 486.0 494.0 -0.001024 0.000978 18445 18452
7 486.0 494.0 0.001401 -0.001339 18461 18467
7 486.0 494.0 0.003071 -0.002935 18478 18484
7 486.0 494.0 0.001822 -0.001741 18493 18499
7 486.0 494.0 0.000241 -0.00023 18510 18516
7 486.0 494.0 1.6e-05 -1.6e-05 18526 18532
7 486.0 494.0 0.001914 -0.001829 18542 18549
7 486.0 494.0 0.00075 -0.000716 18558 18564
7 486.0 494.0 9.9e-05 -9.5e-05 18574 18580
7 486.0 494.0 0.001925 -0.001839 18590 18596
7 486.0 494.0 0.000751 -0.000717 18607 18613
7 486.0 494.0 -0.001365 0.001304 18623 18629
7 486.0 494.0 0.002706 -0.002584 18639 18645
7 486.0 494.0 0.000358 -0.000342 18656 18662
7 486.0 494.0 -0.001369 0.001307 18671 18677
7 486.0 494.0 0.000657 -0.000627 18687 18694
7 486.0 494.0 0.002974 -0.002839 18704 18710
7 486.0 494.0 0.00181 -0.001727 18719 18725
7 486.0 494.0 0.000239 -0.000228 18735 18742
7 486.0 494.0 0.001945 -0.001856 18751 18757
7 486.0 494.0 0.001547 -0.001477 18767 18774
7 486.0 494.0 0.000701 -0.000669 18784 18790
7 486.0 494.0 9.3e-05 -8.9e-05 18800 18806
7 486.0 494.0 0.000672 0.001781 18816 18822
7 486.0 494.0 -0.000605 -0.001647 18832 18838
7 486.0 494.0 0.000428 0.001161 18849 18855
7 486.0 494.0 0.001712 0.004654 18864 18870
7 486.0 494.0 0.000734 0.001995 18880 18886
7 486.0 494.0 0.001092 0.002971 18896 18902
7 486.0 494.0 0.001401 0.010852 18913 18919
7 486.0 494.0 -0.006716 0.012942 18929 18935
7 486.0 492.0 -0.002693 0.016293 18945 18951
15 486.0 492.0 -0.004615 0.025624 18962 18971
15 486.0 490.0 -0.001152 0.027121 18980 18986
15 486.0 490.0 -0.002862 0.031884 18996 19001
15 486.0 488.0 -0.002897 0.038819 19012 19018
15 486.0 488.0 0.00235 0.039778 19028 19034
15 486.0 486.0 -0.000798 0.047253 19044 19050
15 486.0 484.0 -0.00314 0.0538 19060 19066
15 486.0 482.0 0.005176 0.054387 19076 19082
15 486.0 480.0 0.004366 0.057938 19093 19099
15 486.0 478.0 0.00322 0.059375 19109 19115
15 486.0 476.0 0.007493 0.061301 19126 19132
15 486.0 474.0 0.005149 0.066873 19141 19147
15 486.0 472.0 0.007452 0.069785 19157 19164
15 486.0 470.0 0.009326 0.077082 19173 19179
15 488.0 466.0 0.006104 0.08318 19190 19196
15 488.0 464.0 0.012248 0.088295 19206 19212
15 488.0 462.0 0.008391 0.097691 19223 19229
15 488.0 458.0 0.00644 0.106897 19238 19244
15 488.0 454.0 0.012756 0.10816 19254 19261
15 488.0 450.0 0.011973 0.118155 19270 19276
15 490.0 446.0 0.010391 0.129454 19286 19292
15 490.0 442.0 0.01322 0.135106 19302 19309
15 490.0 438.0 0.013206 0.142506 19318 19324
15 490.0 432.0 0.011958 0.147387 19335 19341
15 490.0 428.0 0.011902 0.155876 19351 19357
15 492.0 422.0 0.008777 0.160311 19368 19374
15 492.0 416.0 0.01037 0.168551 19383 19389
15 492.0 410.0 0.008685 0.171709 19399 19405
15 492.0 406.0 0.006544 0.178907 19415 19422
15 492.0 400.0 0.009159 0.182158 19431 19437
15 492.0 394.0 0.007943 0.18601 19448 19454
15 492.0 386.0 0.004635 0.191442 19463 19469
15 494.0 380.0 0.010018 0.190969 19479 19485
15 494.0 376.0 0.007761 0.194436 19495 19501
15 494.0 370.0 0.006442 0.196091 19511 19517
15 494.0 364.0 0.010381 0.195581 19527 19534
15 494.0 358.0 0.008938 0.199056 19543 19549
15 494.0 352.0 0.0034 0.203086 19559 19565
15 494.0 344.0 0.006372 0.20141 19575 19581
15 494.0 338.0 0.004383 0.202855 19591 19597
15 494.0 332.0 0.005925 0.20028 19608 19614
15 496.0 326.0 0.003945 0.201317 19623 19629
15 496.0 320.0 0.00196 0.203538 19639 19645
15 496.0 312.0 0.003197 0.203076 19655 19661
15 496.0 306.0 0.004933 0.202199 19671 19677
15 496.0 300.0 0.00375 0.20051 19688 19694
15 496.0 292.0 0.008645 0.200284 19703 19709
15 496.0 288.0 0.008387 0.197486 19719 19725
15 496.0 280.0 0.005924 0.194449 19735 19742
15 496.0 274.0 0.011799 0.189384 19751 19757
15 498.0 268.0 0.0101 0.190558 19768 19774
15 498.0 260.0 0.009004 0.19055 19784 19790
15 498.0 254.0 0.010553 0.186782 19801 19807
15 498.0 250.0 0.011253 0.187347 19816 19822
15 498.0 244.0 0.013309 0.183406 19833 19839
15 500.0 238.0 0.01307 0.178878 19848 19854
15 500.0 232.0 0.011434 0.176935 19865 19871
15 500.0 226.0 0.010229 0.177179 19880 19887
15 500.0 220.0 0.008882 0.17297 19896 19902
15 500.0 216.0 0.014728 0.16445 19912 19918
15 502.0 210.0 0.013759 0.165554 19928 19935
15 502.0 204.0 0.015349 0.159 19944 19950
15 502.0 200.0 0.01877 0.150497 19961 19967
15 502.0 196.0 0.014681 0.155133 19976 19982
15 504.0 190.0 0.016374 0.149979 19992 19998
15 504.0 186.0 0.015164 0.145412 20008 20014
15 504.0 180.0 0.015996 0.14106 20024 20030
15 504.0 176.0 0.018488 0.13323 20040 20047
15 506.0 172.0 0.015245 0.134556 20056 20062
15 506.0 168.0 0.015598 0.128036 20073 20079
15 506.0 164.0 0.017395 0.121884 20089 20095
15 508.0 160.0 0.015296 0.118605 20106 20112
15 508.0 156.0 0.0157 0.112557 20122 20128
15 508.0 152.0 0.016619 0.102473 20139 20145
15 508.0 150.0 0.0103 0.105357 20155 20161
15 508.0 146.0 0.009389 0.098972 20171 20177
15 510.0 144.0 0.007066 0.089954 20187 20194
15 510.0 142.0 0.006189 0.085335 20203 20209
15 510.0 138.0 0.005192 0.080336 20219 20226
15 510.0 136.0 0.002313 0.072347 20235 20241
15 510.0 134.0 -0.001219 0.068272 20251 20258
15 510.0 132.0 -0.001617 0.059245 20267 20273
15 510.0 130.0 -0.003307 0.055512 20283 20289
15 510.0 128.0 -0.003694 0.050189 20299 20305
15 510.0 126.0 -0.00314 0.040889 20315 20322
15 508.0 126.0 -0.008907 0.036492 20331 20337
15 508.0 124.0 -0.014679 0.039371 20347 20354
15 508.0 124.0 -0.018665 0.031569 20363 20369
15 508.0 122.0 -0.017604 0.027135 20379 20386
15 506.0 122.0 -0.01872 0.026052 20395 20401
15 506.0 122.0 -0.020139 0.019721 20412 20418
2 506.0 120.0 -0.023632 0.024101 20428 20435
2 504.0 120.0 -0.023023 0.014816 20444 20445
2 504.0 120.0 -0.026957 0.012422 20460 20461
2 504.0 120.0 -0.025739 0.005524 20477 20477
2 502.0 120.0 -0.024285 -0.000302 20492 20493
2 502.0 120.0 -0.024357 -0.003837 20508 20509
2 500.0 120.0 -0.026222 -0.001514 20524 20525
2 500.0 120.0 -0.025591 -0.0021 20541 20541
2 500.0 120.0 -0.02537 0.000171 20557 20558
2 498.0 120.0 -0.024112 -0.002796 20573 20574
2 498.0 120.0 -0.025178 0.002096 20589 20589
2 496.0 120.0 -0.02147 -0.003483 20605 20605
2 496.0 120.0 -0.021152 -0.001769 20621 20622
2 496.0 120.0 -0.023466 0.002656 20638 20638
2 494.0 120.0 -0.01798 -0.001002 20654 20655
2 494.0 120.0 -0.018091 -0.001908 20670 20671
2 494.0 120.0 -0.018539 0.004712 20686 20687
2 494.0 120.0 -0.013213 -0.003442 20703 20703
2 492.0 120.0 -0.013756 0.000108 20719 20720
2 492.0 120.0 -0.010886 0.000661 20735 20736
2 492.0 120.0 -0.008612 -0.001739 20751 20751
2 492.0 120.0 -0.009594 0.003547 20767 20768
2 492.0 120.0 -0.005025 -0.001373 20783 20784
2 492.0 120.0 -0.005262 -0.001592 20799 20800
2 492.0 120.0 -0.006569 0.00512 20816 20816
2 492.0 120.0 0.000619 -0.003152 20832 20833
2 492.0 120.0 0.000234 -0.003344 20848 20849
2 492.0 120.0 3.1e-05 -0.000442 20864 20864
2 492.0 120.0 4e-06 -5.8e-05 20880 20881
2 492.0 120.0 1e-06 -8e-06 20896 20897
2 492.0 120.0 0.0 -1e-06 20912 20912
2 492.0 120.0 0.0 -0.0 20928 20929
2 492.0 120.0 0.001338 0.005737 20945 20945
2 492.0 120.0 0.004655 -0.002226 20960 20960
2 492.0 120.0 0.004892 -0.000784 20976 20977
2 492.0 120.0 0.008137 -0.005588 20992 20993
2 492.0 120.0 0.003619 -0.000291 21008 21008
2 492.0 120.0 0.003794 0.001831 21024 21025
2 492.0 120.0 0.006823 -0.005084 21040 21041
2 492.0 120.0 0.004322 -0.000823 21057 21057
2 492.0 120.0 0.003385 0.002738 21073 21074
2 492.0 120.0 0.006332 -0.004956 21089 21090
2 492.0 120.0 0.002438 0.000794 21106 21106
2 492.0 120.0 0.003134 0.002954 21121 21121
2 492.0 120.0 0.002665 -0.000851 21137 21138
2 492.0 120.0 0.001184 0.000374 21153 21154
2 494.0 120.0 0.001275 0.002915 21169 21170
2 494.0 120.0 0.001239 -0.002116 21185 21185
2 494.0 120.0 0.000555 -0.000642 21201 21202
2 494.0 120.0 0.002814 -0.002987 21217 21218
2 494.0 120.0 0.000372 -0.000395 21233 21233
2 494.0 120.0 4.9e-05 -5.2e-05 21249 21249
2 494.0 120.0 7e-06 -7e-06 21265 21266
2 494.0 120.0 0.0 -0.0 21282 21282
2 494.0 120.0 0.0 -0.0 21297 21297
2 494.0 120.0 0.0 -0.0 21313 21314
2 494.0 120.0 0.0 -0.0 21329 21330
7 494.0 120.0 0.0 -0.0 21345 21346
7 494.0 120.0 0.0 -0.0 21361 21367
7 494.0 120.0 0.000215 -0.003373 21377 21383
7 494.0 120.0 0.000122 -0.001913 21393 21399
7 494.0 120.0 0.000168 -0.002636 21409 21415
7 494.0 120.0 0.000143 -0.002256 21425 21431
7 494.0 120.0 5e-05 -0.000793 21441 21447
7 494.0 120.0 3e-06 -5.3e-05 21457 21463
7 494.0 120.0 0.0 -7e-06 21473 21479
7 494.0 120.0 0.0 -1e-06 21489 21495
7 494.0 120.0 0.0 -0.0 21505 21511
7 494.0 120.0 0.0 -0.0 21521 21527
7 494.0 120.0 0.000925 -0.00098 21538 21544
7 494.0 120.0 0.002392 -0.002533 21553 21559
7 494.0 120.0 0.000316 -0.000335 21569 21575
7 494.0 120.0 4.2e-05 -4.4e-05 21585 21591
7 494.0 120.0 6e-06 -6e-06 21601 21607
7 494.0 120.0 0.002742 -0.002903 21617 21623
7 494.0 120.0 0.000185 -0.000196 21634 21639
7 494.0 120.0 2.4e-05 -2.6e-05 21649 21655
7 494.0 122.0 0.002744 -0.002905 21666 21671
7 494.0 122.0 0.000363 -0.000384 21682 21687
7 494.0 122.0 4.8e-05 -5.1e-05 21697 21703
7 494.0 122.0 0.0014 -0.001482 21713 21719
7 494.0 122.0 0.000185 -0.000196 21729 21735
7 494.0 122.0 0.002766 -0.002927 21745 21751
7 494.0 122.0 0.003108 -0.003288 21761 21767
7 494.0 122.0 0.001756 -0.001858 21777 21783
7 494.0 122.0 0.001935 -0.002047 21793 21799
7 494.0 122.0 0.000728 -0.00077 21809 21815
7 494.0 122.0 9.6e-05 -0.000102 21825 21830
7 494.0 122.0 1.3e-05 -1.3e-05 21842 21848
7 494.0 122.0 1e-06 -1e-06 21858 21864
7 494.0 122.0 0.0 -0.0 21874 21880
7 494.0 122.0 0.0 -0.0 21890 21896
7 494.0 122.0 0.0 -0.0 21906 21912
7 494.0 122.0 0.0 -0.0 21922 21928
7 494.0 122.0 0.000712 -0.000753 21938 21944
7 494.0 122.0 9.4e-05 -0.0001 21954 21960
7 494.0 122.0 0.001823 -0.001928 21971 21977
7 494.0 122.0 0.000713 -0.000754 21987 21993
7 494.0 122.0 0.001912 -0.002021 22003 22009
7 494.0 122.0 0.004422 -0.005579 22019 22025
7 494.0 122.0 0.003643 -0.008837 22036 22042
7 494.0 122.0 0.007368 -0.015149 22051 22057
7 494.0 122.0 0.010431 -0.016054 22067 22073
7 494.0 124.0 0.007221 -0.013214 22083 22089
7 496.0 124.0 0.008288 -0.015779 22099 22105
7 496.0 124.0 0.010411 -0.013726 22115 22121
7 496.0 124.0 0.005281 -0.009078 22131 22137
7 496.0 124.0 0.007569 -0.012496 22147 22153
7 496.0 126.0 0.007538 -0.009843 22163 22169
7 496.0 126.0 0.00282 -0.003218 22180 22185
7 496.0 126.0 0.00422 -0.005822 22196 22202
7 496.0 126.0 0.002434 -0.00274 22213 22218
7 496.0 126.0 0.003075 -0.003253 22228 22234
7 496.0 126.0 0.004957 -0.004794 22244 22250
7 496.0 126.0 0.000768 -0.001661 22260 22266
7 498.0 126.0 0.003279 -0.003498 22276 22282
7 498.0 126.0 0.005943 -0.006241 22292 22298
7 498.0 126.0 -0.000565 0.000592 22308 22314
7 498.0 126.0 0.003154 -0.003307 22324 22330
7 498.0 126.0 0.005472 -0.005735 22340 22346
7 498.0 126.0 0.001198 -0.001255 22356 22362
7 498.0 126.0 0.00508 -0.000793 22372 22378
7 498.0 126.0 0.005072 -0.001144 22388 22393
7 498.0 126.0 0.002169 0.003217 22404 22409
7 498.0 126.0 0.005044 -2.8e-05 22421 22426
7 498.0 126.0 0.005126 -0.001976 22436 22442
7 498.0 126.0 0.003232 0.002019 22452 22458
7 498.0 126.0 0.007134 -0.004 22469 22474
7 498.0 126.0 0.00441 -0.000554 22485 22491
7 498.0 126.0 0.004021 0.00261 22502 22507
