7 496.0 488.0 0.012773 0.000587 5509 5515
7 496.0 488.0 0.010689 -0.000675 5525 5531
7 496.0 488.0 0.011504 -0.001091 5541 5547
7 496.0 488.0 0.010559 0.001688 5557 5563
7 498.0 488.0 0.009964 -0.001186 5573 5579
7 498.0 488.0 0.007992 -0.00156 5589 5595
7 498.0 488.0 0.004519 -0.000743 5605 5611
7 498.0 488.0 0.006389 -0.001915 5621 5627
7 498.0 488.0 0.002926 0.003805 5637 5643
7 498.0 488.0 0.002479 -0.000837 5653 5659
7 498.0 488.0 0.003387 -0.000585 5669 5675
7 498.0 488.0 0.003667 0.004281 5686 5692
7 498.0 488.0 0.002915 -0.001711 5701 5707
7 498.0 488.0 0.003799 -0.003425 5718 5724
7 498.0 488.0 0.003044 0.0014 5734 5741
7 498.0 488.0 8.2e-05 -0.000734 5750 5756
7 498.0 488.0 6e-06 -4.9e-05 5766 5772
7 498.0 488.0 1e-06 -7e-06 5782 5788
7 498.0 488.0 0.0 -1e-06 5798 5804
7 498.0 488.0 0.0 -0.0 5814 5820
7 498.0 488.0 0.0 -0.0 5830 5837
7 498.0 488.0 0.0 -0.0 5847 5853
7 498.0 488.0 0.0 -0.0 5863 5869
7 498.0 488.0 0.0 -0.0 5879 5885
7 498.0 488.0 0.0 -0.0 5895 5901
7 498.0 488.0 0.0 -0.0 5911 5917
7 498.0 488.0 0.0 -0.0 5927 5933
7 498.0 488.0 0.0 -0.0 5943 5949
7 498.0 488.0 0.0 -0.0 5960 5966
7 498.0 488.0 0.0 -0.0 5977 5983
7 498.0 488.0 0.0 -0.0 5992 5999
7 498.0 488.0 0.001257 0.003609 6009 6015
7 498.0 488.0 0.003046 0.001398 6025 6031
7 498.0 488.0 0.002643 0.004713 6042 6048
7 498.0 488.0 0.00441 -0.000718 6058 6064
7 500.0 488.0 0.006877 -0.002375 6074 6080
7 500.0 488.0 0.004706 0.003712 6090 6096
7 500.0 488.0 0.002898 -0.002236 6106 6112
7 500.0 488.0 0.006521 -0.003024 6122 6128
7 500.0 488.0 0.000361 0.001909 6138 6144
7 500.0 488.0 0.001388 -0.001554 6154 6160
7 500.0 488.0 0.001579 -0.001494 6170 6176
7 500.0 488.0 0.000209 -0.000198 6186 6192
7 500.0 488.0 2.8e-05 -2.6e-05 6203 6208
7 500.0 488.0 4e-06 -3e-06 6219 6225
7 500.0 488.0 0.0 -0.0 6235 6241
7 500.0 488.0 0.0 -0.0 6250 6256
7 500.0 488.0 0.0 -0.0 6266 6272
7 500.0 488.0 0.0 -0.0 6282 6288
7 500.0 488.0 0.0 -0.0 6298 6304
7 500.0 488.0 0.0 -0.0 6314 6320
7 500.0 488.0 0.0 -0.0 6330 6336
7 500.0 488.0 0.0 -0.0 6346 6352
7 500.0 488.0 -0.000627 -0.001805 6362 6368
7 500.0 488.0 -0.002215 0.004744 6378 6384
7 500.0 488.0 -0.000775 -0.000761 6394 6400
7 500.0 488.0 -0.001291 -0.000732 6411 6416
7 500.0 488.0 -0.000171 -9.7e-05 6426 6432
7 500.0 488.0 -0.000505 -0.001401 6442 6449
7 500.0 488.0 -6.7e-05 -0.000185 6459 6465
7 500.0 488.0 -5e-06 -1.2e-05 6474 6481
7 500.0 488.0 -1e-06 -2e-06 6491 6497
7 500.0 488.0 -0.0 -0.0 6507 6513
7 500.0 488.0 -0.0 -0.0 6522 6528
7 500.0 488.0 -0.0 -0.0 6538 6544
7 500.0 488.0 -0.0 -0.0 6554 6560
7 500.0 488.0 0.003542 -0.000922 6570 6576
7 500.0 488.0 0.003008 0.001734 6586 6592
7 500.0 488.0 -8.4e-05 -0.001159 6602 6608
7 500.0 488.0 -1.1e-05 -0.000153 6618 6624
7 500.0 488.0 -1e-06 -2e-05 6635 6640
7 500.0 488.0 -0.0 -1e-06 6650 6656
7 500.0 488.0 -0.0 -0.0 6666 6672
7 500.0 488.0 -0.0 -0.0 6682 6690
7 500.0 488.0 -0.006293 0.002279 6698 6704
7 498.0 488.0 -0.006555 -0.005281 6714 6720
7 498.0 488.0 -0.006057 -0.000692 6731 6737
7 498.0 488.0 -0.012602 0.003121 6747 6753
7 498.0 488.0 -0.008437 -0.004105 6764 6770
7 498.0 488.0 -0.009702 0.000812 6779 6785
7 498.0 488.0 -0.015008 0.005142 6795 6801
7 496.0 488.0 -0.012879 -0.003076 6811 6817
7 496.0 488.0 -0.011402 -0.000323 6827 6833
7 496.0 488.0 -0.014318 0.000508 6843 6849
7 496.0 488.0 -0.013024 -0.005806 6859 6865
7 496.0 488.0 -0.012724 -0.000667 6875 6881
7 494.0 488.0 -0.013957 -0.000157 6891 6897
7 494.0 488.0 -0.014453 0.000916 6907 6913
7 494.0 488.0 -0.017244 0.002486 6923 6929
7 494.0 488.0 -0.012349 -0.002281 6939 6945
7 492.0 488.0 -0.014565 -0.000266 6955 6961
7 492.0 488.0 -0.016467 0.001253 6971 6977
7 492.0 488.0 -0.011108 -0.004765 6987 6993
7 492.0 488.0 -0.014246 0.00173 7002 7008
7 490.0 488.0 -0.017051 0.003084 7019 7025
7 490.0 488.0 -0.014595 -0.001979 7036 7042
7 490.0 488.0 -0.014846 0.001717 7051 7057
7 490.0 488.0 -0.015871 0.00309 7068 7074
7 488.0 488.0 -0.014682 -0.004045 7083 7090
7 488.0 488.0 -0.014907 0.000814 7100 7106
7 488.0 488.0 -0.012053 -0.002454 7115 7121
7 488.0 488.0 -0.012117 -0.000673 7131 7137
7 488.0 488.0 -0.014033 0.003253 7147 7153
7 486.0 488.0 -0.01194 -0.00212 7163 7169
7 486.0 488.0 -0.011672 0.001357 7180 7186
7 486.0 488.0 -0.013643 0.002594 7196 7202
7 486.0 488.0 -0.009608 -0.006809 7212 7218
7 486.0 488.0 -0.009509 0.001468 7228 7234
7 484.0 488.0 -0.012215 0.002152 7245 7250
7 484.0 488.0 -0.010322 -0.003595 7260 7266
7 484.0 488.0 -0.009915 0.001037 7276 7282
7 484.0 488.0 -0.010841 0.004393 7292 7298
7 484.0 488.0 -0.007555 -0.002105 7308 7314
7 484.0 488.0 -0.005192 0.000705 7324 7330
7 484.0 488.0 -0.002582 -0.000548 7340 7346
7 484.0 488.0 -0.001014 -0.001919 7356 7362
7 484.0 488.0 -0.000134 -0.000254 7372 7378
7 484.0 488.0 -1.8e-05 -3.4e-05 7388 7394
7 484.0 488.0 -2e-06 -4e-06 7404 7410
7 484.0 488.0 -0.0 -0.0 7420 7426
7 484.0 488.0 -0.0 -0.0 7436 7442
7 484.0 488.0 -0.0 -0.0 7452 7458
7 484.0 488.0 -0.0 -0.0 7468 7474
7 484.0 488.0 -0.0 -0.0 7484 7490
7 484.0 488.0 -0.0 -0.0 7500 7506
7 484.0 488.0 -0.0 -0.0 7516 7522
7 484.0 488.0 0.001005 0.002762 7532 7538
7 484.0 488.0 -0.00037 -0.001016 7548 7554
7 484.0 488.0 0.001918 -0.000164 7564 7570
7 484.0 488.0 0.000129 -1.1e-05 7580 7586
7 484.0 488.0 0.002424 -0.000455 7596 7602
7 484.0 488.0 0.000815 -0.000536 7612 7618
7 484.0 488.0 0.000108 -7.1e-05 7628 7634
7 484.0 488.0 0.003875 -6.7e-05 7644 7650
7 484.0 488.0 0.000261 -5e-06 7660 7666
7 484.0 488.0 3.5e-05 -1e-06 7676 7682
7 484.0 488.0 5e-06 -0.0 7692 7698
7 484.0 488.0 1e-06 -0.0 7708 7714
7 484.0 488.0 0.0 -0.0 7724 7730
7 484.0 488.0 0.0 -0.0 7741 7747
7 484.0 488.0 0.0 -0.0 7757 7763
7 484.0 488.0 0.0 -0.0 7774 7780
7 484.0 488.0 0.0 -0.0 7791 7797
7 484.0 488.0 0.0 -0.0 7807 7813
7 484.0 488.0 0.0 -0.0 7823 7829
7 484.0 488.0 0.0 -0.0 7839 7845
7 484.0 488.0 0.0 -0.0 7855 7861
7 484.0 488.0 0.0 -0.0 7871 7877
7 484.0 488.0 0.0 -0.0 7887 7893
7 484.0 488.0 0.0 -0.0 7903 7909
7 484.0 488.0 0.0 -0.0 7919 7925
7 484.0 488.0 0.0 -0.0 7935 7942
7 484.0 488.0 0.0 -0.0 7952 7958
7 484.0 488.0 0.0 -0.0 7968 7974
7 484.0 488.0 0.0 -0.0 7983 7989
7 484.0 488.0 0.0 -0.0 8000 8005
7 484.0 488.0 0.0 -0.0 8016 8022
7 484.0 488.0 0.0 -0.0 8032 8038
7 484.0 488.0 0.0 -0.0 8048 8054
7 484.0 488.0 0.0 -0.0 8064 8070
7 484.0 488.0 0.0 -0.0 8080 8086
7 484.0 488.0 0.0 -0.0 8096 8102
7 484.0 488.0 0.0 -0.0 8112 8119
7 484.0 488.0 0.0 -0.0 8129 8135
7 484.0 488.0 0.0 -0.0 8145 8151
7 484.0 488.0 0.0 -0.0 8161 8167
7 484.0 488.0 0.0 -0.0 8176 8182
7 484.0 488.0 0.0 -0.0 8193 8199
7 484.0 488.0 0.0 -0.0 8209 8215
7 484.0 488.0 0.0 -0.0 8225 8231
7 484.0 488.0 0.0 -0.0 8241 8247
7 484.0 488.0 0.0 -0.0 8257 8264
7 484.0 488.0 0.0 -0.0 8274 8280
7 484.0 488.0 0.0 -0.0 8289 8295
7 484.0 488.0 0.0 -0.0 8305 8311
7 484.0 488.0 0.0 -0.0 8321 8327
7 484.0 488.0 0.0 -0.0 8337 8343
7 484.0 488.0 0.0 -0.0 8353 8359
7 484.0 488.0 0.0 -0.0 8369 8375
7 484.0 488.0 0.0 -0.0 8385 8391
7 484.0 488.0 0.0 -0.0 8401 8407
7 484.0 488.0 0.0 -0.0 8417 8423
7 484.0 488.0 0.0 -0.0 8433 8439
7 484.0 488.0 0.0 -0.0 8449 8455
7 484.0 488.0 0.0 -0.0 8465 8471
7 484.0 488.0 0.0 -0.0 8481 8487
7 484.0 488.0 0.0 -0.0 8497 8503
7 484.0 488.0 0.0 -0.0 8513 8519
7 484.0 488.0 0.0 -0.0 8529 8535
7 484.0 488.0 0.0 -0.0 8545 8551
7 484.0 488.0 0.0 -0.0 8561 8568
7 484.0 488.0 0.0 -0.0 8577 8583
7 484.0 488.0 0.0 -0.0 8593 8599
7 484.0 488.0 0.0 -0.0 8609 8615
7 484.0 488.0 0.0 -0.0 8625 8631
7 484.0 488.0 0.0 -0.0 8641 8647
7 484.0 488.0 0.0 -0.0 8657 8663
7 484.0 488.0 0.0 -0.0 8673 8679
