7 456.0 466.0 -0.0 0.0 5516 5524
7 456.0 466.0 -0.0 0.0 5533 5539
7 456.0 466.0 -0.0 0.0 5548 5555
7 456.0 466.0 -0.0 0.0 5564 5570
7 456.0 466.0 -0.0 0.0 5580 5587
7 456.0 466.0 -0.0 0.0 5596 5602
7 456.0 466.0 -0.0 0.0 5613 5619
7 456.0 466.0 -0.0 0.0 5628 5634
7 456.0 466.0 -0.0 0.0 5644 5651
7 456.0 466.0 -0.0 0.0 5661 5667
7 456.0 466.0 -0.0 0.0 5677 5684
7 456.0 466.0 -0.0 0.0 5694 5700
7 456.0 466.0 -0.0 0.0 5709 5715
7 456.0 466.0 -0.0 0.0 5726 5732
7 456.0 466.0 -0.0 0.0 5741 5747
7 456.0 466.0 -0.0 0.0 5757 5764
7 456.0 466.0 -0.0 0.0 5773 5780
7 456.0 466.0 -0.0 0.0 5789 5795
7 456.0 466.0 -0.0 0.0 5805 5812
7 456.0 466.0 -0.0 0.0 5821 5827
7 456.0 466.0 -0.0 0.0 5837 5844
7 456.0 466.0 -0.0 0.0 5853 5859
7 456.0 466.0 -0.0 0.0 5869 5876
7 456.0 466.0 -0.0 0.0 5885 5891
7 456.0 466.0 -0.0 0.0 5901 5908
7 456.0 466.0 -0.0 0.0 5917 5923
7 456.0 466.0 -0.0 0.0 5934 5940
7 456.0 466.0 -0.0 0.0 5949 5956
7 456.0 466.0 -0.0 0.0 5966 5972
7 456.0 466.0 -0.0 0.0 5982 5989
7 456.0 466.0 -0.0 0.0 5998 6003
7 456.0 466.0 -0.0 0.0 6014 6021
7 456.0 466.0 -0.0 0.0 6030 6037
7 456.0 466.0 -0.0 0.0 6046 6052
7 456.0 466.0 -0.0 0.0 6063 6069
7 456.0 466.0 -0.0 0.0 6079 6086
7 456.0 466.0 -0.0 0.0 6095 6101
7 456.0 466.0 -0.0 0.0 6111 6117
7 456.0 466.0 -0.0 0.0 6128 6134
7 456.0 466.0 -0.0 0.0 6143 6150
7 456.0 466.0 -0.0 0.0 6159 6165
7 456.0 466.0 -0.0 0.0 6175 6181
7 456.0 466.0 -0.0 0.0 6191 6198
7 456.0 466.0 -0.0 0.0 6207 6213
7 456.0 466.0 -0.0 0.0 6223 6230
7 456.0 466.0 -0.0 0.0 6239 6245
7 456.0 466.0 -0.0 0.0 6255 6261
7 456.0 466.0 -0.0 0.0 6271 6278
7 456.0 466.0 -0.0 0.0 6288 6294
7 456.0 466.0 -0.0 0.0 6303 6310
7 456.0 466.0 -0.0 0.0 6320 6326
7 456.0 466.0 -0.0 0.0 6336 6343
7 456.0 466.0 -0.0 0.0 6352 6359
7 456.0 466.0 -0.0 0.0 6369 6375
7 456.0 466.0 -0.0 0.0 6385 6392
7 456.0 466.0 -0.0 0.0 6401 6408
7 456.0 466.0 -0.0 0.0 6417 6423
7 456.0 466.0 -0.0 0.0 6433 6440
7 456.0 466.0 -0.0 0.0 6449 6455
7 456.0 466.0 -0.0 0.0 6465 6472
7 456.0 466.0 -0.007401 0.007627 6481 6487
7 454.0 466.0 -0.004714 0.004859 6497 6504
7 454.0 464.0 -0.015271 0.008578 6514 6520
9 454.0 464.0 -0.026835 0.010992 6529 6540
9 452.0 464.0 -0.030847 0.017793 6548 6555
9 452.0 464.0 -0.034564 0.017119 6564 6570
9 450.0 462.0 -0.037948 0.014489 6581 6587
9 448.0 462.0 -0.039204 0.018742 6596 6603
9 448.0 462.0 -0.045225 0.022416 6612 6618
9 446.0 462.0 -0.048944 0.014097 6628 6634
9 444.0 460.0 -0.05683 0.021613 6644 6651
9 442.0 460.0 -0.061644 0.021052 6660 6667
9 440.0 460.0 -0.066377 0.015338 6676 6683
9 438.0 458.0 -0.074477 0.023477 6692 6698
9 436.0 458.0 -0.080331 0.019693 6708 6715
9 432.0 458.0 -0.086995 0.021395 6724 6730
9 430.0 456.0 -0.088235 0.015906 6740 6746
9 426.0 456.0 -0.092098 0.015633 6757 6763
9 424.0 456.0 -0.089607 0.008606 6772 6779
9 420.0 456.0 -0.094963 0.010853 6788 6795
9 418.0 456.0 -0.093961 0.001945 6804 6811
9 414.0 456.0 -0.096433 0.007133 6820 6826
9 410.0 456.0 -0.101339 0.004764 6836 6842
9 408.0 456.0 -0.102002 0.000117 6852 6859
9 404.0 454.0 -0.104724 0.004129 6868 6875
9 402.0 454.0 -0.11217 0.00389 6884 6890
9 398.0 454.0 -0.113425 0.000502 6900 6906
9 394.0 454.0 -0.117221 0.002637 6916 6923
9 390.0 454.0 -0.120881 0.002199 6932 6939
9 386.0 454.0 -0.126403 -0.00059 6948 6954
9 382.0 454.0 -0.126878 -0.00053 6965 6971
9 376.0 456.0 -0.129451 -0.005322 6980 6987
9 372.0 456.0 -0.13212 -0.004884 6996 7001
9 368.0 456.0 -0.13638 -0.007481 7012 7019
9 364.0 456.0 -0.134723 -0.011313 7028 7035
9 360.0 456.0 -0.134885 -0.007623 7044 7050
9 356.0 456.0 -0.139027 -0.010712 7061 7067
9 350.0 456.0 -0.138747 -0.009068 7077 7084
9 346.0 458.0 -0.137782 -0.013795 7093 7100
9 342.0 458.0 -0.138867 -0.011904 7109 7115
9 338.0 458.0 -0.136031 -0.013138 7126 7132
9 334.0 458.0 -0.135713 -0.013306 7143 7149
9 330.0 458.0 -0.134784 -0.012441 7158 7165
9 324.0 460.0 -0.133363 -0.01306 7174 7180
9 320.0 460.0 -0.136359 -0.009332 7190 7196
9 316.0 460.0 -0.13454 -0.011626 7207 7213
9 312.0 460.0 -0.133464 -0.008144 7223 7230
9 306.0 460.0 -0.137981 -0.007856 7239 7245
9 302.0 460.0 -0.13285 -0.01171 7256 7262
9 298.0 460.0 -0.134879 -0.010676 7273 7279
9 294.0 462.0 -0.136242 -0.008474 7289 7295
9 288.0 462.0 -0.135648 -0.009801 7304 7311
9 284.0 462.0 -0.13537 -0.007685 7320 7326
9 280.0 462.0 -0.135957 -0.010146 7336 7342
9 276.0 462.0 -0.136134 -0.010084 7352 7358
9 272.0 462.0 -0.134316 -0.011694 7368 7374
9 268.0 464.0 -0.133057 -0.018685 7385 7392
9 264.0 464.0 -0.131672 -0.01817 7401 7407
9 260.0 464.0 -0.133132 -0.018692 7416 7423
9 256.0 466.0 -0.128634 -0.026427 7432 7438
9 252.0 466.0 -0.127255 -0.024663 7448 7454
9 248.0 468.0 -0.126778 -0.030402 7464 7470
9 242.0 468.0 -0.124285 -0.033239 7480 7487
9 240.0 470.0 -0.122642 -0.030806 7496 7502
9 236.0 470.0 -0.127167 -0.029274 7513 7519
9 232.0 472.0 -0.121477 -0.03272 7528 7535
9 226.0 472.0 -0.121489 -0.034458 7544 7551
9 224.0 474.0 -0.122997 -0.031654 7560 7567
9 220.0 476.0 -0.1172 -0.03817 7577 7583
9 216.0 476.0 -0.116136 -0.035774 7593 7600
9 212.0 478.0 -0.109439 -0.03889 7609 7616
9 208.0 478.0 -0.106753 -0.037307 7626 7632
9 206.0 480.0 -0.107119 -0.038432 7642 7648
9 202.0 480.0 -0.102277 -0.040732 7659 7665
9 200.0 482.0 -0.098232 -0.034606 7674 7681
9 196.0 484.0 -0.099135 -0.029909 7690 7697
9 192.0 484.0 -0.095443 -0.026889 7706 7712
9 190.0 484.0 -0.089337 -0.02308 7723 7729
9 188.0 486.0 -0.089115 -0.01534 7738 7745
9 184.0 486.0 -0.082973 -0.011275 7754 7761
9 182.0 486.0 -0.081367 -0.003271 7770 7776
9 180.0 486.0 -0.080579 0.004787 7786 7792
9 176.0 486.0 -0.077524 0.01068 7802 7809
9 174.0 484.0 -0.074736 0.019064 7818 7825
9 172.0 484.0 -0.073605 0.02089 7835 7841
9 170.0 484.0 -0.074264 0.026185 7851 7858
9 166.0 482.0 -0.075215 0.026896 7867 7874
9 164.0 482.0 -0.073253 0.023742 7883 7889
9 162.0 480.0 -0.075301 0.027481 7900 7906
9 160.0 480.0 -0.074492 0.026355 7915 7922
9 158.0 480.0 -0.074838 0.021818 7931 7937
9 156.0 478.0 -0.074669 0.026444 7947 7953
9 152.0 478.0 -0.073944 0.019332 7964 7970
9 150.0 478.0 -0.071661 0.016075 7979 7986
9 148.0 476.0 -0.070376 0.014065 7995 8000
9 146.0 476.0 -0.065565 0.0066 8012 8018
9 144.0 476.0 -0.06471 0.005257 8028 8034
9 142.0 476.0 -0.06674 0.003555 8043 8050
9 140.0 476.0 -0.061845 -0.005834 8059 8066
9 138.0 476.0 -0.058744 -0.006022 8075 8082
9 136.0 476.0 -0.059234 -0.012706 8091 8097
9 134.0 478.0 -0.05574 -0.027054 8107 8114
9 132.0 478.0 -0.054423 -0.023403 8123 8129
9 130.0 480.0 -0.055288 -0.024911 8140 8146
9 128.0 480.0 -0.050992 -0.03324 8156 8163
9 128.0 482.0 -0.046511 -0.036925 8172 8179
9 126.0 482.0 -0.044247 -0.042244 8188 8194
9 124.0 484.0 -0.040135 -0.045224 8205 8211
9 124.0 486.0 -0.038052 -0.04275 8220 8227
9 122.0 488.0 -0.03789 -0.042395 8236 8243
9 122.0 488.0 -0.025198 -0.055511 8252 8258
9 120.0 490.0 -0.021729 -0.060773 8268 8275
9 120.0 494.0 -0.023918 -0.05864 8284 8291
9 120.0 494.0 -0.013866 -0.058135 8300 8306
9 120.0 496.0 -0.006694 -0.06191 8316 8323
9 120.0 498.0 -0.007441 -0.058489 8332 8339
9 120.0 500.0 0.003343 -0.055667 8348 8355
9 120.0 502.0 0.011677 -0.054352 8364 8370
9 120.0 504.0 0.017685 -0.046953 8380 8387
9 122.0 506.0 0.026801 -0.051038 8396 8403
9 122.0 506.0 0.037122 -0.038906 8412 8419
9 124.0 508.0 0.056491 -0.029612 8428 8435
9 126.0 508.0 0.069977 -0.024016 8444 8450
9 130.0 508.0 0.079898 -0.01426 8460 8467
9 132.0 510.0 0.090085 -0.015148 8476 8483
9 134.0 510.0 0.100502 -0.009728 8492 8498
9 138.0 510.0 0.108789 -0.004595 8509 8515
9 142.0 510.0 0.118225 -0.007432 8525 8532
9 146.0 510.0 0.127164 -0.005285 8541 8548
9 150.0 510.0 0.131762 -0.001491 8557 8563
9 154.0 510.0 0.140897 -0.006405 8573 8580
9 160.0 510.0 0.146082 -0.002162 8589 8596
9 166.0 510.0 0.15021 -0.002543 8605 8612
9 170.0 510.0 0.154294 -0.003634 8621 8627
9 174.0 510.0 0.159873 -0.002221 8638 8644
9 180.0 510.0 0.162647 -0.006069 8653 8660
9 184.0 510.0 0.168439 -0.00707 8669 8676
9 192.0 512.0 0.172861 -0.00476 8685 8691
9 196.0 512.0 0.176483 -0.007753 8701 8707
9 202.0 512.0 0.18443 -0.005761 8717 8724
9 208.0 512.0 0.19155 -0.006804 8733 8740
9 214.0 512.0 0.198195 -0.00944 8749 8755
9 220.0 512.0 0.207599 -0.008622 8765 8771
9 228.0 512.0 0.211869 -0.007384 8782 8788
9 236.0 514.0 0.218359 -0.011643 8797 8804
9 242.0 514.0 0.224964 -0.015057 8813 8819
9 248.0 514.0 0.228524 -0.010414 8829 8836
9 258.0 514.0 0.233058 -0.009068 8845 8852
9 266.0 514.0 0.231628 -0.01266 8861 8867
9 272.0 514.0 0.230751 -0.008066 8877 8883
9 280.0 516.0 0.229297 -0.005245 8893 8900
9 286.0 516.0 0.220996 -0.002137 8909 8916
9 294.0 516.0 0.215005 -0.003338 8925 8932
9 300.0 516.0 0.207442 0.00235 8941 8947
9 306.0 516.0 0.190859 0.009757 8957 8964
9 312.0 514.0 0.17922 0.01025 8973 8980
9 316.0 514.0 0.167989 0.017064 8989 8995
9 322.0 514.0 0.154434 0.018209 9006 9012
9 328.0 514.0 0.137957 0.021322 9021 9028
9 330.0 512.0 0.126009 0.023018 9037 9044
9 334.0 512.0 0.116539 0.020255 9053 9060
9 340.0 512.0 0.111978 0.018286 9069 9076
9 342.0 510.0 0.102851 0.017238 9085 9091
9 346.0 510.0 0.098991 0.009946 9101 9108
9 348.0 510.0 0.098602 0.007507 9117 9124
9 350.0 510.0 0.091508 0.010108 9133 9139
9 354.0 510.0 0.090522 0.000189 9150 9156
9 358.0 510.0 0.090837 -7.3e-05 9166 9173
9 360.0 510.0 0.090805 7.6e-05 9182 9188
9 362.0 510.0 0.091167 -0.006961 9199 9205
9 366.0 510.0 0.095412 -0.009067 9215 9222
9 370.0 510.0 0.100172 -0.007773 9231 9237
9 372.0 510.0 0.104048 -0.010889 9247 9254
9 376.0 512.0 0.109533 -0.010672 9263 9270
9 380.0 512.0 0.112241 -0.01455 9279 9286
9 384.0 512.0 0.116381 -0.012948 9295 9301
9 388.0 512.0 0.118483 -0.006498 9311 9318
9 390.0 512.0 0.118169 -0.010745 9327 9334
9 394.0 512.0 0.124168 -0.005643 9343 9350
9 400.0 514.0 0.120726 -0.00064 9359 9365
9 404.0 514.0 0.123871 -0.004841 9375 9381
9 406.0 514.0 0.1228 0.000499 9391 9398
9 410.0 512.0 0.119 0.005419 9407 9414
9 414.0 512.0 0.114707 0.009068 9423 9429
9 418.0 512.0 0.109595 0.013289 9440 9446
9 422.0 512.0 0.103136 0.018196 9457 9463
9 424.0 512.0 0.097461 0.020353 9472 9479
9 428.0 510.0 0.092784 0.023337 9488 9495
9 430.0 510.0 0.086359 0.026622 9504 9510
9 432.0 508.0 0.083138 0.025056 9520 9526
9 436.0 508.0 0.081422 0.03005 9536 9543
9 438.0 506.0 0.073363 0.030152 9552 9559
9 440.0 506.0 0.077518 0.028983 9568 9575
9 442.0 504.0 0.07084 0.034297 9584 9591
9 444.0 504.0 0.071239 0.033677 9600 9606
9 448.0 502.0 0.072179 0.032133 9616 9622
9 450.0 502.0 0.071043 0.033754 9635 9642
9 452.0 500.0 0.069934 0.032756 9652 9658
9 454.0 500.0 0.067723 0.033725 9668 9675
9 456.0 498.0 0.068872 0.029914 9685 9691
9 460.0 498.0 0.073229 0.027062 9701 9707
9 462.0 496.0 0.071043 0.030096 9717 9723
9 464.0 496.0 0.070865 0.024787 9733 9739
9 466.0 494.0 0.074377 0.018162 9748 9755
9 468.0 494.0 0.067448 0.023979 9764 9770
9 470.0 494.0 0.068515 0.014787 9781 9787
9 472.0 494.0 0.07127 0.010352 9797 9804
9 474.0 492.0 0.06346 0.009344 9813 9820
9 476.0 492.0 0.062259 0.008736 9829 9836
9 478.0 492.0 0.059111 0.00613 9845 9851
9 480.0 492.0 0.053962 0.005474 9862 9868
9 482.0 492.0 0.051245 0.001688 9877 9884
9 484.0 492.0 0.046571 0.003702 9893 9900
9 484.0 492.0 0.041344 -0.001316 9909 9915
9 486.0 492.0 0.043701 -0.006102 9926 9932
9 488.0 492.0 0.036041 0.000547 9942 9949
9 488.0 492.0 0.031862 -0.006122 9958 9965
9 490.0 492.0 0.032133 -0.004734 9974 9981
9 490.0 492.0 0.024902 0.002362 9991 9997
9 490.0 492.0 0.018897 -0.000222 10007 10014
9 492.0 492.0 0.016333 0.002082 10023 10032
9 492.0 492.0 0.010708 -0.000373 10040 10049
9 492.0 492.0 0.012593 -0.001463 10058 10066
9 492.0 492.0 0.006766 0.006161 10074 10083
9 492.0 492.0 0.005922 -0.001524 10092 10101
9 492.0 492.0 0.005483 0.002083 10109 10118
9 492.0 492.0 0.002322 -0.004241 10126 10135
9 494.0 492.0 0.00321 -0.0033 10143 10152
9 494.0 492.0 0.00097 -0.000933 10160 10169
9 494.0 492.0 0.000128 -0.000123 10177 10186
9 494.0 492.0 9e-06 -8e-06 10195 10203
9 494.0 492.0 1e-06 -1e-06 10211 10220
9 494.0 492.0 0.0 -0.0 10228 10237
9 494.0 492.0 -0.000646 -0.001798 10245 10254
9 494.0 492.0 -0.000253 -0.000705 10262 10271
9 494.0 492.0 -0.000992 -0.002762 10279 10288
9 492.0 492.0 -0.003085 -0.001213 10296 10305
9 492.0 492.0 -0.002352 0.003457 10313 10322
9 492.0 492.0 -0.00647 0.00525 10330 10339
9 492.0 492.0 0.000573 -0.006143 10347 10356
9 492.0 492.0 -0.001881 -0.000747 10364 10373
9 492.0 492.0 -0.001271 -0.003231 10381 10391
9 492.0 492.0 -0.002109 0.001337 10399 10408
9 492.0 492.0 -0.001212 -0.001934 10416 10425
9 492.0 494.0 -0.001953 -0.005234 10433 10442
9 492.0 494.0 -0.000426 -0.001159 10450 10459
9 492.0 494.0 -0.001261 -0.003496 10467 10476
9 492.0 494.0 -0.001813 -0.005024 10484 10493
9 492.0 494.0 -0.001101 -0.003052 10501 10510
9 492.0 494.0 -0.002112 -0.005846 10518 10527
9 492.0 494.0 -0.000947 -0.002622 10535 10543
9 492.0 494.0 -0.001863 -0.005153 10552 10560
9 492.0 494.0 -0.002377 -0.006572 10568 10577
9 492.0 494.0 -0.001065 -0.002944 10586 10594
9 492.0 494.0 -0.001292 -0.003568 10602 10611
9 492.0 494.0 -0.001003 -0.002769 10619 10628
9 492.0 494.0 0.00242 -0.004071 10636 10645
9 492.0 494.0 -0.000663 -0.00325 10653 10662
9 492.0 494.0 -4.5e-05 -0.000219 10670 10679
9 492.0 494.0 -6e-06 -2.9e-05 10687 10696
9 492.0 494.0 -0.000502 -0.001385 10704 10713
9 492.0 494.0 -0.00561 0.005176 10721 10730
9 492.0 494.0 -0.01044 0.009856 10739 10747
9 492.0 494.0 -0.007028 0.007489 10755 10764
9 490.0 494.0 -0.010796 0.006064 10772 10781
9 490.0 494.0 -0.008604 0.000917 10790 10799
9 490.0 494.0 -0.008618 0.004002 10807 10815
9 490.0 494.0 -0.01263 0.004744 10824 10832
9 490.0 494.0 -0.009974 0.002211 10841 10850
9 490.0 494.0 -0.010246 0.00085 10858 10867
9 488.0 494.0 -0.015805 0.001651 10875 10883
9 488.0 494.0 -0.012263 0.000624 10892 10901
9 488.0 494.0 -0.01412 -0.000226 10909 10918
9 488.0 494.0 -0.012479 -0.003747 10926 10935
9 486.0 494.0 -0.012661 0.00144 10943 10952
9 486.0 494.0 -0.015149 0.000827 10960 10969
9 486.0 494.0 -0.013552 -0.000284 10977 10986
9 486.0 494.0 -0.013633 0.001473 10994 11002
9 484.0 494.0 -0.014589 -0.003076 11011 11019
9 484.0 494.0 -0.013585 0.001544 11028 11036
9 484.0 494.0 -0.015964 0.001925 11044 11053
9 484.0 494.0 -0.012382 -0.002777 11061 11070
9 484.0 494.0 -0.012642 0.001605 11078 11087
9 482.0 494.0 -0.015735 0.003306 11096 11104
9 482.0 494.0 -0.012947 0.00098 11113 11122
9 482.0 494.0 -0.014858 0.001221 11130 11139
9 482.0 494.0 -0.011995 -0.005521 11147 11156
9 480.0 494.0 -0.011981 0.001289 11164 11172
9 480.0 494.0 -0.014958 0.00173 11181 11189
9 480.0 494.0 -0.010851 -0.004129 11198 11206
9 480.0 494.0 -0.01197 0.001321 11214 11223
9 478.0 494.0 -0.012889 -0.001824 11231 11240
9 478.0 494.0 -0.012285 -0.0005 11249 11258
9 478.0 494.0 -0.014888 0.000957 11266 11275
9 478.0 494.0 -0.009709 -0.004687 11283 11292
9 478.0 494.0 -0.01304 0.003344 11300 11309
9 476.0 494.0 -0.013683 0.003418 11317 11325
9 476.0 494.0 -0.009967 -0.002144 11334 11342
9 476.0 494.0 -0.010183 0.00077 11350 11359
9 476.0 494.0 -0.010682 -0.001909 11367 11376
9 476.0 494.0 -0.009313 0.002309 11384 11394
9 474.0 494.0 -0.01222 0.00236 11403 11412
9 474.0 494.0 -0.009915 -0.002163 11420 11429
9 474.0 494.0 -0.00843 -0.000119 11437 11446
9 474.0 494.0 -0.010653 0.002515 11454 11463
9 474.0 494.0 -0.006675 4.7e-05 11472 11480
9 474.0 494.0 -0.010176 0.004755 11489 11497
9 474.0 494.0 -0.00573 -0.005881 11506 11514
9 474.0 494.0 -0.005922 0.001186 11523 11532
9 472.0 494.0 -0.008184 0.003062 11540 11549
9 472.0 494.0 -0.005427 -0.002205 11557 11566
9 472.0 494.0 -0.004742 0.001196 11574 11583
9 472.0 494.0 -0.006629 -0.000855 11591 11600
