9 488.0 496.0 -0.035495 0.00072 5516 5528
9 486.0 496.0 -0.037442 4.8e-05 5536 5542
9 486.0 496.0 -0.040652 0.00876 5552 5559
9 484.0 496.0 -0.043229 0.004914 5568 5575
9 482.0 496.0 -0.041654 0.004417 5584 5591
9 482.0 496.0 -0.04493 0.009028 5600 5606
9 480.0 496.0 -0.044781 0.002387 5617 5623
9 478.0 496.0 -0.043834 0.009612 5632 5639
9 478.0 494.0 -0.040732 0.006175 5648 5655
9 476.0 494.0 -0.037934 -0.000254 5664 5671
9 474.0 494.0 -0.038175 0.009372 5680 5686
9 474.0 494.0 -0.029928 0.003229 5696 5702
9 472.0 494.0 -0.02749 -5.8e-05 5713 5719
9 472.0 494.0 -0.024831 0.004647 5728 5735
9 472.0 494.0 -0.020035 -0.000329 5744 5750
9 470.0 494.0 -0.013982 -0.003847 5760 5769
9 470.0 494.0 -0.008622 0.00136 5777 5786
9 470.0 494.0 -0.006378 -0.00148 5794 5803
9 470.0 494.0 -0.005824 0.006372 5811 5820
9 470.0 494.0 -0.002277 0.000434 5828 5836
9 470.0 494.0 -0.003363 0.00061 5845 5853
9 470.0 494.0 -0.00537 0.002956 5862 5871
9 470.0 494.0 -0.00071 0.000391 5879 5888
9 470.0 494.0 -0.001498 0.001453 5896 5905
9 470.0 494.0 -0.000198 0.000192 5913 5921
9 470.0 494.0 -2.6e-05 2.5e-05 5930 5938
9 470.0 494.0 -2e-06 2e-06 5947 5955
9 470.0 494.0 -0.0 0.0 5964 5972
9 470.0 494.0 -0.002845 0.0028 5981 5990
9 470.0 494.0 -0.000376 0.00037 5998 6006
9 470.0 494.0 0.000247 0.005927 6014 6023
9 470.0 494.0 0.000211 0.001247 6031 6040
9 470.0 494.0 -0.0003 0.002947 6048 6057
9 470.0 494.0 -0.002664 0.00438 6065 6074
9 470.0 494.0 -0.005746 0.005256 6082 6091
9 470.0 494.0 -0.004652 0.004558 6099 6108
9 468.0 492.0 -0.005829 0.005744 6117 6125
9 468.0 492.0 -0.012153 0.011994 6134 6142
9 468.0 492.0 -0.011011 0.008414 6150 6159
9 468.0 492.0 -0.013671 0.011915 6167 6176
9 468.0 492.0 -0.011136 0.003443 6184 6193
9 466.0 492.0 -0.013427 0.001756 6201 6210
9 466.0 492.0 -0.015951 0.009359 6218 6227
9 466.0 492.0 -0.014396 0.004479 6235 6244
9 466.0 490.0 -0.017657 0.005623 6253 6261
9 464.0 490.0 -0.020521 0.006384 6270 6276
9 464.0 490.0 -0.022622 0.00067 6285 6294
9 464.0 490.0 -0.026495 0.005418 6302 6309
9 462.0 490.0 -0.029363 -0.001521 6318 6324
9 462.0 490.0 -0.032544 -0.004639 6334 6341
9 460.0 490.0 -0.038321 -0.000294 6350 6357
9 458.0 490.0 -0.044363 -0.006259 6366 6372
9 458.0 492.0 -0.052379 -0.008499 6383 6389
9 456.0 492.0 -0.060378 -0.003019 6398 6405
9 454.0 492.0 -0.065829 -0.009704 6414 6421
9 450.0 492.0 -0.078466 -0.007189 6430 6436
9 448.0 492.0 -0.088967 -0.000808 6446 6452
9 444.0 492.0 -0.099208 -0.004589 6462 6469
9 442.0 492.0 -0.109319 0.001031 6478 6485
9 438.0 492.0 -0.1201 0.001794 6494 6500
9 432.0 492.0 -0.12849 -7.3e-05 6511 6517
9 428.0 492.0 -0.142245 0.007596 6527 6534
9 424.0 492.0 -0.150575 0.004107 6543 6550
9 420.0 492.0 -0.163404 0.007835 6559 6566
9 412.0 490.0 -0.169563 0.012558 6575 6581
9 406.0 490.0 -0.176661 0.009008 6592 6598
9 402.0 490.0 -0.188636 0.011045 6609 6615
9 396.0 490.0 -0.195307 0.012318 6624 6631
9 388.0 490.0 -0.198725 0.009572 6640 6647
9 382.0 490.0 -0.204118 0.008448 6656 6662
9 374.0 490.0 -0.211208 0.008861 6673 6679
9 366.0 488.0 -0.216202 0.00935 6690 6696
9 360.0 488.0 -0.220564 0.01146 6706 6713
9 352.0 488.0 -0.223801 0.011951 6722 6728
9 346.0 488.0 -0.227293 0.008625 6738 6744
9 340.0 488.0 -0.23031 0.012094 6754 6761
9 330.0 488.0 -0.233652 0.007494 6770 6776
9 322.0 486.0 -0.236469 0.010412 6786 6792
9 316.0 486.0 -0.239889 0.013277 6802 6809
9 308.0 486.0 -0.239206 0.011383 6818 6825
9 302.0 486.0 -0.239734 0.011717 6834 6840
9 292.0 486.0 -0.238599 0.010508 6850 6856
9 284.0 486.0 -0.234233 0.00713 6867 6873
9 278.0 486.0 -0.235401 0.005575 6882 6889
9 270.0 486.0 -0.230254 -0.003857 6898 6904
9 264.0 486.0 -0.22506 -0.006243 6915 6921
9 254.0 486.0 -0.22223 -0.008249 6930 6937
9 248.0 486.0 -0.217687 -0.017083 6946 6952
9 242.0 488.0 -0.212185 -0.020348 6962 6969
9 236.0 488.0 -0.210528 -0.022373 6978 6985
9 230.0 488.0 -0.20492 -0.030472 6994 7000
9 222.0 490.0 -0.20296 -0.029105 7011 7017
9 216.0 490.0 -0.198044 -0.034082 7026 7033
9 210.0 492.0 -0.192302 -0.034363 7042 7048
9 202.0 494.0 -0.192626 -0.03007 7059 7065
9 196.0 494.0 -0.191628 -0.032646 7076 7082
9 190.0 496.0 -0.187468 -0.032882 7091 7098
9 186.0 496.0 -0.186281 -0.027477 7107 7114
9 180.0 498.0 -0.183421 -0.031909 7123 7130
9 172.0 498.0 -0.181918 -0.024693 7139 7145
9 168.0 500.0 -0.176877 -0.025453 7155 7161
9 162.0 500.0 -0.17167 -0.027822 7172 7178
9 156.0 500.0 -0.172638 -0.023321 7187 7194
9 152.0 502.0 -0.168299 -0.021133 7203 7210
9 144.0 502.0 -0.165797 -0.020439 7219 7225
9 140.0 502.0 -0.160935 -0.018898 7236 7242
9 136.0 502.0 -0.15608 -0.013962 7251 7258
9 132.0 504.0 -0.147402 -0.012707 7267 7273
9 126.0 504.0 -0.140855 -0.009605 7284 7290
9 122.0 504.0 -0.132624 -0.010794 7299 7306
9 118.0 504.0 -0.122175 -0.012484 7315 7321
9 114.0 504.0 -0.112474 -0.007831 7331 7337
9 112.0 506.0 -0.098109 -0.012282 7348 7354
9 108.0 506.0 -0.087791 -0.009301 7363 7370
9 106.0 506.0 -0.076599 -0.003861 7379 7385
9 104.0 506.0 -0.065032 -0.009833 7397 7403
9 102.0 506.0 -0.055499 -0.004137 7411 7418
9 100.0 506.0 -0.035499 0.000114 7441 7447
9 100.0 506.0 -0.026058 0.003144 7457 7464
9 98.0 506.0 -0.019488 0.009529 7474 7480
2 98.0 506.0 -0.011102 0.007182 7489 7496
2 98.0 506.0 -0.011372 0.0059 7505 7506
2 98.0 504.0 -0.008239 0.013093 7521 7522
2 98.0 504.0 -0.002724 0.004721 7538 7538
2 98.0 504.0 -0.000269 0.008081 7553 7554
2 98.0 504.0 0.00282 0.014091 7569 7570
2 98.0 504.0 0.010323 0.007639 7585 7586
2 98.0 504.0 0.010438 0.010432 7601 7601
2 98.0 502.0 0.009392 0.009707 7617 7617
2 98.0 502.0 0.012023 0.012513 7633 7634
2 100.0 502.0 0.011294 0.011771 7649 7650
2 100.0 502.0 0.013385 0.006679 7666 7666
2 100.0 502.0 0.018275 0.007092 7682 7682
2 100.0 502.0 0.017802 -0.006158 7698 7699
2 102.0 502.0 0.018838 0.001647 7714 7715
2 102.0 502.0 0.021547 0.001778 7730 7730
2 102.0 502.0 0.018557 -0.006317 7746 7747
2 104.0 502.0 0.016941 -0.000437 7762 7763
2 104.0 502.0 0.019432 -0.001636 7779 7779
2 104.0 502.0 0.018556 -0.008323 7795 7795
2 104.0 502.0 0.016899 -0.000612 7810 7810
2 106.0 502.0 0.016079 0.000629 7826 7827
2 106.0 502.0 0.01454 -0.005298 7842 7843
2 106.0 502.0 0.012345 0.000547 7859 7859
2 106.0 502.0 0.008239 -0.000373 7875 7875
2 108.0 502.0 0.009312 -0.001604 7891 7892
2 108.0 502.0 0.009741 0.001471 7907 7908
2 108.0 502.0 0.00819 -0.001608 7924 7924
2 108.0 502.0 0.002785 0.00336 7939 7939
2 108.0 502.0 0.006597 0.001514 7955 7955
2 108.0 502.0 0.001487 -0.002821 7971 7972
2 108.0 502.0 0.000529 -0.000974 7987 7988
2 108.0 502.0 3.6e-05 -6.6e-05 8003 8003
2 108.0 502.0 5e-06 -9e-06 8019 8020
2 108.0 502.0 1e-06 -1e-06 8035 8036
2 108.0 502.0 0.0 -0.0 8051 8052
2 108.0 502.0 0.0 -0.0 8067 8068
2 108.0 502.0 -0.00131 -0.001391 8084 8084
2 108.0 502.0 0.000457 0.000485 8099 8099
2 108.0 502.0 -0.000947 -0.001006 8115 8116
2 108.0 502.0 -0.002103 -0.002232 8131 8132
2 108.0 502.0 -0.000142 -0.00015 8148 8148
2 108.0 502.0 -1.9e-05 -2e-05 8163 8163
2 108.0 502.0 -2e-06 -3e-06 8179 8179
2 108.0 502.0 -0.0 -0.0 8195 8196
2 108.0 502.0 -0.0 -0.0 8211 8212
2 108.0 502.0 -0.0 -0.0 8228 8228
2 108.0 502.0 0.002922 -0.00527 8243 8243
2 108.0 502.0 0.001336 -0.002409 8259 8260
2 108.0 502.0 0.001459 -0.002631 8275 8276
2 108.0 502.0 0.000526 -0.000948 8291 8292
2 108.0 502.0 0.001318 -0.002376 8308 8308
2 108.0 504.0 0.000507 -0.000915 8323 8323
2 108.0 504.0 -0.000229 0.000413 8339 8340
2 108.0 504.0 0.000623 -0.001123 8355 8356
2 108.0 504.0 8.2e-05 -0.000149 8371 8372
2 108.0 504.0 1.1e-05 -2e-05 8387 8387
7 108.0 504.0 0.002621 0.002781 8404 8406
7 108.0 504.0 1e-05 1e-05 8420 8426
7 108.0 504.0 1e-06 1e-06 8436 8442
7 108.0 504.0 0.0 0.0 8452 8457
7 108.0 504.0 0.0 0.0 8469 8474
7 108.0 504.0 0.0 0.0 8484 8490
7 108.0 502.0 0.00131 0.001391 8500 8506
7 108.0 502.0 0.000513 0.000545 8516 8522
7 108.0 502.0 0.002385 0.002533 8532 8538
7 108.0 502.0 -0.000314 -0.000334 8548 8554
7 108.0 502.0 0.002469 0.002623 8565 8570
7 108.0 502.0 0.003309 0.003518 8582 8587
7 108.0 502.0 0.005955 -0.005723 8597 8603
7 108.0 502.0 0.005825 0.001221 8614 8619
7 110.0 502.0 0.005389 -0.002386 8629 8635
7 110.0 504.0 0.010198 -0.006065 8645 8651
7 110.0 504.0 0.010843 -0.000878 8661 8666
7 110.0 504.0 0.01093 -0.006702 8677 8683
7 110.0 504.0 0.01536 -0.006346 8694 8699
7 112.0 504.0 0.021036 -0.002823 8710 8715
1 112.0 504.0 0.023433 -0.010909 8725 8732
1 112.0 504.0 0.02577 -0.007072 8741 8747
1 114.0 504.0 0.032262 -0.008222 8757 8763
1 114.0 506.0 0.037538 -0.015876 8773 8779
1 116.0 506.0 0.041704 -0.01108 8789 8795
1 118.0 506.0 0.048183 -0.007796 8805 8811
1 120.0 506.0 0.052671 -0.015553 8821 8827
1 122.0 506.0 0.054543 -0.003873 8838 8843
1 124.0 506.0 0.063751 -0.01058 8855 8860
1 126.0 506.0 0.069832 -0.009529 8870 8876
1 128.0 508.0 0.075121 -0.00514 8886 8892
1 130.0 508.0 0.082696 -0.006274 8902 8908
1 134.0 508.0 0.09091 -0.008725 8918 8924
1 136.0 508.0 0.100087 -0.007092 8934 8940
1 140.0 508.0 0.104338 -0.012711 8950 8956
1 144.0 508.0 0.110311 -0.007039 8966 8972
1 148.0 508.0 0.115236 -0.005924 8982 8988
1 152.0 510.0 0.122858 -0.010889 8998 9003
1 154.0 510.0 0.12773 -0.005497 9014 9020
1 160.0 510.0 0.135091 -0.008069 9030 9036
1 164.0 510.0 0.139624 -0.010392 9046 9052
1 168.0 510.0 0.145568 -0.005247 9062 9068
1 174.0 510.0 0.149258 -0.008538 9078 9084
1 180.0 510.0 0.15361 -0.0036 9095 9100
1 184.0 510.0 0.159536 -0.002432 9111 9117
1 190.0 510.0 0.16657 -0.008173 9128 9133
1 194.0 510.0 0.170955 -0.001948 9143 9149
1 200.0 510.0 0.182755 -0.006221 9159 9165
1 208.0 512.0 0.187803 -0.010586 9175 9181
1 214.0 512.0 0.193105 -0.009169 9191 9197
1 220.0 512.0 0.2034 -0.016522 9208 9213
1 228.0 512.0 0.207725 -0.013628 9224 9230
1 234.0 514.0 0.213457 -0.013432 9240 9246
1 240.0 514.0 0.219905 -0.015001 9256 9262
1 248.0 514.0 0.225715 -0.009463 9272 9278
1 254.0 514.0 0.230347 -0.012788 9288 9294
1 264.0 516.0 0.232828 -0.014593 9305 9310
1 270.0 516.0 0.233448 -0.009563 9321 9327
1 278.0 516.0 0.239005 -0.011273 9337 9343
1 286.0 516.0 0.234719 -0.009426 9353 9359
1 292.0 516.0 0.233398 -0.007785 9369 9375
1 302.0 516.0 0.234253 -0.007869 9385 9391
1 308.0 518.0 0.227943 -0.007357 9401 9407
1 314.0 518.0 0.22337 -0.007309 9418 9423
1 322.0 518.0 0.219024 -0.010156 9434 9439
1 328.0 518.0 0.215408 -0.011287 9449 9455
1 334.0 518.0 0.207493 -0.01067 9465 9471
1 342.0 518.0 0.204685 -0.015253 9481 9487
1 348.0 520.0 0.202104 -0.012359 9497 9502
1 354.0 520.0 0.19897 -0.016936 9514 9520
1 362.0 520.0 0.194839 -0.018685 9530 9536
1 368.0 520.0 0.196345 -0.018316 9547 9553
1 374.0 522.0 0.198128 -0.021149 9562 9568
1 380.0 522.0 0.199273 -0.027211 9578 9584
1 386.0 524.0 0.198663 -0.024719 9594 9600
1 394.0 524.0 0.203657 -0.028841 9610 9616
1 400.0 526.0 0.202741 -0.027849 9626 9632
1 406.0 526.0 0.204274 -0.023722 9642 9648
1 412.0 528.0 0.207685 -0.026099 9658 9664
1 418.0 528.0 0.208455 -0.023186 9674 9680
1 426.0 528.0 0.204489 -0.017496 9690 9696
1 434.0 530.0 0.203665 -0.01664 9706 9711
1 440.0 530.0 0.200324 -0.012267 9722 9728
1 444.0 530.0 0.195122 -0.007199 9739 9744
1 450.0 530.0 0.188988 -0.005851 9754 9760
1 456.0 530.0 0.180621 0.004302 9770 9776
1 464.0 530.0 0.173683 0.005677 9787 9792
1 468.0 528.0 0.165108 0.00941 9803 9809
1 472.0 528.0 0.150392 0.020237 9820 9825
1 478.0 528.0 0.143983 0.021945 9835 9841
1 482.0 526.0 0.13414 0.024062 9851 9857
1 486.0 526.0 0.120746 0.028473 9867 9873
1 490.0 526.0 0.110981 0.029891 9883 9889
1 492.0 524.0 0.097846 0.03105 9900 9905
1 496.0 522.0 0.08555 0.034484 9915 9921
1 498.0 522.0 0.075286 0.031997 9931 9937
1 500.0 520.0 0.069976 0.033975 9947 9953
1 502.0 520.0 0.058224 0.037049 9963 9969
2 504.0 518.0 0.054603 0.030811 9979 9986
2 504.0 518.0 0.05008 0.036917 9995 9995
2 506.0 516.0 0.038985 0.040254 10011 10012
2 506.0 516.0 0.036541 0.030848 10027 10028
2 508.0 514.0 0.028427 0.039516 10043 10044
2 508.0 514.0 0.027096 0.038404 10059 10059
2 510.0 512.0 0.021206 0.033737 10075 10075
2 510.0 510.0 0.014497 0.040285 10091 10092
2 510.0 510.0 0.014461 0.03016 10107 10108
2 510.0 510.0 0.01154 0.028988 10123 10124
2 512.0 508.0 0.009008 0.024786 10139 10140
2 512.0 508.0 0.007848 0.021969 10155 10156
2 512.0 506.0 -0.003823 0.024139 10172 10172
2 512.0 506.0 -0.002412 0.020458 10187 10188
2 510.0 506.0 -0.009549 0.013537 10203 10204
2 510.0 506.0 -0.008572 0.012626 10219 10220
2 510.0 504.0 -0.01102 0.010639 10235 10236
2 510.0 504.0 -0.015369 0.014006 10252 10252
2 510.0 504.0 -0.019575 0.004023 10268 10269
2 508.0 504.0 -0.026023 -0.000969 10284 10285
2 508.0 504.0 -0.032948 0.005154 10301 10301
2 506.0 504.0 -0.035865 0.001501 10317 10318
2 506.0 504.0 -0.038678 0.002269 10333 10334
2 504.0 504.0 -0.044441 0.003829 10349 10350
2 502.0 504.0 -0.046187 0.001356 10366 10366
2 500.0 504.0 -0.049865 0.00421 10381 10381
2 498.0 504.0 -0.052837 0.005399 10398 10399
2 498.0 504.0 -0.057727 0.00539 10415 10415
2 496.0 502.0 -0.060437 0.012286 10430 10430
2 494.0 502.0 -0.057919 0.008756 10446 10447
2 492.0 502.0 -0.059824 0.007475 10462 10463
2 490.0 502.0 -0.064228 0.015651 10479 10479
2 488.0 502.0 -0.058526 0.007254 10494 10495
2 486.0 502.0 -0.062758 0.008494 10510 10511
2 484.0 502.0 -0.062251 0.011497 10526 10527
2 482.0 502.0 -0.055987 0.004181 10542 10542
2 480.0 500.0 -0.052729 0.007096 10558 10559
2 478.0 500.0 -0.050478 0.002755 10574 10575
2 476.0 500.0 -0.045197 0.002988 10590 10591
2 476.0 500.0 -0.038968 0.00385 10607 10607
2 474.0 500.0 -0.028933 -0.0016 10623 10624
2 474.0 500.0 -0.023223 -0.004307 10639 10640
2 474.0 500.0 -0.016784 0.001564 10655 10656
2 472.0 500.0 -0.011963 -0.000883 10671 10672
2 472.0 500.0 -0.011294 -0.003053 10687 10687
2 472.0 500.0 -0.010955 0.006626 10703 10704
2 472.0 500.0 -0.004367 0.001833 10719 10720
2 472.0 500.0 -0.004952 0.002619 10736 10736
2 472.0 500.0 -0.00735 0.006882 10751 10751
2 472.0 500.0 -0.001954 0.001869 10767 10767
2 472.0 500.0 -0.003035 0.005419 10783 10784
2 472.0 500.0 -0.000478 0.017546 10799 10800
2 472.0 498.0 0.007668 0.017067 10816 10816
2 472.0 498.0 0.004803 0.017211 10831 10831
2 472.0 498.0 0.007769 0.020731 10847 10848
2 472.0 496.0 0.009394 0.02443 10864 10864
2 472.0 496.0 0.007481 0.019472 10880 10880
2 472.0 496.0 0.011169 0.022361 10896 10896
2 474.0 496.0 0.016438 0.018063 10912 10913
2 474.0 494.0 0.018117 0.006989 10928 10929
2 474.0 494.0 0.016505 0.008827 10945 10945
2 474.0 494.0 0.01712 0.009509 10960 10960
2 476.0 494.0 0.015916 0.000954 10976 10977
2 476.0 494.0 0.008864 0.004084 10992 10993
2 476.0 494.0 0.009103 -0.003309 11008 11009
2 476.0 494.0 0.009551 -0.007909 11025 11025
2 476.0 494.0 0.006517 -0.006146 11041 11041
2 476.0 494.0 0.009556 -0.009256 11056 11057
7 478.0 496.0 0.00408 -0.006397 11072 11080
7 478.0 496.0 0.004529 -0.012789 11089 11096
7 478.0 496.0 0.004077 -0.016755 11105 11112
7 478.0 496.0 0.004523 -0.013285 11121 11128
7 478.0 496.0 0.005509 -0.007776 11137 11143
7 478.0 498.0 0.006495 -0.008481 11153 11160
7 478.0 498.0 0.004607 -0.00843 11169 11175
7 478.0 498.0 0.005436 -0.005778 11186 11192
7 478.0 498.0 0.004614 -0.004526 11201 11208
7 478.0 498.0 0.004171 -0.00403 11217 11223
7 478.0 498.0 0.008043 0.00024 11233 11240
7 480.0 498.0 0.005418 0.004465 11249 11255
7 480.0 498.0 0.006114 0.009574 11265 11272
7 480.0 498.0 0.009491 0.005206 11281 11288
7 480.0 496.0 0.007592 0.011867 11298 11304
7 480.0 496.0 0.009158 0.01283 11313 11320
7 480.0 496.0 0.009853 0.014285 11329 11335
7 480.0 496.0 0.008243 0.020418 11345 11352
7 480.0 494.0 0.00752 0.019909 11361 11368
7 482.0 494.0 0.009437 0.022605 11378 11384
9 482.0 494.0 0.012181 0.022133 11394 11406
9 482.0 492.0 0.009043 0.016031 11414 11421
9 482.0 492.0 0.010249 0.021941 11430 11439
9 482.0 492.0 0.008948 0.019209 11447 11453
9 482.0 490.0 0.008161 0.013721 11463 11472
9 484.0 490.0 0.00538 0.014103 11480 11489
9 484.0 490.0 0.003036 0.008214 11497 11506
9 484.0 490.0 0.001564 0.004261 11515 11523
9 484.0 490.0 -0.005987 0.008342 11532 11540
9 482.0 490.0 -0.015843 0.014985 11548 11557
9 482.0 488.0 -0.027675 0.002259 11565 11574
9 480.0 488.0 -0.039124 0.008203 11583 11589
9 480.0 488.0 -0.046697 0.005148 11598 11605
9 478.0 488.0 -0.052332 0.004385 11614 11621
9 476.0 488.0 -0.060751 0.01001 11630 11637
9 470.0 488.0 -0.07917 0.009406 11647 11654
9 466.0 486.0 -0.086802 0.010005 11685 11692
9 464.0 486.0 -0.093323 0.002525 11701 11708
9 460.0 486.0 -0.103934 0.00556 11717 11723
9 458.0 486.0 -0.111414 0.002429 11733 11739
9 452.0 486.0 -0.119141 0.003503 11750 11756
9 450.0 486.0 -0.127888 0.006193 11765 11772
9 444.0 486.0 -0.138292 0.005239 11781 11787
9 440.0 486.0 -0.143816 0.003502 11797 11803
9 436.0 486.0 -0.155687 0.008842 11813 11819
9 430.0 486.0 -0.162437 0.001414 11830 11836
9 424.0 486.0 -0.173031 0.006332 11845 11852
9 418.0 486.0 -0.180922 0.009586 11861 11868
9 414.0 486.0 -0.184345 0.006941 11877 11883
9 408.0 486.0 -0.1923 0.009118 11893 11900
9 402.0 484.0 -0.196173 0.011227 11909 11916
9 394.0 484.0 -0.196631 0.008299 11925 11931
9 388.0 484.0 -0.199109 0.00956 11941 11948
9 382.0 484.0 -0.202476 0.007992 11957 11964
9 376.0 484.0 -0.198371 0.00791 11973 11980
9 370.0 484.0 -0.200684 0.010126 11989 11995
9 362.0 484.0 -0.200122 0.009007 12006 12012
9 356.0 482.0 -0.199263 0.011768 12022 12028
9 350.0 482.0 -0.200197 0.012447 12037 12044
9 344.0 482.0 -0.201858 0.013259 12053 12060
9 336.0 482.0 -0.202385 0.01758 12070 12076
9 330.0 480.0 -0.202802 0.017685 12086 12093
9 324.0 480.0 -0.201302 0.017577 12102 12109
9 318.0 480.0 -0.199599 0.022383 12118 12125
9 310.0 478.0 -0.202631 0.021829 12134 12141
9 304.0 478.0 -0.198618 0.020514 12150 12156
9 298.0 478.0 -0.19846 0.025948 12166 12173
9 292.0 476.0 -0.196316 0.020151 12182 12189
9 286.0 476.0 -0.193367 0.021121 12198 12204
9 278.0 476.0 -0.191834 0.020557 12214 12220
9 272.0 476.0 -0.187181 0.015779 12231 12237
9 266.0 474.0 -0.183474 0.017308 12247 12253
9 262.0 474.0 -0.180523 0.01695 12262 12269
9 256.0 474.0 -0.173927 0.009197 12278 12285
9 250.0 474.0 -0.170956 0.008848 12294 12300
9 244.0 474.0 -0.165168 0.004531 12311 12317
9 240.0 474.0 -0.162513 0.004319 12328 12334
9 234.0 474.0 -0.156855 0.005319 12343 12350
9 228.0 474.0 -0.153794 -0.000108 12359 12365
9 224.0 474.0 -0.149865 0.00063 12375 12382
9 220.0 474.0 -0.142897 -0.000745 12391 12399
9 216.0 474.0 -0.143038 -0.003926 12407 12414
9 212.0 474.0 -0.138718 -0.005117 12423 12430
9 208.0 474.0 -0.135433 -0.006056 12439 12445
9 202.0 474.0 -0.133959 -0.009298 12456 12462
9 198.0 474.0 -0.129438 -0.011065 12472 12479
9 194.0 474.0 -0.128398 -0.006234 12488 12495
9 190.0 474.0 -0.121749 -0.012746 12504 12511
9 186.0 476.0 -0.121858 -0.009231 12520 12526
9 182.0 476.0 -0.118669 -0.006098 12537 12543
9 178.0 476.0 -0.113526 -0.009101 12552 12559
9 176.0 476.0 -0.111034 -0.00364 12568 12575
9 172.0 476.0 -0.108749 -0.006005 12584 12591
9 168.0 476.0 -0.102171 -0.008068 12600 12606
9 164.0 476.0 -0.100098 -0.001412 12616 12622
9 162.0 476.0 -0.093982 -0.005901 12632 12639
9 160.0 476.0 -0.09213 -0.002836 12648 12655
9 156.0 476.0 -0.085398 0.000895 12664 12670
9 154.0 476.0 -0.083522 -0.002079 12680 12687
9 150.0 476.0 -0.079828 -0.002056 12696 12703
9 148.0 476.0 -0.073614 0.002275 12712 12719
9 146.0 476.0 -0.06867 -0.007713 12728 12735
9 144.0 478.0 -0.069725 -0.005057 12744 12750
9 142.0 478.0 -0.065152 -0.001912 12760 12766
9 140.0 478.0 -0.058805 -0.006157 12777 12783
9 138.0 478.0 -0.053926 -0.007141 12792 12799
9 136.0 478.0 -0.051037 -0.008815 12808 12814
9 136.0 478.0 -0.048082 -0.011781 12824 12830
9 134.0 478.0 -0.043319 -0.013615 12840 12846
9 132.0 480.0 -0.043023 -0.012211 12856 12863
9 132.0 480.0 -0.041252 -0.01473 12872 12878
9 130.0 480.0 -0.039319 -0.010247 12889 12895
9 128.0 480.0 -0.036827 -0.013597 12905 12912
9 128.0 480.0 -0.035869 -0.014338 12921 12928
9 126.0 482.0 -0.033533 -0.009162 12937 12944
9 126.0 482.0 -0.027503 -0.013082 12953 12960
9 124.0 482.0 -0.024845 -0.009536 12969 12976
9 124.0 482.0 -0.024156 -0.002984 12985 12991
2 124.0 482.0 -0.017323 -0.008719 13001 13007
2 124.0 482.0 -0.017085 -0.004544 13018 13018
2 122.0 482.0 -0.012828 0.003552 13033 13033
2 122.0 482.0 -0.00587 -0.003256 13049 13049
2 122.0 482.0 -0.005923 -0.00056 13065 13066
2 122.0 482.0 -0.004273 0.003501 13081 13082
2 122.0 482.0 0.000356 -0.000933 13097 13097
2 122.0 482.0 4.7e-05 -0.000123 13113 13114
2 122.0 482.0 6e-06 -1.6e-05 13129 13129
2 122.0 482.0 1e-06 -2e-06 13145 13146
2 122.0 482.0 0.0 -0.0 13161 13162
2 122.0 482.0 0.003184 0.003586 13177 13177
2 122.0 482.0 0.005847 0.006589 13193 13193
2 122.0 482.0 0.003309 0.00373 13209 13210
2 122.0 482.0 0.004923 0.005552 13225 13226
2 122.0 482.0 0.007047 0.007954 13241 13241
2 124.0 482.0 0.010906 -0.005674 13257 13258
2 124.0 482.0 0.008476 -0.000319 13273 13274
2 124.0 482.0 0.009826 -0.003501 13289 13289
2 124.0 482.0 0.0119 -0.007454 13305 13306
2 124.0 482.0 0.00959 -0.002329 13321 13322
2 124.0 482.0 0.008907 -0.005111 13338 13338
2 126.0 482.0 0.008899 -0.001479 13353 13353
2 126.0 482.0 0.011753 -0.000546 13369 13370
2 126.0 482.0 0.007369 -0.003035 13385 13386
2 126.0 482.0 0.006794 0.001095 13403 13403
2 126.0 482.0 0.009257 0.001054 13419 13419
2 126.0 482.0 0.008608 -0.005751 13435 13436
2 126.0 482.0 0.002749 0.003862 13451 13452
2 126.0 482.0 0.004899 -0.001549 13468 13468
2 128.0 482.0 0.004216 -0.004741 13483 13484
2 128.0 482.0 0.003739 0.000201 13499 13500
2 128.0 482.0 0.002469 -0.003422 13515 13516
2 128.0 482.0 0.004846 -0.0067 13531 13532
2 128.0 482.0 0.004283 -0.000163 13548 13548
2 128.0 482.0 0.000602 -0.003755 13563 13564
2 128.0 482.0 0.000413 -0.001097 13579 13580
2 128.0 482.0 5.5e-05 -0.000145 13595 13596
2 128.0 482.0 7e-06 -1.9e-05 13611 13611
2 128.0 482.0 1e-06 -3e-06 13627 13628
2 128.0 482.0 0.0 -0.0 13643 13644
2 128.0 482.0 0.0 -0.0 13660 13660
2 128.0 482.0 0.0 -0.0 13676 13676
2 128.0 482.0 0.0 -0.0 13692 13693
2 128.0 482.0 0.0 -0.0 13709 13709
2 128.0 482.0 -0.000811 -0.000923 13743 13743
2 128.0 484.0 -0.002012 -0.002288 13758 13759
2 128.0 484.0 -0.005063 -0.002857 13774 13775
2 128.0 484.0 -2.7e-05 0.000353 13791 13791
2 128.0 484.0 -0.000331 -0.000326 13806 13806
2 128.0 484.0 -0.001949 -0.002209 13822 13822
2 128.0 484.0 -0.000131 -0.000149 13838 13839
2 128.0 484.0 -1.7e-05 -2e-05 13854 13855
2 128.0 484.0 -2e-06 -3e-06 13871 13871
2 128.0 484.0 -0.0 -0.0 13886 13886
2 128.0 484.0 -0.0 -0.0 13902 13903
2 128.0 484.0 0.001905 0.002166 13918 13919
7 128.0 482.0 0.002156 0.002453 13935 13936
7 128.0 482.0 0.003804 0.00433 13952 13957
7 128.0 482.0 0.002461 -0.003875 13967 13973
7 128.0 482.0 0.00289 0.001427 13983 13988
7 128.0 482.0 0.005334 0.000252 13999 14004
7 128.0 484.0 0.00455 -0.005062 14015 14021
7 128.0 482.0 0.001868 0.001717 14031 14037
7 128.0 484.0 0.003163 -0.001206 14047 14053
7 128.0 484.0 0.004574 -0.004215 14064 14069
7 128.0 484.0 0.003144 -0.000459 14081 14086
7 128.0 484.0 0.001738 -0.00233 14097 14102
7 128.0 484.0 0.001594 -0.000453 14113 14119
7 128.0 484.0 0.0053 0.001967 14128 14134
7 128.0 484.0 0.003255 -0.001586 14144 14149
7 128.0 484.0 0.003656 -0.000417 14161 14166
7 128.0 484.0 0.004628 -0.001714 14178 14183
7 130.0 484.0 0.009627 -0.005234 14193 14199
7 130.0 484.0 0.01025 -0.003708 14209 14215
7 130.0 484.0 0.013603 -0.004637 14225 14231
7 130.0 484.0 0.019179 -0.007507 14242 14247
1 132.0 484.0 0.024192 -0.006853 14258 14264
1 132.0 484.0 0.027372 -0.010482 14273 14279
1 134.0 484.0 0.035794 -0.007572 14289 14295
1 134.0 486.0 0.041751 -0.011106 14305 14311
1 136.0 486.0 0.042286 -0.012821 14321 14327
1 138.0 486.0 0.048895 -0.009849 14337 14343
1 140.0 486.0 0.056622 -0.009469 14353 14359
1 140.0 486.0 0.059744 -0.017506 14369 14374
1 144.0 486.0 0.059967 -0.00723 14386 14391
1 146.0 488.0 0.068376 -0.010345 14401 14406
1 148.0 488.0 0.067902 -0.010559 14417 14423
1 150.0 488.0 0.072784 -0.004713 14433 14439
1 152.0 488.0 0.077706 -0.007274 14449 14455
1 154.0 488.0 0.081074 -0.004145 14465 14471
1 158.0 488.0 0.086187 -0.001751 14481 14486
1 160.0 488.0 0.087622 -0.004294 14498 14503
1 164.0 488.0 0.090511 -0.001007 14514 14519
1 166.0 488.0 0.094989 -0.00113 14529 14535
1 168.0 488.0 0.09825 -0.004529 14545 14551
1 172.0 488.0 0.099894 0.001849 14561 14567
1 176.0 488.0 0.106575 -0.000815 14577 14583
1 180.0 488.0 0.11067 -0.001795 14594 14599
1 182.0 488.0 0.112284 -5.9e-05 14609 14615
1 188.0 488.0 0.11817 -0.001129 14625 14631
1 192.0 488.0 0.120768 -0.00566 14641 14647
1 194.0 488.0 0.12403 -0.002996 14657 14663
1 198.0 490.0 0.127564 -0.007234 14673 14679
1 202.0 490.0 0.132572 -0.005298 14689 14695
1 206.0 490.0 0.137122 -0.003338 14705 14710
1 212.0 490.0 0.137455 -0.007179 14721 14727
1 216.0 490.0 0.143347 -0.006438 14737 14743
1 222.0 490.0 0.146712 -0.004448 14753 14759
1 226.0 490.0 0.147469 -0.001494 14769 14775
1 230.0 490.0 0.152897 0.00179 14785 14790
1 236.0 490.0 0.154489 -0.001045 14802 14807
1 242.0 490.0 0.156371 -0.00266 14818 14823
1 246.0 490.0 0.162144 -0.000131 14833 14839
1 250.0 490.0 0.164311 -0.001306 14849 14855
1 258.0 490.0 0.166404 -0.001276 14865 14871
1 262.0 490.0 0.165018 0.0039 14881 14887
1 268.0 490.0 0.167382 0.001456 14897 14903
1 272.0 490.0 0.167295 0.001174 14914 14919
1 278.0 490.0 0.165885 0.003956 14929 14935
1 284.0 490.0 0.164958 -0.001813 14945 14951
1 288.0 490.0 0.161737 0.005042 14961 14967
1 294.0 490.0 0.158082 0.006219 14977 14983
1 298.0 490.0 0.158643 0.002424 14994 14999
1 304.0 490.0 0.153973 0.010137 15010 15015
1 310.0 490.0 0.153675 0.00523 15025 15031
1 314.0 490.0 0.151266 0.003701 15041 15047
1 318.0 488.0 0.148898 0.008494 15057 15063
1 322.0 488.0 0.148708 0.002487 15073 15079
1 328.0 488.0 0.150897 0.00141 15089 15094
1 334.0 488.0 0.147842 0.00867 15106 15111
1 338.0 488.0 0.150048 -0.000275 15122 15127
1 342.0 488.0 0.151122 0.000753 15138 15143
1 346.0 488.0 0.149879 0.003208 15153 15159
1 352.0 488.0 0.149159 -0.002279 15169 15175
1 358.0 488.0 0.15331 0.000645 15185 15191
1 362.0 488.0 0.150745 0.005175 15201 15207
1 366.0 488.0 0.154846 0.001677 15217 15223
1 372.0 488.0 0.156116 0.003687 15233 15239
1 376.0 488.0 0.156397 0.004989 15249 15254
1 382.0 488.0 0.16043 0.004391 15266 15271
1 388.0 488.0 0.162277 0.007999 15281 15286
1 392.0 488.0 0.16389 0.004733 15298 15303
1 396.0 488.0 0.162697 0.008573 15313 15319
1 404.0 486.0 0.163908 0.008719 15329 15335
1 408.0 486.0 0.162967 0.007201 15345 15351
1 414.0 486.0 0.160179 0.01232 15361 15367
1 418.0 486.0 0.156302 0.013073 15377 15383
1 422.0 486.0 0.155851 0.008842 15393 15399
1 428.0 486.0 0.151609 0.015042 15409 15415
1 432.0 484.0 0.146382 0.016668 15425 15431
1 438.0 484.0 0.144823 0.012385 15441 15447
1 442.0 484.0 0.13778 0.016781 15457 15462
1 446.0 484.0 0.13435 0.015208 15474 15479
1 450.0 482.0 0.129367 0.011182 15489 15495
1 454.0 482.0 0.123957 0.015766 15505 15511
1 458.0 482.0 0.118549 0.013243 15521 15527
1 462.0 482.0 0.111895 0.009759 15538 15543
1 464.0 482.0 0.105332 0.007428 15553 15559
1 468.0 482.0 0.096989 0.005925 15569 15574
1 472.0 482.0 0.095242 -0.000911 15586 15591
1 474.0 482.0 0.088598 0.002238 15601 15607
1 476.0 482.0 0.081893 -0.000725 15617 15623
1 478.0 482.0 0.074152 -0.000737 15633 15639
1 480.0 482.0 0.068272 -0.004753 15649 15655
1 484.0 482.0 0.064273 -0.008751 15666 15671
1 484.0 482.0 0.059797 -0.007847 15683 15688
1 486.0 482.0 0.054676 -0.008426 15699 15704
1 488.0 482.0 0.05129 -0.015293 15714 15720
2 490.0 484.0 0.044464 -0.012436 15730 15737
2 490.0 484.0 0.041688 -0.008941 15746 15747
2 492.0 484.0 0.037496 -0.01982 15762 15763
2 492.0 484.0 0.028225 -0.013719 15779 15779
2 494.0 484.0 0.024912 -0.009687 15794 15794
2 494.0 486.0 0.01698 -0.010708 15810 15811
2 494.0 486.0 0.015987 -0.010094 15829 15830
2 496.0 486.0 0.01095 -0.010939 15845 15846
2 496.0 486.0 0.003823 -0.003764 15863 15863
2 496.0 486.0 0.002429 -0.002312 15879 15880
2 496.0 486.0 0.000821 -0.000777 15896 15896
2 496.0 486.0 0.000109 -0.000103 15911 15911
2 496.0 486.0 -0.001889 -0.005459 15927 15928
2 496.0 486.0 -0.001005 -0.002878 15944 15944
2 496.0 486.0 -0.006239 0.000515 15959 15959
2 494.0 486.0 -0.007917 5e-05 15975 15976
2 494.0 486.0 -0.012499 0.004181 15991 15992
2 494.0 486.0 -0.00871 -0.002872 16006 16007
2 494.0 486.0 -0.006965 0.003247 16023 16023
2 494.0 486.0 -0.008536 -0.000864 16038 16038
2 494.0 486.0 -0.006447 -0.002358 16054 16054
2 494.0 486.0 -0.00668 -0.000294 16070 16071
2 492.0 486.0 -0.006188 -0.001321 16086 16087
2 492.0 486.0 -0.006759 -0.006057 16102 16103
2 492.0 486.0 -0.007977 0.001106 16118 16119
2 492.0 486.0 -0.00526 -0.000745 16134 16135
2 492.0 486.0 -0.006666 -0.004171 16150 16151
2 492.0 486.0 -0.006657 0.001297 16166 16166
2 492.0 486.0 -0.004251 -0.001503 16182 16183
2 492.0 488.0 -0.00346 -0.001149 16198 16199
2 492.0 488.0 -0.00273 -0.001003 16215 16215
2 492.0 488.0 -0.002744 -0.001503 16230 16230
2 492.0 488.0 -0.000861 0.000274 16246 16247
2 492.0 488.0 -5.8e-05 1.8e-05 16262 16263
2 492.0 488.0 -8e-06 2e-06 16278 16279
2 492.0 488.0 -1e-06 0.0 16295 16295
2 492.0 488.0 -0.0 0.0 16310 16310
2 492.0 488.0 -0.0 0.0 16326 16326
2 492.0 488.0 -0.0 0.0 16342 16343
2 492.0 488.0 -0.0 0.0 16358 16359
2 492.0 486.0 0.001452 0.004104 16374 16375
2 492.0 486.0 0.000829 0.002344 16390 16390
2 492.0 486.0 0.000912 0.002579 16406 16407
2 492.0 486.0 0.00096 0.002715 16422 16423
2 492.0 486.0 0.003818 -0.000137 16439 16439
2 492.0 486.0 0.000994 0.001367 16455 16455
2 492.0 486.0 0.001949 -0.00025 16471 16472
2 492.0 486.0 0.006032 -0.00188 16487 16488
2 492.0 486.0 0.004807 0.003277 16503 16504
2 492.0 486.0 0.002084 -0.002721 16519 16519
2 492.0 486.0 0.002875 0.001429 16535 16536
2 492.0 486.0 0.004537 0.002905 16551 16552
2 492.0 486.0 0.001024 0.002236 16568 16568
2 492.0 486.0 0.001892 0.005287 16583 16583
2 492.0 486.0 0.001859 0.005274 16599 16600
2 492.0 486.0 0.00955 -0.00209 16615 16616
2 494.0 486.0 0.006442 -0.000309 16631 16632
2 494.0 486.0 0.012292 -0.000525 16647 16647
7 494.0 486.0 0.01369 -0.003588 16663 16670
7 494.0 486.0 0.015681 -0.001461 16679 16685
7 496.0 486.0 0.014057 -0.008477 16695 16701
7 496.0 486.0 0.012907 -0.006669 16711 16717
7 496.0 486.0 0.012818 -0.002311 16727 16733
7 496.0 488.0 0.015053 -0.010475 16743 16750
7 496.0 488.0 0.008619 -0.004599 16759 16765
7 498.0 488.0 0.009735 -0.003826 16775 16781
7 498.0 488.0 0.012149 -0.008308 16791 16798
7 498.0 488.0 0.011026 -0.0057 16807 16813
7 498.0 488.0 0.010442 -0.00516 16823 16829
7 498.0 488.0 0.013877 -0.007553 16839 16846
7 498.0 488.0 0.010405 -0.002395 16855 16861
7 500.0 488.0 0.012436 -0.007577 16871 16877
7 500.0 488.0 0.009863 -0.004711 16888 16894
7 500.0 488.0 0.011347 -0.00154 16903 16909
7 500.0 490.0 0.011066 -0.006115 16919 16925
7 500.0 490.0 0.005226 0.00053 16936 16942
7 500.0 488.0 0.004219 0.005514 16952 16959
7 500.0 488.0 0.002834 0.001617 16969 16975
7 502.0 488.0 0.001643 0.003877 16985 16991
7 502.0 488.0 0.002283 0.006485 17000 17007
7 502.0 488.0 0.001258 0.003632 17017 17023
7 502.0 488.0 0.002056 0.00595 17033 17039
7 500.0 488.0 -0.006062 0.006718 17050 17056
7 500.0 488.0 -0.008965 0.00913 17065 17071
7 500.0 488.0 -0.008119 0.009789 17082 17088
7 500.0 488.0 -0.012916 0.011749 17097 17103
7 500.0 486.0 -0.009041 0.008416 17113 17120
7 500.0 486.0 -0.010938 0.010237 17129 17136
7 500.0 486.0 -0.011686 0.010952 17145 17151
7 498.0 486.0 -0.012902 0.006101 17161 17167
7 498.0 486.0 -0.014586 0.003812 17177 17183
7 498.0 486.0 -0.018556 0.004679 17193 17199
7 498.0 486.0 -0.013412 -0.002999 17209 17216
7 496.0 486.0 -0.017104 -0.001736 17226 17232
15 496.0 486.0 -0.019154 0.001345 17242 17252
15 496.0 486.0 -0.020565 -0.003254 17260 17269
15 494.0 486.0 -0.020741 0.001472 17277 17286
15 494.0 486.0 -0.016691 -0.003688 17294 17302
15 494.0 486.0 -0.017865 -0.004503 17311 17319
15 492.0 486.0 -0.023324 0.00228 17327 17336
15 492.0 486.0 -0.020876 -0.00221 17344 17353
15 492.0 486.0 -0.020031 0.002111 17361 17367
15 490.0 486.0 -0.018802 -0.001384 17378 17384
15 490.0 486.0 -0.021666 -0.005003 17393 17402
15 490.0 486.0 -0.021604 0.003176 17411 17417
15 488.0 486.0 -0.018485 -0.000913 17427 17433
15 488.0 486.0 -0.023889 0.001464 17444 17450
15 488.0 486.0 -0.020729 0.001796 17459 17465
15 486.0 486.0 -0.0189 -0.001366 17475 17482
15 486.0 486.0 -0.020569 -0.001801 17491 17497
15 484.0 486.0 -0.023169 0.004326 17507 17516
15 484.0 486.0 -0.020313 -0.002374 17524 17530
15 484.0 486.0 -0.02027 0.001289 17540 17546
15 484.0 486.0 -0.023446 0.003693 17556 17562
15 482.0 486.0 -0.021234 -0.002864 17572 17581
15 482.0 486.0 -0.018901 0.005349 17589 17595
