18 534.0 146.0 0.0 0.0 491 493
18 534.0 146.0 0.0 0.0 504 506
18 534.0 146.0 0.0 0.0 520 521
18 534.0 146.0 0.0 0.0 536 537
18 534.0 146.0 0.000816 0.000974 553 554
18 534.0 146.0 0.001253 -0.000845 570 571
18 534.0 146.0 0.000166 -0.000112 586 587
18 534.0 146.0 2.2e-05 -1.5e-05 601 602
18 534.0 146.0 3e-06 -2e-06 617 618
18 534.0 146.0 0.001314 0.0005 633 634
18 534.0 146.0 6.8e-05 0.000286 650 651
18 534.0 146.0 0.001443 0.003962 666 667
18 534.0 146.0 0.00834 -0.006787 681 683
18 534.0 146.0 0.002576 0.002551 697 698
18 534.0 146.0 0.002706 0.003827 713 714
18 534.0 146.0 0.002449 8.2e-05 730 731
18 534.0 146.0 0.002475 0.000606 745 747
18 534.0 146.0 0.005252 -0.005905 761 762
18 534.0 146.0 0.006908 -0.005345 777 778
18 534.0 148.0 0.010589 -0.009902 794 795
18 536.0 148.0 0.020872 -0.019787 811 812
18 536.0 148.0 0.023144 -0.021913 826 827
18 538.0 150.0 0.034921 -0.036482 842 843
18 538.0 152.0 0.043005 -0.05161 858 859
18 540.0 154.0 0.046429 -0.063857 875 876
18 542.0 156.0 0.049318 -0.073218 890 892
18 544.0 158.0 0.050911 -0.077705 906 908
18 546.0 160.0 0.04542 -0.080545 922 923
18 546.0 164.0 0.045507 -0.091901 938 939
18 548.0 166.0 0.045555 -0.096428 955 956
18 550.0 170.0 0.044429 -0.100255 970 972
18 550.0 172.0 0.046652 -0.110221 986 987
18 552.0 178.0 0.04679 -0.110078 1002 1003
18 554.0 180.0 0.049995 -0.119395 1019 1020
18 556.0 184.0 0.050922 -0.121444 1035 1037
18 558.0 190.0 0.046546 -0.122093 1052 1053
18 558.0 194.0 0.045453 -0.125553 1067 1068
18 560.0 198.0 0.048225 -0.13201 1083 1084
18 562.0 202.0 0.039222 -0.133577 1100 1101
18 562.0 206.0 0.035337 -0.135364 1115 1116
18 564.0 210.0 0.030026 -0.134469 1131 1132
18 564.0 214.0 0.016703 -0.131011 1148 1149
18 564.0 218.0 0.009553 -0.130898 1163 1164
18 564.0 222.0 0.007066 -0.129505 1179 1180
18 564.0 226.0 -0.004585 -0.128948 1196 1197
18 564.0 230.0 -0.021884 -0.118254 1211 1212
18 562.0 234.0 -0.030294 -0.11429 1227 1228
18 562.0 238.0 -0.031552 -0.119044 1243 1244
18 562.0 242.0 -0.034863 -0.114982 1259 1260
18 560.0 246.0 -0.030741 -0.118294 1276 1277
18 560.0 248.0 -0.028394 -0.12436 1291 1292
18 558.0 254.0 -0.031151 -0.120484 1307 1308
18 558.0 258.0 -0.03034 -0.125031 1323 1324
18 556.0 262.0 -0.025874 -0.128212 1339 1340
18 556.0 264.0 -0.029161 -0.121196 1356 1357
18 554.0 268.0 -0.022161 -0.128208 1371 1372
18 554.0 274.0 -0.023239 -0.126365 1387 1388
18 554.0 278.0 -0.023293 -0.123168 1403 1404
18 552.0 282.0 -0.015954 -0.133406 1419 1420
18 552.0 286.0 -0.014004 -0.13447 1435 1436
18 552.0 290.0 -0.011173 -0.141035 1451 1452
18 552.0 296.0 -0.011568 -0.143317 1467 1468
18 552.0 300.0 -0.012552 -0.146435 1483 1484
18 550.0 304.0 -0.013807 -0.14848 1500 1501
18 550.0 310.0 -0.005067 -0.159768 1515 1516
18 550.0 314.0 -0.000943 -0.16771 1531 1532
18 550.0 322.0 0.004593 -0.175987 1548 1549
18 552.0 326.0 0.004642 -0.180301 1563 1564
18 552.0 332.0 0.011431 -0.190476 1579 1580
18 552.0 338.0 0.008671 -0.194476 1595 1596
18 552.0 344.0 0.011676 -0.196008 1611 1612
18 552.0 352.0 0.015428 -0.198228 1627 1628
18 554.0 358.0 0.010768 -0.197149 1643 1644
18 554.0 364.0 0.013902 -0.194905 1659 1660
18 554.0 370.0 0.011563 -0.1858 1675 1676
18 554.0 374.0 0.007627 -0.177999 1691 1692
18 554.0 382.0 0.00753 -0.170646 1707 1708
18 554.0 386.0 0.00491 -0.158343 1723 1724
18 554.0 390.0 -0.004994 -0.134995 1740 1741
18 554.0 394.0 -0.008631 -0.117831 1755 1756
18 554.0 398.0 -0.005132 -0.108697 1771 1772
18 554.0 402.0 -0.008477 -0.10708 1788 1789
18 554.0 404.0 -0.011274 -0.108333 1803 1804
18 552.0 408.0 -0.014581 -0.106713 1819 1820
18 552.0 412.0 -0.021484 -0.108326 1835 1836
18 552.0 414.0 -0.018908 -0.108066 1851 1852
18 550.0 418.0 -0.020449 -0.101522 1867 1868
18 550.0 422.0 -0.016102 -0.100332 1883 1884
18 550.0 424.0 -0.012508 -0.084929 1899 1900
18 550.0 426.0 -0.01707 -0.078057 1915 1916
18 548.0 428.0 -0.017752 -0.076621 1931 1932
18 548.0 432.0 -0.017362 -0.073581 1947 1948
18 548.0 434.0 -0.017938 -0.074994 1964 1965
18 548.0 436.0 -0.021113 -0.07186 1979 1980
18 546.0 438.0 -0.022725 -0.065523 1995 1997
18 546.0 440.0 -0.021042 -0.068784 2011 2012
18 546.0 442.0 -0.021287 -0.065487 2027 2028
18 544.0 444.0 -0.021624 -0.060796 2043 2044
18 544.0 446.0 -0.016447 -0.060903 2059 2060
18 542.0 450.0 -0.017461 -0.053466 2092 2093
18 542.0 452.0 -0.019006 -0.047015 2108 2109
18 542.0 452.0 -0.022496 -0.038578 2125 2126
18 540.0 454.0 -0.021418 -0.039046 2142 2143
18 540.0 456.0 -0.020191 -0.037183 2158 2159
18 540.0 456.0 -0.017301 -0.026729 2173 2174
18 540.0 456.0 -0.006487 -0.026996 2189 2191
18 540.0 458.0 -0.006221 -0.02313 2205 2206
18 538.0 458.0 -0.003508 -0.012838 2221 2222
18 538.0 458.0 -0.001749 -0.006375 2237 2238
18 538.0 458.0 -0.001385 -0.005041 2253 2254
18 538.0 458.0 -9.3e-05 -0.00034 2269 2270
18 538.0 458.0 -0.006897 0.004281 2285 2286
18 538.0 458.0 -0.009441 0.008115 2301 2302
18 538.0 458.0 -0.007796 0.006872 2317 2318
18 538.0 458.0 -0.005541 0.004904 2333 2334
18 538.0 458.0 -0.006628 0.005876 2349 2350
18 538.0 458.0 0.001083 -0.00096 2365 2366
18 538.0 458.0 0.000143 -0.000127 2381 2382
18 538.0 458.0 1.9e-05 -1.7e-05 2397 2398
18 538.0 458.0 0.001982 -0.001756 2413 2414
18 538.0 458.0 0.011779 -0.010428 2429 2430
18 538.0 458.0 0.018593 -0.016432 2446 2446
18 540.0 458.0 0.014963 -0.013211 2461 2462
18 540.0 460.0 0.013019 -0.011484 2477 2478
18 540.0 460.0 0.015763 -0.013888 2494 2495
18 540.0 460.0 0.01008 -0.008874 2509 2510
18 540.0 460.0 0.008873 -0.007807 2525 2526
18 540.0 460.0 0.006214 -0.005465 2542 2543
18 540.0 460.0 0.002808 -0.002469 2557 2558
18 540.0 460.0 0.000887 -0.00078 2573 2574
18 540.0 460.0 6e-05 -5.3e-05 2590 2591
18 540.0 460.0 -0.002163 -0.007889 2606 2607
18 540.0 460.0 -0.012937 0.004854 2622 2623
18 540.0 460.0 -0.01393 -0.000746 2639 2640
18 540.0 460.0 -0.017959 -0.002098 2654 2655
18 538.0 460.0 -0.020867 0.003244 2670 2671
18 538.0 460.0 -0.019274 -0.002965 2687 2688
18 538.0 460.0 -0.019768 -0.008323 2702 2703
18 536.0 460.0 -0.023252 -0.001359 2718 2719
18 536.0 462.0 -0.019262 -0.009709 2735 2736
18 536.0 462.0 -0.018538 -0.009191 2750 2751
18 536.0 462.0 -0.018521 -0.004914 2766 2767
18 534.0 462.0 -0.011604 -0.008794 2782 2783
18 534.0 462.0 -0.011692 -0.006114 2798 2799
18 534.0 462.0 -0.010447 -0.003335 2814 2815
18 534.0 462.0 -0.005475 -0.003866 2830 2831
18 534.0 462.0 -0.006865 0.001992 2846 2847
18 534.0 462.0 0.000525 -0.003316 2862 2863
18 534.0 462.0 -0.002108 -0.001401 2878 2879
18 534.0 462.0 -0.000415 -0.000662 2894 2895
18 534.0 462.0 -2.8e-05 -4.5e-05 2910 2911
18 534.0 462.0 -4e-06 -6e-06 2926 2927
18 534.0 462.0 0.001311 0.004611 2942 2943
18 534.0 462.0 0.002132 0.005243 2959 2960
18 534.0 462.0 0.006299 0.001023 2975 2976
18 534.0 462.0 0.005068 -0.004807 2991 2992
18 534.0 462.0 0.002534 -0.000524 3006 3007
18 534.0 462.0 0.003317 -0.002723 3022 3023
18 534.0 462.0 0.000224 -0.000183 3039 3040
18 534.0 462.0 5.8e-05 -4.8e-05 3054 3055
18 534.0 462.0 4e-06 -3e-06 3070 3071
18 534.0 462.0 -0.002497 -8e-05 3086 3087
18 534.0 462.0 -0.009166 -0.000291 3102 3103
18 534.0 462.0 -0.012907 0.002764 3118 3120
18 534.0 462.0 -0.009858 0.000649 3134 3135
18 532.0 462.0 -0.010247 0.001685 3150 3151
18 532.0 462.0 -0.012573 0.011355 3167 3168
18 532.0 462.0 -0.006066 0.003664 3182 3183
18 532.0 462.0 -0.006209 0.003545 3199 3200
18 532.0 462.0 -0.006192 0.005406 3214 3215
18 532.0 462.0 0.000185 -0.000183 3230 3231
18 532.0 462.0 2.4e-05 -2.4e-05 3246 3247
18 532.0 462.0 3e-06 -3e-06 3262 3263
18 532.0 462.0 0.0 -0.0 3278 3279
18 532.0 462.0 0.0 -0.0 3295 3296
18 532.0 462.0 0.000336 0.003181 3310 3311
18 532.0 462.0 0.001049 -0.000478 3326 3327
18 532.0 462.0 0.001655 -0.001419 3342 3343
18 532.0 462.0 -0.000305 -0.002025 3358 3359
18 532.0 462.0 -0.004148 -0.014628 3374 3375
18 532.0 462.0 -0.008247 -0.028673 3391 3392
18 532.0 464.0 -0.010886 -0.03762 3406 3407
18 530.0 466.0 -0.014142 -0.04852 3422 3423
18 530.0 468.0 -0.02171 -0.048329 3438 3439
18 530.0 470.0 -0.021913 -0.065741 3454 3455
18 528.0 472.0 -0.022803 -0.074783 3470 3471
18 528.0 474.0 -0.022997 -0.075514 3486 3487
18 526.0 478.0 -0.029041 -0.082047 3502 3503
18 526.0 480.0 -0.027705 -0.08737 3518 3519
18 526.0 482.0 -0.029022 -0.08735 3534 3536
18 524.0 486.0 -0.032121 -0.089815 3550 3551
18 524.0 488.0 -0.032486 -0.090958 3566 3567
18 522.0 492.0 -0.033921 -0.086411 3583 3584
18 520.0 494.0 -0.034183 -0.085352 3598 3599
18 520.0 496.0 -0.03584 -0.083295 3614 3615
18 518.0 498.0 -0.035668 -0.071585 3630 3631
18 518.0 500.0 -0.039978 -0.060934 3646 3647
18 516.0 502.0 -0.043806 -0.04591 3662 3663
18 514.0 504.0 -0.04235 -0.04147 3679 3680
18 514.0 504.0 -0.045259 -0.029111 3694 3695
18 512.0 504.0 -0.045559 -0.011798 3710 3711
18 510.0 506.0 -0.042272 -0.011405 3726 3727
18 508.0 506.0 -0.041353 -0.004547 3742 3743
18 508.0 504.0 -0.038835 0.008649 3758 3759
18 506.0 504.0 -0.029454 0.001017 3774 3775
18 506.0 504.0 -0.028506 0.008557 3790 3791
18 506.0 504.0 -0.025799 0.014709 3806 3807
18 504.0 504.0 -0.019312 0.015922 3822 3823
18 504.0 504.0 -0.019279 0.015641 3839 3840
18 504.0 502.0 -0.015169 0.013823 3854 3855
18 502.0 502.0 -0.012327 0.011339 3870 3871
18 502.0 502.0 -0.006875 0.021478 3886 3887
18 502.0 500.0 -0.001956 0.02012 3902 3903
18 502.0 500.0 0.004933 0.017193 3918 3919
18 502.0 500.0 0.006186 0.017591 3934 3935
18 504.0 500.0 0.009551 0.019646 3950 3951
18 504.0 498.0 0.022254 0.012223 3967 3968
18 504.0 498.0 0.025823 -0.001913 3983 3984
18 506.0 498.0 0.022183 0.001226 4000 4000
18 506.0 498.0 0.025805 -0.000477 4017 4018
18 508.0 500.0 0.024066 -0.00992 4032 4033
18 508.0 500.0 0.015633 -0.004822 4048 4049
18 508.0 500.0 0.011783 -0.007914 4065 4066
18 508.0 500.0 0.006857 -0.006504 4081 4082
18 508.0 500.0 0.003854 -0.003552 4096 4097
18 508.0 500.0 0.003458 -0.003161 4112 4113
18 508.0 500.0 0.000457 -0.000418 4129 4130
18 508.0 500.0 -0.001236 -0.003634 4144 4145
18 508.0 500.0 -0.006152 -0.002841 4160 4161
18 508.0 500.0 -0.011271 -0.002248 4176 4177
18 508.0 500.0 -0.015852 -0.00219 4193 4194
18 506.0 500.0 -0.020244 0.005444 4208 4209
18 506.0 500.0 -0.015776 -0.000646 4225 4226
18 506.0 500.0 -0.017908 -0.006058 4240 4241
18 506.0 500.0 -0.018234 -0.001288 4256 4257
18 504.0 500.0 -0.015778 -0.004787 4273 4274
18 504.0 500.0 -0.016954 -0.003867 4289 4290
18 504.0 500.0 -0.013532 -0.001869 4305 4306
18 504.0 500.0 -0.009945 -0.003036 4322 4323
18 502.0 502.0 -0.008528 -0.005898 4337 4338
18 502.0 502.0 -0.002323 -0.003911 4353 4354
18 502.0 502.0 -0.001271 -0.005081 4369 4370
18 502.0 502.0 -0.000114 -0.00042 4385 4386
18 502.0 502.0 -0.001156 -0.003237 4401 4402
18 502.0 502.0 -0.001611 -0.004492 4417 4418
18 502.0 502.0 -0.000219 -0.000612 4433 4434
18 502.0 502.0 -0.001074 -0.002994 4450 4451
18 502.0 502.0 -0.000142 -0.000396 4466 4467
18 502.0 502.0 -1.9e-05 -5.2e-05 4481 4482
18 502.0 502.0 -2e-06 -7e-06 4497 4498
18 502.0 502.0 0.001944 -0.001793 4513 4515
18 502.0 502.0 0.005794 -0.001725 4530 4531
18 504.0 502.0 0.003676 0.002544 4546 4547
18 504.0 502.0 0.003618 0.003525 4562 4563
18 504.0 502.0 0.005556 -0.001816 4578 4579
18 504.0 502.0 0.002671 -0.000183 4594 4595
18 504.0 502.0 0.004175 0.000238 4611 4612
18 504.0 502.0 -0.001056 0.00089 4626 4627
18 504.0 502.0 0.002496 0.001923 4642 4643
18 504.0 502.0 0.002592 -0.000654 4658 4659
18 504.0 502.0 0.001015 -8.4e-05 4674 4675
18 504.0 502.0 0.001534 0.004094 4690 4691
18 504.0 502.0 -0.000292 -0.000842 4707 4708
18 504.0 502.0 -3.9e-05 -0.000111 4723 4724
18 504.0 502.0 -5e-06 -1.5e-05 4739 4740
18 504.0 502.0 -0.0 -1e-06 4756 4757
18 504.0 502.0 -0.0 -0.0 4771 4772
18 504.0 502.0 -0.0 -0.0 4787 4788
18 504.0 502.0 -0.000972 -0.002716 4803 4804
18 504.0 502.0 -0.005683 -0.003089 4819 4820
18 504.0 502.0 -0.010036 0.001977 4835 4836
18 502.0 502.0 -0.005303 -0.001528 4851 4852
18 502.0 502.0 -0.006258 -0.002928 4867 4868
18 502.0 502.0 -0.006412 -0.001315 4884 4885
18 502.0 502.0 -0.003184 -0.002102 4899 4900
18 502.0 502.0 -0.005004 -0.000287 4915 4916
18 502.0 502.0 -0.005228 0.005327 4931 4932
18 502.0 502.0 0.00124 -0.00292 4947 4948
18 502.0 502.0 -0.000334 -0.001769 4963 4964
18 502.0 502.0 -2.2e-05 -0.000119 4979 4981
18 502.0 502.0 -3e-06 -1.6e-05 4995 4997
18 502.0 502.0 -0.0 -2e-06 5011 5012
18 502.0 502.0 -0.0 -0.0 5027 5028
18 502.0 502.0 -0.0 -0.0 5043 5045
18 502.0 502.0 0.000647 0.001798 5059 5061
18 502.0 502.0 0.003715 0.001126 5075 5076
18 502.0 502.0 0.002458 0.00195 5091 5092
18 502.0 502.0 0.001988 -0.000654 5108 5109
18 502.0 502.0 0.002917 -0.001911 5123 5124
18 502.0 502.0 0.002816 -0.002493 5139 5140
18 502.0 502.0 0.000208 -0.000116 5156 5157
18 502.0 502.0 2.8e-05 -1.5e-05 5171 5172
18 502.0 502.0 4e-06 -2e-06 5187 5188
18 502.0 502.0 0.0 -0.0 5203 5204
18 502.0 502.0 0.0 -0.0 5219 5220
18 502.0 502.0 0.0 -0.0 5235 5236
18 502.0 502.0 0.0 -0.0 5252 5253
18 502.0 502.0 -0.003439 0.003171 5267 5268
18 502.0 502.0 -0.001606 -0.000913 5283 5284
18 502.0 502.0 -0.000985 -0.001342 5299 5300
18 502.0 502.0 0.000374 -0.000643 5315 5316
18 502.0 502.0 5e-05 -8.5e-05 5331 5332
18 502.0 502.0 7e-06 -1.1e-05 5347 5348
18 502.0 502.0 1e-06 -1e-06 5363 5364
18 502.0 502.0 0.0 -0.0 5380 5381
18 502.0 502.0 0.0 -0.0 5395 5396
18 502.0 502.0 0.0 -0.0 5411 5412
18 502.0 502.0 0.0 -0.0 5427 5428
18 502.0 502.0 0.0 -0.0 5443 5444
18 502.0 502.0 0.0 -0.0 5459 5460
18 502.0 502.0 0.000994 0.002766 5476 5477
18 502.0 502.0 0.001274 0.003547 5491 5492
18 502.0 502.0 0.004228 0.004573 5507 5508
7 502.0 502.0 0.001888 0.001703 5523 5531
7 502.0 502.0 0.00025 0.000225 5539 5546
7 502.0 502.0 0.001977 -0.001762 5556 5563
7 502.0 502.0 0.000766 -0.000698 5571 5578
7 502.0 502.0 0.000101 -9.2e-05 5587 5593
7 502.0 502.0 1.3e-05 -1.2e-05 5603 5610
7 502.0 502.0 1e-06 -1e-06 5619 5626
7 502.0 502.0 0.0 -0.0 5635 5641
7 502.0 502.0 0.0 -0.0 5652 5658
7 502.0 502.0 0.0 -0.0 5668 5675
7 502.0 502.0 0.0 -0.0 5684 5691
7 502.0 502.0 0.0 -0.0 5700 5706
7 502.0 502.0 0.0 -0.0 5716 5723
7 502.0 502.0 0.0 -0.0 5732 5738
7 502.0 502.0 0.0 -0.0 5748 5754
7 502.0 502.0 -0.00162 -0.004513 5764 5771
7 502.0 502.0 0.000264 0.000735 5780 5787
7 502.0 502.0 -0.000294 -0.000819 5796 5802
7 502.0 502.0 -3.9e-05 -0.000108 5812 5819
7 502.0 502.0 -5e-06 -1.4e-05 5828 5834
7 502.0 502.0 -1e-06 -2e-06 5844 5850
7 502.0 502.0 -0.0 -0.0 5861 5867
7 502.0 502.0 -0.0 -0.0 5876 5883
7 502.0 502.0 -0.0 -0.0 5892 5898
7 502.0 502.0 -0.0 -0.0 5908 5915
7 502.0 502.0 -0.0 -0.0 5924 5930
7 502.0 502.0 0.000645 0.001798 5941 5947
7 502.0 502.0 0.0022 0.006135 5957 5964
7 502.0 502.0 0.000936 0.00261 5973 5979
7 502.0 502.0 0.00226 0.006312 5989 5997
7 502.0 500.0 -0.006383 0.013072 6005 6012
7 502.0 500.0 -0.014468 0.020321 6022 6028
9 502.0 500.0 -0.023072 0.029094 6037 6048
9 500.0 498.0 -0.03564 0.031113 6057 6063
9 498.0 496.0 -0.040879 0.037804 6072 6078
9 498.0 496.0 -0.053825 0.047888 6088 6094
9 496.0 494.0 -0.073699 0.041533 6105 6111
9 492.0 492.0 -0.087602 0.042088 6120 6127
9 490.0 492.0 -0.100662 0.037997 6136 6143
9 484.0 490.0 -0.114462 0.045221 6152 6158
9 482.0 488.0 -0.122638 0.03751 6168 6174
9 478.0 488.0 -0.134979 0.036006 6185 6191
9 474.0 488.0 -0.135899 0.023927 6201 6207
9 468.0 486.0 -0.144395 0.017552 6216 6223
9 464.0 486.0 -0.143426 0.008899 6232 6239
9 458.0 486.0 -0.144744 -0.000258 6248 6255
9 454.0 486.0 -0.149984 -0.006452 6264 6270
9 450.0 488.0 -0.151686 -0.01278 6280 6287
9 444.0 488.0 -0.153721 -0.020162 6297 6304
9 438.0 488.0 -0.159716 -0.018017 6313 6319
9 434.0 488.0 -0.169593 -0.018484 6329 6337
9 428.0 490.0 -0.172792 -0.025061 6346 6353
9 422.0 490.0 -0.178767 -0.023439 6363 6370
9 416.0 492.0 -0.187065 -0.019105 6379 6385
9 410.0 492.0 -0.1924 -0.018644 6396 6402
9 402.0 492.0 -0.197836 -0.018415 6412 6419
9 396.0 494.0 -0.200987 -0.016284 6428 6435
9 390.0 494.0 -0.202072 -0.018686 6444 6450
9 384.0 494.0 -0.204061 -0.019754 6461 6467
9 376.0 496.0 -0.202783 -0.021288 6477 6483
9 370.0 496.0 -0.20229 -0.020589 6493 6500
9 364.0 496.0 -0.203274 -0.018534 6509 6515
9 358.0 496.0 -0.204684 -0.02087 6525 6532
9 352.0 498.0 -0.207039 -0.015773 6541 6548
9 342.0 498.0 -0.207949 -0.00951 6557 6563
9 336.0 498.0 -0.207963 -0.015874 6573 6579
9 330.0 498.0 -0.212951 -0.008882 6590 6596
9 324.0 500.0 -0.208873 -0.012475 6605 6612
9 318.0 500.0 -0.208075 -0.00974 6621 6628
9 310.0 500.0 -0.206643 -0.010425 6637 6643
9 304.0 500.0 -0.205511 -0.011111 6654 6660
9 298.0 500.0 -0.201119 -0.012358 6671 6677
9 290.0 502.0 -0.202486 -0.01239 6687 6694
9 284.0 502.0 -0.201772 -0.017555 6703 6710
9 278.0 502.0 -0.197998 -0.019023 6719 6726
9 272.0 502.0 -0.197382 -0.015261 6735 6741
9 266.0 504.0 -0.195147 -0.01851 6751 6758
9 258.0 504.0 -0.194722 -0.01402 6767 6774
9 252.0 504.0 -0.188911 -0.010256 6783 6790
9 246.0 504.0 -0.186787 -0.015201 6799 6805
9 240.0 506.0 -0.184922 -0.010174 6815 6821
9 234.0 506.0 -0.178965 -0.012852 6831 6838
9 228.0 506.0 -0.176208 -0.012577 6847 6854
9 224.0 506.0 -0.17349 -0.012405 6863 6870
9 218.0 506.0 -0.16555 -0.009582 6879 6885
9 214.0 508.0 -0.158853 -0.012444 6895 6901
9 208.0 508.0 -0.152343 -0.011244 6912 6918
9 204.0 508.0 -0.145955 -0.014373 6928 6934
9 200.0 508.0 -0.142095 -0.014271 6943 6950
9 194.0 508.0 -0.137575 -0.012423 6959 6966
9 190.0 510.0 -0.133463 -0.016956 6975 6982
9 186.0 510.0 -0.13318 -0.016161 6991 6999
9 182.0 510.0 -0.130042 -0.010613 7007 7013
9 178.0 510.0 -0.125608 -0.016166 7023 7029
9 174.0 512.0 -0.124353 -0.013573 7039 7045
9 170.0 512.0 -0.121877 -0.008729 7055 7062
9 168.0 512.0 -0.118071 -0.018234 7071 7078
9 162.0 512.0 -0.117385 -0.012724 7087 7093
9 158.0 512.0 -0.114697 -0.015278 7103 7109
9 156.0 514.0 -0.111126 -0.017083 7120 7126
9 152.0 514.0 -0.109346 -0.016218 7136 7142
9 148.0 514.0 -0.10559 -0.01923 7152 7158
9 144.0 516.0 -0.105266 -0.017518 7167 7174
9 142.0 516.0 -0.10087 -0.013895 7183 7190
9 140.0 516.0 -0.096865 -0.019393 7199 7206
9 136.0 516.0 -0.094083 -0.016363 7215 7222
9 134.0 518.0 -0.09225 -0.011226 7231 7238
9 130.0 518.0 -0.087712 -0.016817 7247 7253
9 128.0 518.0 -0.084925 -0.015836 7263 7269
9 124.0 518.0 -0.081118 -0.011624 7280 7286
9 122.0 520.0 -0.078973 -0.011906 7297 7303
9 120.0 520.0 -0.078783 -0.008951 7312 7319
9 118.0 520.0 -0.074867 0.001337 7328 7334
9 116.0 520.0 -0.070243 0.001331 7345 7351
9 114.0 520.0 -0.067832 0.003711 7361 7367
9 112.0 518.0 -0.061879 0.007309 7376 7383
9 108.0 518.0 -0.056099 0.000976 7392 7399
9 108.0 518.0 -0.050723 0.00136 7408 7414
9 106.0 518.0 -0.04563 0.006011 7424 7430
9 106.0 518.0 -0.038008 -0.000104 7441 7447
9 104.0 518.0 -0.034362 0.001969 7457 7464
9 102.0 518.0 -0.028915 -0.001752 7473 7480
9 102.0 518.0 -0.021754 -0.003828 7489 7496
9 102.0 518.0 -0.017871 0.002462 7505 7512
2 102.0 518.0 -0.011426 -0.004382 7521 7528
2 100.0 520.0 -0.009672 -0.006153 7537 7538
2 100.0 518.0 -0.007307 -0.000559 7553 7553
2 100.0 520.0 -0.001183 -0.001687 7570 7571
2 100.0 520.0 -0.002172 -0.002286 7585 7586
2 100.0 520.0 -0.000287 -0.000302 7601 7602
2 100.0 520.0 -3.8e-05 -4e-05 7617 7617
2 100.0 520.0 -5e-06 -5e-06 7633 7634
2 100.0 520.0 -1e-06 -1e-06 7649 7650
2 100.0 520.0 -0.0 -0.0 7665 7666
2 100.0 520.0 -0.001027 -0.001051 7681 7682
2 100.0 520.0 -0.000136 -0.000139 7698 7698
2 100.0 520.0 -0.001045 -0.001069 7714 7714
2 100.0 520.0 0.000219 0.000223 7730 7731
2 100.0 520.0 -0.000652 -0.000666 7746 7747
2 100.0 520.0 -8.6e-05 -8.8e-05 7762 7762
2 100.0 520.0 -0.001039 -0.001062 7778 7779
2 100.0 520.0 -0.000137 -0.00014 7795 7795
2 100.0 520.0 -9e-06 -9e-06 7810 7811
2 100.0 520.0 -1e-06 -1e-06 7826 7827
2 100.0 520.0 -0.0 -0.0 7842 7843
2 100.0 520.0 -0.0 -0.0 7858 7859
2 100.0 520.0 -0.0 -0.0 7874 7874
2 100.0 520.0 -0.0 -0.0 7890 7891
2 100.0 520.0 -0.0 -0.0 7906 7907
2 100.0 520.0 -0.0 -0.0 7923 7923
2 100.0 520.0 -0.0 -0.0 7939 7939
2 100.0 520.0 -0.0 -0.0 7955 7956
2 100.0 520.0 -0.0 -0.0 7971 7972
2 100.0 520.0 -0.0 -0.0 7987 7987
2 100.0 520.0 -0.0 -0.0 8003 8004
2 100.0 520.0 -0.0 -0.0 8019 8020
2 100.0 520.0 -0.0 -0.0 8035 8035
2 100.0 520.0 -0.0 -0.0 8051 8052
2 100.0 520.0 -0.0 -0.0 8068 8068
2 100.0 520.0 -0.0 -0.0 8084 8085
2 100.0 520.0 -0.0 -0.0 8100 8101
2 100.0 520.0 -0.0 -0.0 8117 8117
2 100.0 520.0 -0.0 -0.0 8132 8132
2 100.0 520.0 -0.0 -0.0 8148 8149
2 100.0 520.0 -0.0 -0.0 8164 8165
2 100.0 520.0 -0.0 -0.0 8180 8180
2 100.0 520.0 -0.0 -0.0 8196 8197
2 100.0 520.0 -0.0 -0.0 8212 8213
2 100.0 520.0 -0.0 -0.0 8228 8229
2 100.0 520.0 -0.0 -0.0 8244 8244
2 100.0 520.0 -0.0 -0.0 8260 8261
2 100.0 520.0 -0.0 -0.0 8276 8277
2 100.0 520.0 -0.0 -0.0 8292 8292
2 100.0 520.0 -0.0 -0.0 8308 8309
2 100.0 520.0 -0.0 -0.0 8324 8325
2 100.0 520.0 -0.0 -0.0 8340 8340
2 100.0 520.0 0.004033 0.004124 8356 8357
2 100.0 520.0 0.002489 -0.002934 8373 8373
2 100.0 520.0 0.000706 0.002685 8389 8389
2 100.0 520.0 0.002117 -0.000367 8404 8404
2 100.0 520.0 0.003287 -0.003232 8420 8421
7 100.0 520.0 -0.000226 0.000747 8437 8438
7 100.0 520.0 0.000204 -0.001148 8452 8459
7 100.0 520.0 -0.00032 -0.000507 8469 8475
7 100.0 520.0 -4.2e-05 -6.7e-05 8484 8490
7 100.0 520.0 -3e-06 -5e-06 8500 8506
7 100.0 520.0 -0.0 -1e-06 8516 8522
7 100.0 520.0 -0.0 -0.0 8532 8538
7 100.0 520.0 -0.0 -0.0 8548 8554
7 100.0 520.0 -0.0 -0.0 8564 8570
7 100.0 520.0 -0.0 -0.0 8580 8586
7 100.0 520.0 -0.0 -0.0 8596 8602
7 100.0 520.0 -0.0 -0.0 8612 8618
7 100.0 520.0 -0.0 -0.0 8628 8634
7 100.0 520.0 -0.0 -0.0 8644 8650
7 100.0 520.0 -0.0 -0.0 8661 8666
7 100.0 520.0 -0.0 -0.0 8677 8682
7 102.0 520.0 0.009281 -0.001464 8694 8699
7 102.0 520.0 0.024094 -0.006349 8711 8716
1 104.0 520.0 0.02745 -0.011737 8728 8734
1 104.0 520.0 0.035954 -0.006933 8743 8749
1 106.0 520.0 0.044035 -0.008227 8759 8765
1 106.0 520.0 0.049082 -0.008341 8776 8782
1 108.0 522.0 0.053792 -0.006413 8791 8796
1 110.0 522.0 0.063397 -0.005991 8807 8813
1 112.0 522.0 0.064327 -0.009857 8823 8828
1 114.0 522.0 0.066449 -0.002585 8839 8845
1 118.0 522.0 0.072743 -0.001727 8856 8861
1 120.0 522.0 0.076477 -0.00017 8873 8878
1 122.0 522.0 0.083173 0.001395 8888 8894
1 126.0 522.0 0.08435 0.003954 8904 8910
1 128.0 522.0 0.09282 0.002122 8920 8926
1 130.0 522.0 0.097762 0.000967 8936 8942
1 134.0 522.0 0.102056 -0.001493 8952 8958
1 138.0 522.0 0.10944 -0.000573 8968 8974
1 142.0 522.0 0.113003 -0.000941 8984 8990
1 146.0 522.0 0.119747 -0.004039 9000 9005
1 150.0 522.0 0.124265 -0.001715 9016 9022
1 152.0 522.0 0.128669 -0.004255 9032 9038
1 158.0 522.0 0.133263 -0.008229 9048 9054
1 162.0 522.0 0.13451 -0.002501 9064 9070
1 166.0 522.0 0.137416 -0.004944 9080 9086
1 170.0 522.0 0.141581 -0.006391 9096 9102
1 176.0 522.0 0.142882 -0.001529 9113 9118
1 180.0 524.0 0.147083 -0.004359 9130 9135
1 186.0 524.0 0.146832 0.00253 9145 9151
1 190.0 524.0 0.151079 6.7e-05 9162 9167
1 194.0 524.0 0.15231 0.00236 9177 9183
1 200.0 522.0 0.154912 0.003429 9193 9199
1 206.0 522.0 0.156823 0.006551 9209 9215
1 210.0 522.0 0.157616 0.008454 9225 9231
1 214.0 522.0 0.159912 0.012802 9241 9247
1 220.0 522.0 0.161742 0.012235 9257 9263
1 226.0 522.0 0.163187 0.011538 9273 9279
1 232.0 520.0 0.165697 0.021098 9289 9295
1 236.0 520.0 0.16916 0.018112 9305 9311
1 242.0 520.0 0.170122 0.018785 9321 9327
1 246.0 518.0 0.171184 0.020419 9337 9343
1 254.0 518.0 0.173373 0.018062 9353 9359
1 258.0 518.0 0.174748 0.015015 9369 9375
1 264.0 518.0 0.17216 0.021851 9385 9391
1 270.0 516.0 0.17541 0.017705 9401 9407
1 274.0 516.0 0.174538 0.01826 9417 9423
1 282.0 516.0 0.173307 0.020152 9433 9439
1 286.0 514.0 0.172934 0.016534 9449 9454
1 292.0 514.0 0.172939 0.018519 9465 9471
1 296.0 514.0 0.172408 0.014882 9481 9487
1 302.0 514.0 0.170334 0.012137 9497 9503
1 308.0 512.0 0.16799 0.017755 9513 9518
1 314.0 512.0 0.168554 0.012671 9529 9535
1 318.0 512.0 0.169072 0.011375 9546 9552
1 324.0 512.0 0.169138 0.01507 9561 9567
1 330.0 512.0 0.169758 0.010207 9577 9582
1 336.0 510.0 0.168411 0.011766 9594 9599
1 340.0 510.0 0.167022 0.011239 9610 9616
1 346.0 510.0 0.166837 0.00812 9626 9632
1 350.0 510.0 0.165331 0.009928 9642 9648
1 358.0 510.0 0.165168 0.011204 9658 9664
1 362.0 510.0 0.162076 0.006465 9674 9680
1 368.0 510.0 0.160127 0.008172 9690 9696
1 372.0 508.0 0.156947 0.007488 9706 9712
1 376.0 508.0 0.157748 0.002407 9722 9728
1 382.0 508.0 0.153555 0.006376 9738 9744
1 388.0 508.0 0.153772 0.006449 9754 9760
1 392.0 508.0 0.153135 0.001803 9770 9776
1 396.0 508.0 0.151993 0.004144 9786 9792
1 402.0 508.0 0.149657 0.004661 9802 9808
1 408.0 508.0 0.150283 0.000163 9818 9824
1 412.0 508.0 0.149956 0.002473 9834 9840
1 416.0 508.0 0.148703 0.000623 9850 9856
1 420.0 508.0 0.146124 0.001814 9867 9872
1 426.0 508.0 0.146169 0.000522 9883 9888
1 430.0 508.0 0.142876 0.001026 9900 9905
1 434.0 508.0 0.140129 0.003475 9915 9921
1 438.0 508.0 0.143519 0.001532 9931 9937
1 444.0 508.0 0.137697 0.001139 9947 9953
1 448.0 508.0 0.136716 0.004183 9963 9969
1 452.0 508.0 0.135378 0.002421 9979 9985
1 456.0 508.0 0.131557 0.001861 9995 10001
1 460.0 508.0 0.125801 0.005447 10011 10016
1 466.0 508.0 0.120484 0.003851 10028 10033
1 468.0 508.0 0.115295 0.002761 10045 10050
1 472.0 506.0 0.106422 0.010725 10060 10065
1 474.0 506.0 0.101828 0.008009 10077 10082
1 478.0 506.0 0.0963 0.006259 10092 10098
1 482.0 506.0 0.088687 0.01094 10108 10114
2 484.0 506.0 0.082384 0.007447 10124 10131
2 486.0 506.0 0.076434 0.008474 10140 10141
2 488.0 506.0 0.067881 0.012793 10156 10156
2 490.0 504.0 0.065741 0.01251 10173 10173
2 492.0 504.0 0.057387 0.010323 10188 10189
2 492.0 504.0 0.049026 0.013817 10204 10205
2 494.0 504.0 0.044972 0.006713 10220 10221
2 496.0 504.0 0.037371 0.011171 10236 10237
2 496.0 504.0 0.031364 0.007311 10252 10253
2 498.0 504.0 0.026774 0.005531 10268 10269
2 498.0 502.0 0.021441 0.004745 10284 10285
2 498.0 502.0 0.012879 0.004637 10301 10301
2 498.0 502.0 0.00989 -0.002105 10316 10317
2 498.0 502.0 0.001981 -0.000279 10332 10333
2 500.0 502.0 0.003189 -0.002751 10348 10349
2 500.0 502.0 0.003349 -0.003077 10364 10365
2 500.0 502.0 0.000226 -0.000207 10380 10381
2 500.0 502.0 -0.000624 -0.001823 10396 10397
2 500.0 504.0 -0.002548 -0.007008 10412 10412
2 498.0 504.0 -0.00348 -0.009539 10428 10429
2 498.0 504.0 -0.010468 -0.005357 10444 10445
2 498.0 504.0 -0.011704 -0.002296 10460 10461
2 498.0 504.0 -0.012819 -0.000745 10476 10477
2 498.0 504.0 -0.01089 0.00172 10492 10493
2 496.0 504.0 -0.012923 0.003022 10509 10509
2 496.0 504.0 -0.011139 -0.001796 10524 10525
2 496.0 504.0 -0.012741 0.006606 10541 10542
2 496.0 504.0 -0.005515 -0.000441 10557 10558
2 496.0 504.0 -0.009741 -0.001403 10572 10573
2 496.0 504.0 -0.008796 0.002557 10589 10589
2 496.0 504.0 -0.001561 -0.005962 10604 10605
2 496.0 504.0 -0.002628 -0.004482 10621 10622
2 496.0 504.0 -0.000519 -0.001058 10636 10637
2 496.0 504.0 -0.000577 -0.001519 10652 10653
2 496.0 504.0 -0.000585 -0.00158 10668 10668
2 496.0 504.0 -7.7e-05 -0.000209 10684 10685
2 496.0 504.0 -1e-05 -2.8e-05 10700 10700
2 496.0 504.0 -1e-06 -2e-06 10716 10717
2 496.0 504.0 -0.0 -0.0 10732 10733
2 496.0 504.0 -0.0 -0.0 10748 10748
2 496.0 504.0 -0.0 -0.0 10764 10765
2 496.0 504.0 -0.0 -0.0 10781 10781
2 496.0 504.0 -0.002918 0.002724 10796 10797
2 494.0 504.0 -0.005236 0.004889 10812 10813
2 494.0 504.0 -0.001696 0.001584 10829 10829
2 494.0 504.0 -0.003788 0.003539 10845 10846
2 494.0 504.0 -0.006835 0.006388 10861 10862
2 494.0 504.0 -0.002836 0.002651 10877 10878
2 494.0 504.0 -0.002362 0.002208 10893 10894
2 494.0 502.0 -0.006644 0.006215 10909 10910
2 494.0 502.0 -0.002634 0.002465 10925 10926
2 494.0 502.0 -0.00278 0.002602 10941 10942
2 494.0 502.0 -0.004284 0.004011 10957 10957
2 494.0 502.0 -0.001513 0.001417 10973 10974
2 494.0 502.0 -0.00121 -0.000722 10989 10990
2 494.0 502.0 -0.00065 -0.001423 11004 11005
2 494.0 502.0 -0.000706 -0.001888 11020 11021
2 494.0 502.0 -0.000265 -0.000715 11037 11037
2 494.0 502.0 -3.5e-05 -9.5e-05 11053 11054
2 494.0 502.0 -5e-06 -1.3e-05 11069 11069
2 494.0 502.0 -0.0 -1e-06 11085 11086
2 494.0 502.0 -0.0 -0.0 11102 11102
2 494.0 502.0 -0.0 -0.0 11118 11118
2 494.0 502.0 -0.0 -0.0 11133 11133
2 494.0 502.0 -0.0 -0.0 11149 11150
2 494.0 502.0 -0.000509 -0.001379 11166 11166
2 494.0 502.0 -6.7e-05 -0.000182 11181 11181
2 494.0 502.0 -9e-06 -2.4e-05 11197 11198
7 494.0 502.0 -0.0 -1e-06 11213 11221
7 494.0 502.0 -0.0 -0.0 11229 11236
7 494.0 502.0 -0.0 -0.0 11245 11251
7 494.0 502.0 -0.0 -0.0 11261 11268
7 494.0 502.0 -0.0 -0.0 11277 11284
7 494.0 502.0 -0.0 -0.0 11293 11300
7 494.0 502.0 -0.0 -0.0 11309 11316
7 494.0 502.0 -0.0 -0.0 11325 11332
7 494.0 502.0 -0.0 -0.0 11341 11347
7 494.0 502.0 -0.0 -0.0 11357 11363
7 494.0 502.0 -0.0 -0.0 11373 11380
7 494.0 502.0 -0.000259 -0.000702 11389 11396
7 494.0 502.0 -3.4e-05 -9.3e-05 11405 11412
7 494.0 502.0 -5e-06 -1.2e-05 11421 11428
7 494.0 502.0 -1e-06 -2e-06 11437 11444
7 494.0 502.0 -0.0 -0.0 11453 11459
7 494.0 502.0 -0.0 -0.0 11469 11476
7 494.0 502.0 -0.0 -0.0 11485 11492
7 494.0 502.0 -0.0 -0.0 11501 11508
7 494.0 502.0 -0.0 -0.0 11517 11523
7 494.0 502.0 -0.0 -0.0 11534 11540
7 494.0 502.0 -0.0 -0.0 11549 11556
7 494.0 502.0 -0.0 -0.0 11565 11572
7 494.0 502.0 -0.0 -0.0 11581 11588
7 494.0 502.0 -0.0 -0.0 11597 11603
7 494.0 502.0 -0.0 -0.0 11613 11620
7 494.0 502.0 -0.0 -0.0 11629 11636
7 494.0 502.0 -0.0 -0.0 11645 11651
7 494.0 502.0 -0.0 -0.0 11661 11668
7 494.0 502.0 -0.0 -0.0 11677 11684
7 494.0 502.0 -0.0 -0.0 11693 11699
7 494.0 502.0 -0.0 -0.0 11710 11716
7 494.0 502.0 -0.0 -0.0 11726 11733
7 494.0 502.0 -0.0 -0.0 11742 11749
7 494.0 502.0 -0.00386 0.003615 11758 11764
7 494.0 502.0 0.000418 -0.000391 11774 11780
7 494.0 502.0 -0.000379 -0.002058 11791 11797
7 494.0 502.0 -0.000375 -0.001151 11806 11813
7 494.0 502.0 -0.000222 -0.000618 11822 11829
7 494.0 502.0 -0.000692 -0.001874 11838 11845
7 494.0 502.0 0.000246 0.000665 11854 11860
7 494.0 502.0 -0.000243 -0.000657 11870 11877
7 494.0 502.0 -3.2e-05 -8.7e-05 11886 11893
7 494.0 502.0 -4e-06 -1.2e-05 11902 11909
7 494.0 502.0 -1e-06 -2e-06 11918 11924
7 494.0 502.0 -0.00026 -0.000702 11934 11941
7 494.0 502.0 -3.4e-05 -9.3e-05 11950 11957
7 494.0 504.0 -0.001668 -0.004509 11966 11973
7 494.0 504.0 0.00027 0.00073 11982 11988
7 494.0 504.0 -0.000302 -0.000816 11999 12004
7 494.0 504.0 -0.002288 -0.00343 12015 12022
7 494.0 504.0 3.5e-05 0.000459 12031 12038
7 494.0 504.0 -0.000168 -0.000404 12047 12053
7 494.0 504.0 -0.002508 -0.001368 12063 12070
7 494.0 504.0 -0.000332 -0.000181 12079 12085
7 494.0 504.0 -0.000533 -0.00139 12096 12102
7 494.0 504.0 -7e-05 -0.000184 12112 12119
7 494.0 504.0 -9e-06 -2.4e-05 12128 12134
7 494.0 504.0 -0.000512 -0.001381 12144 12151
7 494.0 504.0 -3.4e-05 -9.3e-05 12160 12166
7 494.0 504.0 -5e-06 -1.2e-05 12176 12183
7 494.0 504.0 -1e-06 -2e-06 12192 12198
7 494.0 504.0 -0.0 -0.0 12208 12215
7 494.0 504.0 -0.0 -0.0 12224 12231
7 494.0 504.0 -0.0 -0.0 12240 12246
7 494.0 504.0 -0.0 -0.0 12257 12263
7 494.0 504.0 -0.0 -0.0 12272 12279
7 494.0 504.0 -0.0 -0.0 12288 12294
7 494.0 504.0 -0.0 -0.0 12304 12311
7 494.0 504.0 -0.0 -0.0 12320 12326
7 494.0 504.0 -0.0 -0.0 12336 12343
7 494.0 504.0 -0.0 -0.0 12352 12358
7 494.0 504.0 -0.0 -0.0 12368 12374
7 494.0 504.0 -0.0 -0.0 12384 12391
7 494.0 504.0 -0.0 -0.0 12400 12407
7 494.0 504.0 -0.0 -0.0 12416 12422
7 494.0 504.0 -0.000511 -0.001378 12432 12439
7 494.0 504.0 -0.00107 -0.002887 12448 12455
7 494.0 504.0 -0.002321 -0.006255 12464 12470
7 492.0 504.0 -0.001017 -0.002738 12481 12487
7 492.0 504.0 -0.001651 -0.004443 12497 12504
7 492.0 504.0 -0.002402 -0.006459 12513 12520
7 492.0 504.0 -0.000664 -0.001784 12529 12535
7 492.0 504.0 -0.0014 -0.003762 12546 12552
7 492.0 504.0 -0.002198 -0.005903 12562 12568
7 492.0 504.0 -0.000291 -0.000781 12579 12585
7 492.0 504.0 -0.000551 -0.00148 12594 12601
7 492.0 504.0 -0.000145 -0.000388 12610 12617
7 492.0 504.0 -0.000359 -0.000964 12626 12633
7 492.0 504.0 -4.7e-05 -0.000127 12642 12648
7 492.0 504.0 -3e-06 -9e-06 12658 12666
7 492.0 504.0 -1e-06 -2e-06 12675 12681
7 492.0 504.0 -0.0 -0.0 12690 12697
7 492.0 504.0 -0.0 -0.0 12707 12713
7 492.0 504.0 0.001007 0.002703 12722 12729
7 492.0 504.0 0.001313 0.003525 12738 12744
7 492.0 504.0 0.000193 0.000518 12754 12761
7 492.0 504.0 0.000438 0.001175 12770 12777
7 492.0 504.0 5.8e-05 0.000155 12786 12792
7 492.0 504.0 0.00052 0.001398 12802 12809
7 492.0 504.0 6.9e-05 0.000185 12818 12824
7 492.0 504.0 9e-06 2.4e-05 12834 12841
7 492.0 504.0 1e-06 2e-06 12850 12856
7 492.0 504.0 0.0 0.0 12867 12873
7 492.0 504.0 0.0 0.0 12882 12889
7 492.0 504.0 0.0 0.0 12898 12906
7 492.0 504.0 0.0 0.0 12914 12920
7 492.0 504.0 0.0 0.0 12931 12937
7 492.0 504.0 0.0 0.0 12946 12953
7 492.0 504.0 0.0 0.0 12962 12968
7 492.0 504.0 0.0 0.0 12978 12985
7 492.0 504.0 0.0 0.0 12994 13000
7 492.0 504.0 -0.00193 0.001808 13011 13017
7 492.0 504.0 -0.001739 0.00163 13027 13033
7 492.0 504.0 0.000271 -0.000254 13043 13049
7 492.0 504.0 3.6e-05 -3.4e-05 13059 13065
7 492.0 504.0 2e-06 -2e-06 13076 13082
7 492.0 504.0 0.0 -0.0 13091 13098
7 492.0 504.0 0.0 -0.0 13107 13113
7 492.0 504.0 0.0 -0.0 13124 13130
7 492.0 504.0 0.0 -0.0 13139 13146
7 492.0 504.0 0.0 -0.0 13156 13162
7 492.0 504.0 0.0 -0.0 13172 13179
7 492.0 504.0 0.0 -0.0 13188 13194
7 492.0 504.0 0.0 -0.0 13204 13210
7 492.0 504.0 0.0 -0.0 13221 13227
7 492.0 504.0 0.0 -0.0 13236 13243
7 492.0 504.0 0.0 -0.0 13252 13258
7 492.0 504.0 0.0 -0.0 13268 13274
7 492.0 504.0 0.0 -0.0 13284 13291
7 492.0 504.0 0.0 -0.0 13300 13306
7 492.0 504.0 0.0 -0.0 13317 13323
7 492.0 504.0 0.0 -0.0 13332 13338
7 492.0 504.0 0.0 -0.0 13348 13355
7 492.0 504.0 0.0 -0.0 13364 13370
7 492.0 504.0 0.0 -0.0 13380 13386
7 492.0 504.0 0.0 -0.0 13396 13402
7 492.0 504.0 0.0 -0.0 13412 13419
7 492.0 504.0 0.0 -0.0 13428 13435
7 492.0 504.0 0.0 -0.0 13444 13450
7 492.0 504.0 0.0 -0.0 13461 13467
7 492.0 504.0 0.0 -0.0 13476 13483
7 492.0 504.0 0.0 -0.0 13492 13498
7 492.0 504.0 0.0 -0.0 13508 13514
7 492.0 504.0 0.0 -0.0 13524 13531
7 492.0 504.0 0.0 -0.0 13540 13547
7 492.0 504.0 0.003941 0.003599 13556 13562
7 492.0 504.0 0.004429 -0.001396 13572 13579
7 492.0 504.0 0.001591 0.002519 13588 13595
7 494.0 504.0 0.003811 0.00302 13604 13610
7 494.0 504.0 0.000339 -0.0005 13620 13627
7 494.0 504.0 4.5e-05 -6.6e-05 13636 13642
7 494.0 504.0 6e-06 -9e-06 13652 13659
7 494.0 504.0 1e-06 -1e-06 13668 13674
7 494.0 504.0 0.0 -0.0 13684 13690
7 494.0 504.0 0.0 -0.0 13700 13707
7 492.0 504.0 -0.002851 -0.007662 13716 13722
7 492.0 506.0 -0.00577 -0.015472 13732 13739
7 492.0 506.0 -0.00408 -0.017896 13748 13755
7 492.0 506.0 -0.004293 -0.017744 13764 13771
7 492.0 506.0 -0.001152 -0.022741 13780 13786
7 492.0 508.0 0.00244 -0.020679 13797 13803
7 492.0 508.0 0.00067 -0.015889 13812 13819
7 492.0 508.0 0.004939 -0.020693 13828 13834
7 494.0 510.0 0.009046 -0.017263 13844 13851
7 494.0 510.0 0.00339 -0.014807 13860 13866
7 494.0 510.0 0.004381 -0.016036 13877 13883
7 494.0 510.0 0.00412 -0.012113 13893 13900
7 494.0 510.0 0.001265 -0.008408 13909 13915
7 494.0 512.0 0.003124 -0.010799 13926 13932
7 494.0 512.0 -0.00032 -0.008672 13941 13948
7 494.0 512.0 -0.000702 -0.011506 13957 13963
7 494.0 512.0 -0.001992 -0.006519 13973 13980
7 494.0 512.0 -0.00249 -0.006718 13989 13995
7 494.0 512.0 -0.00378 -0.009938 14006 14012
7 494.0 512.0 -0.000853 -0.002241 14021 14028
7 492.0 512.0 -0.002521 -0.006613 14037 14043
7 492.0 514.0 -0.003248 -0.008513 14053 14060
7 492.0 514.0 -0.001762 -0.004616 14069 14076
7 492.0 514.0 -0.002121 -0.005553 14085 14092
7 492.0 514.0 -0.004934 -0.002544 14101 14108
7 492.0 514.0 -0.005744 0.001986 14117 14123
7 492.0 514.0 -0.001967 -0.002895 14134 14140
7 492.0 514.0 -0.002956 -0.002153 14149 14156
7 492.0 514.0 -0.000634 -0.002766 14165 14172
7 492.0 514.0 -0.000265 -0.002618 14181 14188
7 492.0 514.0 -0.000212 -0.00081 14197 14203
7 492.0 514.0 -2.8e-05 -0.000107 14213 14220
7 492.0 514.0 -4e-06 -1.4e-05 14229 14235
7 492.0 514.0 -0.0 -1e-06 14246 14252
7 492.0 514.0 -0.0 -0.0 14261 14267
7 492.0 514.0 0.00771 -0.00234 14277 14283
7 492.0 514.0 0.011366 -0.004401 14293 14299
7 494.0 514.0 0.006333 0.001624 14309 14316
7 494.0 514.0 0.011489 0.000256 14326 14332
7 494.0 514.0 0.013009 -0.00457 14342 14349
7 494.0 514.0 0.011898 -0.003358 14358 14364
7 494.0 514.0 0.010159 -0.002275 14374 14381
7 494.0 514.0 0.005928 -0.004104 14390 14397
7 494.0 514.0 0.001772 -0.001459 14407 14413
7 494.0 514.0 0.001726 -0.001575 14423 14430
7 494.0 514.0 0.000228 -0.000208 14439 14446
7 494.0 514.0 1.5e-05 -1.4e-05 14455 14462
7 494.0 514.0 2e-06 -2e-06 14471 14477
7 494.0 514.0 -0.004478 -0.001355 14487 14493
7 494.0 514.0 -0.003508 -0.007817 14503 14510
7 494.0 514.0 -0.001342 -0.003333 14519 14526
7 494.0 514.0 0.001057 -0.004094 14535 14542
7 494.0 516.0 0.007467 -0.010975 14551 14557
7 496.0 516.0 0.010784 -0.010517 14567 14574
7 496.0 516.0 0.00193 -0.001857 14584 14591
7 496.0 516.0 0.003185 -0.002957 14599 14605
7 496.0 516.0 0.002449 0.005653 14615 14622
7 496.0 516.0 0.002733 0.007064 14631 14637
7 496.0 516.0 0.000148 0.007262 14647 14654
7 496.0 514.0 -0.009072 0.013657 14663 14669
7 494.0 514.0 -0.00542 0.012707 14679 14686
7 494.0 514.0 -0.011332 0.010368 14696 14703
7 494.0 514.0 -0.006398 0.007778 14711 14717
7 494.0 514.0 -0.007487 0.011473 14727 14734
7 494.0 512.0 -0.009257 0.011062 14744 14750
7 494.0 512.0 -0.001286 0.005318 14759 14766
7 494.0 512.0 -0.002859 0.011131 14776 14782
7 494.0 512.0 -0.007188 0.009671 14791 14797
7 494.0 512.0 -0.000253 0.004907 14807 14814
7 494.0 512.0 -0.003746 0.008384 14823 14829
7 492.0 512.0 -0.009293 0.007449 14839 14846
7 492.0 512.0 -0.005991 0.005505 14855 14861
7 492.0 510.0 -0.010551 0.009835 14871 14878
7 492.0 510.0 -0.012636 0.011801 14887 14894
7 492.0 510.0 -0.010437 0.009756 14904 14910
7 492.0 510.0 -0.013146 0.012302 14920 14926
7 492.0 510.0 -0.010552 0.009883 14937 14943
7 490.0 510.0 -0.012491 0.006863 14952 14959
7 490.0 510.0 -0.013263 0.006887 14968 14975
7 490.0 508.0 -0.011762 0.004225 14984 14990
7 490.0 510.0 -0.00805 -0.004343 15000 15006
7 490.0 510.0 -0.007139 -0.003636 15016 15023
7 490.0 510.0 -0.003078 -0.011348 15032 15039
7 490.0 510.0 -0.005741 -0.015452 15048 15054
7 490.0 510.0 -0.004106 -0.010757 15064 15071
7 488.0 510.0 -0.003489 -0.009108 15080 15087
7 488.0 510.0 -0.00341 -0.008888 15096 15103
7 488.0 512.0 0.005008 -0.009356 15112 15118
7 490.0 512.0 0.002913 -0.00398 15129 15135
7 490.0 512.0 0.007263 -0.007846 15145 15152
7 490.0 512.0 0.005857 -0.005628 15161 15168
7 490.0 512.0 0.005056 9.4e-05 15177 15184
7 490.0 512.0 0.00497 0.000902 15193 15200
7 490.0 512.0 0.001904 0.006541 15210 15216
7 490.0 512.0 0.006088 0.005771 15226 15233
7 490.0 512.0 0.001665 0.003011 15242 15248
7 490.0 512.0 0.001428 0.003555 15258 15265
7 490.0 512.0 0.00431 0.000899 15274 15280
7 490.0 512.0 0.003037 -0.003105 15291 15297
7 490.0 512.0 0.000402 -0.000411 15306 15313
7 490.0 512.0 5.3e-05 -5.4e-05 15322 15328
7 490.0 512.0 7e-06 -7e-06 15338 15345
7 490.0 512.0 1e-06 -1e-06 15354 15360
7 490.0 512.0 0.0 -0.0 15371 15377
7 490.0 512.0 -0.001714 -0.004478 15386 15393
7 490.0 512.0 -0.002645 -0.006906 15402 15409
7 490.0 512.0 -0.004542 -0.005006 15418 15424
7 490.0 512.0 -0.007743 -0.001922 15434 15441
7 490.0 512.0 -0.007226 -0.005496 15450 15456
7 490.0 512.0 -0.008367 0.000671 15467 15473
7 490.0 512.0 -0.007447 -0.002551 15482 15488
7 488.0 512.0 -0.006985 -0.003857 15498 15504
7 488.0 512.0 -0.008979 0.002689 15514 15521
7 488.0 512.0 -0.006419 0.000717 15530 15536
7 488.0 512.0 -0.008089 0.000173 15546 15552
7 488.0 512.0 -0.008223 0.005558 15562 15569
7 488.0 512.0 -0.003935 0.000353 15578 15584
7 488.0 512.0 -0.005087 0.003713 15595 15601
7 488.0 512.0 -0.005484 0.005091 15610 15617
7 488.0 512.0 -0.00265 0.002486 15626 15632
7 488.0 512.0 -0.003756 0.003536 15642 15649
7 486.0 512.0 -0.004882 0.0046 15658 15665
7 486.0 512.0 -0.00109 0.001027 15674 15680
7 486.0 512.0 0.00036 0.002092 15690 15696
7 486.0 512.0 0.001951 0.005214 15706 15713
7 488.0 512.0 0.00216 0.005627 15722 15728
7 488.0 510.0 0.001342 0.003487 15739 15745
7 488.0 510.0 0.002249 0.005845 15754 15761
7 488.0 510.0 0.00284 0.007386 15770 15776
7 488.0 510.0 0.002096 0.005453 15786 15793
7 488.0 510.0 0.002174 0.00566 15802 15809
7 488.0 510.0 0.003058 0.007969 15818 15824
7 488.0 510.0 0.001615 0.00421 15834 15841
7 488.0 510.0 0.002708 0.007069 15850 15857
7 488.0 510.0 0.003299 0.008622 15866 15872
7 488.0 510.0 0.002326 0.006082 15882 15889
7 488.0 508.0 0.002721 0.00712 15898 15905
7 488.0 508.0 0.002266 0.005936 15915 15921
7 488.0 508.0 -0.002438 0.007456 15931 15938
7 488.0 508.0 -0.000842 0.008197 15948 15954
7 488.0 508.0 -0.004239 0.007473 15963 15969
7 488.0 508.0 -8e-05 0.000535 15979 15985
7 488.0 508.0 -0.00089 0.005485 15995 16002
7 488.0 508.0 -0.00114 -0.000177 16011 16018
7 488.0 508.0 -0.000151 -2.3e-05 16028 16034
7 488.0 508.0 -2e-05 -3e-06 16044 16051
7 488.0 508.0 -1e-06 -0.0 16060 16067
7 488.0 508.0 -0.0 -0.0 16076 16082
7 488.0 508.0 -0.002904 0.002739 16092 16099
7 488.0 508.0 -0.000384 0.000362 16108 16114
7 488.0 508.0 -2.6e-05 2.4e-05 16125 16131
7 488.0 508.0 -3e-06 3e-06 16140 16147
7 488.0 508.0 -0.0 0.0 16156 16162
7 488.0 508.0 -0.00216 -0.00039 16172 16179
7 488.0 508.0 -0.000462 -0.000515 16188 16194
7 488.0 508.0 -6.1e-05 -6.8e-05 16204 16211
7 488.0 508.0 -0.00231 -0.003361 16220 16227
7 488.0 508.0 -0.004151 0.003186 16236 16242
7 488.0 508.0 0.001355 -0.001376 16253 16259
7 488.0 508.0 -0.001026 -0.00334 16268 16274
7 488.0 508.0 -0.003714 0.002306 16284 16290
7 488.0 508.0 -0.000433 -0.002101 16301 16307
7 488.0 508.0 -0.000234 -0.000741 16316 16323
7 488.0 508.0 -0.004412 0.004039 16332 16338
7 488.0 508.0 0.000895 -0.000862 16349 16355
7 488.0 508.0 0.000118 -0.000114 16364 16371
7 486.0 508.0 -0.002949 0.002785 16380 16386
7 488.0 508.0 0.001089 -0.001028 16397 16403
7 486.0 508.0 -0.001335 0.00126 16412 16419
7 486.0 508.0 -0.004021 0.003799 16428 16434
7 486.0 508.0 -5.1e-05 4.9e-05 16444 16451
7 486.0 508.0 -0.000757 0.000715 16460 16466
7 486.0 508.0 -0.001134 0.001072 16477 16483
7 486.0 508.0 -0.001129 0.001067 16492 16499
7 486.0 508.0 -0.005469 0.005173 16508 16514
7 486.0 508.0 -0.001721 0.001628 16524 16531
7 486.0 508.0 -0.003016 0.002853 16540 16546
7 486.0 506.0 -0.004775 0.004519 16557 16563
7 486.0 506.0 0.000791 -0.000748 16572 16579
7 486.0 506.0 -0.003823 -4.9e-05 16588 16594
7 486.0 506.0 -0.000506 -7e-06 16604 16611
7 486.0 506.0 -0.001091 -0.002668 16620 16626
7 486.0 508.0 1.3e-05 5.9e-05 16637 16643
7 486.0 506.0 -0.003299 0.001895 16653 16660
7 486.0 506.0 1.1e-05 -0.003842 16669 16676
7 486.0 506.0 8.1e-05 -4.9e-05 16685 16691
7 486.0 508.0 -0.000166 -0.00047 16702 16708
7 486.0 508.0 -0.002024 -3.6e-05 16717 16724
7 486.0 508.0 -0.000615 -0.000914 16733 16739
7 486.0 508.0 -0.000935 -0.002352 16749 16756
7 486.0 508.0 -6.3e-05 -0.000158 16765 16772
7 486.0 508.0 -8e-06 -2.1e-05 16781 16788
7 486.0 508.0 -1e-06 -3e-06 16797 16804
7 486.0 508.0 -0.0 -0.0 16813 16820
7 486.0 508.0 -0.0 -0.0 16854 16861
7 486.0 508.0 -0.0 -0.0 16870 16877
7 486.0 508.0 -0.0 -0.0 16886 16892
7 486.0 508.0 -0.0 -0.0 16902 16909
7 486.0 508.0 -0.0 -0.0 16918 16924
7 486.0 508.0 -0.0 -0.0 16934 16940
7 486.0 508.0 -0.000525 -0.001372 16950 16957
7 486.0 508.0 -6.9e-05 -0.000182 16966 16972
7 486.0 508.0 -9e-06 -2.4e-05 16982 16988
7 486.0 508.0 -1e-06 -3e-06 16999 17004
7 486.0 508.0 -0.0 -0.0 17014 17021
7 486.0 508.0 -0.0 -0.0 17030 17036
7 486.0 508.0 -0.0 -0.0 17046 17053
7 486.0 508.0 -0.0 -0.0 17062 17068
7 486.0 508.0 -0.0 -0.0 17079 17085
7 486.0 508.0 -0.0 -0.0 17094 17101
7 486.0 508.0 -0.0 -0.0 17110 17116
7 486.0 508.0 -0.0 -0.0 17126 17133
7 486.0 508.0 -0.0 -0.0 17142 17149
7 486.0 508.0 -0.0 -0.0 17158 17164
7 486.0 508.0 -0.0 -0.0 17174 17181
7 486.0 508.0 -0.0 -0.0 17190 17197
7 486.0 508.0 -0.0 -0.0 17206 17212
7 486.0 508.0 -0.0 -0.0 17222 17229
7 486.0 508.0 -0.0 -0.0 17238 17245
7 486.0 508.0 -0.0 -0.0 17255 17261
7 486.0 508.0 -0.0 -0.0 17270 17277
7 486.0 508.0 -0.0 -0.0 17286 17292
7 486.0 508.0 -0.0 -0.0 17302 17309
7 486.0 508.0 -0.0 -0.0 17318 17324
7 486.0 508.0 -0.0 -0.0 17335 17341
7 486.0 508.0 -0.0 -0.0 17350 17357
7 486.0 508.0 0.000683 0.001785 17366 17372
7 486.0 508.0 0.00095 0.002484 17382 17389
7 486.0 506.0 0.002015 0.005271 17398 17404
7 486.0 506.0 0.001316 0.003443 17414 17421
7 486.0 506.0 0.001818 0.004763 17430 17437
7 486.0 506.0 0.0035 0.009178 17446 17452
7 486.0 506.0 0.004723 0.00204 17462 17469
7 486.0 506.0 0.003007 0.004742 17478 17485
7 486.0 506.0 0.005046 0.004192 17495 17501
7 486.0 506.0 0.006496 -0.001875 17511 17518
7 486.0 506.0 0.003806 0.000631 17528 17534
7 486.0 506.0 0.005404 -0.002683 17543 17549
7 488.0 506.0 0.002849 -0.00253 17559 17566
7 488.0 506.0 0.004983 0.001406 17575 17582
7 488.0 506.0 0.005133 -0.007074 17591 17598
7 488.0 506.0 0.002657 -0.002803 17607 17613
7 488.0 506.0 0.003254 -0.003111 17623 17630
7 488.0 508.0 0.005256 -0.004966 17639 17646
7 488.0 508.0 0.002174 -0.002053 17655 17661
7 488.0 508.0 0.001371 -0.001294 17671 17678
7 488.0 508.0 0.004565 -0.004306 17687 17693
7 488.0 508.0 0.000604 -0.000569 17703 17709
7 488.0 508.0 0.002984 -0.002814 17719 17726
7 488.0 508.0 0.004585 -0.004323 17735 17742
7 488.0 508.0 0.00321 -0.000599 17751 17757
7 488.0 508.0 0.003547 -0.000526 17767 17774
7 488.0 508.0 0.005512 -0.004259 17783 17789
7 488.0 508.0 0.003367 -0.002787 17800 17806
7 488.0 508.0 0.003852 -0.003575 17815 17822
7 488.0 508.0 0.003993 -0.001887 17831 17838
7 488.0 508.0 0.003435 -0.002985 17847 17853
7 490.0 508.0 0.00454 -0.001814 17864 17870
7 490.0 508.0 0.00374 -0.002563 17879 17886
7 490.0 508.0 0.003661 -0.003377 17895 17901
7 490.0 508.0 0.00584 -0.005409 17911 17918
7 490.0 508.0 0.001773 -0.001655 17927 17934
7 490.0 508.0 0.002662 -0.002499 17943 17949
7 490.0 508.0 0.00569 -0.005343 17959 17966
7 490.0 508.0 0.000638 -0.000599 17975 17981
7 490.0 508.0 0.001567 -0.001471 17992 17999
7 490.0 508.0 0.004601 -0.004318 18008 18015
7 490.0 508.0 0.002537 -0.00238 18024 18031
7 490.0 510.0 0.003337 -0.00313 18040 18047
7 490.0 510.0 0.002908 -0.002727 18056 18063
7 490.0 508.0 0.00369 0.003247 18073 18079
7 490.0 508.0 0.003791 0.000453 18088 18095
7 490.0 508.0 0.004706 0.004058 18104 18110
7 490.0 508.0 0.00584 0.007958 18121 18127
7 492.0 508.0 0.004574 0.002401 18136 18142
7 492.0 508.0 0.003496 0.006172 18152 18159
7 492.0 508.0 0.006782 0.007111 18168 18174
7 492.0 508.0 0.005108 -0.001746 18184 18190
7 492.0 508.0 0.0029 0.004828 18200 18207
7 492.0 508.0 0.006008 0.003304 18216 18222
7 492.0 508.0 0.00664 -0.003242 18233 18239
7 492.0 508.0 0.002053 0.00089 18248 18255
7 492.0 508.0 0.003705 -0.001234 18264 18270
7 492.0 508.0 0.003131 -0.003098 18280 18286
7 492.0 508.0 0.001844 -0.001747 18297 18303
7 492.0 508.0 0.000244 -0.000231 18312 18319
7 492.0 508.0 0.001518 -0.001419 18328 18334
7 492.0 508.0 0.000102 -9.6e-05 18345 18351
7 492.0 508.0 1.4e-05 -1.3e-05 18361 18368
