7 960.0 282.0 0.0 -0.0 5499 5507
7 960.0 282.0 0.0 -0.0 5515 5522
7 960.0 282.0 0.0 -0.0 5531 5538
7 960.0 282.0 0.0 -0.0 5547 5553
7 960.0 282.0 0.0 -0.0 5563 5570
7 960.0 282.0 0.0 -0.0 5579 5586
7 960.0 282.0 0.0 -0.0 5596 5602
7 960.0 282.0 0.0 -0.0 5611 5618
7 960.0 282.0 0.0 -0.0 5627 5633
7 960.0 282.0 0.0 -0.0 5643 5650
7 960.0 282.0 0.0 -0.0 5659 5665
7 960.0 282.0 0.0 -0.0 5676 5682
7 960.0 282.0 0.0 -0.0 5691 5698
7 960.0 282.0 0.0 -0.0 5707 5714
7 960.0 282.0 0.0 -0.0 5723 5730
7 960.0 282.0 0.0 -0.0 5741 5748
7 960.0 282.0 0.0 -0.0 5758 5764
7 960.0 282.0 0.0 -0.0 5774 5781
7 960.0 282.0 -0.005057 0.001547 5790 5797
7 960.0 282.0 0.001835 -0.000561 5806 5813
7 960.0 282.0 0.000243 -7.4e-05 5822 5829
7 960.0 282.0 1.6e-05 -5e-06 5838 5845
7 960.0 282.0 2e-06 -1e-06 5854 5861
7 960.0 282.0 0.0 -0.0 5871 5877
7 960.0 282.0 0.0 -0.0 5887 5894
7 960.0 282.0 0.0 -0.0 5903 5910
7 960.0 282.0 0.0 -0.0 5919 5925
7 960.0 282.0 0.0 -0.0 5935 5942
7 960.0 282.0 0.0 -0.0 5951 5958
7 960.0 282.0 0.0 -0.0 5967 5973
7 960.0 282.0 0.0 -0.0 5984 5990
7 960.0 282.0 0.0 -0.0 5999 6005
7 960.0 282.0 0.0 -0.0 6015 6021
7 960.0 282.0 0.0 -0.0 6031 6038
7 960.0 282.0 0.0 -0.0 6047 6054
7 960.0 282.0 0.0 -0.0 6063 6069
7 960.0 282.0 0.0 -0.0 6080 6086
7 960.0 282.0 0.0 -0.0 6096 6103
7 960.0 282.0 0.0 -0.0 6112 6119
7 960.0 282.0 0.0 -0.0 6128 6134
7 960.0 282.0 0.0 -0.0 6145 6151
7 960.0 282.0 0.0 -0.0 6161 6168
7 960.0 282.0 0.0 -0.0 6177 6183
7 960.0 282.0 0.0 -0.0 6193 6200
7 960.0 282.0 0.0 -0.0 6209 6216
7 960.0 282.0 0.0 -0.0 6225 6232
7 960.0 282.0 0.0 -0.0 6241 6247
7 960.0 282.0 0.0 -0.0 6257 6264
7 960.0 282.0 0.0 -0.0 6273 6279
7 960.0 282.0 0.0 -0.0 6289 6296
7 960.0 282.0 0.0 -0.0 6305 6311
7 960.0 282.0 0.0 -0.0 6321 6328
7 960.0 282.0 0.0 -0.0 6337 6343
7 960.0 282.0 0.0 -0.0 6353 6360
7 960.0 282.0 0.0 -0.0 6369 6375
7 960.0 282.0 0.0 -0.0 6385 6392
7 960.0 282.0 0.0 -0.0 6401 6407
7 960.0 282.0 0.0 -0.0 6417 6424
7 960.0 282.0 0.0 -0.0 6433 6440
7 960.0 282.0 0.0 -0.0 6449 6455
7 960.0 282.0 0.0 -0.0 6466 6472
7 960.0 282.0 0.0 -0.0 6481 6487
7 960.0 282.0 0.0 -0.0 6497 6504
7 960.0 282.0 0.0 -0.0 6514 6520
7 960.0 282.0 0.0 -0.0 6529 6536
7 960.0 282.0 0.0 -0.0 6546 6552
7 960.0 282.0 0.0 -0.0 6561 6567
