7 544.0 472.0 0.006022 -0.000734 5514 5521
7 546.0 472.0 0.007587 0.001533 5531 5537
7 546.0 472.0 0.00485 0.000971 5547 5553
7 546.0 474.0 0.007103 -0.001413 5563 5570
7 546.0 472.0 0.003304 0.003579 5579 5585
7 546.0 472.0 0.002437 -0.001257 5595 5601
7 546.0 472.0 0.004696 0.001471 5612 5618
7 546.0 472.0 0.00037 -0.000689 5628 5634
7 546.0 472.0 -8.7e-05 -0.000568 5644 5650
7 546.0 472.0 -1.1e-05 -7.5e-05 5660 5667
7 546.0 472.0 -1e-06 -5e-06 5676 5682
7 546.0 472.0 -0.0 -1e-06 5692 5698
7 546.0 472.0 -0.003999 0.003461 5708 5715
7 546.0 472.0 -0.005046 0.004369 5724 5730
7 546.0 472.0 -0.007393 0.001185 5740 5746
7 544.0 472.0 -0.006023 -0.003543 5756 5762
7 544.0 472.0 -0.005878 -0.000647 5773 5779
7 544.0 472.0 -0.007372 0.000985 5788 5794
7 544.0 472.0 -0.005016 -0.002778 5804 5810
7 544.0 472.0 -0.004869 -0.000614 5821 5827
7 544.0 472.0 -0.00905 -0.000897 5836 5842
7 544.0 474.0 -0.001053 -0.006065 5852 5858
7 544.0 474.0 -0.003401 -0.005491 5869 5875
7 544.0 474.0 -0.009166 -0.00703 5885 5891
7 544.0 474.0 -0.004829 -0.004147 5902 5908
7 544.0 474.0 -0.010506 -0.004154 5917 5923
7 542.0 474.0 -0.013732 -0.006062 5933 5939
7 542.0 474.0 -0.009354 -0.002965 5949 5956
7 542.0 474.0 -0.015441 -0.003682 5965 5971
15 540.0 474.0 -0.019401 -0.003421 5981 5991
15 540.0 474.0 -0.018726 0.000692 5999 6007
15 540.0 474.0 -0.024721 0.001561 6015 6024
15 540.0 474.0 -0.020346 0.002347 6033 6039
15 538.0 474.0 -0.025505 0.006394 6048 6054
15 538.0 474.0 -0.028444 0.007743 6065 6071
15 536.0 474.0 -0.028088 0.011517 6081 6087
15 536.0 472.0 -0.033107 0.015224 6097 6103
15 534.0 472.0 -0.039957 0.022433 6113 6119
15 532.0 472.0 -0.041138 0.033013 6129 6135
15 532.0 470.0 -0.049542 0.04077 6145 6151
15 530.0 468.0 -0.057076 0.050615 6161 6167
15 528.0 466.0 -0.061359 0.069142 6177 6184
15 526.0 462.0 -0.063275 0.086067 6193 6199
15 524.0 460.0 -0.065252 0.103677 6210 6216
15 520.0 456.0 -0.070189 0.125006 6226 6233
15 518.0 452.0 -0.071119 0.142909 6242 6248
15 516.0 446.0 -0.069801 0.152599 6259 6265
15 514.0 440.0 -0.073259 0.174034 6274 6280
15 512.0 434.0 -0.074875 0.193492 6291 6297
15 510.0 428.0 -0.068165 0.201858 6306 6312
15 508.0 422.0 -0.072529 0.222941 6323 6329
15 504.0 412.0 -0.071572 0.235116 6338 6344
15 502.0 406.0 -0.068589 0.245255 6354 6360
15 500.0 398.0 -0.069967 0.260739 6370 6376
15 498.0 390.0 -0.068381 0.27722 6386 6393
15 496.0 380.0 -0.063075 0.283655 6402 6408
15 494.0 370.0 -0.059376 0.289443 6418 6425
15 492.0 360.0 -0.053761 0.292128 6434 6440
15 492.0 352.0 -0.048192 0.293896 6450 6457
15 490.0 342.0 -0.041802 0.296338 6466 6472
15 488.0 334.0 -0.033082 0.29742 6483 6489
15 488.0 322.0 -0.02664 0.302185 6498 6504
15 488.0 312.0 -0.018253 0.296955 6514 6520
15 488.0 304.0 -0.007568 0.294168 6530 6537
15 488.0 296.0 0.001226 0.295006 6546 6552
15 488.0 286.0 0.007873 0.296818 6562 6569
15 488.0 274.0 0.02272 0.291435 6578 6584
15 490.0 266.0 0.026592 0.289554 6595 6601
15 490.0 258.0 0.029979 0.294315 6610 6616
15 492.0 248.0 0.036101 0.29123 6626 6632
15 492.0 240.0 0.048296 0.275295 6642 6649
15 496.0 230.0 0.055293 0.264183 6658 6664
15 498.0 222.0 0.058237 0.253787 6674 6680
15 500.0 214.0 0.06527 0.234498 6690 6697
15 502.0 208.0 0.068842 0.221812 6706 6712
15 504.0 202.0 0.069598 0.207818 6722 6728
15 506.0 194.0 0.071684 0.189323 6738 6744
15 508.0 188.0 0.070623 0.177339 6755 6761
15 510.0 184.0 0.071028 0.15428 6771 6777
15 512.0 180.0 0.070587 0.141785 6787 6793
15 516.0 174.0 0.063997 0.133933 6803 6809
15 518.0 170.0 0.063253 0.124255 6819 6825
15 520.0 168.0 0.05595 0.111266 6835 6842
15 520.0 164.0 0.048171 0.105229 6852 6858
15 522.0 160.0 0.041715 0.100956 6867 6875
15 524.0 158.0 0.032718 0.098271 6885 6891
15 524.0 154.0 0.02642 0.092005 6900 6906
15 524.0 152.0 0.016606 0.090496 6916 6922
15 524.0 150.0 0.006245 0.088369 6933 6939
15 524.0 146.0 -0.001727 0.083509 6948 6955
15 524.0 144.0 -0.003782 0.075625 6964 6970
15 524.0 142.0 -0.003538 0.065925 6980 6986
15 524.0 140.0 -0.021314 0.071686 6996 7001
15 522.0 138.0 -0.031069 0.071428 7012 7019
15 522.0 134.0 -0.027643 0.060457 7028 7034
15 520.0 134.0 -0.029228 0.057425 7044 7051
15 520.0 132.0 -0.032196 0.058883 7060 7066
15 518.0 130.0 -0.027837 0.04375 7077 7083
15 518.0 128.0 -0.028108 0.042314 7092 7098
15 516.0 128.0 -0.028997 0.042128 7109 7115
15 516.0 126.0 -0.022968 0.03166 7124 7130
15 516.0 126.0 -0.02351 0.030738 7141 7147
15 514.0 124.0 -0.022278 0.028056 7157 7163
15 514.0 124.0 -0.018912 0.018798 7173 7179
2 514.0 124.0 -0.017159 0.017168 7189 7196
2 514.0 122.0 -0.018548 0.018588 7205 7206
2 512.0 122.0 -0.016146 0.016209 7222 7222
2 512.0 122.0 -0.01235 0.010676 7237 7238
2 512.0 122.0 -0.012599 0.003688 7253 7254
2 512.0 122.0 -0.006849 0.000899 7269 7270
2 512.0 122.0 -0.007075 0.001927 7285 7285
2 512.0 122.0 -0.002978 0.001035 7301 7302
2 512.0 122.0 -0.002637 0.001513 7318 7318
2 512.0 122.0 -0.000221 -0.001264 7333 7333
2 512.0 122.0 -2.9e-05 -0.000167 7349 7350
2 512.0 122.0 -0.001436 0.001422 7365 7366
2 512.0 122.0 -0.006202 0.006252 7381 7381
2 512.0 122.0 -0.003165 0.003192 7397 7398
2 510.0 122.0 -0.005573 0.005623 7414 7414
2 510.0 120.0 -0.010129 0.010228 7429 7429
2 510.0 120.0 -0.005114 0.005165 7445 7446
2 510.0 120.0 -0.007416 0.007497 7462 7462
2 510.0 120.0 -0.008445 0.002851 7477 7478
2 510.0 120.0 -0.007956 0.005564 7493 7494
2 510.0 120.0 -0.007816 0.004515 7510 7510
2 510.0 120.0 -0.008451 0.00197 7525 7525
2 508.0 120.0 -0.006652 0.003654 7541 7542
2 508.0 120.0 -0.008723 0.002296 7557 7558
2 508.0 120.0 -0.005889 0.000249 7573 7573
2 508.0 120.0 -0.006572 0.002844 7589 7589
2 508.0 120.0 -0.007571 0.004113 7605 7606
2 508.0 120.0 -0.001416 0.000491 7622 7622
2 508.0 120.0 -0.003263 0.001002 7637 7637
2 508.0 120.0 -0.003935 0.001506 7653 7654
2 508.0 120.0 0.001357 -0.002162 7669 7670
2 508.0 120.0 -0.001674 0.0016 7685 7685
2 508.0 120.0 7e-05 -7.8e-05 7701 7702
2 508.0 120.0 0.00049 -0.0005 7717 7718
2 508.0 120.0 -9.7e-05 0.001838 7734 7734
2 508.0 120.0 -0.000708 0.008389 7749 7749
2 508.0 120.0 -0.002152 0.005394 7765 7766
2 508.0 120.0 -0.004406 0.008005 7782 7782
2 508.0 118.0 -0.002657 0.004958 7797 7798
2 508.0 118.0 -0.005944 0.006352 7813 7814
2 508.0 118.0 -0.005915 0.006066 7830 7830
2 506.0 118.0 -0.006793 0.006931 7846 7847
2 506.0 118.0 -0.009297 0.009489 7862 7863
2 506.0 118.0 -0.011047 0.011284 7878 7879
2 506.0 118.0 -0.006937 0.005753 7895 7895
2 506.0 118.0 -0.00727 0.002304 7911 7912
2 506.0 118.0 -0.006808 -0.001149 7927 7928
2 506.0 118.0 -0.004127 0.0027 7943 7943
2 506.0 118.0 -0.004512 0.001794 7959 7960
2 504.0 116.0 -0.006408 0.003568 7975 7976
2 504.0 116.0 -0.001754 0.0014 7992 7992
2 504.0 116.0 -0.00315 0.003201 8006 8007
2 504.0 116.0 -0.002778 0.002843 8022 8023
2 504.0 116.0 -0.002675 0.002742 8038 8038
2 504.0 116.0 -0.003141 0.00322 8054 8054
2 504.0 116.0 -0.004621 0.00474 8070 8071
2 504.0 116.0 -0.003098 0.003178 8086 8087
2 504.0 116.0 -0.005519 0.005665 8103 8103
7 504.0 116.0 -0.002043 0.00076 8119 8121
7 504.0 116.0 -0.006684 0.001733 8135 8141
7 504.0 116.0 -0.008029 -0.00133 8151 8157
7 504.0 116.0 -0.005964 0.002677 8167 8173
7 504.0 116.0 -0.006745 0.000328 8183 8189
7 502.0 116.0 -0.008025 -0.001395 8199 8205
7 502.0 116.0 -0.004039 -0.000196 8215 8221
7 502.0 116.0 -0.00445 0.00093 8231 8236
7 502.0 116.0 -0.002417 -0.000663 8248 8253
7 502.0 116.0 -0.00262 0.002285 8265 8270
7 502.0 116.0 -0.000115 -0.000592 8281 8287
7 502.0 116.0 -1.5e-05 -7.8e-05 8297 8303
7 502.0 116.0 -2e-06 -1e-05 8313 8319
7 502.0 116.0 -0.0 -1e-06 8329 8335
7 502.0 116.0 -0.0 -0.0 8345 8351
7 502.0 116.0 -0.0 -0.0 8361 8367
7 502.0 116.0 0.002463 0.000943 8377 8383
7 502.0 116.0 0.001968 0.000625 8393 8399
7 502.0 116.0 0.003279 -0.000401 8409 8415
7 502.0 116.0 0.004748 -0.00053 8425 8431
7 502.0 116.0 0.00279 -0.000556 8441 8447
7 504.0 116.0 0.006935 -0.004123 8457 8462
7 504.0 116.0 0.006769 -0.003887 8473 8478
7 504.0 116.0 0.009725 -0.009589 8489 8494
7 504.0 118.0 0.010838 -0.008448 8505 8511
7 504.0 118.0 0.010624 -0.011373 8521 8527
7 504.0 118.0 0.011206 -0.011549 8537 8543
7 506.0 118.0 0.015152 -0.027348 8553 8559
14 506.0 120.0 0.013527 -0.029082 8570 8576
14 506.0 120.0 0.016707 -0.037551 8587 8592
14 506.0 122.0 0.020706 -0.048127 8603 8609
14 508.0 124.0 0.020086 -0.051932 8619 8624
14 508.0 126.0 0.024602 -0.061997 8635 8641
14 510.0 128.0 0.02272 -0.070209 8651 8657
14 510.0 130.0 0.022704 -0.077427 8668 8673
14 510.0 134.0 0.025616 -0.090865 8684 8689
14 512.0 138.0 0.023187 -0.09852 8699 8705
14 512.0 140.0 0.024072 -0.109096 8715 8721
14 512.0 144.0 0.026562 -0.123743 8731 8737
14 514.0 148.0 0.02295 -0.129469 8747 8753
14 514.0 152.0 0.027701 -0.146454 8763 8769
14 516.0 158.0 0.02711 -0.154034 8779 8785
14 516.0 164.0 0.021913 -0.154726 8795 8800
14 516.0 168.0 0.021519 -0.166202 8812 8817
14 518.0 174.0 0.025126 -0.176008 8828 8833
14 518.0 180.0 0.017767 -0.173143 8844 8850
14 518.0 186.0 0.017487 -0.183851 8860 8865
14 520.0 192.0 0.015733 -0.191758 8877 8882
14 520.0 198.0 0.014439 -0.196883 8894 8899
14 520.0 206.0 0.013661 -0.199554 8911 8916
14 520.0 212.0 0.008496 -0.204338 8926 8932
14 520.0 218.0 0.001457 -0.205355 8942 8948
14 520.0 224.0 -0.000612 -0.208427 8958 8965
14 520.0 232.0 -0.00665 -0.209027 8974 8983
14 520.0 238.0 -0.010567 -0.212814 8992 8998
14 520.0 246.0 -0.016545 -0.212883 9008 9014
14 518.0 254.0 -0.032013 -0.202947 9024 9030
14 518.0 260.0 -0.035416 -0.205407 9040 9046
14 516.0 266.0 -0.041685 -0.20505 9056 9062
14 516.0 272.0 -0.043955 -0.204836 9072 9078
14 514.0 278.0 -0.049549 -0.19942 9088 9094
14 512.0 286.0 -0.051274 -0.206107 9104 9110
14 510.0 292.0 -0.051108 -0.207236 9120 9126
14 508.0 298.0 -0.052505 -0.20526 9136 9142
14 508.0 304.0 -0.049983 -0.207214 9152 9158
14 506.0 310.0 -0.049538 -0.210831 9168 9174
14 504.0 320.0 -0.050506 -0.207237 9184 9190
14 502.0 326.0 -0.048152 -0.208373 9200 9206
14 502.0 332.0 -0.047652 -0.211088 9216 9222
14 500.0 338.0 -0.050991 -0.206583 9232 9238
14 498.0 344.0 -0.044518 -0.20832 9248 9253
14 496.0 352.0 -0.047394 -0.211125 9264 9269
14 496.0 358.0 -0.046467 -0.208758 9281 9286
14 494.0 366.0 -0.046085 -0.207902 9297 9303
14 492.0 372.0 -0.046307 -0.20114 9313 9319
14 490.0 380.0 -0.048564 -0.203627 9329 9335
14 490.0 386.0 -0.04843 -0.196612 9345 9351
14 488.0 392.0 -0.04098 -0.200659 9361 9367
14 486.0 398.0 -0.040487 -0.198894 9377 9383
14 486.0 402.0 -0.03827 -0.190904 9393 9399
14 484.0 410.0 -0.035644 -0.188294 9409 9415
14 484.0 416.0 -0.038584 -0.181094 9425 9431
14 482.0 422.0 -0.037773 -0.176594 9441 9447
14 482.0 426.0 -0.033261 -0.171505 9457 9463
14 480.0 432.0 -0.037968 -0.161333 9473 9479
14 478.0 438.0 -0.035491 -0.159302 9489 9495
14 478.0 442.0 -0.032352 -0.155645 9506 9511
14 476.0 446.0 -0.029357 -0.142968 9522 9527
14 476.0 450.0 -0.028973 -0.141105 9538 9543
14 474.0 456.0 -0.024383 -0.137148 9555 9560
14 474.0 460.0 -0.023943 -0.124477 9571 9576
14 474.0 464.0 -0.021021 -0.123165 9586 9592
14 472.0 468.0 -0.023094 -0.106322 9602 9608
14 472.0 470.0 -0.020937 -0.099855 9618 9624
14 472.0 474.0 -0.021102 -0.09069 9634 9640
14 470.0 476.0 -0.016941 -0.084536 9650 9656
14 470.0 478.0 -0.017863 -0.071174 9666 9672
14 470.0 480.0 -0.018111 -0.06354 9682 9688
14 470.0 482.0 -0.017443 -0.050524 9698 9704
14 468.0 484.0 -0.01486 -0.040176 9714 9720
14 468.0 484.0 -0.013872 -0.03695 9730 9736
14 468.0 486.0 -0.01021 -0.027076 9746 9752
14 468.0 486.0 -0.00635 -0.016791 9762 9768
14 468.0 486.0 -0.010617 -0.007452 9778 9784
14 468.0 486.0 -0.002101 -0.002824 9794 9800
14 468.0 486.0 -0.004117 0.00155 9810 9816
14 468.0 486.0 -0.004384 0.002128 9826 9832
14 468.0 486.0 0.00044 -0.000587 9842 9848
14 468.0 486.0 5.8e-05 -7.8e-05 9858 9863
14 468.0 486.0 8e-06 -1e-05 9875 9880
14 468.0 486.0 0.001463 0.003861 9892 9898
14 468.0 486.0 0.007014 0.004894 9908 9914
14 468.0 486.0 0.00847 -0.001853 9924 9931
14 468.0 486.0 0.012342 -0.003319 9941 9946
14 468.0 486.0 0.018421 -0.005925 9956 9962
14 470.0 486.0 0.014784 -0.004429 9972 9978
14 470.0 486.0 0.020376 -0.007017 9988 9994
14 470.0 486.0 0.025468 -0.007931 10004 10010
14 472.0 486.0 0.022138 -0.00835 10020 10026
14 472.0 488.0 0.026 -0.011017 10037 10042
14 474.0 488.0 0.030546 -0.012624 10053 10059
14 474.0 488.0 0.026555 -0.016317 10070 10075
14 474.0 488.0 0.028563 -0.016092 10087 10093
14 476.0 490.0 0.027142 -0.013156 10103 10108
14 476.0 490.0 0.027861 -0.013686 10118 10124
14 478.0 490.0 0.029076 -0.014174 10134 10140
14 478.0 490.0 0.025792 -0.011429 10150 10156
14 480.0 490.0 0.026265 -0.011984 10166 10172
14 480.0 492.0 0.027384 -0.012007 10183 10189
14 480.0 492.0 0.019113 -0.009106 10200 10205
2 482.0 492.0 0.019208 -0.005262 10216 10222
2 482.0 492.0 0.019483 -0.004325 10233 10233
2 482.0 492.0 0.010423 -0.000698 10249 10250
2 482.0 492.0 0.011925 -0.001645 10265 10266
2 484.0 492.0 0.00941 0.001799 10282 10282
2 484.0 492.0 0.004813 0.001102 10297 10298
2 484.0 492.0 0.005176 7.7e-05 10313 10314
2 484.0 492.0 0.00622 0.002649 10329 10330
2 484.0 492.0 -0.000656 -9.5e-05 10345 10345
2 484.0 492.0 0.000703 -0.000724 10361 10362
2 484.0 492.0 9.3e-05 -9.6e-05 10377 10378
2 484.0 492.0 1.2e-05 -1.3e-05 10393 10393
2 484.0 492.0 2e-06 -2e-06 10409 10409
2 484.0 492.0 0.0 -0.0 10425 10426
2 484.0 492.0 0.0 -0.0 10442 10442
2 484.0 492.0 0.0 -0.0 10458 10459
2 484.0 492.0 0.0 -0.0 10474 10475
2 484.0 492.0 0.0 -0.0 10490 10491
2 484.0 492.0 0.0 -0.0 10506 10507
2 484.0 492.0 0.0 -0.0 10522 10523
2 484.0 492.0 0.0 -0.0 10538 10538
2 484.0 492.0 0.0 -0.0 10554 10555
2 484.0 492.0 0.0 -0.0 10570 10571
2 484.0 492.0 0.0 -0.0 10587 10587
2 484.0 492.0 0.0 -0.0 10602 10603
2 484.0 492.0 0.003073 0.001341 10618 10619
2 484.0 492.0 0.006854 -0.001721 10635 10635
2 484.0 492.0 0.003467 0.002563 10651 10652
2 484.0 492.0 0.005323 -0.000667 10667 10668
2 484.0 492.0 0.009118 -0.000207 10683 10683
2 484.0 492.0 0.00335 0.000411 10699 10699
2 484.0 492.0 0.00547 0.00132 10715 10716
2 486.0 492.0 0.009122 -3e-05 10732 10732
2 486.0 492.0 0.003287 -0.001367 10747 10748
2 486.0 492.0 0.004975 -0.000241 10763 10764
2 486.0 492.0 0.009072 -0.000143 10780 10780
2 486.0 492.0 0.004238 -0.000737 10796 10797
2 486.0 492.0 0.005101 -0.000156 10812 10813
2 486.0 492.0 0.005931 0.003519 10829 10829
2 486.0 492.0 0.003828 -2.4e-05 10844 10844
2 486.0 492.0 0.00455 0.000414 10860 10861
2 486.0 492.0 0.002962 0.00094 10876 10877
2 486.0 492.0 0.003115 -0.001244 10892 10892
2 486.0 492.0 0.002222 0.004807 10908 10908
2 486.0 492.0 -2e-05 -0.000227 10924 10925
2 486.0 492.0 0.00033 0.000885 10940 10941
2 486.0 492.0 4.4e-05 0.000117 10956 10956
2 486.0 492.0 3e-06 8e-06 10972 10973
2 486.0 492.0 0.0 1e-06 10988 10988
2 486.0 492.0 0.0 0.0 11003 11004
2 486.0 492.0 0.0 0.0 11019 11020
2 486.0 492.0 0.0 0.0 11036 11036
2 486.0 492.0 0.0 0.0 11052 11052
2 486.0 492.0 0.0 0.0 11067 11068
2 486.0 492.0 0.0 0.0 11083 11083
2 486.0 492.0 0.0 0.0 11099 11100
2 486.0 492.0 0.0 0.0 11115 11116
2 486.0 492.0 0.0 0.0 11131 11132
2 486.0 492.0 0.0 0.0 11147 11148
2 486.0 492.0 0.0 0.0 11163 11164
2 486.0 492.0 0.0 0.0 11180 11180
2 486.0 492.0 0.0 0.0 11195 11195
2 486.0 492.0 0.0 0.0 11211 11212
2 486.0 492.0 0.002886 -0.002758 11227 11228
2 486.0 492.0 -0.000592 0.000566 11244 11244
2 486.0 492.0 0.000418 -0.000399 11259 11259
2 486.0 492.0 0.006052 0.000292 11275 11276
6 486.0 492.0 0.000645 0.000672 11291 11292
7 486.0 492.0 0.003017 -0.002474 11307 11314
7 488.0 492.0 0.000962 0.002857 11323 11329
7 488.0 492.0 0.001252 -0.000138 11339 11346
7 488.0 492.0 0.002248 -0.001378 11355 11361
7 488.0 492.0 0.001057 0.001461 11372 11378
7 488.0 492.0 0.000309 0.000659 11387 11394
7 488.0 492.0 0.001512 -0.001317 11403 11409
7 488.0 492.0 0.0002 -0.000174 11419 11425
7 488.0 492.0 2.6e-05 -2.3e-05 11436 11442
7 488.0 492.0 2e-06 -2e-06 11451 11457
7 488.0 492.0 0.0 -0.0 11467 11474
7 488.0 492.0 0.0 -0.0 11483 11489
7 488.0 492.0 0.0 -0.0 11499 11506
7 488.0 492.0 0.000985 0.002711 11515 11521
7 488.0 492.0 6.6e-05 0.000183 11531 11538
7 488.0 492.0 9e-06 2.4e-05 11547 11553
7 488.0 492.0 1e-06 3e-06 11563 11570
7 488.0 492.0 0.0 0.0 11579 11585
7 488.0 492.0 0.0 0.0 11596 11602
7 488.0 492.0 0.0 0.0 11611 11617
7 488.0 492.0 0.0 0.0 11627 11634
7 488.0 492.0 0.0 0.0 11643 11649
7 488.0 492.0 0.0 0.0 11659 11665
7 488.0 492.0 -0.009156 0.008745 11675 11682
7 486.0 490.0 -0.007808 0.013534 11691 11700
15 486.0 490.0 -0.015868 0.033436 11711 11723
15 486.0 488.0 -0.016608 0.036111 11734 11741
15 484.0 486.0 -0.021322 0.051891 11751 11758
15 484.0 484.0 -0.024906 0.067905 11767 11774
15 484.0 482.0 -0.023422 0.071934 11783 11789
15 482.0 478.0 -0.021199 0.091265 11799 11806
15 482.0 476.0 -0.025041 0.107722 11815 11822
15 482.0 472.0 -0.019008 0.126461 11831 11838
15 480.0 468.0 -0.019488 0.142073 11847 11853
15 480.0 462.0 -0.018479 0.159497 11864 11870
15 480.0 456.0 -0.018104 0.17304 11879 11885
15 478.0 450.0 -0.015405 0.18669 11895 11901
15 478.0 444.0 -0.017064 0.203352 11911 11918
15 478.0 438.0 -0.020095 0.217487 11927 11934
15 478.0 432.0 -0.018222 0.225315 11943 11949
15 476.0 422.0 -0.016504 0.232332 11959 11966
15 476.0 414.0 -0.016365 0.245327 11976 11982
15 476.0 408.0 -0.015895 0.246186 11992 11999
15 476.0 400.0 -0.009922 0.243871 12008 12014
15 474.0 390.0 -0.010008 0.255652 12025 12031
15 474.0 382.0 -0.012489 0.254362 12040 12047
15 474.0 374.0 -0.006155 0.25204 12056 12062
15 474.0 366.0 -0.004331 0.254615 12073 12079
15 474.0 356.0 -0.004803 0.2554 12088 12094
15 474.0 350.0 -0.001521 0.253311 12105 12111
15 474.0 342.0 -0.003062 0.253091 12121 12127
15 474.0 334.0 0.001739 0.254265 12137 12143
15 474.0 326.0 0.0031 0.251317 12153 12159
15 474.0 316.0 -0.00029 0.254187 12169 12175
15 474.0 308.0 0.003024 0.253811 12185 12191
15 474.0 300.0 0.003763 0.254082 12201 12207
15 474.0 294.0 0.002826 0.254798 12217 12224
15 476.0 284.0 0.009209 0.245905 12233 12239
15 476.0 276.0 0.006466 0.248815 12249 12255
15 476.0 268.0 0.007762 0.246479 12265 12271
15 476.0 262.0 0.009677 0.240703 12281 12287
15 476.0 254.0 0.01029 0.239053 12298 12304
15 476.0 244.0 0.00979 0.239468 12313 12319
15 478.0 238.0 0.01246 0.232295 12329 12335
15 478.0 230.0 0.015325 0.228066 12345 12351
15 478.0 224.0 0.017165 0.227915 12361 12367
15 478.0 218.0 0.016363 0.22522 12378 12384
15 480.0 208.0 0.014006 0.222598 12394 12400
15 480.0 202.0 0.012184 0.223755 12411 12417
15 480.0 194.0 0.009649 0.221476 12426 12432
15 480.0 188.0 0.017127 0.206693 12443 12449
15 482.0 180.0 0.016185 0.203364 12459 12465
15 482.0 174.0 0.018172 0.197054 12476 12482
15 482.0 168.0 0.021893 0.187257 12492 12499
15 484.0 164.0 0.017471 0.183878 12508 12514
15 484.0 156.0 0.017461 0.180442 12524 12530
15 484.0 152.0 0.023434 0.170204 12540 12546
15 486.0 146.0 0.020166 0.166272 12556 12563
15 486.0 142.0 0.02271 0.157244 12572 12578
15 486.0 136.0 0.02475 0.152509 12588 12594
15 488.0 130.0 0.025933 0.145647 12604 12610
15 488.0 126.0 0.028039 0.134699 12621 12627
15 490.0 122.0 0.026767 0.128796 12637 12643
15 490.0 118.0 0.031358 0.120229 12654 12660
15 492.0 114.0 0.034605 0.112825 12669 12675
15 492.0 112.0 0.033228 0.105079 12685 12692
15 494.0 108.0 0.039016 0.091756 12701 12707
15 496.0 106.0 0.041132 0.083141 12717 12723
15 496.0 102.0 0.03888 0.07722 12733 12740
15 498.0 100.0 0.042676 0.068774 12749 12755
15 500.0 100.0 0.043977 0.060498 12765 12772
15 500.0 98.0 0.03886 0.054522 12781 12788
15 502.0 96.0 0.041516 0.044357 12797 12803
15 504.0 94.0 0.039607 0.039644 12813 12819
15 504.0 94.0 0.035627 0.034275 12829 12835
15 506.0 92.0 0.036738 0.025937 12845 12851
15 506.0 92.0 0.033805 0.017723 12862 12868
15 508.0 92.0 0.03317 0.009889 12877 12883
15 508.0 92.0 0.031469 0.005072 12893 12899
15 510.0 92.0 0.029852 -0.000371 12910 12916
15 510.0 92.0 0.024517 -0.003095 12925 12932
15 512.0 92.0 0.021361 -0.003477 12941 12947
2 512.0 92.0 0.012643 -0.003406 12957 12964
2 512.0 92.0 0.011975 -0.004569 12973 12974
2 512.0 92.0 0.009832 -0.007125 12989 12989
2 512.0 92.0 0.003896 -0.00475 13004 13005
2 512.0 92.0 0.000515 -0.000628 13020 13021
2 512.0 92.0 0.000769 -0.000774 13037 13037
2 512.0 92.0 0.000592 -0.003892 13052 13053
2 512.0 92.0 -0.003324 -0.005888 13068 13069
2 512.0 92.0 -0.009861 -0.004299 13085 13085
2 512.0 92.0 -0.009236 0.000213 13100 13100
2 512.0 94.0 -0.011311 -0.001596 13116 13117
2 510.0 94.0 -0.0127 -0.003903 13132 13133
2 510.0 94.0 -0.011599 -0.003531 13148 13149
2 510.0 94.0 -0.013067 -0.000632 13165 13165
2 510.0 94.0 -0.015721 -0.000275 13180 13181
2 510.0 94.0 -0.011825 0.001963 13196 13197
2 508.0 94.0 -0.011467 0.000135 13212 13213
2 508.0 94.0 -0.009439 -0.002945 13228 13229
2 508.0 94.0 -0.008527 -0.001443 13244 13245
2 508.0 94.0 -0.00889 -0.000754 13260 13261
2 508.0 94.0 -0.00868 0.000311 13276 13277
2 508.0 94.0 -0.004372 -0.001203 13292 13293
2 508.0 94.0 -0.006582 -0.001647 13308 13309
2 508.0 94.0 -0.001952 -0.001654 13324 13324
2 508.0 94.0 -0.00266 -0.000737 13340 13341
2 508.0 94.0 0.001861 -0.006945 13356 13357
2 508.0 94.0 0.000189 -0.000445 13373 13373
2 508.0 94.0 8.4e-05 -0.000551 13388 13388
2 508.0 94.0 1.1e-05 -7.3e-05 13404 13405
2 508.0 94.0 1e-06 -1e-05 13420 13421
2 508.0 94.0 0.0 -1e-06 13437 13437
2 508.0 94.0 0.0 -0.0 13452 13453
2 508.0 94.0 0.0 -0.0 13468 13469
2 508.0 94.0 0.002807 -0.002837 13484 13484
2 508.0 94.0 0.001802 -0.001821 13500 13501
2 508.0 94.0 0.002929 -0.00296 13516 13517
2 508.0 94.0 0.000387 -0.000391 13532 13532
2 508.0 94.0 5.1e-05 -5.2e-05 13548 13549
2 508.0 94.0 7e-06 -7e-06 13564 13565
2 508.0 94.0 1e-06 -1e-06 13581 13581
2 508.0 94.0 0.0 -0.0 13596 13596
2 508.0 94.0 0.0 -0.0 13612 13613
2 508.0 94.0 0.00069 -0.005727 13629 13629
2 508.0 94.0 0.00015 -0.00125 13644 13644
2 508.0 94.0 0.000651 -0.005419 13660 13661
2 508.0 94.0 0.000651 -0.005431 13676 13677
2 508.0 94.0 0.000372 -0.003108 13692 13692
2 508.0 94.0 0.000509 -0.00426 13708 13709
2 508.0 96.0 0.0007 -0.005872 13724 13725
2 508.0 96.0 0.000492 -0.004133 13741 13741
2 508.0 96.0 0.000464 -0.003903 13756 13756
2 508.0 96.0 -0.00097 -0.002041 13772 13773
2 508.0 96.0 0.001642 -0.004579 13788 13789
2 508.0 96.0 0.002251 -0.003944 13805 13805
2 508.0 96.0 0.000574 -0.002001 13821 13822
2 508.0 96.0 0.000415 -0.003129 13837 13838
2 508.0 96.0 0.000565 -0.004738 13854 13854
2 508.0 96.0 0.000247 -0.002086 13870 13870
2 508.0 96.0 0.000428 -0.003633 13886 13887
7 508.0 96.0 0.001211 -0.010326 13903 13904
7 508.0 98.0 0.001173 -0.010034 13919 13924
7 508.0 98.0 0.001107 -0.009502 13936 13941
7 508.0 98.0 0.001264 -0.010892 13952 13957
7 508.0 98.0 -0.002714 -0.007248 13967 13973
7 508.0 98.0 -0.00508 -0.006768 13983 13989
7 508.0 98.0 -0.001276 -0.006658 13999 14004
7 508.0 98.0 -0.002308 -0.007629 14015 14021
7 508.0 98.0 -0.005105 -0.006333 14031 14037
7 508.0 98.0 -0.001882 -0.004707 14047 14053
7 508.0 100.0 -0.002453 -0.006878 14063 14069
7 508.0 100.0 -0.003337 -0.00381 14079 14085
7 508.0 100.0 -0.000439 -0.007705 14095 14101
7 508.0 100.0 -0.001645 -0.005367 14111 14117
7 508.0 100.0 0.003143 -0.015002 14127 14133
7 508.0 100.0 0.002636 -0.022089 14143 14149
14 508.0 102.0 0.003489 -0.031704 14159 14166
14 508.0 104.0 0.004737 -0.044032 14175 14181
14 508.0 106.0 0.007876 -0.059046 14191 14197
14 508.0 108.0 0.02056 -0.091432 14207 14213
14 510.0 112.0 0.017954 -0.103343 14223 14228
14 510.0 116.0 0.020784 -0.120213 14239 14245
14 510.0 120.0 0.024106 -0.136906 14255 14261
14 512.0 124.0 0.024327 -0.149959 14272 14277
14 512.0 130.0 0.026349 -0.165007 14288 14293
14 514.0 134.0 0.03081 -0.175613 14304 14309
14 514.0 142.0 0.027185 -0.17909 14319 14325
14 516.0 148.0 0.030521 -0.192022 14335 14341
14 516.0 154.0 0.028879 -0.198566 14351 14357
14 516.0 160.0 0.028364 -0.203831 14368 14373
14 518.0 166.0 0.027755 -0.207005 14383 14389
14 518.0 174.0 0.024336 -0.209026 14399 14405
14 520.0 180.0 0.022258 -0.213568 14415 14421
14 520.0 186.0 0.021741 -0.216614 14431 14437
14 520.0 194.0 0.017839 -0.216966 14447 14453
14 522.0 200.0 0.01714 -0.225745 14463 14469
14 522.0 210.0 0.015666 -0.226406 14479 14485
14 522.0 216.0 0.010076 -0.231452 14495 14501
14 522.0 224.0 0.007115 -0.235359 14511 14517
14 522.0 230.0 0.002126 -0.242027 14527 14532
14 522.0 238.0 -0.004635 -0.2431 14544 14549
14 522.0 248.0 -0.009123 -0.247581 14559 14565
14 522.0 256.0 -0.010622 -0.254206 14575 14581
14 522.0 262.0 -0.01877 -0.252228 14591 14597
14 520.0 270.0 -0.022639 -0.258716 14607 14613
14 520.0 278.0 -0.026 -0.264347 14623 14629
14 518.0 290.0 -0.02878 -0.265346 14639 14645
14 518.0 298.0 -0.03168 -0.267165 14655 14661
14 516.0 306.0 -0.034649 -0.269008 14671 14677
14 516.0 314.0 -0.038785 -0.272227 14687 14693
14 514.0 322.0 -0.039339 -0.271714 14703 14708
14 514.0 332.0 -0.041864 -0.272285 14720 14725
14 512.0 340.0 -0.044668 -0.27533 14737 14742
14 510.0 350.0 -0.043759 -0.278308 14753 14758
14 508.0 360.0 -0.051434 -0.268379 14769 14775
14 508.0 368.0 -0.052296 -0.268481 14785 14791
14 506.0 376.0 -0.05417 -0.268175 14801 14807
14 504.0 384.0 -0.059005 -0.263927 14817 14823
14 502.0 392.0 -0.06175 -0.255381 14833 14839
14 500.0 402.0 -0.062293 -0.253299 14849 14855
14 498.0 410.0 -0.064978 -0.247747 14865 14871
14 496.0 416.0 -0.062128 -0.240982 14881 14887
14 494.0 424.0 -0.061001 -0.233821 14897 14903
14 492.0 430.0 -0.062674 -0.229583 14913 14919
14 490.0 440.0 -0.056312 -0.223985 14930 14936
14 488.0 446.0 -0.057028 -0.21547 14945 14951
14 486.0 452.0 -0.054235 -0.212018 14961 14967
14 486.0 458.0 -0.048824 -0.202263 14977 14983
14 484.0 464.0 -0.052343 -0.187373 14993 14999
14 482.0 472.0 -0.049214 -0.18279 15009 15015
14 480.0 476.0 -0.044424 -0.174147 15025 15031
14 480.0 482.0 -0.047205 -0.160376 15041 15047
14 478.0 486.0 -0.041515 -0.153986 15057 15063
14 476.0 490.0 -0.037216 -0.146382 15073 15079
14 476.0 496.0 -0.036296 -0.132398 15089 15095
14 474.0 500.0 -0.030681 -0.126908 15105 15111
14 474.0 504.0 -0.024978 -0.122455 15121 15127
14 472.0 506.0 -0.020609 -0.103736 15137 15143
14 472.0 510.0 -0.020019 -0.093499 15153 15159
14 472.0 512.0 -0.017607 -0.087614 15169 15175
14 472.0 514.0 -0.014575 -0.074549 15185 15191
14 470.0 516.0 -0.0098 -0.063487 15201 15207
14 470.0 518.0 -0.012415 -0.050154 15217 15223
14 470.0 520.0 -0.008863 -0.037165 15233 15239
14 470.0 520.0 -0.006562 -0.030955 15250 15256
14 470.0 522.0 -0.006436 -0.010195 15266 15272
14 470.0 522.0 -0.001064 -0.006798 15282 15288
14 470.0 522.0 -0.001438 -0.004021 15299 15305
14 470.0 522.0 -0.00019 -0.000532 15314 15320
14 470.0 522.0 0.003651 0.008787 15330 15337
14 470.0 520.0 0.00749 0.018085 15346 15352
14 470.0 520.0 0.005062 0.023664 15362 15368
14 470.0 520.0 0.008004 0.029091 15378 15384
14 472.0 518.0 0.011265 0.02892 15395 15400
14 472.0 518.0 0.010919 0.030201 15410 15416
14 472.0 516.0 0.013774 0.034093 15426 15432
14 472.0 516.0 0.012717 0.031393 15442 15448
14 472.0 514.0 0.013962 0.034578 15458 15464
14 474.0 512.0 0.015161 0.037712 15474 15480
14 474.0 512.0 0.014746 0.036832 15490 15496
14 474.0 510.0 0.015166 0.03805 15506 15512
14 474.0 510.0 0.026267 0.034521 15522 15528
14 476.0 508.0 0.020266 0.033661 15538 15543
14 476.0 508.0 0.024043 0.035266 15555 15560
14 478.0 506.0 0.027536 0.033201 15571 15577
14 478.0 506.0 0.021822 0.033266 15587 15593
14 478.0 504.0 0.021109 0.034439 15603 15609
14 480.0 504.0 0.022126 0.027374 15619 15624
14 480.0 502.0 0.019241 0.027374 15635 15641
14 480.0 502.0 0.017202 0.024703 15651 15657
2 482.0 500.0 0.013295 0.019463 15667 15673
2 482.0 500.0 0.012174 0.02119 15683 15683
2 482.0 500.0 0.009236 0.017666 15699 15700
2 482.0 500.0 0.01013 0.015333 15715 15716
2 482.0 500.0 0.004011 0.009856 15731 15732
2 482.0 498.0 0.002416 0.006306 15747 15747
2 482.0 498.0 0.001356 0.003584 15763 15764
2 482.0 498.0 0.000179 0.000474 15779 15780
2 482.0 498.0 -0.005261 0.005131 15795 15795
2 482.0 498.0 -0.003074 0.002956 15811 15812
2 482.0 498.0 -0.006661 0.006395 15828 15828
2 482.0 498.0 -0.014755 -0.001164 15843 15843
2 480.0 498.0 -0.005282 -0.001895 15859 15860
2 480.0 498.0 -0.009859 -0.00194 15875 15876
2 480.0 498.0 -0.015014 -0.001808 15891 15891
2 480.0 498.0 -0.008147 -0.003412 15907 15908
2 480.0 498.0 -0.007516 -0.003515 15924 15924
2 480.0 498.0 -0.008228 -0.002128 15939 15939
2 480.0 498.0 -0.001943 -0.002531 15955 15956
2 480.0 498.0 -0.002922 -0.002084 15971 15972
2 480.0 498.0 -0.001065 -0.002424 15987 15988
2 480.0 498.0 -0.00099 -0.002553 16003 16003
2 480.0 498.0 -0.000131 -0.000338 16019 16019
2 480.0 498.0 -1.7e-05 -4.5e-05 16035 16036
2 480.0 498.0 -1e-06 -3e-06 16051 16052
2 480.0 498.0 0.007004 0.001252 16067 16068
2 480.0 498.0 0.003291 0.002837 16083 16084
2 480.0 498.0 0.009574 0.000209 16099 16100
2 480.0 498.0 0.013283 -0.002902 16115 16115
2 480.0 498.0 0.007264 0.001076 16131 16132
2 480.0 498.0 0.007172 -0.000883 16147 16148
2 482.0 498.0 0.010564 -0.000731 16163 16163
2 482.0 498.0 0.003655 -0.001 16179 16180
2 482.0 498.0 0.005053 -0.00021 16195 16196
2 482.0 498.0 0.004986 0.00079 16212 16212
2 482.0 498.0 0.002403 -0.000374 16227 16228
2 482.0 498.0 0.002897 -0.001891 16243 16244
2 482.0 498.0 0.000878 -0.000725 16259 16260
2 482.0 498.0 0.000116 -9.6e-05 16275 16275
2 482.0 498.0 8e-06 -6e-06 16291 16292
2 482.0 498.0 1e-06 -1e-06 16307 16308
2 482.0 498.0 0.0 -0.0 16324 16324
2 482.0 498.0 0.0 -0.0 16339 16339
2 482.0 498.0 0.0 -0.0 16355 16356
2 482.0 498.0 0.0 -0.0 16371 16372
2 482.0 498.0 0.0 -0.0 16388 16388
2 482.0 498.0 0.0 -0.0 16404 16405
2 482.0 498.0 0.0 -0.0 16420 16421
2 482.0 498.0 0.0 -0.0 16437 16437
2 482.0 498.0 0.0 -0.0 16452 16452
2 482.0 498.0 0.0 -0.0 16468 16469
2 482.0 498.0 0.0 -0.0 16484 16485
2 482.0 498.0 0.0 -0.0 16501 16501
2 482.0 498.0 0.0 -0.0 16517 16518
2 482.0 498.0 0.0 -0.0 16533 16534
2 482.0 498.0 0.0 -0.0 16550 16550
2 482.0 498.0 0.0 -0.0 16565 16565
6 482.0 498.0 0.0 -0.0 16581 16583
7 482.0 498.0 0.0 -0.0 16597 16605
7 482.0 498.0 0.0 -0.0 16613 16619
7 482.0 498.0 0.0 -0.0 16630 16636
7 482.0 498.0 0.0 -0.0 16645 16651
7 482.0 498.0 -0.000265 -0.0007 16662 16668
7 482.0 498.0 -3.5e-05 -9.3e-05 16677 16683
7 482.0 498.0 -5e-06 -1.2e-05 16693 16699
7 482.0 498.0 -1e-06 -2e-06 16709 16715
7 482.0 498.0 -0.0 -0.0 16725 16731
7 482.0 498.0 -0.0 -0.0 16742 16748
7 482.0 498.0 -0.0 -0.0 16757 16763
7 482.0 498.0 -0.0 -0.0 16773 16780
7 482.0 498.0 -0.0 -0.0 16789 16795
7 482.0 498.0 -0.0 -0.0 16805 16811
7 482.0 498.0 -0.0 -0.0 16821 16828
7 482.0 498.0 -0.0 -0.0 16837 16843
7 482.0 498.0 -0.0 -0.0 16853 16859
7 482.0 498.0 -0.0 -0.0 16870 16876
7 482.0 498.0 -0.0 -0.0 16885 16891
7 482.0 498.0 -0.0 -0.0 16901 16907
7 482.0 498.0 0.000675 0.001788 16918 16924
7 482.0 498.0 0.002619 0.013843 16933 16939
15 482.0 498.0 -0.001283 0.035564 16949 16959
15 482.0 496.0 -0.008531 0.055729 16967 16974
15 482.0 494.0 -0.005411 0.068004 16983 16989
15 480.0 492.0 -0.011889 0.095284 16999 17004
15 480.0 486.0 -0.017642 0.123344 17015 17022
15 480.0 482.0 -0.016389 0.148924 17031 17037
15 480.0 476.0 -0.017688 0.173987 17048 17054
15 478.0 468.0 -0.021793 0.196999 17063 17069
15 478.0 462.0 -0.021897 0.210542 17079 17085
15 478.0 456.0 -0.023824 0.233573 17095 17101
15 476.0 448.0 -0.02538 0.251787 17112 17118
15 476.0 438.0 -0.025535 0.265275 17128 17134
15 474.0 428.0 -0.028467 0.275183 17144 17150
15 474.0 420.0 -0.024294 0.281707 17161 17167
15 474.0 412.0 -0.025903 0.295604 17176 17183
15 472.0 402.0 -0.025161 0.299353 17192 17198
15 472.0 394.0 -0.020894 0.29895 17208 17214
15 472.0 382.0 -0.016919 0.299838 17225 17231
15 470.0 372.0 -0.016935 0.304273 17240 17246
15 470.0 364.0 -0.009117 0.294309 17257 17263
15 470.0 356.0 -0.009698 0.295629 17272 17279
15 470.0 346.0 -0.005186 0.296596 17288 17294
15 470.0 334.0 0.00075 0.288411 17305 17311
15 470.0 326.0 -0.000627 0.291167 17320 17326
15 470.0 318.0 0.003585 0.289065 17337 17343
15 470.0 306.0 0.00657 0.284679 17353 17359
15 470.0 298.0 0.008459 0.279124 17369 17375
15 472.0 288.0 0.009337 0.281529 17385 17392
15 472.0 280.0 0.015777 0.274986 17401 17408
15 472.0 272.0 0.017649 0.270736 17417 17424
15 474.0 264.0 0.024224 0.264545 17433 17439
15 474.0 254.0 0.025809 0.266235 17450 17456
15 474.0 246.0 0.023278 0.265755 17465 17471
15 476.0 238.0 0.028126 0.260486 17481 17487
15 476.0 230.0 0.023535 0.264872 17497 17503
15 478.0 222.0 0.032592 0.254316 17513 17519
15 478.0 212.0 0.029904 0.257377 17529 17535
15 480.0 204.0 0.034378 0.250134 17545 17551
15 482.0 198.0 0.039599 0.23984 17561 17568
15 482.0 190.0 0.039716 0.237705 17577 17583
15 484.0 184.0 0.041946 0.232642 17593 17599
15 486.0 174.0 0.044952 0.225162 17609 17615
15 488.0 168.0 0.048039 0.218445 17626 17632
15 488.0 162.0 0.055325 0.203445 17642 17648
15 490.0 156.0 0.052753 0.201585 17658 17664
15 492.0 148.0 0.060453 0.188813 17674 17680
15 494.0 144.0 0.065688 0.176568 17690 17696
15 498.0 138.0 0.068435 0.162445 17706 17713
15 500.0 134.0 0.073188 0.14936 17722 17728
15 502.0 128.0 0.075818 0.140506 17739 17745
15 504.0 124.0 0.075966 0.129886 17754 17760
15 508.0 120.0 0.079953 0.122408 17771 17777
15 510.0 118.0 0.082759 0.103587 17788 17794
15 512.0 114.0 0.08424 0.090236 17803 17809
15 516.0 112.0 0.083594 0.081953 17819 17826
15 518.0 110.0 0.084279 0.072384 17835 17841
15 520.0 108.0 0.084525 0.055159 17851 17858
15 524.0 106.0 0.08324 0.04638 17867 17873
15 526.0 104.0 0.080001 0.038083 17883 17890
15 528.0 104.0 0.080462 0.025803 17899 17905
15 530.0 104.0 0.072912 0.023985 17915 17921
15 532.0 102.0 0.064495 0.015584 17932 17938
15 534.0 102.0 0.060828 0.009541 17948 17954
15 536.0 102.0 0.056633 0.0053 17964 17970
15 538.0 102.0 0.046367 0.005269 17980 17986
15 540.0 102.0 0.042115 -0.000639 17997 18002
15 540.0 102.0 0.035725 -0.001001 18012 18018
15 542.0 102.0 0.025673 0.000619 18028 18034
15 542.0 102.0 0.019771 0.000572 18044 18051
2 542.0 102.0 0.016636 -0.000537 18060 18067
2 542.0 102.0 0.00945 -0.000761 18076 18076
2 542.0 102.0 0.004524 -0.003194 18092 18093
2 542.0 102.0 0.003542 -0.003119 18108 18109
2 542.0 102.0 -0.003132 0.001273 18125 18125
2 542.0 102.0 -0.01338 -0.002995 18141 18141
2 542.0 102.0 -0.021461 -0.000975 18157 18158
2 540.0 102.0 -0.022023 -0.001243 18174 18174
2 540.0 102.0 -0.024067 -0.002305 18189 18189
2 540.0 102.0 -0.025392 -0.003945 18205 18206
2 538.0 102.0 -0.02544 -0.005181 18221 18222
2 538.0 104.0 -0.026402 -0.004312 18237 18237
2 538.0 104.0 -0.023897 -0.005006 18253 18254
2 536.0 104.0 -0.02463 -0.003666 18269 18270
2 536.0 104.0 -0.023248 -0.004856 18285 18285
2 534.0 104.0 -0.019282 -0.005286 18301 18302
2 534.0 104.0 -0.020101 -0.001757 18317 18318
2 534.0 104.0 -0.019721 -0.001536 18334 18334
2 534.0 104.0 -0.013672 0.000689 18349 18349
2 532.0 104.0 -0.014014 2e-05 18365 18366
2 532.0 104.0 -0.012633 0.000438 18381 18382
2 532.0 104.0 -0.007394 -0.001136 18397 18398
2 532.0 104.0 -0.006763 -0.000905 18413 18414
2 532.0 104.0 -0.008021 -0.000438 18429 18430
2 532.0 104.0 -0.003145 -0.000151 18445 18445
2 532.0 104.0 -0.005231 -0.000233 18461 18462
2 532.0 104.0 -0.002394 -0.000106 18477 18478
2 532.0 104.0 -0.001971 -8.7e-05 18493 18493
2 530.0 104.0 -0.003999 -0.000176 18509 18510
2 530.0 104.0 -0.001388 -6.1e-05 18525 18526
2 530.0 104.0 -0.002886 -0.001096 18542 18542
2 530.0 104.0 -0.006885 -0.001838 18557 18557
2 530.0 104.0 -0.006664 0.001888 18573 18574
2 530.0 104.0 -0.009233 -0.000108 18589 18590
2 530.0 104.0 -0.012108 -0.003348 18606 18606
2 530.0 104.0 -0.010814 -0.000827 18621 18622
2 528.0 104.0 -0.018216 -2.1e-05 18637 18638
2 528.0 104.0 -0.022473 -0.000798 18654 18654
2 528.0 104.0 -0.023607 0.000506 18669 18669
2 526.0 104.0 -0.025022 -0.00266 18685 18686
2 526.0 104.0 -0.028287 -0.004978 18701 18702
2 524.0 104.0 -0.029428 -0.003451 18717 18717
2 524.0 104.0 -0.032145 -0.006225 18733 18734
2 522.0 104.0 -0.029046 -0.011224 18749 18750
2 522.0 106.0 -0.028027 -0.016666 18766 18766
2 520.0 106.0 -0.029494 -0.020927 18782 18783
2 520.0 106.0 -0.028079 -0.022674 18798 18799
2 518.0 108.0 -0.027736 -0.024834 18814 18815
2 518.0 108.0 -0.02685 -0.029411 18830 18830
2 518.0 110.0 -0.022876 -0.035793 18846 18847
2 516.0 112.0 -0.01983 -0.041252 18862 18862
2 516.0 112.0 -0.02017 -0.044325 18878 18879
2 516.0 114.0 -0.011913 -0.052257 18894 18895
2 516.0 116.0 -0.008773 -0.058544 18911 18911
2 516.0 118.0 -0.008817 -0.060877 18926 18926
2 516.0 120.0 -0.001388 -0.069193 18942 18943
2 516.0 122.0 0.000114 -0.078574 18958 18959
7 516.0 126.0 0.0035 -0.0859 18974 18976
14 516.0 130.0 0.006052 -0.092408 18990 18997
14 516.0 132.0 0.004143 -0.09366 19006 19012
14 516.0 136.0 0.00791 -0.103876 19022 19028
14 516.0 138.0 0.007556 -0.107666 19038 19044
14 516.0 144.0 0.007455 -0.113474 19054 19060
14 516.0 146.0 0.008942 -0.117127 19070 19076
14 518.0 150.0 0.012503 -0.130074 19086 19092
14 518.0 154.0 0.013631 -0.137801 19102 19108
14 518.0 158.0 0.009065 -0.141608 19118 19124
14 518.0 164.0 0.009453 -0.148916 19134 19140
14 518.0 170.0 0.009945 -0.15712 19150 19156
14 518.0 174.0 0.005493 -0.158283 19166 19172
14 520.0 180.0 0.003647 -0.168041 19182 19188
14 520.0 184.0 0.002358 -0.171443 19198 19204
14 520.0 192.0 0.001223 -0.17914 19215 19220
14 520.0 198.0 0.002356 -0.191903 19232 19237
14 520.0 204.0 -0.00248 -0.193436 19249 19254
14 520.0 212.0 -0.003076 -0.202256 19266 19271
14 520.0 218.0 -0.004243 -0.209673 19282 19287
14 518.0 224.0 -0.007214 -0.210588 19297 19303
14 518.0 230.0 -0.006285 -0.21499 19313 19319
14 518.0 240.0 -0.007504 -0.222184 19329 19335
14 518.0 246.0 -0.01168 -0.221653 19345 19351
14 518.0 252.0 -0.011876 -0.224322 19361 19367
14 518.0 260.0 -0.01716 -0.225156 19377 19383
14 516.0 266.0 -0.016715 -0.227888 19393 19399
14 516.0 276.0 -0.013842 -0.230409 19409 19415
14 516.0 282.0 -0.017778 -0.227328 19425 19431
14 516.0 298.0 -0.011488 -0.235689 19461 19468
14 514.0 306.0 -0.008681 -0.235123 19477 19483
14 514.0 312.0 -0.002102 -0.234763 19493 19499
14 514.0 322.0 0.001614 -0.242945 19510 19515
14 514.0 330.0 -0.001072 -0.237596 19525 19531
14 514.0 336.0 0.000379 -0.241401 19541 19547
14 514.0 344.0 -0.006632 -0.23835 19557 19563
14 514.0 352.0 -0.008453 -0.239449 19573 19579
14 514.0 358.0 -0.011996 -0.23465 19589 19595
14 514.0 368.0 -0.01714 -0.227682 19605 19611
14 514.0 374.0 -0.016856 -0.228704 19621 19627
14 512.0 380.0 -0.016879 -0.222462 19637 19643
14 512.0 388.0 -0.022249 -0.21003 19653 19659
14 512.0 396.0 -0.024005 -0.207618 19669 19675
14 510.0 402.0 -0.022563 -0.202716 19685 19691
14 510.0 408.0 -0.030257 -0.191159 19701 19707
14 508.0 412.0 -0.030058 -0.187646 19717 19723
14 508.0 418.0 -0.027617 -0.184228 19733 19739
14 506.0 426.0 -0.032281 -0.171971 19749 19755
14 506.0 430.0 -0.028333 -0.170602 19765 19771
14 506.0 436.0 -0.024745 -0.169647 19781 19787
14 504.0 440.0 -0.026115 -0.158756 19797 19803
14 504.0 444.0 -0.02374 -0.155576 19813 19819
14 502.0 450.0 -0.023341 -0.144904 19829 19835
14 502.0 454.0 -0.021457 -0.139563 19845 19851
14 502.0 458.0 -0.020767 -0.131799 19861 19867
14 500.0 462.0 -0.018212 -0.120176 19877 19883
14 500.0 466.0 -0.016583 -0.116509 19893 19899
14 500.0 470.0 -0.01315 -0.110849 19909 19915
14 500.0 474.0 -0.013585 -0.098669 19925 19931
14 500.0 476.0 -0.011689 -0.094121 19942 19947
14 498.0 478.0 -0.008096 -0.093255 19958 19964
2 498.0 482.0 -0.009763 -0.077261 19974 19981
2 498.0 482.0 -0.008145 -0.077355 19989 19990
2 498.0 486.0 -0.006114 -0.073223 20004 20005
2 498.0 488.0 -0.0079 -0.061731 20020 20021
2 498.0 490.0 -0.004547 -0.05698 20036 20037
2 498.0 490.0 -0.003162 -0.053461 20053 20053
2 498.0 492.0 -0.004701 -0.039469 20068 20069
2 498.0 494.0 -0.00334 -0.038475 20084 20085
2 498.0 494.0 0.001363 -0.03649 20101 20101
2 498.0 496.0 -0.004028 -0.020347 20116 20117
2 498.0 496.0 -0.002225 -0.017803 20132 20133
2 498.0 496.0 -0.001252 -0.012425 20148 20148
2 498.0 496.0 -0.000333 -0.00211 20164 20165
2 498.0 496.0 -0.001018 -0.002994 20180 20181
2 498.0 496.0 -6.9e-05 -0.000202 20197 20197
2 498.0 496.0 0.00128 0.003571 20213 20214
2 498.0 496.0 0.004229 0.011819 20229 20230
2 498.0 496.0 0.003823 0.010697 20246 20246
2 498.0 496.0 0.004074 0.011416 20261 20262
2 498.0 494.0 0.005063 0.014222 20277 20278
2 498.0 494.0 0.003101 0.008718 20293 20294
2 498.0 494.0 0.000247 0.011633 20310 20310
2 498.0 494.0 0.002763 0.012934 20326 20326
2 498.0 494.0 0.002128 0.005391 20342 20343
2 498.0 494.0 0.00141 0.003899 20359 20359
2 498.0 494.0 0.00164 0.00462 20375 20376
2 498.0 494.0 -0.000139 -0.000394 20391 20392
2 498.0 494.0 -1.8e-05 -5.2e-05 20408 20408
2 498.0 494.0 0.001285 0.00363 20424 20424
2 498.0 494.0 4e-06 1.2e-05 20440 20441
2 498.0 494.0 0.001453 0.004105 20457 20457
2 498.0 494.0 0.000358 0.001011 20473 20474
2 498.0 494.0 0.001174 0.00332 20489 20490
2 498.0 494.0 0.00858 0.00043 20505 20506
2 498.0 494.0 0.001802 5.6e-05 20521 20522
2 498.0 494.0 0.002098 2e-06 20537 20538
2 498.0 494.0 0.003037 0.002216 20553 20554
2 498.0 494.0 0.000243 -0.000157 20570 20570
2 498.0 494.0 3.2e-05 -2.1e-05 20586 20587
2 500.0 492.0 0.001287 0.003636 20603 20603
2 498.0 494.0 5e-06 1.3e-05 20619 20620
2 500.0 492.0 0.000637 0.001804 20635 20636
2 500.0 492.0 -0.000584 -0.001654 20652 20652
2 500.0 492.0 -7.7e-05 -0.000219 20667 20668
2 500.0 492.0 -1e-05 -2.9e-05 20683 20684
2 500.0 492.0 -1e-06 -4e-06 20700 20700
2 500.0 492.0 -0.0 -1e-06 20715 20716
2 500.0 492.0 -0.0 -0.0 20731 20732
2 500.0 492.0 -0.0 -0.0 20748 20748
2 500.0 492.0 -0.0 -0.0 20763 20763
2 498.0 494.0 -0.001921 -0.005439 20779 20780
2 498.0 494.0 -0.000891 -0.002521 20795 20796
6 498.0 494.0 -0.001105 -0.003128 20811 20812
7 498.0 494.0 -0.000324 -0.000917 20827 20834
7 498.0 494.0 -4.3e-05 -0.000121 20844 20850
7 498.0 494.0 -6e-06 -1.6e-05 20861 20867
7 498.0 494.0 0.002574 0.007291 20876 20882
7 500.0 492.0 0.003712 0.010532 20893 20899
7 500.0 492.0 0.00983 0.009622 20908 20914
7 500.0 492.0 0.005773 0.010424 20924 20931
7 500.0 492.0 0.005738 0.013671 20940 20947
7 500.0 492.0 0.005061 0.014102 20956 20962
7 500.0 490.0 0.003452 0.009852 20972 20979
7 500.0 490.0 0.003797 0.010878 20988 20994
15 500.0 490.0 0.001404 0.015454 21004 21015
15 500.0 490.0 0.000561 0.016152 21023 21031
15 500.0 488.0 -0.000848 0.023701 21040 21048
15 500.0 488.0 0.002363 0.014124 21056 21063
15 500.0 486.0 0.001418 0.025572 21072 21080
15 500.0 486.0 0.000555 0.036215 21089 21095
15 500.0 484.0 0.004602 0.033118 21105 21111
15 500.0 484.0 0.001382 0.051849 21121 21127
15 500.0 482.0 -0.006648 0.071141 21137 21144
15 500.0 478.0 -0.010504 0.079873 21153 21159
15 500.0 476.0 -0.012099 0.093514 21170 21176
15 498.0 472.0 -0.018143 0.111015 21185 21191
15 498.0 468.0 -0.016362 0.125129 21201 21208
15 498.0 464.0 -0.018339 0.139423 21217 21223
15 498.0 458.0 -0.016004 0.150804 21233 21240
15 496.0 452.0 -0.013331 0.167201 21249 21255
15 496.0 448.0 -0.014129 0.181643 21265 21272
15 496.0 442.0 -0.015417 0.19405 21281 21287
15 496.0 436.0 -0.014326 0.210992 21297 21304
15 496.0 428.0 -0.014977 0.222904 21313 21319
15 494.0 420.0 -0.00975 0.225302 21329 21336
15 494.0 412.0 -0.012441 0.236717 21345 21351
15 494.0 406.0 -0.011935 0.2465 21361 21368
15 494.0 398.0 -0.006066 0.240891 21377 21383
15 494.0 390.0 -0.00405 0.248088 21393 21400
15 494.0 380.0 -0.005205 0.25599 21409 21415
15 494.0 372.0 0.001498 0.252661 21425 21432
15 494.0 364.0 0.00352 0.256431 21441 21447
15 494.0 358.0 0.003893 0.259341 21458 21464
15 494.0 346.0 0.006843 0.262366 21474 21481
15 494.0 338.0 0.008269 0.262647 21490 21496
15 496.0 330.0 0.010546 0.261146 21506 21513
15 496.0 322.0 0.008607 0.262825 21522 21528
15 496.0 312.0 0.007536 0.265724 21539 21545
15 496.0 304.0 0.012528 0.25545 21554 21561
15 496.0 298.0 0.014224 0.254766 21570 21577
15 496.0 290.0 0.01189 0.254053 21586 21592
15 498.0 282.0 0.017895 0.246954 21602 21609
15 498.0 274.0 0.015754 0.245296 21618 21624
15 498.0 266.0 0.017097 0.243308 21635 21641
15 500.0 258.0 0.021291 0.236342 21651 21657
15 500.0 252.0 0.019247 0.230517 21667 21673
15 500.0 244.0 0.017267 0.229383 21683 21689
15 502.0 236.0 0.015371 0.230323 21699 21705
15 502.0 228.0 0.017818 0.221924 21715 21721
15 502.0 222.0 0.018254 0.212404 21731 21737
15 504.0 216.0 0.01853 0.211512 21747 21754
15 504.0 210.0 0.019686 0.20423 21763 21769
15 504.0 202.0 0.016026 0.201331 21779 21786
15 506.0 196.0 0.014977 0.1981 21795 21801
15 506.0 190.0 0.016658 0.189509 21811 21817
15 506.0 184.0 0.00969 0.184993 21827 21833
15 506.0 180.0 0.010384 0.180539 21843 21849
15 506.0 172.0 0.011193 0.176081 21859 21865
15 508.0 166.0 0.006673 0.170647 21875 21881
15 508.0 162.0 0.00737 0.168457 21891 21897
15 508.0 158.0 0.009556 0.157221 21907 21913
15 508.0 152.0 0.00937 0.148347 21924 21931
15 508.0 146.0 0.01002 0.143781 21940 21946
15 508.0 142.0 0.011013 0.136853 21957 21963
15 508.0 140.0 0.01423 0.122195 21972 21978
15 510.0 136.0 0.015689 0.113792 21988 21994
15 510.0 132.0 0.013691 0.106328 22005 22011
15 510.0 128.0 0.016109 0.09721 22020 22026
15 512.0 126.0 0.019355 0.086899 22036 22042
15 512.0 124.0 0.016711 0.076526 22052 22059
15 512.0 122.0 0.01959 0.06877 22068 22074
15 514.0 118.0 0.020497 0.059552 22085 22091
15 514.0 118.0 0.016142 0.052389 22100 22108
15 514.0 116.0 0.019099 0.04152 22117 22124
15 514.0 114.0 0.016316 0.041381 22133 22140
15 516.0 114.0 0.015475 0.032239 22149 22156
15 516.0 112.0 0.017843 0.023421 22165 22171
15 516.0 112.0 0.015096 0.017356 22181 22187
2 516.0 112.0 0.015964 0.010339 22197 22204
2 518.0 112.0 0.014787 0.005818 22213 22214
2 518.0 112.0 0.015085 0.001098 22229 22230
2 518.0 112.0 0.008406 -0.000187 22246 22246
2 518.0 112.0 0.007614 -0.005133 22261 22261
2 518.0 112.0 0.0015 -0.001319 22277 22278
2 518.0 112.0 0.000198 -0.000174 22293 22294
2 518.0 112.0 0.00055 -0.004789 22309 22309
2 518.0 112.0 0.001232 -0.011243 22325 22326
2 518.0 112.0 -0.008641 -0.004598 22341 22342
2 518.0 114.0 -0.01378 -0.005258 22357 22357
2 518.0 114.0 -0.008011 -0.006595 22373 22374
2 516.0 114.0 -0.015405 -0.001703 22389 22390
2 516.0 114.0 -0.018259 0.000818 22405 22405
2 516.0 114.0 -0.014915 0.001737 22421 22422
2 516.0 114.0 -0.01599 -0.00117 22437 22438
2 514.0 114.0 -0.018526 -0.001459 22454 22454
2 514.0 114.0 -0.01514 -0.000444 22470 22471
2 514.0 114.0 -0.016935 0.000626 22486 22487
2 514.0 114.0 -0.01463 -0.001866 22503 22503
2 512.0 114.0 -0.01308 -0.003319 22519 22520
2 512.0 114.0 -0.013599 -0.000642 22535 22536
2 512.0 114.0 -0.010194 0.00055 22551 22552
2 512.0 114.0 -0.011199 0.000886 22568 22568
2 512.0 114.0 -0.011049 -0.001936 22584 22585
2 510.0 114.0 -0.004583 -0.003179 22600 22601
2 510.0 114.0 -0.006687 -0.00031 22617 22617
2 510.0 114.0 -0.007489 -0.002042 22632 22633
2 510.0 114.0 -0.003291 -0.002703 22648 22649
2 510.0 114.0 -0.004168 -0.001345 22664 22664
2 510.0 114.0 -0.008719 0.001118 22680 22681
2 510.0 114.0 -0.003744 -0.002368 22697 22697
2 510.0 114.0 -0.00128 -0.005598 22712 22713
2 510.0 114.0 0.002131 -0.011787 22728 22729
2 510.0 114.0 0.001057 -0.009697 22744 22745
2 510.0 114.0 0.001051 -0.010884 22761 22761
2 510.0 116.0 0.001498 -0.01587 22776 22777
2 510.0 116.0 0.009064 -0.024467 22792 22793
2 510.0 116.0 0.013204 -0.03187 22808 22808
2 512.0 118.0 0.013023 -0.033902 22824 22825
2 512.0 120.0 0.016103 -0.040364 22840 22841
2 512.0 122.0 0.021593 -0.056646 22857 22857
2 512.0 122.0 0.01941 -0.053933 22872 22872
2 514.0 124.0 0.019611 -0.059813 22888 22889
2 514.0 128.0 0.021164 -0.069248 22904 22905
2 514.0 130.0 0.017209 -0.068637 22921 22921
2 516.0 132.0 0.015092 -0.079022 22938 22939
2 516.0 134.0 0.015191 -0.086828 22955 22955
2 516.0 136.0 0.009466 -0.084584 22970 22970
2 516.0 140.0 0.01008 -0.094933 22986 22987
2 516.0 144.0 0.008791 -0.097733 23001 23002
7 518.0 146.0 0.009361 -0.105382 23017 23019
14 518.0 152.0 0.012766 -0.118639 23033 23040
14 518.0 154.0 0.00723 -0.117459 23049 23055
14 518.0 160.0 0.008874 -0.131202 23066 23071
14 518.0 164.0 0.009815 -0.141314 23083 23088
14 518.0 168.0 0.006807 -0.14502 23099 23104
14 518.0 174.0 0.004428 -0.147583 23116 23121
14 520.0 178.0 0.00393 -0.154245 23132 23138
14 520.0 184.0 0.002465 -0.160394 23148 23154
14 520.0 190.0 0.004267 -0.164528 23164 23170
14 520.0 196.0 0.000388 -0.166187 23180 23186
14 520.0 200.0 0.00169 -0.174458 23196 23202
14 520.0 206.0 -0.002022 -0.176202 23212 23218
14 520.0 212.0 -0.003365 -0.178272 23228 23233
14 520.0 216.0 -0.004741 -0.18381 23244 23249
14 518.0 224.0 -0.006034 -0.185005 23260 23266
14 518.0 230.0 -0.007452 -0.188058 23277 23282
14 518.0 236.0 -0.009431 -0.191938 23292 23298
14 518.0 242.0 -0.011092 -0.196507 23308 23314
14 518.0 250.0 -0.012532 -0.196558 23324 23330
14 518.0 256.0 -0.014347 -0.201314 23340 23346
14 516.0 262.0 -0.015938 -0.202283 23356 23362
14 516.0 268.0 -0.020841 -0.19995 23372 23378
14 516.0 274.0 -0.023011 -0.201937 23388 23394
14 514.0 280.0 -0.024555 -0.200601 23404 23409
14 514.0 288.0 -0.025605 -0.20555 23420 23425
14 514.0 294.0 -0.028121 -0.200831 23436 23442
14 512.0 300.0 -0.028866 -0.206589 23452 23458
14 512.0 306.0 -0.03186 -0.205293 23469 23474
14 510.0 314.0 -0.035785 -0.201116 23486 23491
14 508.0 320.0 -0.034835 -0.202685 23501 23507
14 508.0 326.0 -0.039505 -0.20015 23518 23524
14 506.0 332.0 -0.043168 -0.200138 23534 23539
14 504.0 340.0 -0.041472 -0.201804 23550 23555
14 504.0 346.0 -0.042441 -0.200849 23567 23572
14 502.0 352.0 -0.043997 -0.200671 23583 23588
14 500.0 360.0 -0.042629 -0.20332 23600 23605
14 500.0 366.0 -0.043189 -0.200621 23615 23621
14 498.0 372.0 -0.045203 -0.200369 23632 23638
14 496.0 378.0 -0.046249 -0.198111 23647 23653
14 494.0 386.0 -0.046856 -0.194226 23664 23670
14 494.0 392.0 -0.047319 -0.190136 23680 23686
14 492.0 398.0 -0.043248 -0.19166 23696 23702
14 492.0 404.0 -0.035246 -0.188134 23712 23717
14 490.0 408.0 -0.038269 -0.178243 23728 23734
14 488.0 416.0 -0.035225 -0.176246 23744 23750
14 488.0 420.0 -0.030979 -0.172052 23760 23766
14 486.0 426.0 -0.032113 -0.161964 23777 23782
14 486.0 430.0 -0.028159 -0.158701 23792 23798
14 486.0 436.0 -0.023291 -0.155184 23808 23814
14 484.0 442.0 -0.022199 -0.145246 23824 23830
14 484.0 446.0 -0.020438 -0.141066 23840 23846
14 484.0 450.0 -0.015396 -0.137619 23856 23862
14 482.0 454.0 -0.015981 -0.124007 23872 23878
14 482.0 456.0 -0.011269 -0.119929 23888 23894
14 482.0 462.0 -0.010045 -0.109208 23905 23910
14 482.0 464.0 -0.006192 -0.105415 23922 23927
14 482.0 468.0 0.000421 -0.09952 23938 23944
14 482.0 470.0 -0.000626 -0.081603 23954 23960
14 482.0 474.0 0.00232 -0.08103 23970 23976
14 482.0 476.0 0.007257 -0.07498 23986 23992
14 482.0 478.0 0.006808 -0.0609 24001 24007
14 482.0 478.0 0.010882 -0.056272 24017 24023
14 484.0 480.0 0.018608 -0.05368 24033 24039
14 484.0 482.0 0.017907 -0.043415 24050 24055
14 484.0 484.0 0.020427 -0.040263 24066 24071
14 486.0 484.0 0.021727 -0.03492 24082 24088
2 486.0 486.0 0.02296 -0.028165 24098 24105
2 486.0 486.0 0.024836 -0.026625 24114 24114
2 488.0 488.0 0.026955 -0.028009 24130 24131
2 488.0 488.0 0.024808 -0.02398 24146 24147
2 490.0 488.0 0.025058 -0.019064 24163 24163
2 490.0 488.0 0.024511 -0.012291 24179 24180
2 490.0 490.0 0.023449 -0.008647 24195 24196
2 492.0 490.0 0.022977 -0.003494 24212 24212
2 492.0 490.0 0.016826 -0.003751 24228 24229
2 492.0 490.0 0.018868 0.000783 24244 24245
2 494.0 490.0 0.019136 0.001391 24260 24261
2 494.0 490.0 0.009517 0.003336 24276 24276
2 494.0 488.0 0.011346 0.002918 24292 24293
2 494.0 488.0 0.011846 0.003995 24308 24309
2 494.0 488.0 0.00605 0.005973 24324 24324
2 494.0 488.0 0.007249 0.006227 24340 24341
2 494.0 488.0 0.005205 0.007263 24357 24357
2 496.0 488.0 0.003562 0.009142 24372 24373
2 496.0 488.0 0.00641 0.007121 24388 24389
2 496.0 488.0 0.003734 0.009177 24404 24405
2 496.0 488.0 0.002728 0.007595 24420 24420
2 496.0 486.0 0.003544 0.010109 24436 24437
2 496.0 486.0 0.003635 0.007537 24452 24453
2 496.0 486.0 0.00526 0.007371 24468 24468
2 496.0 486.0 0.006455 0.008267 24484 24485
2 496.0 486.0 0.00215 0.008351 24500 24501
2 496.0 486.0 0.003984 0.006096 24516 24516
2 496.0 486.0 0.005877 0.005457 24532 24533
2 496.0 486.0 0.002349 0.005252 24548 24549
2 496.0 486.0 0.00495 0.002957 24565 24565
2 496.0 486.0 0.007219 0.000842 24580 24580
2 496.0 486.0 0.001762 0.000526 24596 24597
2 498.0 486.0 0.004488 -0.001366 24612 24613
2 498.0 486.0 0.005501 -0.004727 24629 24629
2 498.0 486.0 0.003473 -0.001987 24644 24644
2 498.0 486.0 0.004368 -0.003937 24660 24661
2 498.0 486.0 0.004804 0.000329 24676 24677
2 498.0 486.0 0.004865 -0.00455 24692 24692
2 498.0 486.0 0.006965 -0.006535 24708 24709
2 498.0 486.0 0.001922 -0.001804 24724 24725
2 498.0 486.0 0.004167 -0.003909 24741 24741
2 498.0 486.0 0.00491 -0.004604 24756 24756
2 498.0 486.0 0.000841 -0.000789 24772 24773
2 498.0 486.0 0.00204 -0.001913 24789 24789
2 498.0 486.0 0.000771 -0.000722 24804 24805
2 498.0 486.0 0.000102 -9.6e-05 24820 24821
2 498.0 486.0 7e-06 -6e-06 24837 24837
2 498.0 486.0 1e-06 -1e-06 24853 24853
2 498.0 486.0 0.0 -0.0 24869 24870
2 498.0 486.0 0.0 -0.0 24885 24886
2 498.0 486.0 0.001262 0.003646 24902 24902
2 498.0 486.0 0.002052 0.005934 24917 24917
2 498.0 486.0 0.003102 0.008981 24934 24935
2 500.0 486.0 0.005057 0.008967 24950 24951
2 500.0 486.0 0.011075 0.007106 24966 24966
2 500.0 486.0 0.011347 0.00914 24982 24983
2 500.0 486.0 0.005216 0.006781 24998 24999
2 500.0 484.0 0.008537 0.006843 25015 25015
2 500.0 484.0 0.010836 0.012313 25030 25030
2 500.0 484.0 0.00537 0.011227 25046 25047
2 502.0 484.0 0.006786 0.012885 25062 25063
2 502.0 484.0 0.010734 0.013594 25078 25078
2 502.0 482.0 0.007491 0.014155 25094 25095
6 502.0 482.0 0.007484 0.021086 25110 25112
15 502.0 482.0 0.0071 0.021105 25127 25137
15 502.0 480.0 0.008864 0.026435 25146 25152
15 502.0 480.0 0.001454 0.040739 25162 25169
15 502.0 478.0 0.001574 0.038283 25178 25184
15 502.0 476.0 0.000569 0.046754 25195 25201
15 502.0 474.0 -0.001468 0.05384 25210 25216
15 502.0 472.0 -0.000214 0.055697 25226 25232
15 502.0 470.0 -0.001231 0.064958 25243 25249
15 502.0 468.0 -0.001493 0.063805 25258 25264
15 502.0 466.0 -0.00449 0.074112 25274 25280
15 502.0 464.0 -0.005963 0.076485 25290 25297
15 502.0 462.0 -0.003261 0.07771 25306 25313
15 502.0 458.0 -0.005057 0.086346 25322 25328
15 502.0 454.0 -0.010218 0.09213 25339 25345
15 502.0 452.0 -0.007643 0.093922 25354 25361
15 500.0 448.0 -0.011395 0.101583 25370 25376
15 500.0 446.0 -0.013735 0.110315 25386 25393
15 500.0 442.0 -0.008794 0.106325 25402 25408
15 500.0 438.0 -0.01042 0.115612 25419 25425
15 500.0 434.0 -0.010746 0.121616 25434 25440
15 500.0 430.0 -0.009637 0.129408 25450 25456
15 500.0 426.0 -0.00682 0.134781 25466 25473
15 500.0 422.0 -0.003911 0.141138 25482 25488
15 498.0 416.0 -0.00359 0.151129 25499 25505
15 498.0 410.0 -0.002374 0.163344 25514 25521
15 498.0 406.0 4.6e-05 0.167104 25530 25536
15 500.0 400.0 0.00017 0.180881 25546 25553
15 500.0 394.0 0.001268 0.191423 25562 25568
15 500.0 390.0 0.007072 0.193591 25578 25584
15 500.0 380.0 0.008294 0.204911 25595 25601
15 500.0 374.0 0.011812 0.212445 25611 25618
15 500.0 368.0 0.017943 0.210924 25627 25634
15 500.0 362.0 0.014796 0.22229 25643 25649
15 502.0 352.0 0.01559 0.225525 25659 25666
15 502.0 346.0 0.021184 0.223901 25675 25681
15 502.0 338.0 0.019878 0.227287 25691 25698
15 504.0 332.0 0.018645 0.236205 25707 25714
15 504.0 324.0 0.022941 0.230481 25723 25729
15 506.0 316.0 0.021021 0.230926 25739 25746
15 506.0 308.0 0.021523 0.234741 25756 25762
15 506.0 302.0 0.019081 0.234406 25771 25778
15 506.0 294.0 0.014864 0.237433 25788 25794
15 508.0 286.0 0.016517 0.235238 25804 25810
15 508.0 278.0 0.016994 0.233199 25820 25826
15 508.0 272.0 0.011349 0.234715 25836 25843
15 510.0 264.0 0.015867 0.224887 25852 25859
15 510.0 258.0 0.01391 0.223739 25868 25874
15 510.0 248.0 0.010565 0.222642 25885 25891
15 510.0 242.0 0.015458 0.213137 25900 25907
15 510.0 236.0 0.012068 0.209034 25916 25922
15 512.0 230.0 0.010211 0.208013 25932 25938
15 512.0 224.0 0.007836 0.200607 25949 25955
15 512.0 218.0 0.006216 0.194549 25964 25970
15 512.0 210.0 0.007582 0.189452 25981 25987
15 512.0 204.0 0.005587 0.183937 25996 26001
15 512.0 200.0 0.007431 0.176272 26013 26019
15 512.0 192.0 0.003132 0.172078 26029 26035
15 512.0 188.0 0.002956 0.171544 26045 26051
15 512.0 182.0 0.00347 0.165226 26061 26067
15 514.0 178.0 0.002032 0.161554 26078 26084
15 514.0 174.0 0.004669 0.155698 26093 26099
15 514.0 168.0 0.006144 0.149647 26109 26115
15 514.0 162.0 0.006157 0.144959 26125 26132
15 514.0 158.0 0.008209 0.139268 26141 26148
15 514.0 154.0 0.012146 0.12826 26157 26163
15 514.0 150.0 0.009763 0.126718 26173 26179
15 516.0 146.0 0.010396 0.122645 26189 26195
15 516.0 142.0 0.009869 0.115342 26205 26211
15 516.0 140.0 0.007062 0.112195 26221 26228
15 516.0 136.0 0.007968 0.105706 26237 26243
15 516.0 134.0 0.006001 0.098969 26253 26259
15 516.0 130.0 0.004858 0.098042 26269 26276
15 516.0 126.0 0.004116 0.09114 26285 26291
15 516.0 124.0 0.002792 0.08142 26302 26308
15 516.0 122.0 -0.000112 0.082544 26317 26323
15 516.0 120.0 0.000892 0.074995 26333 26339
15 516.0 116.0 -0.001706 0.069578 26350 26356
15 516.0 114.0 -0.003485 0.064531 26365 26371
15 516.0 112.0 -0.002707 0.056955 26381 26388
15 516.0 112.0 -0.004827 0.048349 26397 26403
15 516.0 110.0 -0.004739 0.043351 26413 26419
15 516.0 108.0 -0.003803 0.034068 26429 26435
15 516.0 108.0 -0.002779 0.02466 26446 26452
15 516.0 108.0 -0.008747 0.023187 26462 26469
15 516.0 106.0 -0.009795 0.015964 26478 26484
2 514.0 106.0 -0.009919 0.011537 26494 26500
2 514.0 106.0 -0.009193 0.009572 26511 26511
2 514.0 106.0 -0.011581 0.009871 26527 26528
2 514.0 106.0 -0.00794 -0.001254 26543 26544
2 514.0 106.0 -0.008524 -0.004647 26559 26559
2 514.0 106.0 -0.008012 -0.006984 26575 26576
2 514.0 106.0 -0.003212 -0.012534 26592 26592
2 514.0 106.0 -0.004553 -0.013738 26607 26608
2 514.0 108.0 0.001081 -0.01335 26623 26624
2 514.0 108.0 0.001126 -0.014722 26639 26640
2 514.0 108.0 0.001452 -0.013928 26655 26655
2 514.0 108.0 0.000822 -0.00765 26671 26672
2 514.0 108.0 0.000994 -0.009201 26687 26688
2 514.0 110.0 0.001164 -0.010806 26703 26703
2 514.0 110.0 0.000568 -0.005283 26719 26720
2 514.0 110.0 0.000639 -0.00596 26735 26736
2 514.0 110.0 0.000804 -0.00751 26751 26751
2 514.0 110.0 0.001477 -0.004072 26767 26768
2 514.0 110.0 0.00104 -0.004385 26783 26784
2 514.0 110.0 0.000548 -0.004434 26800 26800
2 514.0 110.0 0.000275 -0.002487 26816 26816
2 514.0 110.0 0.000525 -0.004936 26832 26833
2 514.0 110.0 0.000122 -0.001146 26849 26849
2 514.0 110.0 1.6e-05 -0.000152 26864 26864
2 514.0 110.0 0.000359 -0.003381 26880 26881
2 514.0 110.0 5.1e-05 -0.000479 26896 26897
2 514.0 110.0 0.000311 -0.002932 26912 26912
2 514.0 110.0 -0.003398 0.000481 26928 26929
2 514.0 110.0 0.001404 -0.001787 26944 26945
2 514.0 110.0 0.000186 -0.000236 26960 26960
2 514.0 110.0 -0.003414 0.000837 26976 26977
2 514.0 110.0 0.001402 -0.00174 26992 26993
2 514.0 110.0 9.4e-05 -0.000117 27008 27008
2 514.0 110.0 1.2e-05 -1.6e-05 27023 27024
2 514.0 110.0 2e-06 -2e-06 27039 27040
2 514.0 110.0 0.0 -0.0 27056 27056
2 514.0 110.0 0.0 -0.0 27072 27073
2 514.0 110.0 0.0 -0.0 27088 27089
2 514.0 110.0 0.0 -0.0 27105 27105
2 514.0 110.0 0.0 -0.0 27120 27120
2 514.0 110.0 0.0 -0.0 27136 27137
2 514.0 110.0 0.000303 -0.002868 27153 27153
2 514.0 110.0 4e-05 -0.000379 27168 27169
2 514.0 110.0 0.000308 -0.002918 27184 27185
2 514.0 110.0 0.000697 -0.006616 27200 27201
2 514.0 110.0 0.000144 -0.001368 27216 27216
2 514.0 112.0 0.000589 -0.005606 27232 27233
2 514.0 112.0 -0.004719 -0.003231 27248 27249
2 514.0 112.0 -0.002097 -0.002359 27264 27264
2 514.0 112.0 -0.00213 -0.002781 27280 27281
2 514.0 112.0 -0.005467 -0.003339 27296 27297
2 514.0 112.0 -0.002298 -0.004105 27313 27313
2 514.0 112.0 -0.004635 -0.003551 27329 27330
2 512.0 112.0 -0.006283 -0.003006 27345 27346
2 512.0 112.0 -0.003441 -0.007658 27361 27362
2 512.0 112.0 -0.007496 -0.008324 27377 27377
2 512.0 112.0 -0.002468 -0.011728 27393 27394
2 512.0 114.0 -0.006347 -0.013666 27410 27410
7 512.0 114.0 -0.00712 -0.01539 27425 27426
7 512.0 114.0 -0.003052 -0.023221 27441 27447
14 512.0 116.0 -0.007539 -0.025319 27457 27464
14 512.0 116.0 -0.008262 -0.030425 27473 27479
14 512.0 118.0 -0.005691 -0.037307 27489 27494
14 510.0 118.0 -0.006867 -0.041614 27506 27511
14 510.0 120.0 -0.006941 -0.049729 27523 27528
14 510.0 122.0 -0.008679 -0.051938 27539 27544
14 510.0 124.0 -0.008922 -0.059475 27554 27560
14 510.0 126.0 -0.005272 -0.066205 27571 27576
14 510.0 128.0 -0.003896 -0.07531 27587 27592
14 510.0 130.0 -0.0013 -0.082674 27602 27608
14 510.0 134.0 0.007414 -0.091354 27618 27624
14 510.0 138.0 0.006361 -0.096418 27634 27640
14 510.0 140.0 0.006212 -0.10239 27650 27656
14 510.0 144.0 0.01382 -0.111749 27666 27672
14 512.0 148.0 0.021754 -0.124492 27682 27688
14 512.0 152.0 0.027601 -0.135065 27698 27704
14 514.0 156.0 0.02766 -0.138611 27714 27720
14 514.0 162.0 0.033449 -0.147627 27730 27735
14 516.0 166.0 0.035762 -0.152198 27746 27752
14 516.0 172.0 0.035613 -0.154145 27762 27767
14 518.0 176.0 0.040893 -0.165673 27778 27784
14 520.0 182.0 0.037731 -0.165082 27794 27799
14 520.0 188.0 0.041085 -0.175363 27810 27815
14 522.0 194.0 0.040071 -0.178246 27827 27832
14 524.0 198.0 0.036469 -0.179382 27842 27848
14 524.0 206.0 0.037467 -0.188326 27859 27865
14 526.0 212.0 0.038749 -0.193707 27874 27880
14 526.0 218.0 0.033862 -0.193584 27890 27896
14 528.0 224.0 0.034552 -0.204957 27906 27911
14 528.0 230.0 0.032514 -0.211162 27922 27928
14 530.0 236.0 0.029193 -0.210116 27938 27944
14 530.0 244.0 0.02872 -0.211858 27954 27960
14 532.0 250.0 0.028818 -0.218137 27970 27976
14 532.0 258.0 0.022015 -0.213839 27987 27992
14 534.0 264.0 0.020291 -0.21713 28002 28008
14 534.0 272.0 0.016961 -0.218863 28018 28024
14 534.0 278.0 0.01168 -0.218515 28034 28040
14 534.0 286.0 0.010481 -0.216931 28051 28056
14 534.0 294.0 0.003902 -0.216357 28067 28073
14 534.0 300.0 -0.00097 -0.215372 28083 28089
14 534.0 306.0 -0.002491 -0.214384 28099 28105
14 534.0 314.0 -0.005654 -0.21088 28115 28121
14 534.0 320.0 -0.011756 -0.210836 28131 28136
14 534.0 328.0 -0.011177 -0.207215 28147 28153
14 534.0 334.0 -0.014761 -0.201843 28163 28169
14 532.0 340.0 -0.01623 -0.196763 28179 28185
14 532.0 348.0 -0.014997 -0.200949 28195 28201
14 532.0 352.0 -0.018704 -0.191014 28211 28216
14 532.0 358.0 -0.01567 -0.192443 28228 28233
14 530.0 364.0 -0.012123 -0.190162 28244 28249
14 530.0 372.0 -0.011875 -0.188645 28260 28265
14 530.0 378.0 -0.00913 -0.187765 28276 28281
14 530.0 384.0 -0.007885 -0.18744 28293 28298
14 530.0 388.0 -0.007798 -0.18743 28308 28314
14 530.0 396.0 -0.004937 -0.18665 28324 28330
14 530.0 402.0 -0.007767 -0.179011 28340 28346
14 530.0 406.0 -0.009663 -0.178182 28356 28362
14 528.0 412.0 -0.006558 -0.17765 28373 28378
14 528.0 418.0 -0.011322 -0.168269 28388 28394
14 528.0 424.0 -0.011878 -0.168695 28405 28410
14 528.0 428.0 -0.008861 -0.165668 28420 28426
14 528.0 434.0 -0.013253 -0.153159 28436 28442
14 528.0 438.0 -0.014111 -0.14784 28452 28458
14 526.0 442.0 -0.011941 -0.142965 28468 28474
14 526.0 446.0 -0.014614 -0.137544 28484 28490
14 526.0 452.0 -0.016194 -0.13072 28500 28506
14 526.0 456.0 -0.015498 -0.125081 28516 28522
14 524.0 458.0 -0.022828 -0.113327 28532 28538
14 524.0 462.0 -0.019733 -0.109641 28548 28554
14 522.0 466.0 -0.023755 -0.100058 28564 28570
14 522.0 468.0 -0.025824 -0.092232 28580 28586
14 522.0 472.0 -0.022191 -0.087842 28596 28602
14 520.0 474.0 -0.023485 -0.07768 28612 28618
14 520.0 476.0 -0.023082 -0.073842 28628 28634
14 520.0 478.0 -0.02146 -0.067818 28644 28650
14 518.0 480.0 -0.025801 -0.052853 28660 28666
14 518.0 482.0 -0.031748 -0.04544 28676 28682
14 516.0 482.0 -0.033998 -0.034842 28692 28698
14 516.0 484.0 -0.034055 -0.023001 28709 28714
14 514.0 484.0 -0.032819 -0.018931 28725 28730
14 514.0 484.0 -0.035026 -0.007928 28741 28746
14 512.0 484.0 -0.034376 0.001851 28758 28763
14 512.0 484.0 -0.035038 0.003148 28773 28779
2 510.0 484.0 -0.0351 0.009278 28789 28796
2 508.0 484.0 -0.032301 0.00949 28805 28806
2 508.0 482.0 -0.033011 0.010562 28822 28822
2 508.0 482.0 -0.027878 0.009964 28838 28839
2 506.0 482.0 -0.028306 0.012178 28854 28855
2 506.0 482.0 -0.027054 0.012496 28870 28871
2 504.0 482.0 -0.019028 0.011096 28887 28887
2 504.0 482.0 -0.018923 0.011939 28903 28904
2 504.0 480.0 -0.019158 0.009326 28919 28920
2 502.0 480.0 -0.010408 0.01035 28937 28937
2 502.0 480.0 -0.011595 0.00909 28952 28953
2 502.0 480.0 -0.010869 0.004905 28968 28969
2 502.0 480.0 -0.003059 0.003378 28984 28985
2 502.0 480.0 -0.000872 -0.000946 29000 29000
2 502.0 480.0 -0.000583 -0.001518 29016 29017
2 502.0 480.0 -0.000648 -0.001914 29032 29033
2 502.0 480.0 -0.000244 -0.000723 29049 29049
2 502.0 480.0 -3.2e-05 -9.6e-05 29064 29064
2 502.0 480.0 -4e-06 -1.3e-05 29080 29080
2 502.0 480.0 0.001931 -0.001808 29096 29097
2 502.0 480.0 0.006869 -0.000345 29113 29113
2 502.0 480.0 0.010501 0.001791 29128 29128
2 504.0 480.0 0.015473 0.002093 29144 29145
2 504.0 480.0 0.012194 -0.000156 29160 29161
2 504.0 480.0 0.013949 0.000481 29176 29176
2 504.0 480.0 0.01926 0.000118 29192 29193
2 506.0 480.0 0.012638 0.001407 29208 29209
2 506.0 480.0 0.015305 0.000731 29225 29225
2 506.0 480.0 0.0209 0.002944 29241 29241
2 506.0 480.0 0.016292 0.003499 29257 29258
2 508.0 480.0 0.01528 0.001495 29273 29273
2 508.0 480.0 0.013416 0.001675 29289 29290
2 508.0 480.0 0.008222 0.006206 29305 29306
2 508.0 480.0 0.007383 0.006354 29321 29321
2 508.0 480.0 0.003651 0.005999 29337 29338
2 508.0 478.0 0.003045 0.008615 29354 29354
2 508.0 478.0 0.003099 0.009381 29370 29371
2 508.0 478.0 0.000872 0.002655 29386 29387
2 508.0 478.0 -0.012449 0.015646 29402 29402
2 508.0 478.0 -0.020231 0.019308 29418 29419
2 508.0 476.0 -0.018826 0.017556 29434 29435
2 506.0 476.0 -0.021552 0.020055 29450 29450
2 506.0 476.0 -0.023384 0.021789 29466 29467
2 506.0 476.0 -0.022138 0.02067 29483 29483
2 504.0 474.0 -0.020512 0.019181 29498 29498
2 504.0 474.0 -0.019864 0.012579 29514 29515
2 504.0 474.0 -0.01539 0.011255 29530 29531
2 502.0 474.0 -0.016671 0.008545 29547 29547
2 502.0 474.0 -0.009537 0.006191 29562 29563
2 502.0 472.0 -0.009364 0.007224 29578 29579
2 502.0 472.0 -0.011629 0.00415 29595 29595
2 502.0 472.0 -0.00916 0.006489 29611 29612
2 502.0 472.0 -0.00907 0.00388 29627 29628
2 500.0 472.0 -0.015693 0.002792 29643 29643
2 500.0 472.0 -0.007229 0.002235 29659 29660
2 500.0 472.0 -0.011353 0.001692 29675 29676
2 500.0 472.0 -0.012862 0.004257 29692 29692
2 500.0 472.0 -0.008679 0.000568 29708 29709
2 498.0 472.0 -0.010064 8.5e-05 29724 29725
2 498.0 472.0 -0.009306 0.000894 29740 29740
2 498.0 472.0 -0.00183 -0.001696 29756 29757
2 498.0 472.0 -0.001337 -0.000797 29772 29773
6 498.0 472.0 -0.000177 -0.000105 29789 29790
