7 788.0 406.0 -0.000101 -0.007682 5520 5527
7 788.0 406.0 -0.000123 -0.009191 5536 5543
7 788.0 406.0 1.6e-05 0.001172 5552 5559
7 788.0 406.0 -1.8e-05 -0.001314 5568 5574
7 788.0 406.0 -1.1e-05 -0.000837 5585 5591
7 788.0 406.0 -1e-06 -0.000111 5601 5608
7 788.0 406.0 -0.0 -1.5e-05 5617 5623
7 788.0 406.0 -0.0 -2e-06 5634 5640
7 788.0 406.0 -0.0 -0.0 5649 5656
7 788.0 406.0 -0.0 -0.0 5665 5672
7 788.0 406.0 -0.0 -0.0 5681 5687
7 788.0 406.0 -0.0 -0.0 5697 5703
7 788.0 406.0 -0.0 -0.0 5714 5720
7 788.0 406.0 -0.0 -0.0 5730 5737
7 788.0 406.0 -0.0 -0.0 5746 5753
7 788.0 406.0 -2.6e-05 -0.001911 5763 5769
7 788.0 406.0 -7.7e-05 -0.005543 5803 5809
7 788.0 406.0 1.1e-05 0.000788 5819 5826
7 788.0 406.0 -1.9e-05 -0.001365 5836 5843
7 788.0 406.0 -4.3e-05 -0.003065 5852 5859
7 788.0 406.0 -6e-06 -0.000405 5868 5874
7 788.0 406.0 -4.1e-05 -0.002938 5884 5891
7 788.0 406.0 -5e-06 -0.000389 5900 5906
7 788.0 406.0 -0.0 -2.6e-05 5917 5923
7 788.0 406.0 -0.004704 0.000556 5934 5940
7 788.0 406.0 0.001687 -0.001645 5949 5956
7 788.0 406.0 0.000223 -0.000218 5965 5972
7 788.0 406.0 -0.003609 -2.5e-05 5981 5987
7 788.0 406.0 -0.001038 -0.001188 5998 6003
7 788.0 406.0 -0.000779 -0.002224 6013 6020
7 788.0 406.0 -0.003741 -0.001277 6029 6035
7 788.0 406.0 -0.001156 -0.001117 6046 6052
7 786.0 406.0 -0.006113 -0.00331 6061 6068
7 786.0 406.0 0.000819 -0.008113 6077 6083
7 786.0 406.0 -0.002874 -0.003404 6093 6099
7 786.0 408.0 -0.000263 -0.004611 6110 6116
7 786.0 408.0 -0.00021 -0.007334 6126 6133
7 786.0 408.0 -0.003587 -0.001014 6142 6148
7 786.0 408.0 -0.005195 -0.000544 6158 6165
7 786.0 408.0 -0.000804 -0.005828 6174 6181
7 786.0 408.0 -0.003903 0.000918 6190 6196
7 786.0 408.0 -0.005888 5.8e-05 6206 6212
7 786.0 408.0 -0.002549 -0.001519 6222 6229
7 786.0 408.0 -0.003913 -0.001216 6238 6245
7 786.0 408.0 -0.004708 -0.00135 6254 6260
7 786.0 408.0 -0.003312 -0.002924 6270 6276
7 786.0 408.0 -0.006384 -0.002072 6286 6293
7 786.0 408.0 -0.002768 -0.006522 6302 6309
7 786.0 408.0 -0.001625 -0.004107 6318 6324
7 786.0 408.0 -0.002072 -0.00297 6334 6340
7 786.0 408.0 -0.000916 -0.00735 6350 6356
7 786.0 408.0 -0.000762 -0.002561 6366 6373
7 786.0 408.0 -0.004277 -0.000551 6382 6389
7 786.0 408.0 -0.002963 -0.002212 6398 6404
7 786.0 408.0 -0.0002 -0.000149 6415 6421
7 786.0 408.0 -6.2e-05 -0.00193 6431 6438
7 786.0 408.0 -1.7e-05 -0.000751 6447 6454
7 786.0 408.0 -2e-06 -9.9e-05 6463 6469
7 786.0 408.0 -0.0 -7e-06 6479 6486
7 786.0 408.0 -0.0 -1e-06 6495 6502
7 786.0 408.0 -3.6e-05 -0.001911 6511 6518
7 786.0 408.0 -1.4e-05 -0.000749 6527 6533
7 786.0 408.0 -2e-06 -9.9e-05 6544 6550
7 786.0 408.0 -0.0 -1.3e-05 6559 6566
7 786.0 408.0 -0.0 -1e-06 6575 6581
7 786.0 408.0 -0.0 -0.0 6592 6598
7 786.0 408.0 -0.0 -0.0 6607 6614
7 786.0 408.0 -0.0 -0.0 6623 6629
7 786.0 408.0 -0.0 -0.0 6639 6646
7 786.0 408.0 0.007725 -0.000431 6655 6662
7 786.0 408.0 0.002221 0.002274 6671 6677
7 786.0 408.0 0.004461 1.9e-05 6687 6694
7 786.0 408.0 0.005974 0.00056 6703 6710
7 786.0 408.0 0.000868 0.004427 6719 6725
7 786.0 408.0 0.003323 -0.000705 6735 6742
7 786.0 408.0 0.002903 0.002013 6751 6757
7 786.0 408.0 0.000385 0.000321 6767 6774
7 786.0 408.0 7.6e-05 0.001457 6783 6790
7 786.0 408.0 1e-05 0.000351 6800 6806
7 786.0 408.0 1e-06 4.6e-05 6815 6822
7 786.0 408.0 2.6e-05 0.001475 6831 6838
7 786.0 408.0 3e-06 0.000195 6847 6853
7 786.0 408.0 0.0 2.6e-05 6864 6870
7 786.0 408.0 0.0 3e-06 6879 6886
7 786.0 408.0 0.0 0.0 6895 6901
7 786.0 408.0 0.0 0.0 6912 6918
7 786.0 408.0 0.0 0.0 6927 6934
7 786.0 408.0 -0.002473 -0.00644 6943 6949
7 786.0 408.0 -0.004494 -0.000571 6959 6966
7 786.0 408.0 -0.008279 0.002518 6975 6981
7 786.0 408.0 -0.003243 -0.000645 6991 6997
7 786.0 408.0 -0.004561 0.002108 7008 7014
7 786.0 408.0 -0.006583 0.000543 7023 7029
7 786.0 408.0 -0.001633 0.000669 7040 7046
7 784.0 408.0 -0.004347 0.002284 7055 7062
7 784.0 408.0 -0.002371 0.001256 7071 7077
7 784.0 408.0 0.000293 -0.000156 7088 7094
7 784.0 408.0 -0.005821 0.003094 7103 7109
7 784.0 408.0 0.002149 -0.001142 7119 7126
7 784.0 408.0 0.000145 -7.7e-05 7135 7141
7 784.0 408.0 1.9e-05 -1e-05 7152 7158
7 784.0 408.0 3e-06 -1e-06 7167 7174
7 784.0 408.0 0.0 -0.0 7183 7190
7 784.0 408.0 0.0 -0.0 7199 7205
7 784.0 408.0 0.0 -0.0 7215 7222
7 784.0 408.0 0.0 -0.0 7231 7237
7 784.0 408.0 0.0 -0.0 7248 7254
7 784.0 408.0 0.0 -0.0 7263 7270
7 784.0 408.0 0.0 -0.0 7279 7285
7 784.0 408.0 -0.002335 0.001241 7296 7302
7 784.0 408.0 -0.004439 0.002361 7311 7318
7 784.0 408.0 -0.008293 0.001501 7327 7334
7 784.0 408.0 -0.008968 -0.003865 7343 7349
7 784.0 408.0 -0.016957 0.001095 7359 7366
9 782.0 408.0 -0.025439 0.000369 7375 7386
9 782.0 408.0 -0.032603 -0.002798 7394 7401
9 780.0 408.0 -0.052173 0.004006 7410 7416
9 778.0 408.0 -0.065115 0.001752 7426 7432
9 774.0 408.0 -0.081657 0.00091 7442 7448
9 772.0 408.0 -0.099858 0.002536 7459 7465
9 768.0 408.0 -0.124981 -0.001565 7476 7482
9 762.0 408.0 -0.148256 -0.001453 7493 7499
9 758.0 408.0 -0.169175 -0.003837 7508 7515
9 752.0 408.0 -0.194607 -0.010233 7524 7531
9 744.0 408.0 -0.220398 -0.009852 7540 7547
9 738.0 410.0 -0.237159 -0.016241 7556 7563
9 728.0 410.0 -0.254557 -0.022155 7572 7579
9 720.0 410.0 -0.274578 -0.021166 7588 7595
9 710.0 412.0 -0.291961 -0.027187 7604 7611
9 700.0 412.0 -0.312809 -0.031952 7620 7627
9 692.0 414.0 -0.327398 -0.030779 7636 7643
9 678.0 416.0 -0.338939 -0.033672 7652 7659
9 668.0 416.0 -0.349409 -0.035651 7668 7674
9 656.0 418.0 -0.361869 -0.038936 7684 7690
9 644.0 418.0 -0.37236 -0.0375 7700 7706
9 634.0 420.0 -0.378404 -0.038307 7716 7723
9 618.0 422.0 -0.38317 -0.038895 7732 7739
9 606.0 422.0 -0.384232 -0.042226 7748 7755
9 596.0 424.0 -0.386896 -0.043263 7764 7771
9 584.0 426.0 -0.38673 -0.044355 7780 7787
9 572.0 428.0 -0.385808 -0.044243 7796 7803
9 556.0 430.0 -0.384075 -0.041373 7812 7819
9 546.0 430.0 -0.383196 -0.041848 7829 7836
9 534.0 432.0 -0.380467 -0.043477 7845 7852
9 522.0 434.0 -0.374743 -0.045412 7861 7868
9 508.0 434.0 -0.37417 -0.042192 7877 7885
9 496.0 436.0 -0.366318 -0.042474 7894 7900
9 486.0 438.0 -0.364543 -0.038311 7909 7916
9 476.0 438.0 -0.358821 -0.033059 7925 7933
9 464.0 440.0 -0.356257 -0.028929 7942 7948
9 454.0 440.0 -0.347518 -0.034874 7957 7963
9 444.0 442.0 -0.343488 -0.026441 7973 7979
9 430.0 442.0 -0.338612 -0.02609 7989 7995
9 420.0 444.0 -0.329952 -0.025639 8006 8012
9 408.0 444.0 -0.32357 -0.024016 8022 8028
9 398.0 446.0 -0.319271 -0.023989 8038 8044
9 388.0 446.0 -0.311953 -0.020979 8054 8060
9 380.0 446.0 -0.304766 -0.022339 8070 8077
9 370.0 448.0 -0.298794 -0.021913 8086 8093
9 358.0 448.0 -0.292236 -0.022875 8102 8109
9 350.0 450.0 -0.283166 -0.030076 8118 8125
9 342.0 450.0 -0.278349 -0.029716 8134 8141
9 334.0 452.0 -0.265812 -0.032922 8150 8156
9 326.0 452.0 -0.254832 -0.035374 8166 8172
9 316.0 454.0 -0.248469 -0.038782 8182 8188
9 310.0 456.0 -0.237509 -0.04298 8198 8204
9 302.0 458.0 -0.230906 -0.048825 8214 8220
9 296.0 458.0 -0.223209 -0.04752 8230 8236
9 290.0 460.0 -0.215675 -0.050314 8246 8252
9 280.0 462.0 -0.208342 -0.04592 8262 8268
9 274.0 464.0 -0.205647 -0.04841 8278 8284
9 268.0 464.0 -0.197674 -0.048089 8294 8300
9 264.0 466.0 -0.192849 -0.045627 8310 8316
9 258.0 468.0 -0.187937 -0.048528 8326 8332
9 250.0 470.0 -0.181827 -0.049915 8342 8348
9 244.0 470.0 -0.175375 -0.047527 8358 8364
9 240.0 472.0 -0.168977 -0.048411 8374 8381
9 236.0 474.0 -0.159768 -0.054888 8391 8397
9 228.0 476.0 -0.153612 -0.050409 8408 8414
9 224.0 478.0 -0.147731 -0.04878 8423 8430
9 220.0 480.0 -0.134186 -0.044361 8440 8446
9 216.0 480.0 -0.126602 -0.044886 8456 8462
9 212.0 482.0 -0.118884 -0.046375 8472 8478
9 208.0 484.0 -0.107911 -0.040612 8488 8494
9 206.0 484.0 -0.100205 -0.038054 8504 8511
9 204.0 486.0 -0.089418 -0.039785 8520 8527
9 200.0 486.0 -0.079743 -0.030392 8536 8543
9 198.0 488.0 -0.07577 -0.028389 8552 8559
9 196.0 488.0 -0.068297 -0.029853 8568 8574
9 194.0 490.0 -0.059227 -0.023502 8584 8590
9 192.0 490.0 -0.055516 -0.019798 8600 8607
9 190.0 490.0 -0.047809 -0.023346 8616 8623
9 190.0 492.0 -0.043254 -0.019103 8632 8638
9 188.0 492.0 -0.038527 -0.01417 8649 8655
9 186.0 492.0 -0.033049 -0.017071 8665 8672
9 186.0 494.0 -0.029306 -0.012823 8681 8688
9 184.0 494.0 -0.029466 -0.012001 8697 8704
9 184.0 494.0 -0.020961 -0.011185 8713 8720
9 184.0 494.0 -0.019039 -0.007983 8729 8736
9 182.0 494.0 -0.018019 -0.008993 8745 8751
9 182.0 494.0 -0.013363 -0.005062 8761 8770
9 182.0 494.0 -0.011207 0.000267 8778 8787
9 182.0 494.0 -0.006831 -0.007755 8795 8804
9 182.0 494.0 -0.00544 -0.00025 8813 8822
9 182.0 496.0 -0.000599 -0.002852 8831 8840
9 182.0 496.0 -0.000365 -0.000604 8848 8857
9 182.0 496.0 -0.000355 -0.000469 8865 8874
9 182.0 496.0 -2.4e-05 -3.2e-05 8884 8893
9 182.0 496.0 -3e-06 -4e-06 8901 8910
9 182.0 496.0 -0.0 -0.0 8919 8927
9 182.0 496.0 0.004675 -0.004142 8936 8944
9 182.0 496.0 0.00882 -0.004347 8953 8962
9 182.0 496.0 0.012664 -0.00339 8970 8979
9 182.0 496.0 0.011418 -0.008354 8987 8996
9 184.0 496.0 0.015529 -0.008752 9004 9013
9 184.0 496.0 0.013295 0.003947 9021 9031
9 184.0 496.0 0.01428 -0.004065 9039 9048
9 184.0 496.0 0.015204 -0.003886 9056 9065
9 186.0 496.0 0.010894 -0.001407 9074 9082
9 186.0 496.0 0.012643 -0.000138 9091 9100
9 186.0 496.0 0.01255 0.005707 9108 9117
9 186.0 496.0 0.009406 -0.000504 9125 9134
9 186.0 496.0 0.010039 -0.001755 9143 9152
9 188.0 496.0 0.00779 0.004016 9160 9169
9 188.0 496.0 0.005224 -0.000188 9177 9186
9 188.0 496.0 0.005856 0.001885 9194 9203
9 188.0 496.0 0.003735 -0.001003 9211 9220
9 188.0 496.0 0.005133 -0.001884 9229 9238
9 188.0 496.0 0.002834 0.006523 9246 9255
9 188.0 496.0 0.001609 0.000677 9264 9272
9 188.0 496.0 0.001386 0.001598 9281 9290
9 188.0 496.0 0.001306 0.001666 9299 9307
9 188.0 496.0 -0.004357 0.0117 9316 9324
9 188.0 494.0 -0.003448 0.018275 9333 9342
9 188.0 494.0 -0.008671 0.017354 9350 9359
9 188.0 494.0 -0.008659 0.021241 9368 9374
9 186.0 492.0 -0.004774 0.02065 9383 9390
9 186.0 492.0 -0.008311 0.014701 9399 9408
9 186.0 492.0 -0.008308 0.016175 9417 9425
9 186.0 492.0 -0.005314 0.008755 9434 9443
9 186.0 492.0 -0.005976 0.009657 9452 9461
9 186.0 490.0 -0.002223 0.003589 9470 9479
9 186.0 490.0 -0.000511 0.000825 9488 9498
9 186.0 490.0 -0.005577 -0.000865 9507 9517
9 186.0 490.0 -0.002265 -0.001147 9526 9535
9 186.0 490.0 -0.004022 0.003557 9543 9552
9 186.0 490.0 -0.003927 -0.0018 9561 9570
9 186.0 490.0 -0.002726 0.003857 9578 9587
9 184.0 490.0 -0.007052 0.006191 9595 9604
9 184.0 490.0 -0.007903 0.00715 9612 9621
9 184.0 490.0 -0.011942 0.002272 9630 9639
9 184.0 490.0 -0.017835 -0.001143 9647 9656
9 182.0 490.0 -0.021256 0.002062 9664 9673
9 182.0 490.0 -0.029659 0.002478 9682 9688
9 180.0 490.0 -0.033177 -0.000383 9698 9704
9 180.0 490.0 -0.039373 0.002013 9715 9721
9 178.0 490.0 -0.042311 0.002837 9732 9738
9 176.0 490.0 -0.043337 -0.003828 9747 9754
9 176.0 490.0 -0.047387 0.003514 9763 9770
9 174.0 490.0 -0.050957 0.000755 9779 9785
9 172.0 490.0 -0.052412 -0.00069 9795 9801
9 170.0 490.0 -0.053914 0.000614 9811 9818
9 168.0 490.0 -0.059431 -0.001739 9827 9835
9 166.0 490.0 -0.056276 0.002858 9843 9850
9 164.0 490.0 -0.060773 0.007396 9859 9866
9 162.0 490.0 -0.06212 0.002339 9875 9882
9 160.0 490.0 -0.062293 0.00967 9891 9898
9 158.0 488.0 -0.066184 0.011977 9907 9913
9 156.0 488.0 -0.068428 0.00642 9923 9929
9 154.0 488.0 -0.064065 0.008844 9945 9952
9 152.0 488.0 -0.065085 0.00997 9961 9968
9 150.0 488.0 -0.059399 0.007328 9978 9985
9 148.0 488.0 -0.058602 0.005237 9994 10000
9 146.0 488.0 -0.058513 0.006886 10009 10016
9 144.0 488.0 -0.051593 0.008686 10025 10032
9 142.0 486.0 -0.051885 0.009412 10041 10048
9 140.0 486.0 -0.051047 0.013528 10057 10064
9 140.0 486.0 -0.046038 0.01012 10073 10079
9 138.0 486.0 -0.045174 0.016608 10090 10096
9 136.0 486.0 -0.044878 0.010107 10106 10113
9 134.0 484.0 -0.041715 0.014825 10122 10128
9 134.0 484.0 -0.041582 0.014156 10138 10144
9 132.0 484.0 -0.039545 0.004969 10154 10160
9 132.0 484.0 -0.035427 0.012199 10170 10177
9 130.0 484.0 -0.035881 0.01179 10186 10193
9 130.0 484.0 -0.031059 0.002039 10202 10209
9 128.0 484.0 -0.026929 0.003881 10218 10224
9 128.0 482.0 -0.027991 0.008004 10234 10240
9 126.0 482.0 -0.02223 0.00085 10250 10256
9 126.0 482.0 -0.019981 0.002692 10267 10273
9 126.0 482.0 -0.018076 -0.001784 10283 10289
2 126.0 482.0 -0.01527 0.003201 10298 10305
2 124.0 482.0 -0.014179 0.000632 10314 10315
2 124.0 482.0 -0.014013 -0.001283 10331 10331
2 124.0 482.0 -0.010538 0.002345 10346 10347
2 124.0 482.0 -0.010726 0.003071 10362 10363
2 124.0 482.0 -0.014596 0.007389 10378 10378
2 122.0 482.0 -0.009011 0.003392 10394 10395
2 122.0 482.0 -0.013342 0.006794 10411 10411
2 122.0 482.0 -0.011087 -0.001009 10426 10427
2 122.0 482.0 -0.010503 0.005854 10442 10443
2 122.0 482.0 -0.013905 0.003719 10458 10458
2 120.0 482.0 -0.013414 -0.003929 10474 10475
2 120.0 482.0 -0.00983 0.003694 10490 10490
2 120.0 482.0 -0.01275 0.000936 10506 10507
2 120.0 482.0 -0.008772 -0.006837 10523 10523
2 120.0 482.0 -0.005993 -0.003436 10538 10539
2 120.0 482.0 -0.005299 -0.005494 10554 10555
2 120.0 482.0 -0.006189 -0.00686 10570 10570
2 120.0 482.0 -0.003784 -0.004223 10586 10587
2 118.0 482.0 -0.00403 -0.0045 10602 10603
2 118.0 482.0 -0.001513 -0.00169 10618 10618
2 118.0 482.0 -0.001794 -0.002003 10634 10635
2 118.0 482.0 -0.002045 -0.002283 10651 10651
2 118.0 482.0 -0.000271 -0.000302 10666 10667
2 118.0 482.0 -3.6e-05 -4e-05 10682 10683
2 118.0 482.0 -5e-06 -5e-06 10699 10699
2 118.0 482.0 -0.0 -0.0 10715 10716
2 118.0 482.0 -0.0 -0.0 10732 10732
2 118.0 482.0 -0.0 -0.0 10747 10747
2 118.0 482.0 -0.0 -0.0 10763 10764
2 118.0 482.0 -0.0 -0.0 10779 10780
2 118.0 482.0 -0.0 -0.0 10795 10796
2 118.0 482.0 0.001271 -0.002319 10811 10812
2 118.0 482.0 0.001475 -0.002692 10828 10829
2 118.0 482.0 0.000195 -0.000356 10844 10844
2 120.0 484.0 0.002275 -0.004149 10860 10861
2 120.0 484.0 0.002278 -0.004153 10877 10877
2 120.0 484.0 0.002552 -0.00465 10892 10893
2 120.0 484.0 0.002919 -0.005318 10908 10909
2 120.0 484.0 0.002675 -0.00487 10924 10925
2 120.0 484.0 0.003255 -0.005925 10941 10941
2 120.0 484.0 0.004897 -0.008904 10957 10958
2 120.0 484.0 0.000978 -0.001779 10973 10974
2 120.0 484.0 0.002385 -0.004334 10989 10989
2 120.0 484.0 0.001922 -0.009136 11004 11005
2 120.0 484.0 -0.000238 -0.004289 11021 11021
2 120.0 484.0 -3.2e-05 -0.004306 11036 11036
2 120.0 486.0 0.001272 -0.003857 11052 11053
2 120.0 486.0 -0.000187 -0.00274 11068 11069
2 120.0 486.0 0.000306 -0.000964 11085 11085
2 120.0 486.0 2.1e-05 -6.5e-05 11101 11102
2 120.0 486.0 3e-06 -9e-06 11117 11118
2 120.0 486.0 0.0 -1e-06 11134 11134
2 120.0 486.0 0.0 -0.0 11149 11150
2 120.0 486.0 0.0 -0.0 11165 11166
2 120.0 486.0 0.0 -0.0 11182 11182
2 120.0 486.0 0.0 -0.0 11197 11198
7 120.0 486.0 0.0 -0.0 11213 11215
7 120.0 486.0 0.001276 -0.002316 11230 11235
7 120.0 486.0 0.001776 -0.003224 11245 11251
7 120.0 486.0 0.005304 -0.00301 11261 11266
7 120.0 486.0 0.009735 -0.00643 11278 11283
7 120.0 486.0 0.006788 -0.005071 11295 11300
7 120.0 486.0 0.010172 -0.010348 11310 11316
7 122.0 486.0 0.010715 -0.005118 11327 11332
7 122.0 486.0 0.007554 -0.007068 11342 11348
7 122.0 488.0 0.009069 -0.008912 11359 11364
7 122.0 488.0 0.00961 -0.002253 11374 11380
7 122.0 488.0 0.010856 -0.013362 11390 11396
7 124.0 488.0 0.016974 -0.016566 11407 11412
7 124.0 488.0 0.017807 -0.0113 11422 11428
1 124.0 488.0 0.025336 -0.020262 11438 11445
1 126.0 490.0 0.034485 -0.025591 11454 11460
1 126.0 490.0 0.040751 -0.024707 11471 11477
1 128.0 492.0 0.051493 -0.028343 11486 11492
1 130.0 492.0 0.06267 -0.027327 11502 11508
1 134.0 494.0 0.070606 -0.023571 11518 11524
1 136.0 494.0 0.081447 -0.028029 11534 11540
1 138.0 494.0 0.09597 -0.022824 11550 11556
1 142.0 496.0 0.103023 -0.026784 11566 11572
1 144.0 496.0 0.115277 -0.025592 11582 11588
1 150.0 498.0 0.123099 -0.025614 11598 11604
1 154.0 498.0 0.131731 -0.028959 11614 11620
1 158.0 498.0 0.148273 -0.029354 11630 11636
1 162.0 500.0 0.153232 -0.021329 11646 11652
1 168.0 500.0 0.162637 -0.026946 11662 11668
1 174.0 502.0 0.174076 -0.03036 11678 11684
1 180.0 502.0 0.180119 -0.024429 11695 11700
1 186.0 504.0 0.191408 -0.029737 11712 11717
1 194.0 504.0 0.194956 -0.026729 11729 11734
1 200.0 506.0 0.199709 -0.022893 11744 11749
1 206.0 506.0 0.207067 -0.02181 11760 11765
1 212.0 506.0 0.210948 -0.014534 11776 11782
1 218.0 506.0 0.217993 -0.012294 11792 11798
1 228.0 506.0 0.222586 -0.007673 11808 11814
1 234.0 508.0 0.222844 -0.001716 11824 11831
1 242.0 508.0 0.226058 0.000942 11840 11846
1 248.0 506.0 0.23238 0.00391 11856 11862
1 254.0 506.0 0.234319 0.013254 11872 11879
1 262.0 506.0 0.239007 0.01046 11888 11894
1 272.0 506.0 0.238866 0.014344 11905 11910
1 278.0 506.0 0.238716 0.017998 11921 11927
1 286.0 504.0 0.241025 0.02172 11937 11943
1 294.0 504.0 0.237063 0.017315 11953 11959
1 302.0 504.0 0.23779 0.017368 11969 11975
1 310.0 504.0 0.236988 0.014228 11985 11991
1 318.0 502.0 0.236294 0.016351 12001 12007
1 324.0 502.0 0.232204 0.013263 12017 12023
1 334.0 502.0 0.234202 0.015515 12033 12039
1 340.0 502.0 0.228811 0.018785 12050 12056
1 358.0 500.0 0.225608 0.016404 12066 12074
1 366.0 500.0 0.225739 0.016676 12106 12112
1 374.0 500.0 0.225384 0.017886 12123 12129
1 380.0 498.0 0.222431 0.01686 12138 12144
1 388.0 498.0 0.223408 0.020001 12154 12160
1 394.0 498.0 0.220166 0.020913 12170 12176
1 400.0 496.0 0.214093 0.021859 12186 12192
1 408.0 496.0 0.210816 0.022633 12202 12208
1 416.0 496.0 0.208373 0.022934 12219 12224
1 422.0 494.0 0.200793 0.024893 12235 12240
1 428.0 494.0 0.195608 0.022445 12251 12257
1 434.0 494.0 0.188938 0.020268 12267 12273
1 440.0 492.0 0.177186 0.019068 12283 12289
1 446.0 492.0 0.172058 0.01296 12299 12305
1 450.0 492.0 0.15852 0.011124 12315 12321
1 454.0 492.0 0.151696 0.005472 12331 12337
1 460.0 492.0 0.142825 0.006849 12347 12353
1 464.0 492.0 0.136457 0.002615 12363 12369
1 468.0 492.0 0.126612 0.001408 12379 12385
1 472.0 492.0 0.117773 0.00399 12395 12401
1 476.0 492.0 0.110509 0.001672 12411 12417
1 478.0 492.0 0.100215 -0.003155 12427 12433
2 482.0 492.0 0.096122 -0.00585 12443 12450
2 484.0 492.0 0.09213 -0.002471 12459 12460
2 486.0 492.0 0.084624 -0.007066 12475 12475
2 488.0 492.0 0.074633 -0.005951 12491 12492
2 492.0 492.0 0.06477 -0.000347 12507 12508
2 492.0 492.0 0.05934 -0.008991 12523 12524
2 494.0 492.0 0.052183 -0.006394 12539 12540
2 496.0 492.0 0.04559 -0.005562 12555 12556
2 496.0 494.0 0.032263 -0.003637 12571 12572
2 498.0 494.0 0.027846 -0.003712 12588 12588
2 498.0 494.0 0.018314 0.000408 12603 12604
2 498.0 494.0 0.014446 -0.004533 12619 12620
2 498.0 494.0 0.006711 -0.003498 12635 12636
2 498.0 494.0 0.001836 -0.001347 12651 12652
2 500.0 494.0 0.000745 -0.000646 12667 12668
2 500.0 494.0 9.9e-05 -8.5e-05 12683 12684
2 498.0 494.0 -0.006581 -0.00411 12700 12700
2 498.0 494.0 -0.016594 0.000867 12715 12716
2 498.0 494.0 -0.018739 -0.001703 12731 12732
2 498.0 494.0 -0.019202 0.002075 12747 12748
2 496.0 494.0 -0.02073 0.000337 12763 12764
2 496.0 494.0 -0.026294 0.00153 12780 12780
2 494.0 494.0 -0.022896 0.000182 12795 12796
2 494.0 494.0 -0.023843 -0.001661 12812 12812
2 494.0 494.0 -0.01892 -0.006031 12827 12828
2 492.0 494.0 -0.018276 -0.00111 12843 12844
2 492.0 494.0 -0.020112 -0.000488 12859 12860
2 492.0 494.0 -0.011252 -0.004821 12875 12876
2 492.0 494.0 -0.011336 -0.002988 12891 12892
2 492.0 494.0 -0.009878 -0.001072 12907 12908
2 492.0 494.0 -0.001831 -0.005212 12924 12924
2 492.0 494.0 -0.000574 -0.001605 12939 12939
2 492.0 494.0 -0.000577 -0.001594 12955 12956
2 492.0 494.0 -0.000294 -0.000811 12972 12972
2 492.0 494.0 -3.9e-05 -0.000107 12987 12988
2 492.0 494.0 0.004374 -0.004153 13003 13003
2 492.0 494.0 0.006611 -0.000128 13018 13019
2 492.0 494.0 0.00998 0.001769 13034 13035
2 492.0 494.0 0.009042 0.009605 13051 13051
2 492.0 494.0 0.007561 0.004415 13067 13067
2 492.0 494.0 0.010266 0.00463 13083 13084
2 494.0 494.0 0.0066 0.011459 13100 13100
2 494.0 494.0 0.006318 0.003483 13115 13116
2 494.0 494.0 0.009928 0.002262 13131 13132
2 494.0 494.0 0.00361 0.008499 13147 13147
2 494.0 494.0 0.003714 0.001106 13163 13164
2 494.0 494.0 0.006963 -0.001691 13179 13180
2 494.0 494.0 -3.8e-05 -0.001102 13195 13195
2 494.0 494.0 0.000252 -0.000314 13211 13212
2 494.0 494.0 3.3e-05 -4.2e-05 13228 13228
2 494.0 494.0 4e-06 -5e-06 13243 13243
2 494.0 494.0 1e-06 -1e-06 13259 13260
2 494.0 494.0 -0.002116 -0.005897 13276 13276
2 494.0 494.0 -0.002565 -0.007143 13291 13292
2 494.0 494.0 -0.002626 -0.007307 13307 13308
2 494.0 494.0 -0.004262 -0.011839 13323 13323
2 494.0 494.0 -0.002694 -0.007477 13339 13340
2 494.0 494.0 -0.003382 -0.009373 13355 13356
2 494.0 496.0 -0.004063 -0.011243 13371 13371
2 494.0 496.0 -0.002506 -0.006929 13387 13388
2 494.0 496.0 -0.003133 -0.008655 13403 13403
2 494.0 496.0 -0.003721 -0.010263 13419 13420
2 494.0 496.0 -0.002474 -0.006818 13435 13436
2 492.0 496.0 -0.010094 0.000999 13451 13451
2 492.0 496.0 -0.010238 0.006046 13467 13468
2 492.0 496.0 -0.011395 0.009045 13483 13484
2 492.0 496.0 -0.01029 0.007635 13499 13499
6 492.0 496.0 -0.004275 0.002326 13515 13517
7 492.0 496.0 -0.00153 -0.003257 13531 13539
7 492.0 496.0 -0.002346 -0.006317 13547 13554
7 492.0 496.0 -0.000964 -0.002631 13564 13570
7 492.0 496.0 -0.001455 -0.00399 13579 13586
7 492.0 496.0 -0.003937 0.00174 13595 13602
7 492.0 496.0 -0.004753 0.003 13611 13618
7 490.0 496.0 -0.007487 0.005025 13627 13634
7 490.0 496.0 -0.00389 0.003408 13643 13650
7 490.0 496.0 -0.003913 0.003666 13659 13665
7 490.0 496.0 0.00065 -0.000618 13675 13682
7 490.0 496.0 0.000585 -0.000553 13691 13697
7 490.0 496.0 0.000732 0.001722 13708 13714
7 490.0 496.0 0.000469 0.001268 13725 13731
7 490.0 496.0 -0.000108 -0.000298 13742 13748
7 490.0 496.0 -1.4e-05 -3.9e-05 13758 13764
7 490.0 496.0 -2e-06 -5e-06 13773 13779
7 490.0 496.0 -0.0 -1e-06 13789 13795
7 490.0 496.0 -0.0 -0.0 13805 13812
7 490.0 496.0 -0.0 -0.0 13821 13828
7 490.0 496.0 -0.0 -0.0 13837 13844
7 490.0 496.0 -0.0 -0.0 13853 13860
7 490.0 496.0 -0.002899 0.002744 13869 13875
7 490.0 496.0 -0.006679 0.006324 13885 13892
7 490.0 494.0 -0.010953 0.010383 13901 13907
7 490.0 494.0 -0.017415 0.016534 13917 13924
9 488.0 494.0 -0.032116 0.016579 13933 13944
9 486.0 494.0 -0.040106 0.0077 13952 13959
9 484.0 492.0 -0.053261 0.010841 13968 13975
9 482.0 494.0 -0.065004 -0.001748 13984 13991
9 480.0 494.0 -0.074899 -0.013068 14000 14006
9 478.0 494.0 -0.092159 -0.016808 14016 14023
9 474.0 494.0 -0.104505 -0.022277 14032 14039
9 470.0 496.0 -0.118561 -0.023671 14048 14055
9 466.0 496.0 -0.135103 -0.02027 14064 14071
9 462.0 496.0 -0.154188 -0.019247 14080 14087
9 456.0 498.0 -0.163793 -0.016127 14096 14103
9 450.0 498.0 -0.176933 -0.014445 14112 14119
9 436.0 500.0 -0.192493 -0.017714 14128 14135
9 428.0 500.0 -0.196672 -0.020193 14167 14174
9 422.0 500.0 -0.19715 -0.023203 14183 14190
9 416.0 502.0 -0.205303 -0.017469 14199 14205
9 410.0 502.0 -0.211538 -0.017616 14215 14222
9 404.0 502.0 -0.213822 -0.019698 14231 14238
9 394.0 504.0 -0.222924 -0.017942 14247 14253
9 388.0 504.0 -0.22361 -0.01481 14263 14269
9 382.0 504.0 -0.228989 -0.010877 14279 14286
9 374.0 504.0 -0.233007 -0.012783 14295 14302
9 366.0 504.0 -0.233797 -0.011663 14311 14318
9 358.0 506.0 -0.236154 -0.008644 14327 14334
9 350.0 506.0 -0.241024 -0.010777 14343 14350
9 344.0 506.0 -0.237405 -0.013112 14360 14366
9 336.0 506.0 -0.238926 -0.014116 14375 14382
9 328.0 506.0 -0.233504 -0.016133 14391 14398
9 320.0 508.0 -0.234875 -0.021647 14407 14414
9 312.0 508.0 -0.233544 -0.017739 14423 14430
9 306.0 508.0 -0.232306 -0.021105 14439 14446
9 298.0 510.0 -0.231086 -0.022574 14455 14462
9 292.0 510.0 -0.234465 -0.024903 14471 14477
9 282.0 512.0 -0.231594 -0.021447 14487 14493
9 276.0 512.0 -0.232617 -0.022324 14503 14509
9 268.0 512.0 -0.231733 -0.020301 14520 14526
9 262.0 514.0 -0.225977 -0.023078 14537 14543
9 252.0 514.0 -0.225745 -0.016768 14552 14559
9 246.0 514.0 -0.226368 -0.021466 14568 14575
9 240.0 516.0 -0.223103 -0.020842 14584 14591
9 232.0 516.0 -0.219759 -0.017098 14600 14607
9 226.0 516.0 -0.21681 -0.018195 14616 14623
9 218.0 518.0 -0.212895 -0.02231 14632 14639
9 212.0 518.0 -0.212706 -0.019446 14648 14655
9 206.0 518.0 -0.210138 -0.014247 14664 14671
9 198.0 520.0 -0.206826 -0.01725 14680 14686
9 192.0 520.0 -0.205826 -0.015 14696 14702
9 184.0 520.0 -0.201322 -0.017789 14713 14719
9 178.0 520.0 -0.198489 -0.017989 14728 14735
9 172.0 522.0 -0.195564 -0.017414 14744 14751
9 168.0 522.0 -0.188723 -0.023435 14760 14767
9 162.0 522.0 -0.187255 -0.018415 14776 14783
9 154.0 524.0 -0.188614 -0.021133 14792 14799
9 148.0 524.0 -0.180244 -0.023864 14808 14815
9 144.0 526.0 -0.176862 -0.024322 14824 14832
9 138.0 526.0 -0.173449 -0.025567 14840 14846
9 134.0 526.0 -0.162873 -0.027587 14856 14863
9 128.0 528.0 -0.15681 -0.026288 14872 14879
9 122.0 528.0 -0.153974 -0.026765 14889 14895
9 118.0 530.0 -0.1456 -0.028568 14905 14912
9 114.0 530.0 -0.137784 -0.023907 14921 14928
9 110.0 530.0 -0.133996 -0.021362 14937 14944
9 104.0 532.0 -0.123677 -0.027757 14953 14960
9 102.0 532.0 -0.116402 -0.020226 14969 14976
9 98.0 534.0 -0.113584 -0.017786 14985 14992
9 96.0 534.0 -0.101187 -0.019471 15000 15006
9 92.0 534.0 -0.097297 -0.01347 15017 15023
9 88.0 534.0 -0.0915 -0.012576 15033 15039
9 86.0 536.0 -0.084685 -0.011782 15049 15055
9 84.0 536.0 -0.077422 -0.010419 15066 15072
9 80.0 536.0 -0.071452 -0.009758 15083 15089
9 78.0 536.0 -0.06417 -0.007863 15098 15105
9 76.0 536.0 -0.063842 -0.00634 15114 15121
9 76.0 536.0 -0.054933 -0.009739 15130 15137
9 74.0 536.0 -0.047009 -0.00488 15146 15153
9 72.0 536.0 -0.046569 -0.002129 15162 15169
9 70.0 536.0 -0.039173 -0.005435 15178 15185
9 70.0 536.0 -0.034953 -0.001009 15194 15200
9 68.0 536.0 -0.034292 -0.000474 15211 15217
9 68.0 536.0 -0.025303 0.002707 15227 15233
9 68.0 536.0 -0.023388 0.003814 15243 15249
9 66.0 536.0 -0.022456 0.004702 15258 15265
2 66.0 536.0 -0.01546 0.005817 15274 15281
2 66.0 536.0 -0.012727 0.007642 15291 15291
2 66.0 536.0 -0.012433 0.007014 15306 15307
2 66.0 536.0 -0.005194 0.007317 15322 15323
2 66.0 536.0 -0.00491 0.006733 15338 15338
2 64.0 536.0 -0.004943 0.005784 15354 15355
2 64.0 536.0 -0.001103 0.001801 15371 15371
2 64.0 536.0 -0.000475 0.000841 15386 15387
2 64.0 536.0 -6.3e-05 0.000111 15402 15403
2 64.0 536.0 -8e-06 1.5e-05 15419 15419
2 64.0 536.0 0.003516 0.003261 15434 15435
2 66.0 534.0 0.006642 0.00616 15450 15451
2 66.0 534.0 0.008974 -0.000449 15467 15467
2 66.0 536.0 0.011567 -0.005389 15483 15483
2 66.0 534.0 0.010193 0.002929 15499 15500
2 66.0 536.0 0.007797 -0.000718 15515 15515
2 66.0 536.0 0.010673 -0.003921 15531 15531
2 66.0 536.0 0.007307 0.001467 15547 15548
2 68.0 536.0 0.008445 -0.000822 15563 15563
2 68.0 536.0 0.010876 -0.004285 15579 15580
2 68.0 536.0 0.007332 0.001423 15595 15595
2 68.0 536.0 0.00814 -0.001221 15611 15612
2 68.0 536.0 0.009009 0.00185 15627 15628
2 68.0 536.0 0.004223 -0.000431 15643 15643
2 68.0 536.0 0.00528 -0.001851 15659 15660
2 68.0 536.0 0.004756 0.003024 15676 15676
2 68.0 536.0 0.002917 -0.00188 15691 15692
2 68.0 536.0 0.00567 -0.005023 15707 15708
2 70.0 536.0 0.004297 0.003528 15723 15723
2 70.0 536.0 0.002295 0.00117 15739 15740
2 70.0 536.0 0.006504 -0.004163 15755 15756
2 70.0 536.0 0.004342 0.000986 15771 15771
2 70.0 536.0 0.006391 0.001154 15787 15788
2 70.0 536.0 0.011352 -0.001516 15804 15804
2 70.0 536.0 0.009261 0.007075 15819 15819
2 70.0 534.0 0.011902 0.006173 15836 15837
2 72.0 534.0 0.01413 0.009003 15853 15853
2 72.0 534.0 0.009977 0.00882 15868 15868
2 72.0 534.0 0.01223 0.011447 15884 15885
2 72.0 534.0 0.010176 0.023739 15901 15901
2 72.0 532.0 0.014933 0.020861 15916 15917
2 74.0 532.0 0.019148 0.019038 15933 15933
2 74.0 532.0 0.023866 0.022792 15949 15950
2 76.0 532.0 0.034385 0.003463 15965 15966
2 76.0 532.0 0.045408 -0.006911 15981 15981
2 78.0 532.0 0.051918 -0.007478 15997 15998
2 80.0 532.0 0.054651 -0.016848 16013 16014
2 82.0 532.0 0.057142 -0.015974 16029 16029
2 84.0 534.0 0.054618 -0.005994 16045 16046
2 86.0 534.0 0.054684 -0.00149 16062 16062
2 88.0 534.0 0.060097 -0.000899 16077 16078
2 90.0 534.0 0.063523 0.002968 16093 16094
2 92.0 532.0 0.070702 0.004767 16109 16109
2 94.0 532.0 0.077678 0.002992 16125 16126
2 96.0 532.0 0.08806 0.005397 16141 16142
2 100.0 532.0 0.098029 0.004499 16157 16157
2 104.0 532.0 0.106672 0.009407 16173 16174
2 108.0 532.0 0.111359 0.005926 16190 16190
7 112.0 532.0 0.123899 0.009861 16205 16207
1 116.0 530.0 0.12379 0.019331 16221 16228
1 126.0 528.0 0.135434 0.036746 16259 16266
1 130.0 528.0 0.144877 0.034185 16275 16281
1 136.0 526.0 0.153075 0.034909 16291 16298
1 140.0 526.0 0.158884 0.040453 16307 16313
1 146.0 524.0 0.16542 0.0335 16323 16329
1 152.0 524.0 0.175025 0.034253 16339 16345
1 158.0 522.0 0.179641 0.037662 16355 16361
1 164.0 522.0 0.186878 0.035571 16371 16377
1 168.0 520.0 0.191311 0.035672 16387 16393
1 176.0 518.0 0.195436 0.038766 16403 16409
1 182.0 518.0 0.199104 0.042781 16419 16425
1 188.0 516.0 0.202951 0.042332 16435 16441
1 196.0 514.0 0.206753 0.044649 16451 16457
1 202.0 514.0 0.212514 0.047112 16467 16473
1 210.0 512.0 0.214018 0.046366 16484 16489
1 216.0 510.0 0.216807 0.042584 16499 16505
1 224.0 508.0 0.22279 0.045083 16515 16521
1 230.0 508.0 0.22407 0.046612 16532 16537
1 236.0 506.0 0.227534 0.042957 16547 16553
1 246.0 504.0 0.229968 0.042369 16563 16569
1 252.0 504.0 0.230299 0.044818 16579 16585
1 260.0 502.0 0.231768 0.041641 16596 16602
1 266.0 500.0 0.231568 0.045429 16612 16618
1 274.0 500.0 0.231303 0.043591 16628 16634
1 284.0 498.0 0.233755 0.044026 16644 16650
1 290.0 496.0 0.229779 0.045345 16661 16667
1 298.0 496.0 0.230577 0.043078 16677 16682
1 304.0 494.0 0.232925 0.043139 16693 16698
1 314.0 492.0 0.230717 0.038835 16708 16714
1 320.0 492.0 0.23191 0.034725 16725 16731
1 328.0 490.0 0.233869 0.037373 16740 16746
1 334.0 490.0 0.22948 0.030244 16756 16762
1 340.0 488.0 0.227837 0.030394 16772 16778
1 350.0 488.0 0.225775 0.025009 16788 16794
1 356.0 486.0 0.22244 0.027158 16804 16810
1 364.0 486.0 0.22229 0.018211 16821 16826
1 370.0 486.0 0.214278 0.016584 16837 16843
1 376.0 486.0 0.210728 0.019962 16853 16858
1 382.0 484.0 0.208626 0.011536 16869 16874
1 390.0 484.0 0.203015 0.011995 16886 16891
1 396.0 484.0 0.19672 0.011641 16901 16907
1 402.0 484.0 0.190941 0.004043 16917 16923
1 408.0 484.0 0.184751 0.00207 16933 16939
1 414.0 484.0 0.174386 0.003761 16949 16955
1 420.0 484.0 0.169956 0.000716 16965 16971
1 424.0 484.0 0.166341 -0.002882 16981 16987
1 430.0 484.0 0.156438 -0.007218 16997 17002
1 436.0 484.0 0.151283 -0.005828 17014 17019
1 440.0 484.0 0.143642 -0.002998 17030 17036
1 444.0 484.0 0.1403 -0.011131 17045 17051
1 448.0 486.0 0.133866 -0.011733 17061 17067
1 452.0 486.0 0.124636 -0.00656 17077 17083
1 456.0 486.0 0.119839 -0.01135 17093 17099
1 460.0 486.0 0.1118 -0.007232 17109 17115
1 464.0 486.0 0.101358 -0.00204 17125 17131
1 466.0 486.0 0.095716 -0.001471 17141 17147
1 468.0 486.0 0.090737 -0.004179 17157 17163
1 472.0 486.0 0.084307 -0.002321 17173 17179
1 474.0 486.0 0.082102 -0.0056 17189 17195
1 478.0 486.0 0.076484 -0.000958 17206 17212
1 480.0 486.0 0.070751 -0.006686 17222 17228
1 482.0 488.0 0.070781 -0.008695 17238 17244
1 484.0 488.0 0.061223 -0.005161 17254 17260
1 486.0 488.0 0.057356 -0.006315 17270 17276
2 486.0 488.0 0.052522 -0.008023 17286 17293
2 488.0 488.0 0.048408 -0.002479 17302 17303
2 490.0 488.0 0.039994 -0.006096 17318 17319
2 490.0 488.0 0.034863 -0.006979 17335 17335
2 492.0 488.0 0.026502 0.000445 17351 17352
2 492.0 488.0 0.020644 -0.002787 17368 17368
2 492.0 488.0 0.019069 -0.005474 17383 17384
2 494.0 488.0 0.010135 0.00421 17399 17400
2 494.0 488.0 0.004398 6.9e-05 17415 17415
2 494.0 488.0 0.00345 -0.002979 17431 17432
2 494.0 488.0 0.000456 -0.000394 17447 17448
2 494.0 488.0 -0.003781 0.003583 17463 17464
2 492.0 488.0 -0.017282 0.002446 17479 17479
2 492.0 488.0 -0.018901 0.001371 17495 17496
2 492.0 488.0 -0.023214 -0.001451 17511 17511
2 490.0 488.0 -0.026873 -0.004921 17527 17528
2 490.0 488.0 -0.024885 0.001346 17544 17544
2 488.0 488.0 -0.027565 -0.004146 17559 17559
2 488.0 488.0 -0.027955 -0.005604 17575 17576
2 486.0 488.0 -0.026489 -0.002732 17592 17592
2 486.0 488.0 -0.025339 -0.001463 17607 17608
2 486.0 488.0 -0.020737 -0.006794 17623 17624
2 484.0 488.0 -0.018889 -0.000671 17640 17640
2 484.0 488.0 -0.018514 0.001756 17656 17657
2 484.0 490.0 -0.010716 -0.002889 17672 17673
2 484.0 490.0 -0.010476 -0.000244 17688 17689
2 484.0 490.0 -0.010445 0.000108 17704 17704
2 484.0 490.0 -0.004047 -0.000231 17720 17721
2 482.0 490.0 -0.003744 0.001825 17737 17737
2 482.0 490.0 -0.005995 0.001248 17752 17752
2 482.0 490.0 0.000501 -0.001712 17768 17769
2 482.0 490.0 6.6e-05 -0.000226 17784 17785
2 482.0 490.0 9e-06 -3e-05 17800 17801
2 482.0 490.0 1e-06 -2e-06 17816 17817
2 482.0 490.0 0.0 -0.0 17833 17833
2 482.0 488.0 0.00314 0.008593 17849 17850
2 484.0 490.0 0.005535 -0.002535 17866 17866
2 484.0 490.0 0.01023 -0.000896 17881 17882
2 484.0 488.0 0.006836 0.00511 17897 17898
2 484.0 488.0 0.005594 -0.000782 17913 17914
2 484.0 488.0 0.009797 -0.000235 17929 17930
2 484.0 488.0 0.004112 0.004042 17945 17946
2 484.0 488.0 0.007636 -0.000955 17962 17962
2 484.0 488.0 0.008641 0.00291 17977 17978
2 484.0 488.0 0.002465 0.004029 17993 17994
2 486.0 488.0 0.004685 5e-06 18010 18010
2 486.0 488.0 0.003537 0.005168 18025 18026
2 486.0 488.0 0.002376 -0.001147 18042 18042
2 486.0 488.0 0.003369 -0.000661 18058 18059
2 486.0 488.0 0.001442 0.000819 18074 18075
2 486.0 488.0 2.2e-05 -0.000358 18090 18090
2 486.0 488.0 1e-06 -2.4e-05 18107 18107
2 486.0 488.0 0.0 -3e-06 18122 18122
2 486.0 488.0 0.0 -0.0 18138 18139
2 486.0 488.0 0.0 -0.0 18155 18155
2 486.0 488.0 -0.006343 -0.001328 18171 18172
2 484.0 488.0 -0.009231 -5.9e-05 18187 18188
6 484.0 488.0 -0.012396 -0.000265 18203 18204
7 484.0 488.0 -0.012541 0.003801 18219 18227
7 484.0 488.0 -0.013122 0.001093 18235 18242
7 484.0 488.0 -0.011304 -0.002883 18251 18258
7 484.0 488.0 -0.011197 -0.000177 18267 18274
7 482.0 488.0 -0.01261 0.001492 18283 18289
7 482.0 488.0 -0.00868 -0.002864 18299 18306
7 482.0 488.0 -0.007102 -0.001864 18315 18322
7 482.0 488.0 -0.0098 0.004016 18331 18337
7 482.0 488.0 -0.005178 0.000545 18348 18354
7 482.0 488.0 -0.005834 0.003618 18364 18371
7 482.0 488.0 -0.001771 -0.000424 18386 18392
7 482.0 488.0 -0.000234 -5.6e-05 18401 18408
7 482.0 488.0 -3.1e-05 -7e-06 18417 18424
7 482.0 488.0 -4e-06 -1e-06 18433 18439
7 482.0 488.0 -1e-06 -0.0 18449 18456
7 482.0 488.0 -0.0 -0.0 18466 18472
7 482.0 488.0 -0.00287 0.002775 18481 18488
7 482.0 488.0 -0.00661 0.006395 18497 18503
7 480.0 488.0 -0.012362 0.011971 18513 18519
7 480.0 488.0 -0.015617 0.007726 18530 18536
9 480.0 488.0 -0.027021 0.008838 18545 18555
9 478.0 488.0 -0.039857 0.005164 18564 18570
9 476.0 486.0 -0.053379 0.01224 18580 18587
9 474.0 486.0 -0.069323 0.010941 18596 18603
9 472.0 486.0 -0.078789 0.005183 18612 18619
9 468.0 486.0 -0.092593 0.01085 18628 18635
9 464.0 486.0 -0.106614 0.007268 18644 18651
9 460.0 486.0 -0.120794 0.009477 18662 18669
9 456.0 486.0 -0.135967 0.00758 18678 18684
9 452.0 484.0 -0.147807 0.007819 18693 18700
9 446.0 484.0 -0.15394 0.006802 18709 18716
9 442.0 484.0 -0.169588 0.005468 18725 18732
9 434.0 484.0 -0.178379 0.005208 18742 18749
9 430.0 484.0 -0.18247 0.003875 18758 18765
9 424.0 484.0 -0.190623 0.002405 18774 18781
9 418.0 484.0 -0.195228 -0.000407 18790 18797
9 412.0 484.0 -0.199429 0.001777 18806 18813
9 406.0 484.0 -0.204252 0.001167 18822 18829
9 400.0 484.0 -0.204875 -0.003401 18838 18844
9 390.0 484.0 -0.208387 0.002786 18854 18860
9 384.0 484.0 -0.209763 0.000351 18871 18877
9 378.0 484.0 -0.210534 -0.002294 18887 18894
9 370.0 484.0 -0.214408 -0.000615 18903 18910
9 364.0 484.0 -0.21465 0.000145 18919 18926
9 356.0 484.0 -0.2121 -0.004027 18935 18942
9 350.0 484.0 -0.215383 -0.00333 18951 18958
9 344.0 484.0 -0.215784 0.001275 18967 18974
9 336.0 484.0 -0.212942 -0.001661 18983 18990
9 328.0 486.0 -0.216113 -0.003096 18999 19005
9 322.0 486.0 -0.214131 -0.003793 19015 19022
9 316.0 486.0 -0.214923 -0.002488 19031 19038
9 310.0 486.0 -0.212905 -0.00803 19047 19054
9 302.0 486.0 -0.211894 -0.008276 19063 19069
9 294.0 486.0 -0.211785 -0.006886 19079 19085
9 288.0 486.0 -0.210287 -0.012532 19095 19102
9 282.0 486.0 -0.208365 -0.017156 19111 19117
9 276.0 488.0 -0.209001 -0.015263 19127 19133
9 268.0 488.0 -0.20645 -0.020585 19143 19149
9 262.0 490.0 -0.202381 -0.02853 19159 19165
9 256.0 490.0 -0.202428 -0.024627 19175 19181
9 250.0 490.0 -0.195328 -0.030831 19191 19198
9 242.0 492.0 -0.19394 -0.033742 19207 19214
9 236.0 494.0 -0.190385 -0.034068 19223 19229
9 230.0 494.0 -0.188081 -0.035207 19239 19245
9 226.0 496.0 -0.18435 -0.034112 19255 19261
9 220.0 496.0 -0.178118 -0.039111 19271 19278
9 212.0 498.0 -0.175106 -0.037322 19287 19293
9 208.0 500.0 -0.168945 -0.038453 19303 19309
9 202.0 500.0 -0.168311 -0.037465 19319 19325
9 198.0 502.0 -0.158878 -0.041361 19336 19342
9 194.0 502.0 -0.156161 -0.03624 19352 19358
9 188.0 504.0 -0.153581 -0.035726 19368 19374
9 182.0 506.0 -0.145589 -0.035029 19385 19391
9 178.0 506.0 -0.140803 -0.03462 19400 19407
9 174.0 508.0 -0.139992 -0.029976 19416 19423
9 170.0 508.0 -0.130594 -0.033167 19432 19439
9 166.0 510.0 -0.128922 -0.027293 19448 19455
9 162.0 510.0 -0.126362 -0.026879 19464 19471
9 158.0 512.0 -0.115753 -0.027399 19480 19487
9 154.0 512.0 -0.117609 -0.02694 19496 19503
9 150.0 514.0 -0.111348 -0.022626 19512 19519
9 148.0 514.0 -0.103998 -0.026708 19528 19535
9 144.0 514.0 -0.103934 -0.024843 19545 19551
9 140.0 516.0 -0.097839 -0.025121 19561 19567
9 138.0 516.0 -0.090342 -0.022705 19576 19583
9 134.0 516.0 -0.090203 -0.019199 19592 19599
9 132.0 518.0 -0.081057 -0.021541 19608 19614
9 130.0 518.0 -0.076461 -0.015419 19624 19632
9 128.0 518.0 -0.071235 -0.015562 19641 19648
9 126.0 520.0 -0.066314 -0.016425 19657 19664
9 124.0 520.0 -0.062102 -0.010642 19673 19680
9 122.0 520.0 -0.059961 -0.0053 19689 19695
9 120.0 520.0 -0.054414 -0.009067 19705 19711
9 118.0 520.0 -0.04932 -0.003625 19722 19728
9 116.0 520.0 -0.046418 -0.000725 19738 19744
9 116.0 520.0 -0.038996 0.00267 19755 19761
9 114.0 520.0 -0.036739 0.003322 19771 19778
9 114.0 520.0 -0.031826 0.001891 19787 19793
9 112.0 520.0 -0.026818 0.006191 19803 19809
9 112.0 520.0 -0.026149 0.007729 19819 19825
9 110.0 520.0 -0.021118 0.000243 19835 19841
2 110.0 518.0 -0.01343 0.004223 19851 19858
2 110.0 518.0 -0.014076 0.006628 19867 19868
2 110.0 518.0 -0.009858 0.001824 19883 19884
2 110.0 518.0 -0.00365 0.006141 19899 19899
2 110.0 518.0 -0.003813 0.003816 19915 19916
2 110.0 518.0 -0.00099 -0.001301 19931 19932
2 110.0 518.0 -0.001137 0.001596 19947 19947
2 110.0 518.0 -0.004097 0.007151 19963 19964
2 110.0 518.0 0.00674 0.003025 19979 19980
2 110.0 518.0 0.004548 0.004224 19995 19995
2 110.0 518.0 0.008637 0.009006 20011 20012
2 110.0 518.0 0.006153 0.00644 20028 20028
2 110.0 518.0 0.006799 0.007127 20043 20044
2 110.0 516.0 0.007896 0.008283 20059 20060
2 110.0 516.0 0.007392 0.00776 20075 20075
2 112.0 516.0 0.006345 0.006668 20091 20092
2 112.0 516.0 0.007485 0.007872 20107 20108
2 112.0 516.0 0.00366 0.003851 20123 20123
2 112.0 516.0 0.007114 0.001942 20139 20140
2 112.0 516.0 0.005688 0.002736 20156 20156
2 112.0 516.0 0.005049 -0.003488 20171 20172
2 112.0 516.0 0.007287 -0.005542 20187 20188
2 112.0 516.0 0.005274 0.002856 20203 20203
2 112.0 516.0 0.002003 -0.004752 20219 20220
2 112.0 516.0 0.003809 -0.005315 20236 20236
2 112.0 516.0 0.000504 -0.000703 20251 20252
2 112.0 516.0 0.001074 -0.001859 20267 20268
2 112.0 516.0 0.00212 -0.003713 20283 20283
2 112.0 516.0 0.00028 -0.000491 20299 20300
2 112.0 516.0 1.9e-05 -3.3e-05 20316 20316
2 112.0 516.0 2e-06 -4e-06 20332 20333
2 112.0 516.0 0.0 -1e-06 20348 20349
2 112.0 516.0 0.001311 -0.002297 20364 20364
2 112.0 516.0 0.000514 -0.0009 20380 20381
2 112.0 516.0 3.5e-05 -6.1e-05 20397 20397
2 112.0 516.0 5e-06 -8e-06 20412 20413
2 112.0 516.0 1e-06 -1e-06 20428 20429
2 112.0 516.0 0.0 -0.0 20444 20445
2 112.0 516.0 0.0 -0.0 20460 20461
2 112.0 516.0 0.0 -0.0 20477 20477
2 112.0 516.0 0.0 -0.0 20493 20494
2 112.0 516.0 0.0 -0.0 20509 20510
2 112.0 516.0 0.0 -0.0 20525 20526
2 112.0 516.0 0.0 -0.0 20541 20542
2 112.0 516.0 0.0 -0.0 20557 20558
2 112.0 516.0 0.0 -0.0 20573 20573
2 112.0 516.0 0.0 -0.0 20589 20590
2 112.0 516.0 0.0 -0.0 20605 20606
2 112.0 516.0 0.0 -0.0 20621 20621
2 112.0 518.0 0.001008 -0.001766 20637 20638
2 112.0 518.0 0.000133 -0.000234 20654 20654
2 112.0 518.0 0.001329 -0.002327 20670 20671
2 112.0 518.0 0.004223 -0.007392 20687 20687
2 114.0 518.0 0.00161 0.002855 20702 20702
2 114.0 518.0 0.003508 -0.002657 20718 20719
2 114.0 518.0 0.00511 -0.005642 20735 20735
2 114.0 518.0 0.002861 -0.000936 20751 20752
7 114.0 518.0 0.004685 -0.001135 20767 20769
7 114.0 518.0 0.004338 0.002729 20783 20789
7 114.0 518.0 0.002228 -0.001574 20800 20805
7 114.0 518.0 0.002959 0.001651 20816 20821
7 114.0 518.0 0.005018 0.005207 20833 20838
7 114.0 518.0 0.003289 0.003465 20849 20854
7 114.0 516.0 0.006392 0.003077 20866 20871
7 114.0 516.0 0.006778 0.000878 20882 20888
7 114.0 516.0 0.013139 -0.002685 20898 20904
7 116.0 516.0 0.019644 -0.001891 20914 20920
7 116.0 516.0 0.018844 0.00026 20930 20936
1 118.0 516.0 0.027 -0.000195 20947 20954
1 118.0 516.0 0.03303 0.003364 20963 20969
1 120.0 516.0 0.037453 0.00132 20979 20985
1 120.0 516.0 0.044331 0.003094 20995 21000
1 122.0 516.0 0.057373 0.002858 21011 21017
1 124.0 516.0 0.063088 0.001236 21027 21033
1 128.0 516.0 0.072454 -0.003526 21043 21049
1 130.0 516.0 0.07628 0.000664 21059 21065
1 132.0 516.0 0.082078 -0.004088 21075 21081
1 136.0 518.0 0.095262 -0.006703 21091 21097
1 138.0 518.0 0.095759 -0.005421 21107 21113
1 142.0 518.0 0.107314 -0.007385 21124 21129
1 146.0 518.0 0.111877 -0.010612 21140 21145
1 148.0 518.0 0.116932 -0.013208 21157 21162
1 154.0 518.0 0.123861 -0.009799 21174 21179
1 158.0 518.0 0.126113 -0.010325 21190 21196
1 162.0 520.0 0.131091 -0.011169 21206 21212
1 166.0 520.0 0.136896 -0.011584 21222 21228
1 172.0 520.0 0.136998 -0.005948 21238 21244
1 176.0 520.0 0.144053 -0.015048 21254 21260
1 180.0 520.0 0.148781 -0.008996 21271 21277
1 184.0 520.0 0.148677 -0.005467 21287 21293
1 190.0 522.0 0.15812 -0.008439 21303 21309
1 196.0 522.0 0.16027 -0.003929 21319 21325
1 200.0 522.0 0.159256 -0.000117 21335 21341
1 206.0 522.0 0.16929 9.7e-05 21351 21357
1 210.0 522.0 0.167651 0.003657 21367 21373
1 218.0 520.0 0.168692 0.006778 21383 21389
1 222.0 520.0 0.174943 0.009031 21399 21405
1 228.0 520.0 0.174422 0.011732 21415 21421
1 234.0 520.0 0.177625 0.017852 21431 21437
1 238.0 520.0 0.182156 0.022884 21447 21453
1 246.0 518.0 0.182002 0.024868 21463 21469
1 252.0 518.0 0.181634 0.030535 21479 21485
1 256.0 516.0 0.18489 0.033131 21495 21501
1 262.0 516.0 0.181499 0.038555 21512 21517
1 268.0 514.0 0.184109 0.040233 21528 21533
1 276.0 512.0 0.183067 0.038817 21543 21549
1 280.0 512.0 0.179748 0.042253 21560 21565
1 286.0 510.0 0.182289 0.043338 21576 21581
1 292.0 508.0 0.176282 0.04264 21591 21597
1 296.0 508.0 0.176828 0.042844 21608 21614
1 304.0 506.0 0.178039 0.039199 21625 21630
1 308.0 504.0 0.171326 0.040342 21641 21647
1 314.0 504.0 0.170194 0.033918 21656 21662
1 320.0 502.0 0.171043 0.031294 21672 21678
1 326.0 502.0 0.164584 0.034374 21688 21694
1 330.0 500.0 0.165008 0.028405 21704 21710
1 336.0 500.0 0.162324 0.029086 21720 21726
1 340.0 498.0 0.155771 0.032099 21736 21742
1 346.0 498.0 0.155643 0.024776 21752 21758
1 352.0 498.0 0.153873 0.028305 21768 21774
1 356.0 496.0 0.150524 0.026463 21784 21790
1 360.0 496.0 0.152117 0.019211 21800 21806
1 364.0 496.0 0.151024 0.020629 21816 21822
1 370.0 494.0 0.147164 0.018911 21833 21838
1 374.0 494.0 0.149477 0.017067 21848 21854
1 380.0 494.0 0.147422 0.018483 21864 21870
1 384.0 492.0 0.14494 0.020784 21881 21886
1 388.0 492.0 0.144634 0.021947 21897 21902
1 392.0 492.0 0.144344 0.018037 21913 21918
1 398.0 492.0 0.143505 0.012878 21929 21934
1 402.0 490.0 0.14405 0.01576 21946 21952
1 408.0 490.0 0.140343 0.017157 21962 21968
1 412.0 490.0 0.142447 0.011143 21978 21984
1 418.0 490.0 0.140715 0.010982 21994 22000
1 422.0 490.0 0.138985 0.012917 22010 22016
1 426.0 488.0 0.137671 0.009921 22026 22032
1 430.0 488.0 0.136105 0.01167 22042 22048
1 434.0 488.0 0.1339 0.007962 22059 22065
1 438.0 488.0 0.130688 0.012061 22075 22081
1 442.0 488.0 0.125335 0.011525 22091 22097
1 446.0 488.0 0.122752 0.007 22107 22113
1 450.0 486.0 0.120435 0.006788 22123 22129
1 454.0 486.0 0.114565 0.011402 22139 22145
1 458.0 486.0 0.112485 0.004185 22155 22161
1 462.0 486.0 0.109452 0.003448 22171 22177
1 464.0 486.0 0.101377 0.009086 22187 22193
1 468.0 486.0 0.099111 0.001914 22203 22209
1 470.0 486.0 0.096588 0.00217 22219 22225
1 474.0 486.0 0.08843 0.007543 22236 22241
1 476.0 486.0 0.085837 0.003139 22252 22257
1 478.0 486.0 0.081867 0.00138 22268 22274
1 482.0 486.0 0.071684 0.003339 22284 22290
1 484.0 486.0 0.071435 0.003177 22300 22306
2 486.0 486.0 0.065885 0.001972 22316 22323
2 486.0 486.0 0.055323 0.006458 22332 22333
2 488.0 486.0 0.055046 0.00219 22348 22348
2 490.0 486.0 0.05051 0.00178 22364 22365
2 492.0 484.0 0.042295 0.002865 22381 22381
2 492.0 484.0 0.036077 0.002455 22396 22397
2 494.0 484.0 0.036355 0.000167 22412 22413
2 496.0 484.0 0.028191 0.000391 22428 22428
2 496.0 484.0 0.025824 -0.001365 22444 22445
2 496.0 484.0 0.019058 0.003028 22460 22461
2 498.0 484.0 0.013026 -0.001016 22476 22477
2 498.0 484.0 0.014156 -0.003358 22492 22493
2 498.0 484.0 0.0064 0.003144 22509 22509
2 498.0 486.0 0.003313 -0.005514 22524 22524
2 498.0 486.0 0.003387 -0.003344 22540 22541
2 498.0 486.0 0.000448 -0.000442 22557 22558
2 498.0 486.0 5.9e-05 -5.9e-05 22572 22573
2 498.0 486.0 -0.001559 -0.004539 22588 22589
2 498.0 486.0 -0.003844 -0.011102 22605 22605
2 498.0 486.0 -0.003187 -0.009192 22620 22621
2 498.0 486.0 -0.004584 -0.013188 22636 22636
2 498.0 486.0 -0.005565 -0.008643 22652 22653
2 498.0 488.0 -0.007983 -0.007044 22668 22669
2 496.0 488.0 -0.009465 -0.004518 22685 22685
2 496.0 488.0 -0.002196 -0.001034 22701 22702
2 496.0 488.0 -0.00242 -0.000599 22717 22718
2 496.0 488.0 -0.000331 -0.005531 22733 22733
2 496.0 488.0 -4.4e-05 -0.000732 22749 22750
2 496.0 488.0 -3e-06 -4.9e-05 22766 22766
2 496.0 488.0 -0.0 -7e-06 22781 22782
2 496.0 488.0 -0.0 -1e-06 22797 22798
2 496.0 488.0 0.007897 -0.001412 22813 22813
2 498.0 488.0 0.007664 0.00391 22830 22831
2 498.0 488.0 0.009575 -0.000893 22845 22846
2 498.0 488.0 0.013222 -0.002869 22861 22861
2 498.0 488.0 0.005353 0.001426 22877 22878
2 498.0 488.0 0.007033 -0.000291 22893 22894
2 498.0 488.0 0.010294 -0.000972 22909 22910
2 498.0 488.0 0.004919 -0.001001 22925 22925
2 498.0 488.0 0.005011 -0.000606 22941 22942
2 498.0 488.0 0.003768 0.004904 22958 22958
2 498.0 488.0 0.001644 0.000196 22973 22973
2 500.0 488.0 0.002971 0.002298 22989 22990
2 500.0 488.0 0.004107 0.007057 23004 23005
2 500.0 488.0 0.002314 0.002287 23020 23020
2 500.0 488.0 0.005702 0.003117 23036 23037
2 500.0 486.0 0.002479 0.007254 23052 23052
2 500.0 486.0 0.001615 0.002765 23068 23069
2 500.0 486.0 0.00194 0.005367 23084 23085
2 500.0 486.0 0.001982 0.005712 23100 23100
2 500.0 486.0 -2.8e-05 -8.4e-05 23116 23117
2 500.0 486.0 -4e-06 -1.1e-05 23132 23133
6 500.0 486.0 -0.0 -1e-06 23148 23149
7 500.0 486.0 -0.0 -0.0 23164 23172
7 500.0 486.0 -0.0 -0.0 23180 23187
7 500.0 486.0 -0.0 -0.0 23196 23203
7 500.0 486.0 -0.004039 0.001391 23212 23219
7 500.0 486.0 -0.004565 -0.003878 23228 23235
7 500.0 486.0 -0.003158 -0.000511 23244 23250
7 500.0 486.0 -0.007319 0.002698 23261 23267
7 500.0 486.0 -0.001304 -0.000615 23278 23284
7 500.0 486.0 -0.003404 0.001728 23293 23300
7 498.0 486.0 -0.006755 0.004299 23309 23316
7 498.0 486.0 -0.000627 -0.000205 23325 23332
7 498.0 486.0 -0.003157 0.002234 23341 23348
7 498.0 486.0 -0.003953 -0.00062 23357 23364
7 498.0 486.0 -0.000203 -0.001003 23373 23379
7 498.0 486.0 -0.002455 -0.001467 23390 23396
7 498.0 486.0 -0.00302 -0.004363 23406 23413
7 498.0 486.0 -0.003436 -0.000121 23422 23429
7 498.0 486.0 -0.006401 0.001332 23439 23445
7 498.0 486.0 -0.008905 -0.00434 23455 23461
7 498.0 486.0 -0.014648 0.004745 23472 23478
9 496.0 486.0 -0.024364 0.002029 23487 23498
9 496.0 486.0 -0.028706 0.006719 23507 23513
9 494.0 486.0 -0.03753 0.007933 23522 23529
9 492.0 486.0 -0.045445 0.005492 23539 23545
9 492.0 486.0 -0.050321 0.006961 23555 23561
9 490.0 486.0 -0.065319 0.004116 23571 23577
9 488.0 486.0 -0.072483 0.001408 23586 23592
9 484.0 486.0 -0.082235 0.00535 23603 23609
9 480.0 486.0 -0.099581 0.006386 23620 23626
9 478.0 486.0 -0.107936 -0.000996 23637 23643
9 472.0 486.0 -0.121579 0.003527 23653 23659
9 468.0 486.0 -0.136445 0.002506 23670 23676
9 464.0 486.0 -0.141394 0.000422 23685 23692
9 460.0 486.0 -0.149994 -0.002585 23701 23708
9 456.0 486.0 -0.158496 -0.004407 23717 23724
9 448.0 486.0 -0.160384 -0.009041 23733 23740
9 444.0 486.0 -0.170694 -0.007485 23749 23756
9 438.0 486.0 -0.173189 -0.013702 23765 23772
9 434.0 486.0 -0.17949 -0.011479 23782 23788
9 426.0 488.0 -0.186348 -0.013156 23797 23804
9 420.0 488.0 -0.185733 -0.017673 23814 23820
9 414.0 488.0 -0.191 -0.017908 23831 23837
9 408.0 490.0 -0.191823 -0.016789 23847 23853
9 402.0 490.0 -0.193309 -0.022431 23863 23869
9 396.0 490.0 -0.197327 -0.016919 23879 23886
9 390.0 490.0 -0.198978 -0.017006 23895 23901
9 384.0 492.0 -0.196434 -0.018207 23911 23917
9 378.0 492.0 -0.198844 -0.018517 23928 23934
9 370.0 494.0 -0.195631 -0.021421 23945 23951
9 364.0 494.0 -0.19489 -0.021005 23961 23967
9 358.0 494.0 -0.196945 -0.024096 23976 23983
9 352.0 494.0 -0.194976 -0.025205 23992 23999
9 344.0 496.0 -0.198087 -0.024939 24008 24015
9 338.0 498.0 -0.199597 -0.030169 24024 24031
9 332.0 498.0 -0.197448 -0.038147 24040 24046
9 326.0 500.0 -0.198369 -0.036815 24056 24063
9 320.0 500.0 -0.197792 -0.037304 24072 24079
9 312.0 502.0 -0.198727 -0.040849 24088 24095
9 306.0 504.0 -0.195763 -0.041454 24104 24111
9 300.0 504.0 -0.19612 -0.039647 24120 24127
9 294.0 506.0 -0.195779 -0.045657 24136 24143
9 288.0 508.0 -0.196968 -0.047578 24152 24159
9 282.0 510.0 -0.191767 -0.048993 24168 24174
9 276.0 510.0 -0.190376 -0.050837 24184 24190
9 270.0 512.0 -0.187298 -0.052708 24200 24206
9 264.0 514.0 -0.181965 -0.054849 24217 24223
9 258.0 516.0 -0.179065 -0.0563 24232 24239
9 252.0 518.0 -0.176031 -0.061806 24248 24255
9 246.0 520.0 -0.176809 -0.057007 24264 24271
9 242.0 522.0 -0.168514 -0.059697 24280 24287
9 236.0 524.0 -0.16892 -0.054163 24297 24303
9 230.0 526.0 -0.16195 -0.057216 24312 24319
9 226.0 528.0 -0.159979 -0.052775 24328 24335
9 220.0 528.0 -0.155464 -0.050431 24344 24351
9 216.0 530.0 -0.151179 -0.046922 24360 24367
9 212.0 532.0 -0.147201 -0.0439 24376 24383
9 208.0 532.0 -0.14714 -0.037927 24392 24399
9 202.0 534.0 -0.141015 -0.035522 24408 24415
9 198.0 534.0 -0.140858 -0.029148 24424 24430
9 194.0 536.0 -0.13907 -0.021784 24440 24446
9 190.0 536.0 -0.134817 -0.017532 24456 24462
9 184.0 536.0 -0.135694 -0.012905 24472 24479
9 180.0 538.0 -0.135041 -0.010726 24488 24495
9 176.0 538.0 -0.130692 -0.005815 24504 24510
9 172.0 538.0 -0.128956 -0.004161 24520 24526
9 168.0 538.0 -0.125656 -0.001361 24536 24543
9 164.0 538.0 -0.120344 -0.000102 24552 24558
9 160.0 538.0 -0.118532 0.004595 24568 24574
9 156.0 538.0 -0.114647 0.003067 24584 24591
9 154.0 536.0 -0.107231 0.004222 24600 24607
9 150.0 536.0 -0.107741 0.00974 24616 24623
9 146.0 536.0 -0.102031 0.005719 24632 24639
9 144.0 536.0 -0.097831 0.012442 24651 24658
9 140.0 536.0 -0.09863 0.014642 24667 24674
9 136.0 536.0 -0.091011 0.014004 24684 24690
9 134.0 534.0 -0.091325 0.014586 24699 24706
9 132.0 534.0 -0.084908 0.013525 24716 24722
9 128.0 534.0 -0.080466 0.013459 24731 24738
9 126.0 534.0 -0.080218 0.016937 24747 24754
9 124.0 532.0 -0.075164 0.01269 24763 24770
9 122.0 532.0 -0.068756 0.014381 24779 24785
9 120.0 532.0 -0.06801 0.015814 24795 24802
9 118.0 532.0 -0.061059 0.00823 24811 24818
9 116.0 532.0 -0.054773 0.009112 24827 24835
9 114.0 532.0 -0.052918 0.01035 24843 24849
9 112.0 532.0 -0.045695 0.003075 24859 24865
9 110.0 530.0 -0.04197 0.006775 24875 24882
9 110.0 530.0 -0.041088 0.008768 24891 24898
9 108.0 530.0 -0.031355 0.001325 24907 24914
9 108.0 530.0 -0.030362 0.001922 24923 24930
9 106.0 530.0 -0.02954 0.005425 24939 24945
9 106.0 530.0 -0.022757 0.004527 24955 24961
2 106.0 530.0 -0.021041 0.006647 24972 24978
2 104.0 530.0 -0.021497 0.007337 24989 24989
2 104.0 530.0 -0.013969 0.001592 25004 25004
2 104.0 530.0 -0.014253 0.006869 25020 25021
2 104.0 530.0 -0.014943 0.005643 25036 25037
2 104.0 530.0 -0.008641 0.009505 25052 25053
2 102.0 528.0 -0.008508 0.006616 25069 25069
2 102.0 528.0 -0.011522 0.005948 25084 25084
2 102.0 528.0 -0.002169 0.00655 25100 25101
2 102.0 528.0 -0.005818 0.005209 25116 25117
2 102.0 528.0 -0.003483 -0.001122 25132 25132
2 102.0 528.0 -0.001454 -0.001156 25148 25149
2 102.0 528.0 -0.000192 -0.000153 25164 25165
2 102.0 528.0 -0.001057 -0.001067 25180 25180
2 102.0 528.0 -0.001413 -0.001433 25196 25197
2 102.0 528.0 -0.000535 -0.000543 25212 25213
2 102.0 528.0 -0.001103 -0.001118 25228 25228
2 102.0 528.0 -0.000146 -0.000148 25244 25245
2 102.0 528.0 0.000286 -0.006125 25261 25261
2 102.0 528.0 0.002662 -0.005402 25276 25277
2 102.0 530.0 0.002674 -0.004776 25292 25293
2 102.0 530.0 0.003686 -0.006458 25308 25308
2 102.0 530.0 0.001801 -0.003149 25324 25325
2 102.0 530.0 0.003263 -0.005701 25341 25341
2 102.0 530.0 0.001783 -0.003115 25356 25357
2 102.0 530.0 0.001878 -0.00328 25372 25373
2 102.0 530.0 0.002574 -0.004493 25388 25388
2 102.0 530.0 0.000378 -0.00066 25404 25405
2 102.0 530.0 0.001682 -0.002934 25421 25421
2 102.0 530.0 0.003864 -0.006741 25436 25437
2 102.0 530.0 -0.001159 -0.001678 25452 25453
2 102.0 530.0 0.000845 -0.003779 25468 25468
2 102.0 530.0 0.003407 -0.007204 25484 25485
2 102.0 530.0 -0.00322 -0.000139 25500 25501
2 102.0 530.0 0.001109 -0.003715 25516 25516
2 102.0 530.0 0.001133 -0.005909 25532 25533
2 102.0 530.0 -0.000199 -0.001135 25548 25549
2 102.0 530.0 0.000986 -0.001914 25564 25565
2 102.0 532.0 -0.000257 -0.00612 25580 25580
2 102.0 532.0 0.000302 -0.001457 25596 25597
2 102.0 532.0 4e-05 -0.000193 25613 25613
2 102.0 532.0 -0.003054 -0.003123 25628 25629
2 102.0 532.0 -0.000404 -0.000413 25645 25645
2 102.0 532.0 0.000463 -0.004579 25661 25662
2 102.0 532.0 -0.000978 -0.002599 25677 25677
2 102.0 532.0 0.002202 -0.0044 25693 25694
2 102.0 532.0 0.00327 -0.009457 25709 25710
2 102.0 532.0 -0.00195 -0.004602 25725 25725
2 102.0 532.0 -0.000622 -0.004075 25741 25742
2 104.0 532.0 0.000546 -0.008165 25757 25757
2 102.0 532.0 -0.00131 -0.002477 25773 25773
7 102.0 532.0 -0.000503 -0.003449 25789 25791
7 102.0 532.0 -0.00259 -0.002815 25806 25811
7 102.0 532.0 0.000155 0.000143 25822 25827
7 102.0 532.0 -0.001013 -0.001025 25838 25844
7 102.0 534.0 -0.001168 -0.00118 25854 25860
7 102.0 534.0 -0.000154 -0.000156 25870 25876
7 102.0 534.0 -2e-05 -2.1e-05 25886 25892
7 102.0 534.0 -1e-06 -1e-06 25902 25908
7 102.0 534.0 -0.0 -0.0 25918 25924
7 102.0 534.0 -0.0 -0.0 25934 25940
7 102.0 534.0 -0.0 -0.0 25950 25956
7 102.0 534.0 -0.0 -0.0 25966 25972
7 102.0 534.0 -0.001872 -0.00189 25983 25989
7 102.0 534.0 8.9e-05 8.9e-05 25999 26004
7 102.0 534.0 -0.000337 -0.000341 26015 26021
7 102.0 534.0 -0.003925 -0.003961 26031 26037
7 102.0 534.0 -0.001864 -0.001881 26047 26053
7 102.0 534.0 -0.002277 -0.002297 26063 26069
7 102.0 534.0 -0.004713 -0.004752 26079 26085
7 102.0 534.0 -0.001969 -0.001985 26095 26101
7 102.0 534.0 -0.002006 -0.002022 26111 26117
7 102.0 534.0 -0.002336 -0.002354 26127 26133
7 102.0 534.0 -0.002341 -0.002358 26143 26149
7 102.0 534.0 0.000315 -0.007932 26159 26165
7 102.0 534.0 -0.00203 -0.003134 26175 26181
7 102.0 534.0 -0.000527 -0.006068 26191 26197
7 102.0 534.0 -0.00248 -0.006846 26207 26213
7 102.0 534.0 0.000967 -0.001378 26223 26229
7 102.0 534.0 -0.001913 -0.003174 26239 26245
7 102.0 534.0 -0.003298 -0.003481 26255 26261
7 102.0 534.0 -0.001577 -0.001596 26271 26277
7 102.0 534.0 -0.001245 -0.001253 26287 26293
7 102.0 534.0 -0.003236 -0.003251 26303 26309
7 102.0 534.0 -0.001776 -0.001784 26319 26325
7 102.0 536.0 -0.000613 -0.004233 26335 26341
7 102.0 536.0 -0.00163 -0.007391 26351 26357
7 102.0 536.0 0.001439 -0.008496 26367 26373
7 102.0 536.0 0.005107 -0.017124 26383 26389
7 102.0 536.0 -0.002111 -0.01333 26399 26405
7 102.0 538.0 0.005047 -0.015616 26415 26421
7 102.0 538.0 0.004918 -0.026641 26431 26437
1 102.0 538.0 0.00524 -0.021732 26447 26454
1 102.0 540.0 0.005662 -0.023485 26463 26469
1 102.0 540.0 0.005007 -0.027104 26479 26485
1 102.0 540.0 0.004957 -0.015697 26495 26501
1 102.0 542.0 0.00464 -0.017279 26511 26517
1 102.0 542.0 0.000634 -0.01423 26527 26533
1 102.0 542.0 0.003442 -0.004923 26543 26549
1 102.0 542.0 0.000786 -0.004039 26559 26565
1 102.0 542.0 -0.000234 -0.005492 26575 26581
1 102.0 542.0 0.000833 -0.001824 26591 26597
1 102.0 542.0 0.00011 -0.000241 26607 26613
1 102.0 542.0 1.5e-05 -3.2e-05 26623 26628
1 102.0 542.0 2e-06 -4e-06 26639 26645
1 102.0 542.0 0.0 -1e-06 26655 26661
1 102.0 542.0 0.0 -0.0 26671 26677
1 102.0 542.0 0.0 -0.0 26687 26693
1 102.0 542.0 0.0 -0.0 26703 26709
1 102.0 542.0 -0.000689 -0.000688 26719 26725
1 102.0 542.0 -0.000908 -0.000906 26736 26742
1 102.0 542.0 -0.001473 -0.001469 26752 26758
1 102.0 542.0 -0.001439 -0.001435 26767 26799
1 102.0 542.0 -0.000542 -0.00054 26807 26813
1 102.0 542.0 -7.2e-05 -7.1e-05 26824 26831
1 102.0 542.0 -9e-06 -9e-06 26840 26846
1 102.0 542.0 -1e-06 -1e-06 26856 26862
1 102.0 542.0 -0.0 -0.0 26872 26878
1 102.0 542.0 -0.0 -0.0 26888 26894
1 102.0 542.0 -0.0 -0.0 26904 26910
1 102.0 542.0 -0.0 -0.0 26920 26926
1 102.0 542.0 -0.0 -0.0 26936 26942
1 102.0 542.0 -0.0 -0.0 26952 26958
1 102.0 542.0 -0.0 -0.0 26968 26974
1 102.0 542.0 -0.0 -0.0 26984 26990
1 102.0 542.0 -0.0 -0.0 27000 27005
1 102.0 542.0 -0.0 -0.0 27017 27022
1 102.0 542.0 -0.0 -0.0 27033 27038
1 102.0 542.0 -0.0 -0.0 27048 27054
1 102.0 542.0 -0.0 -0.0 27064 27070
1 102.0 542.0 -0.0 -0.0 27081 27086
1 102.0 542.0 -0.0 -0.0 27097 27102
1 102.0 542.0 -0.0 -0.0 27112 27118
1 102.0 542.0 -0.0 -0.0 27128 27134
1 102.0 542.0 -0.0 -0.0 27144 27150
1 102.0 542.0 0.005768 0.002141 27160 27166
1 102.0 542.0 0.010774 0.005064 27176 27182
1 104.0 542.0 0.020111 0.008416 27192 27198
1 104.0 542.0 0.028862 0.017282 27208 27214
1 106.0 540.0 0.040777 0.022158 27224 27230
1 108.0 540.0 0.051792 0.026982 27240 27246
1 110.0 538.0 0.062793 0.046552 27256 27262
1 112.0 538.0 0.072633 0.05005 27272 27278
1 114.0 536.0 0.085124 0.056194 27288 27294
1 118.0 532.0 0.096873 0.063453 27304 27310
1 122.0 530.0 0.109717 0.067834 27320 27326
1 126.0 530.0 0.131633 0.063362 27336 27342
1 130.0 526.0 0.139527 0.068304 27352 27358
1 134.0 524.0 0.154294 0.065427 27368 27374
1 140.0 522.0 0.165954 0.062992 27384 27390
1 146.0 520.0 0.176362 0.063787 27400 27406
1 152.0 518.0 0.190617 0.05461 27416 27422
1 158.0 518.0 0.199752 0.051319 27433 27438
1 166.0 516.0 0.208839 0.042567 27450 27455
1 172.0 514.0 0.21838 0.038605 27466 27471
1 180.0 514.0 0.229687 0.037431 27482 27488
1 186.0 512.0 0.237058 0.033723 27498 27504
1 196.0 512.0 0.245367 0.030706 27514 27520
1 204.0 510.0 0.249131 0.037364 27530 27536
1 212.0 510.0 0.25631 0.03808 27546 27552
1 220.0 508.0 0.261717 0.045344 27562 27568
1 228.0 506.0 0.265839 0.045741 27578 27584
1 238.0 504.0 0.275066 0.046255 27594 27600
1 246.0 504.0 0.280729 0.049815 27610 27616
1 256.0 502.0 0.286593 0.05041 27627 27632
1 264.0 500.0 0.293378 0.05368 27642 27648
1 274.0 498.0 0.297104 0.054657 27658 27664
1 286.0 496.0 0.300212 0.054017 27674 27680
1 294.0 494.0 0.30307 0.055068 27690 27696
1 304.0 494.0 0.307089 0.053079 27706 27712
1 312.0 492.0 0.307361 0.047892 27722 27728
1 322.0 490.0 0.305399 0.047807 27738 27744
1 334.0 488.0 0.30457 0.044502 27754 27760
1 344.0 488.0 0.303081 0.037761 27770 27776
1 352.0 486.0 0.299126 0.031058 27786 27792
1 362.0 486.0 0.294947 0.027089 27802 27808
1 370.0 486.0 0.293647 0.017265 27818 27824
1 378.0 486.0 0.290725 0.00591 27834 27840
1 390.0 486.0 0.2833 -0.002563 27850 27856
1 398.0 486.0 0.27776 -0.008783 27866 27872
1 406.0 488.0 0.273031 -0.028417 27883 27888
1 414.0 488.0 0.260191 -0.031888 27899 27904
1 424.0 490.0 0.246812 -0.031021 27915 27920
1 432.0 490.0 0.241001 -0.036543 27931 27936
1 438.0 492.0 0.227649 -0.036611 27947 27953
1 446.0 492.0 0.218086 -0.032939 27963 27969
1 452.0 494.0 0.207929 -0.032352 27979 27985
1 460.0 494.0 0.198283 -0.029611 27995 28000
1 466.0 496.0 0.191626 -0.025927 28011 28017
1 470.0 496.0 0.180911 -0.021425 28027 28033
1 476.0 496.0 0.177072 -0.018183 28043 28049
1 482.0 498.0 0.168072 -0.015523 28059 28065
2 488.0 498.0 0.150152 -0.009504 28075 28082
2 490.0 498.0 0.145461 -0.006786 28091 28092
2 494.0 498.0 0.133455 -0.001356 28107 28107
2 498.0 498.0 0.117851 0.000711 28123 28124
2 502.0 498.0 0.104493 0.000765 28139 28140
2 504.0 498.0 0.092573 0.003705 28155 28155
2 506.0 498.0 0.067777 0.003473 28171 28172
2 508.0 498.0 0.051475 0.008514 28188 28188
2 510.0 498.0 0.038219 0.007334 28204 28205
2 510.0 496.0 0.020167 0.005233 28220 28221
2 510.0 496.0 0.004214 0.00472 28236 28236
2 510.0 496.0 0.002061 -0.000746 28252 28253
2 510.0 496.0 -0.001682 0.001683 28268 28269
2 510.0 496.0 -0.010828 0.001561 28284 28284
2 510.0 496.0 -0.015265 -0.003982 28300 28301
2 510.0 496.0 -0.015677 -0.004964 28317 28317
2 508.0 498.0 -0.020301 -0.002646 28333 28334
2 508.0 498.0 -0.01501 -0.009573 28349 28350
2 508.0 498.0 -0.013728 -0.003145 28365 28365
2 508.0 498.0 -0.017459 -0.00102 28381 28382
2 506.0 498.0 -0.010142 -0.000233 28398 28398
2 506.0 498.0 -0.008524 -0.001872 28413 28414
2 506.0 498.0 -0.012369 0.002858 28429 28430
2 506.0 498.0 -0.004951 0.002411 28446 28446
2 506.0 498.0 -0.00556 0.001228 28461 28462
2 506.0 498.0 -0.005191 0.000659 28477 28478
2 506.0 498.0 -0.003624 0.002789 28493 28493
2 506.0 498.0 -0.003417 0.003072 28509 28510
2 506.0 498.0 -0.002242 0.000224 28526 28526
2 506.0 498.0 -0.002242 0.001821 28541 28542
2 506.0 498.0 -0.004692 0.004288 28557 28558
2 504.0 498.0 -0.001761 -0.002604 28574 28574
2 504.0 498.0 -0.001049 -0.000764 28589 28590
2 504.0 496.0 -0.003744 0.002601 28605 28606
2 504.0 498.0 -0.002218 0.000116 28621 28621
2 504.0 498.0 -0.004335 -0.00225 28637 28638
2 504.0 498.0 -0.009341 -0.001213 28654 28654
2 504.0 498.0 -0.004509 -0.003823 28669 28669
2 504.0 498.0 -0.00969 -0.002335 28685 28686
2 504.0 498.0 -0.014184 -0.000672 28702 28702
2 504.0 498.0 -0.00969 -0.000109 28717 28718
2 502.0 498.0 -0.012068 0.000878 28733 28734
2 502.0 498.0 -0.015972 0.003743 28749 28749
2 502.0 496.0 -0.015477 0.008646 28765 28766
2 502.0 496.0 -0.018903 0.009895 28782 28782
2 500.0 496.0 -0.016052 0.005425 28797 28798
2 500.0 496.0 -0.016632 0.011194 28813 28814
2 500.0 496.0 -0.019454 0.011467 28830 28830
2 498.0 496.0 -0.017346 0.009022 28863 28864
2 498.0 494.0 -0.018236 0.007604 28880 28880
2 498.0 494.0 -0.013343 -0.000332 28895 28896
2 496.0 494.0 -0.01412 0.003648 28911 28912
2 496.0 494.0 -0.015577 -0.002156 28928 28928
2 496.0 494.0 -0.011006 0.000201 28944 28944
2 496.0 494.0 -0.012213 0.000991 28960 28961
2 494.0 494.0 -0.013577 -0.001673 28977 28977
2 494.0 494.0 -0.009904 0.000738 28993 28994
2 494.0 494.0 -0.011839 -0.002148 29009 29010
2 494.0 496.0 -0.005104 -0.004692 29026 29026
2 494.0 496.0 -0.004284 -0.005119 29042 29043
2 494.0 496.0 -0.006271 -0.000193 29058 29059
2 494.0 496.0 -0.000902 -0.005514 29075 29075
6 494.0 496.0 -0.00286 -0.002623 29091 29093
7 494.0 496.0 -0.001516 -0.006522 29107 29115
7 494.0 496.0 -0.003107 0.001873 29123 29130
7 494.0 496.0 -0.000411 0.000248 29140 29146
7 494.0 496.0 -0.002208 0.001125 29156 29163
7 494.0 496.0 -0.000792 0.000619 29172 29179
7 492.0 496.0 -0.00351 0.00329 29188 29195
7 492.0 496.0 -0.000964 0.000906 29204 29211
7 492.0 496.0 -0.001545 0.001456 29220 29227
7 492.0 496.0 -0.006513 0.00614 29236 29243
7 492.0 496.0 -0.002786 0.002626 29252 29259
7 492.0 496.0 -0.001848 0.001743 29268 29274
7 492.0 494.0 -0.006551 0.00618 29284 29291
7 492.0 494.0 -0.004324 0.004081 29300 29307
7 492.0 494.0 -0.003974 0.003751 29316 29323
7 492.0 494.0 -0.005465 -0.000333 29332 29339
7 492.0 494.0 -0.004292 0.002702 29348 29355
7 492.0 494.0 -0.005287 0.001779 29364 29371
7 492.0 494.0 -0.005864 -0.001433 29380 29387
7 492.0 494.0 -0.009208 0.001734 29396 29403
7 490.0 494.0 -0.01224 0.002127 29412 29418
7 490.0 494.0 -0.013207 -0.002783 29428 29435
7 490.0 494.0 -0.022185 0.000767 29444 29451
9 488.0 494.0 -0.03772 -0.000692 29460 29471
9 486.0 494.0 -0.045482 -0.003689 29479 29486
9 484.0 494.0 -0.060178 -0.005622 29495 29501
9 482.0 496.0 -0.078375 -0.011399 29511 29518
9 480.0 496.0 -0.088461 -0.012248 29527 29534
9 476.0 496.0 -0.106476 -0.010826 29543 29550
9 472.0 496.0 -0.121505 -0.012279 29559 29565
9 468.0 496.0 -0.139665 -0.009094 29575 29582
9 464.0 496.0 -0.154317 -0.010427 29591 29598
9 458.0 498.0 -0.164941 -0.008297 29607 29614
9 452.0 498.0 -0.17491 -0.006933 29623 29629
9 446.0 498.0 -0.18579 -0.007741 29639 29645
9 440.0 498.0 -0.191229 -0.012411 29655 29662
9 434.0 498.0 -0.20197 -0.008699 29672 29678
9 428.0 498.0 -0.205735 -0.012095 29687 29694
9 420.0 500.0 -0.21054 -0.01166 29704 29710
9 412.0 500.0 -0.217581 -0.013602 29719 29726
9 406.0 500.0 -0.223842 -0.016696 29735 29742
9 400.0 500.0 -0.227733 -0.013559 29751 29758
9 390.0 502.0 -0.237204 -0.019543 29768 29774
9 382.0 502.0 -0.237073 -0.019636 29785 29791
9 376.0 502.0 -0.242731 -0.024189 29801 29807
9 368.0 504.0 -0.245499 -0.025744 29817 29824
9 360.0 504.0 -0.248358 -0.033323 29833 29840
9 350.0 506.0 -0.254856 -0.033874 29849 29856
9 342.0 508.0 -0.259149 -0.03965 29865 29871
9 334.0 508.0 -0.262084 -0.048686 29882 29888
9 324.0 510.0 -0.268563 -0.051187 29899 29905
9 316.0 512.0 -0.27102 -0.055476 29915 29922
9 308.0 514.0 -0.27579 -0.058632 29932 29938
9 300.0 516.0 -0.282127 -0.059351 29947 29954
9 288.0 518.0 -0.283724 -0.06476 29963 29970
9 280.0 520.0 -0.285388 -0.064786 29979 29986
9 270.0 522.0 -0.287732 -0.063923 29995 30001
9 262.0 524.0 -0.287082 -0.068908 30011 30018
9 250.0 528.0 -0.286653 -0.066393 30028 30035
9 242.0 530.0 -0.284801 -0.06608 30043 30049
9 234.0 532.0 -0.279965 -0.06766 30059 30065
9 226.0 534.0 -0.277715 -0.072252 30076 30082
9 214.0 536.0 -0.271188 -0.067529 30092 30099
9 206.0 538.0 -0.264073 -0.072018 30108 30115
9 200.0 542.0 -0.260565 -0.073168 30124 30131
9 192.0 544.0 -0.251577 -0.071274 30140 30147
9 184.0 546.0 -0.244918 -0.071092 30156 30163
9 176.0 548.0 -0.23893 -0.066247 30172 30179
9 168.0 550.0 -0.232674 -0.06555 30188 30195
9 162.0 552.0 -0.224456 -0.06251 30204 30211
9 154.0 554.0 -0.214121 -0.06186 30220 30227
9 148.0 556.0 -0.205685 -0.05918 30237 30243
9 140.0 558.0 -0.198147 -0.056852 30253 30259
9 134.0 560.0 -0.188315 -0.054915 30270 30276
9 130.0 562.0 -0.176719 -0.055337 30286 30292
9 124.0 562.0 -0.169062 -0.048486 30302 30308
9 118.0 564.0 -0.162327 -0.04622 30318 30324
9 114.0 566.0 -0.151192 -0.047387 30334 30340
9 110.0 568.0 -0.144899 -0.043708 30350 30357
9 106.0 568.0 -0.136614 -0.040852 30366 30373
9 102.0 570.0 -0.126788 -0.039826 30382 30389
9 96.0 572.0 -0.121893 -0.035596 30398 30405
9 94.0 572.0 -0.116704 -0.039028 30414 30421
9 90.0 574.0 -0.10535 -0.035484 30430 30437
9 86.0 574.0 -0.100628 -0.034753 30446 30453
9 84.0 576.0 -0.097389 -0.032627 30462 30468
9 80.0 576.0 -0.089699 -0.031644 30478 30484
9 78.0 578.0 -0.081773 -0.030213 30494 30500
9 76.0 578.0 -0.074999 -0.029344 30511 30517
9 74.0 580.0 -0.067633 -0.024551 30526 30532
9 70.0 580.0 -0.064259 -0.023361 30543 30549
9 70.0 582.0 -0.057569 -0.024444 30559 30565
9 68.0 582.0 -0.047038 -0.020435 30574 30581
9 66.0 582.0 -0.042753 -0.01633 30590 30597
9 66.0 582.0 -0.029993 -0.01986 30606 30613
9 64.0 584.0 -0.027466 -0.016995 30623 30629
9 64.0 584.0 -0.024469 -0.010822 30639 30645
2 64.0 584.0 -0.013629 -0.014758 30655 30661
2 64.0 584.0 -0.012017 -0.010811 30671 30671
2 64.0 584.0 -0.007073 -0.006183 30687 30688
2 62.0 584.0 -0.004267 -0.003705 30704 30704
2 62.0 584.0 -0.002665 0.000337 30719 30719
2 62.0 584.0 -0.000727 -0.00028 30735 30736
2 62.0 584.0 0.001395 0.001232 30751 30752
2 62.0 584.0 0.008913 0.007735 30767 30768
2 64.0 584.0 0.012829 0.011144 30783 30784
2 64.0 584.0 0.010097 0.008779 30800 30800
2 64.0 584.0 0.012973 0.011295 30815 30816
2 64.0 584.0 0.018145 0.006618 30832 30833
2 66.0 584.0 0.017594 -0.000619 30848 30848
2 66.0 584.0 0.020296 -0.004387 30864 30865
2 66.0 584.0 0.020062 -0.001142 30880 30881
2 68.0 584.0 0.018 -0.009365 30896 30896
2 68.0 584.0 0.020428 -0.013936 30912 30913
2 68.0 584.0 0.014294 -0.008262 30929 30929
2 68.0 584.0 0.013758 -0.009031 30944 30945
2 70.0 584.0 0.015064 -0.010484 30960 30961
2 70.0 584.0 0.011264 -0.001155 30976 30977
2 70.0 586.0 0.009689 -0.005388 30992 30993
2 70.0 586.0 0.014617 -0.006455 31008 31009
2 70.0 586.0 0.005816 -0.001798 31024 31024
2 70.0 586.0 0.006802 -0.001053 31040 31040
2 70.0 586.0 0.008711 0.001414 31056 31057
2 70.0 586.0 0.005751 0.001676 31072 31072
2 72.0 586.0 0.00508 0.003132 31088 31089
2 72.0 586.0 0.007903 0.006796 31104 31105
2 72.0 584.0 0.003951 0.003465 31120 31120
2 72.0 584.0 0.007065 0.002773 31136 31137
2 72.0 584.0 0.005408 0.008658 31152 31153
2 72.0 584.0 0.004619 0.00193 31168 31168
2 72.0 584.0 0.006638 -0.000549 31184 31185
2 72.0 584.0 0.005941 0.002608 31201 31201
2 72.0 584.0 0.005135 -0.00223 31217 31218
2 74.0 584.0 0.009435 -0.00482 31233 31234
2 74.0 584.0 0.004701 -0.004521 31250 31250
2 74.0 586.0 0.005531 -0.003291 31265 31266
2 74.0 586.0 0.007515 0.00031 31281 31282
2 74.0 586.0 0.000994 4.1e-05 31297 31297
2 74.0 586.0 0.003333 0.000173 31313 31314
2 74.0 586.0 0.000441 2.3e-05 31329 31330
2 74.0 586.0 9.9e-05 3.9e-05 31345 31345
2 74.0 586.0 7e-06 3e-06 31361 31362
2 74.0 586.0 1e-06 0.0 31377 31377
2 74.0 584.0 -0.004445 0.007443 31393 31394
2 74.0 584.0 -0.006737 0.01129 31409 31410
2 74.0 584.0 -0.006034 0.010119 31426 31426
2 74.0 584.0 -0.005553 0.009321 31441 31441
2 72.0 584.0 -0.007562 0.012703 31457 31458
2 72.0 584.0 -0.003743 0.00629 31473 31474
2 72.0 584.0 -0.003926 0.006601 31490 31490
2 72.0 582.0 -0.003872 0.006515 31506 31507
2 72.0 582.0 -0.001513 0.002545 31523 31523
2 72.0 582.0 -0.001551 0.00261 31538 31539
2 72.0 582.0 -0.000244 0.00041 31554 31555
2 72.0 582.0 0.002138 0.003749 31570 31570
7 72.0 582.0 0.006131 0.021797 31586 31588
1 74.0 580.0 0.012743 0.029616 31602 31609
1 74.0 580.0 0.01491 0.045619 31618 31624
1 74.0 578.0 0.018913 0.056404 31634 31640
1 76.0 576.0 0.029944 0.057782 31650 31656
1 76.0 574.0 0.033226 0.065053 31666 31672
1 78.0 572.0 0.046302 0.068627 31682 31688
1 80.0 570.0 0.05504 0.064631 31698 31704
1 82.0 566.0 0.066502 0.066936 31714 31720
1 84.0 564.0 0.07273 0.068432 31730 31736
1 86.0 562.0 0.0815 0.073212 31746 31752
1 90.0 560.0 0.101601 0.059337 31762 31768
1 92.0 560.0 0.110535 0.054132 31778 31784
1 98.0 558.0 0.12334 0.045645 31794 31800
1 102.0 556.0 0.133297 0.041608 31810 31816
1 106.0 556.0 0.146661 0.036886 31826 31833
1 110.0 554.0 0.156061 0.033888 31842 31848
1 116.0 554.0 0.16449 0.028108 31858 31864
1 122.0 552.0 0.170256 0.03414 31874 31881
1 128.0 550.0 0.17869 0.033084 31890 31896
1 134.0 550.0 0.184772 0.033013 31906 31912
1 140.0 548.0 0.186234 0.040846 31922 31928
1 144.0 548.0 0.194508 0.041826 31938 31944
1 150.0 546.0 0.200886 0.044363 31954 31960
1 158.0 544.0 0.199609 0.054896 31970 31976
1 166.0 542.0 0.20765 0.057928 31986 31992
1 172.0 540.0 0.208308 0.064689 32001 32007
1 178.0 538.0 0.212516 0.065913 32017 32023
1 184.0 536.0 0.214361 0.069026 32033 32039
1 194.0 534.0 0.217873 0.07088 32049 32055
1 200.0 532.0 0.219023 0.071588 32065 32071
1 206.0 530.0 0.222758 0.07358 32082 32087
1 214.0 526.0 0.225839 0.076963 32097 32103
1 222.0 524.0 0.227479 0.071422 32114 32120
1 230.0 522.0 0.229432 0.067334 32130 32136
1 236.0 520.0 0.229461 0.071082 32146 32152
1 244.0 518.0 0.232444 0.064749 32162 32168
1 250.0 516.0 0.234372 0.060231 32178 32184
1 260.0 514.0 0.231418 0.058829 32194 32200
1 266.0 512.0 0.232224 0.060873 32210 32216
1 274.0 510.0 0.230136 0.061451 32226 32232
1 280.0 508.0 0.226711 0.057308 32242 32248
1 288.0 506.0 0.226298 0.058353 32258 32264
1 296.0 504.0 0.223816 0.057292 32274 32280
1 302.0 502.0 0.218528 0.060074 32290 32296
1 310.0 502.0 0.216758 0.058716 32307 32312
1 316.0 500.0 0.214474 0.058674 32322 32328
1 324.0 498.0 0.213487 0.058927 32338 32344
1 330.0 496.0 0.211929 0.053805 32355 32360
1 336.0 494.0 0.208304 0.059614 32370 32376
1 344.0 492.0 0.209118 0.049828 32386 32392
1 350.0 490.0 0.206211 0.045636 32402 32408
1 356.0 490.0 0.200172 0.048687 32418 32424
1 364.0 488.0 0.20346 0.045794 32434 32440
1 370.0 486.0 0.201206 0.039364 32450 32456
1 376.0 486.0 0.195413 0.03833 32466 32472
1 382.0 484.0 0.199122 0.032434 32482 32488
1 388.0 484.0 0.195887 0.028378 32498 32504
1 394.0 482.0 0.191723 0.02587 32514 32520
1 400.0 482.0 0.189257 0.024241 32530 32536
1 406.0 482.0 0.18527 0.021457 32546 32552
1 412.0 480.0 0.181952 0.013743 32562 32568
1 418.0 480.0 0.180308 0.009489 32578 32584
1 424.0 480.0 0.172717 0.012867 32594 32600
1 428.0 480.0 0.16955 0.005879 32610 32617
1 434.0 480.0 0.16338 0.00198 32627 32633
1 438.0 480.0 0.159197 -0.001715 32643 32649
1 444.0 480.0 0.155249 -0.005124 32658 32664
1 450.0 480.0 0.149647 -0.004819 32674 32680
1 454.0 480.0 0.142147 -0.00488 32690 32696
1 458.0 480.0 0.138782 -0.00893 32706 32712
1 462.0 480.0 0.127357 -0.005292 32722 32728
1 466.0 482.0 0.12026 -0.005659 32738 32744
1 470.0 482.0 0.112323 -0.001599 32754 32760
1 474.0 482.0 0.107736 -0.001614 32770 32776
1 476.0 482.0 0.095111 -0.004884 32787 32792
1 478.0 482.0 0.087003 0.001141 32803 32808
1 482.0 482.0 0.073765 0.004061 32819 32824
1 484.0 482.0 0.067234 0.00061 32836 32841
1 486.0 482.0 0.058077 0.003957 32852 32857
1 486.0 482.0 0.04427 0.006197 32868 32874
1 488.0 480.0 0.040053 0.006385 32884 32890
1 490.0 480.0 0.034203 0.00423 32900 32906
1 490.0 480.0 0.026709 0.004949 32916 32922
1 490.0 480.0 0.019406 0.008219 32932 32938
1 490.0 480.0 0.01474 0.00647 32948 32954
1 492.0 480.0 0.003701 0.005907 32964 32970
1 492.0 480.0 0.002442 0.000765 32981 32986
1 492.0 480.0 0.000323 0.000101 32997 33001
1 490.0 480.0 -0.008159 0.007823 33014 33019
1 490.0 480.0 -0.015227 0.012165 33030 33036
1 490.0 480.0 -0.020401 0.000778 33045 33052
1 490.0 480.0 -0.02033 0.001208 33061 33067
1 488.0 480.0 -0.026376 0.002233 33078 33084
1 488.0 480.0 -0.023375 -0.003127 33093 33099
1 486.0 480.0 -0.024387 0.001242 33109 33115
1 486.0 480.0 -0.027074 0.001819 33125 33131
1 486.0 480.0 -0.022476 0.002851 33142 33148
1 484.0 480.0 -0.020759 0.001105 33157 33163
1 484.0 480.0 -0.024201 0.001394 33173 33179
1 484.0 480.0 -0.015916 -0.002822 33189 33195
1 482.0 480.0 -0.01701 -0.000553 33205 33211
1 482.0 480.0 -0.01862 -0.002719 33221 33227
1 482.0 480.0 -0.015437 -0.000608 33237 33243
1 482.0 480.0 -0.019009 0.001142 33253 33259
1 480.0 480.0 -0.020795 -0.000438 33269 33275
1 480.0 480.0 -0.018108 0.002041 33285 33291
1 480.0 480.0 -0.020769 -0.000191 33302 33308
1 478.0 480.0 -0.01742 -0.004747 33318 33324
1 478.0 480.0 -0.015913 0.001025 33333 33339
1 478.0 480.0 -0.016719 -0.002762 33349 33355
1 478.0 480.0 -0.014045 -0.007861 33365 33371
1 476.0 480.0 -0.010212 -0.005617 33381 33387
1 476.0 480.0 -0.010688 -0.006944 33397 33403
1 476.0 480.0 -0.0017 -0.01052 33413 33419
1 476.0 480.0 -0.002534 -0.007745 33429 33435
1 476.0 480.0 -0.0033 -0.009173 33445 33451
1 476.0 482.0 0.002879 -0.006176 33461 33467
1 476.0 482.0 0.008287 -0.012871 33477 33483
1 476.0 482.0 0.01014 -0.016055 33493 33499
1 478.0 482.0 0.010568 -0.008736 33509 33515
1 478.0 482.0 0.010933 -0.012344 33525 33531
1 478.0 484.0 0.012944 -0.012856 33541 33547
1 478.0 484.0 0.010929 -0.010674 33557 33563
1 478.0 484.0 0.011498 -0.011205 33573 33579
1 478.0 484.0 0.008279 -0.008062 33589 33595
1 480.0 484.0 0.009204 -0.008956 33605 33611
1 480.0 484.0 0.011443 -0.006503 33621 33627
1 480.0 484.0 0.003503 0.000945 33637 33643
1 480.0 484.0 0.005297 -0.000903 33653 33659
1 480.0 484.0 0.005972 -0.001572 33669 33675
1 480.0 484.0 0.001812 0.002537 33685 33691
1 480.0 484.0 0.001385 0.001653 33701 33707
1 480.0 484.0 0.00468 0.002075 33717 33723
1 480.0 484.0 0.000788 0.000741 33733 33739
1 480.0 484.0 0.000104 9.8e-05 33749 33755
1 480.0 484.0 1.4e-05 1.3e-05 33765 33771
1 480.0 484.0 1e-06 1e-06 33781 33787
1 480.0 484.0 0.0 0.0 33797 33803
1 480.0 484.0 0.0 0.0 33813 33819
1 480.0 484.0 0.0 0.0 33830 33836
1 480.0 484.0 0.0 0.0 33847 33853
1 480.0 484.0 0.0 0.0 33863 33869
1 480.0 484.0 0.003357 -0.003259 33879 33885
1 480.0 484.0 0.007159 -0.006946 33895 33901
1 480.0 484.0 0.004798 -0.004653 33912 33917
1 482.0 486.0 0.008289 -0.008032 33928 33933
1 482.0 486.0 0.01405 -0.013598 33945 33950
1 482.0 486.0 0.011801 -0.006515 33960 33966
1 482.0 486.0 0.015841 -0.009759 33977 33982
1 484.0 486.0 0.014841 -0.005049 33994 33999
1 484.0 486.0 0.015767 -0.009056 34010 34015
1 484.0 486.0 0.01575 -0.008206 34026 34031
1 484.0 488.0 0.015816 -0.003991 34042 34048
1 484.0 488.0 0.014012 -0.003417 34058 34064
2 486.0 488.0 0.014272 -0.003811 34074 34081
2 486.0 488.0 0.01528 -0.001139 34090 34091
2 486.0 488.0 0.010732 0.001606 34106 34107
2 486.0 488.0 0.00949 0.001033 34122 34123
2 486.0 486.0 0.005028 0.006932 34138 34138
2 486.0 486.0 0.003921 0.00449 34154 34155
2 486.0 486.0 0.003296 0.002836 34170 34171
2 486.0 486.0 0.002281 0.005937 34186 34187
2 488.0 486.0 0.001441 0.003968 34202 34203
2 488.0 486.0 0.00214 0.005974 34219 34219
2 488.0 486.0 0.001112 0.003108 34235 34236
2 488.0 486.0 -0.002808 0.00483 34251 34252
2 486.0 486.0 -0.005183 0.012547 34267 34267
2 486.0 486.0 -0.005473 0.002604 34283 34284
2 486.0 486.0 -0.006007 0.005414 34299 34300
2 486.0 486.0 -0.007544 0.007196 34315 34316
2 486.0 484.0 -0.00619 0.003525 34331 34332
2 486.0 486.0 -0.010928 -0.000791 34347 34348
2 486.0 486.0 -0.008258 -0.004601 34363 34363
2 486.0 486.0 -0.008637 -0.003704 34379 34380
2 486.0 486.0 -0.007775 -0.006324 34395 34396
2 484.0 486.0 -0.004083 -0.004733 34411 34411
2 484.0 486.0 -0.004626 -0.006492 34427 34428
2 484.0 486.0 -0.007894 -0.004837 34443 34443
2 484.0 486.0 -0.000799 -0.005229 34459 34460
2 484.0 486.0 -0.00494 -0.003349 34475 34476
2 484.0 486.0 -0.007317 0.001896 34491 34492
2 484.0 486.0 0.000329 -0.001627 34507 34508
2 484.0 486.0 -0.001421 0.001196 34523 34523
2 484.0 486.0 0.001222 -0.0012 34539 34540
2 484.0 486.0 0.000162 -0.000159 34555 34556
2 484.0 486.0 2.1e-05 -2.1e-05 34571 34571
2 484.0 486.0 0.002626 0.007274 34587 34588
2 484.0 486.0 0.002142 0.00594 34603 34604
2 484.0 486.0 0.002574 0.007146 34619 34619
2 484.0 486.0 0.003605 0.010021 34635 34636
2 484.0 486.0 0.009668 0.00351 34652 34652
2 486.0 486.0 0.011716 -0.001017 34667 34668
2 486.0 486.0 0.004672 0.004862 34683 34684
2 486.0 486.0 0.006925 9e-05 34699 34699
2 486.0 486.0 0.009607 -0.00283 34715 34716
2 486.0 486.0 0.00333 -0.002662 34732 34732
2 486.0 486.0 0.004953 -0.00041 34747 34748
2 486.0 486.0 0.00772 -0.003792 34763 34764
2 486.0 486.0 0.001629 -0.002316 34779 34779
2 486.0 486.0 0.002619 -0.002613 34795 34796
2 486.0 486.0 -1.2e-05 5e-06 34812 34812
2 486.0 486.0 0.000971 -0.000932 34827 34828
2 486.0 486.0 0.000128 -0.000123 34843 34844
2 486.0 486.0 -0.003069 -0.008629 34860 34860
2 486.0 486.0 -0.004596 -0.005674 34875 34876
2 486.0 486.0 -0.014486 -0.001488 34892 34892
2 486.0 486.0 -0.020579 -0.001188 34908 34909
2 484.0 486.0 -0.026536 0.003862 34925 34925
2 482.0 486.0 -0.035854 0.004221 34940 34940
2 482.0 486.0 -0.037996 -0.001604 34956 34957
2 480.0 486.0 -0.046603 0.001502 34973 34973
2 478.0 486.0 -0.056711 0.003958 34989 34990
2 476.0 486.0 -0.059362 0.004401 35004 35005
2 474.0 486.0 -0.06985 0.005276 35020 35020
2 472.0 484.0 -0.077223 0.007082 35036 35037
2 470.0 484.0 -0.077798 0.004714 35052 35052
2 468.0 484.0 -0.081438 0.005589 35068 35069
6 464.0 484.0 -0.084896 0.003249 35084 35086
9 460.0 484.0 -0.089283 0.001915 35100 35111
9 456.0 484.0 -0.095101 -0.000961 35120 35127
9 452.0 484.0 -0.089372 -0.000417 35137 35144
9 450.0 484.0 -0.095505 -0.002551 35153 35160
9 446.0 484.0 -0.093032 -0.00705 35169 35178
9 444.0 486.0 -0.096367 -0.006982 35187 35194
9 440.0 486.0 -0.098805 -0.003488 35203 35210
9 438.0 486.0 -0.092366 -0.008076 35219 35226
9 434.0 486.0 -0.093801 -0.007925 35235 35242
9 432.0 486.0 -0.090458 -0.010208 35251 35258
9 430.0 486.0 -0.082534 -0.0081 35267 35274
9 426.0 486.0 -0.083584 -0.004787 35283 35290
9 424.0 486.0 -0.080311 -0.004011 35300 35306
9 422.0 486.0 -0.074406 -0.001476 35317 35323
9 418.0 486.0 -0.074243 0.000564 35333 35340
9 416.0 486.0 -0.073973 0.001364 35349 35356
9 414.0 486.0 -0.075134 0.007302 35366 35372
9 412.0 486.0 -0.076513 0.009172 35382 35389
9 408.0 486.0 -0.080203 0.012149 35398 35404
9 406.0 486.0 -0.08645 0.01461 35414 35420
9 404.0 484.0 -0.092399 0.015598 35430 35436
9 400.0 484.0 -0.099226 0.015694 35446 35452
9 396.0 484.0 -0.105253 0.013712 35463 35469
9 392.0 484.0 -0.116262 0.013414 35479 35485
9 388.0 484.0 -0.121134 0.011743 35495 35502
9 386.0 482.0 -0.129948 0.006504 35511 35518
9 380.0 482.0 -0.138826 0.004414 35527 35534
9 376.0 482.0 -0.141281 0.003312 35543 35550
9 370.0 482.0 -0.151974 0.000848 35559 35566
9 366.0 482.0 -0.16006 -0.000672 35575 35582
9 362.0 482.0 -0.165554 -0.0024 35591 35598
9 356.0 484.0 -0.168692 -0.006176 35607 35614
9 348.0 484.0 -0.174112 -0.009865 35623 35629
9 344.0 484.0 -0.180527 -0.008318 35639 35646
9 338.0 484.0 -0.186897 -0.010684 35655 35662
9 332.0 484.0 -0.188696 -0.014869 35671 35677
9 326.0 484.0 -0.194696 -0.015336 35687 35694
9 318.0 486.0 -0.198739 -0.015819 35703 35709
9 312.0 486.0 -0.199827 -0.019004 35719 35725
9 306.0 486.0 -0.208399 -0.018766 35735 35741
9 300.0 488.0 -0.21103 -0.018398 35752 35758
9 294.0 488.0 -0.211061 -0.018901 35767 35774
9 284.0 490.0 -0.217906 -0.025665 35783 35790
9 278.0 490.0 -0.219707 -0.020235 35799 35806
9 272.0 490.0 -0.22212 -0.024449 35815 35822
9 264.0 492.0 -0.223885 -0.023971 35831 35838
9 258.0 492.0 -0.224522 -0.027238 35847 35854
9 252.0 492.0 -0.223647 -0.023257 35863 35870
9 242.0 494.0 -0.222164 -0.025169 35879 35886
9 236.0 494.0 -0.22009 -0.026131 35895 35901
9 230.0 496.0 -0.220896 -0.02261 35911 35917
9 222.0 496.0 -0.216947 -0.012981 35927 35934
9 216.0 496.0 -0.216595 -0.01753 35943 35950
9 208.0 496.0 -0.214264 -0.010277 35959 35966
9 202.0 496.0 -0.211156 -0.004025 35975 35981
9 196.0 496.0 -0.208098 -0.008451 35991 35998
9 190.0 498.0 -0.202477 -0.00276 36007 36013
9 182.0 498.0 -0.198694 0.00034 36023 36029
9 176.0 498.0 -0.190917 -0.001984 36039 36045
9 170.0 498.0 -0.18504 -0.000133 36055 36061
9 164.0 496.0 -0.176377 0.002154 36071 36077
9 160.0 498.0 -0.167825 0.002357 36088 36094
9 154.0 498.0 -0.159654 -0.002933 36103 36110
9 148.0 498.0 -0.151664 -0.00253 36119 36126
9 144.0 498.0 -0.137706 -0.008493 36135 36142
9 140.0 498.0 -0.130263 -0.008319 36151 36158
9 138.0 498.0 -0.118026 -0.014934 36167 36174
9 132.0 498.0 -0.108099 -0.014581 36183 36189
9 130.0 500.0 -0.10074 -0.012156 36199 36205
9 128.0 500.0 -0.082106 -0.016392 36216 36222
9 126.0 500.0 -0.073428 -0.013642 36231 36238
9 124.0 500.0 -0.065512 -0.010334 36247 36254
9 122.0 500.0 -0.051451 -0.014312 36263 36270
9 120.0 502.0 -0.045391 -0.008255 36279 36285
9 118.0 502.0 -0.038048 -0.004084 36295 36301
9 118.0 502.0 -0.023781 -0.004519 36311 36317
9 118.0 502.0 -0.019518 -0.005236 36327 36333
2 116.0 502.0 -0.017661 -0.001064 36344 36350
2 116.0 502.0 -0.009817 -0.005947 36359 36360
2 116.0 502.0 -0.008833 0.000464 36375 36375
2 116.0 502.0 -0.006514 0.003521 36391 36392
2 116.0 502.0 -0.001497 0.000634 36408 36408
2 116.0 502.0 -0.000534 0.000683 36423 36423
2 116.0 502.0 -7.1e-05 9e-05 36439 36440
2 116.0 502.0 -9e-06 1.2e-05 36456 36456
2 116.0 502.0 0.004755 0.005155 36472 36472
2 116.0 502.0 0.008162 0.008854 36488 36489
2 116.0 502.0 0.010202 -0.001092 36505 36505
2 118.0 502.0 0.013436 -0.003862 36520 36521
2 118.0 502.0 0.012597 -0.001726 36536 36537
2 118.0 502.0 0.015076 -0.005355 36553 36553
2 118.0 502.0 0.018039 -0.008575 36569 36570
2 120.0 502.0 0.015177 -0.005035 36585 36586
2 120.0 502.0 0.015424 -0.005775 36601 36602
2 120.0 502.0 0.018771 -0.00512 36617 36618
2 120.0 502.0 0.013292 -0.005765 36634 36634
2 122.0 502.0 0.016173 -0.004767 36649 36649
2 122.0 502.0 0.019474 -0.006091 36665 36666
2 122.0 502.0 0.014563 0.0014 36682 36682
2 122.0 502.0 0.013694 0.002664 36697 36698
2 124.0 502.0 0.01523 0.002753 36713 36714
2 124.0 502.0 0.012431 0.005218 36729 36729
2 124.0 502.0 0.013383 0.00604 36745 36746
2 124.0 502.0 0.011069 0.006787 36762 36762
2 124.0 502.0 0.013186 0.005318 36777 36778
2 126.0 502.0 0.01317 0.00106 36793 36794
2 126.0 502.0 0.012469 0.010073 36809 36809
2 126.0 502.0 0.011372 0.007387 36825 36826
2 126.0 502.0 0.012205 0.008128 36841 36842
2 126.0 502.0 0.009723 0.009107 36857 36857
2 126.0 500.0 0.006792 0.007436 36873 36874
2 128.0 500.0 0.007026 0.007802 36889 36890
2 128.0 500.0 0.000561 0.006397 36905 36905
2 128.0 500.0 2e-06 0.009321 36921 36922
2 128.0 500.0 0.000861 0.011615 36938 36938
2 128.0 500.0 -0.002782 0.001092 36953 36953
2 128.0 500.0 -0.000368 0.000144 36969 36970
2 128.0 500.0 -4.9e-05 1.9e-05 36986 36986
2 128.0 500.0 -6e-06 3e-06 37000 37000
2 128.0 500.0 -0.0 0.0 37017 37018
2 128.0 500.0 -0.002259 -0.002515 37033 37033
2 128.0 500.0 -0.001907 -0.002123 37049 37050
2 128.0 500.0 0.00044 -0.00893 37065 37066
2 126.0 500.0 -0.000937 -0.003643 37081 37082
2 126.0 500.0 -0.001046 -0.004393 37097 37098
2 128.0 500.0 0.0016 -0.010954 37113 37114
2 128.0 500.0 -0.000112 -0.002783 37130 37130
2 128.0 500.0 0.001963 -0.003836 37145 37145
2 128.0 502.0 0.002148 -0.003791 37161 37162
2 128.0 502.0 0.000284 -0.000501 37178 37178
2 128.0 502.0 0.001348 -0.002363 37194 37194
2 128.0 502.0 0.000519 -0.000909 37210 37211
7 128.0 502.0 3.5e-05 -6.1e-05 37227 37228
7 128.0 502.0 1e-06 -2e-06 37249 37255
7 128.0 502.0 0.0 -0.0 37265 37271
7 128.0 502.0 0.0 -0.0 37305 37310
7 128.0 502.0 0.0 -0.0 37321 37326
7 128.0 502.0 0.0 -0.0 37337 37343
7 128.0 502.0 0.0 -0.0 37352 37358
7 128.0 502.0 0.0 -0.0 37368 37374
7 128.0 502.0 0.0 -0.0 37384 37390
7 128.0 502.0 3.7e-05 4.1e-05 37400 37406
7 128.0 502.0 0.004584 -0.001544 37416 37422
7 128.0 502.0 0.006856 0.000908 37432 37438
7 128.0 502.0 0.006764 -6e-06 37448 37454
7 128.0 502.0 0.011066 -0.004857 37464 37470
7 128.0 502.0 0.018754 -0.000446 37480 37486
7 130.0 502.0 0.022684 -0.003145 37496 37502
1 130.0 502.0 0.033983 -0.010132 37512 37519
1 132.0 502.0 0.040134 -0.009914 37528 37534
1 134.0 502.0 0.049411 -0.009903 37544 37550
1 136.0 504.0 0.061221 -0.018928 37560 37566
1 138.0 504.0 0.062479 -0.015653 37576 37582
1 140.0 504.0 0.075099 -0.015264 37592 37598
1 142.0 504.0 0.084858 -0.016391 37608 37614
1 146.0 506.0 0.087043 -0.013378 37624 37630
1 148.0 506.0 0.094047 -0.008925 37640 37646
1 152.0 506.0 0.105492 -0.013232 37656 37662
1 156.0 506.0 0.107954 -0.008693 37672 37678
1 158.0 506.0 0.116619 -0.009307 37688 37694
1 164.0 508.0 0.123585 -0.009928 37704 37710
1 168.0 508.0 0.126925 -0.007545 37720 37726
1 172.0 508.0 0.132869 -0.007105 37736 37742
1 176.0 508.0 0.138737 -0.002536 37752 37758
1 180.0 508.0 0.141878 -0.003889 37768 37774
1 186.0 508.0 0.147344 -0.008201 37784 37790
1 190.0 508.0 0.147441 0.000197 37800 37806
1 194.0 508.0 0.153885 -0.004386 37816 37822
1 200.0 508.0 0.159037 -0.004149 37832 37838
1 204.0 508.0 0.155455 0.000333 37848 37854
1 208.0 508.0 0.16467 -0.001064 37864 37870
1 216.0 508.0 0.167617 -6.9e-05 37880 37886
1 220.0 508.0 0.168137 0.004322 37896 37902
1 226.0 508.0 0.174186 0.001366 37912 37918
1 232.0 508.0 0.180731 0.002697 37928 37934
1 236.0 508.0 0.181429 0.006128 37944 37950
1 244.0 508.0 0.190138 0.005815 37960 37966
1 250.0 508.0 0.19279 0.004982 37977 37982
1 256.0 508.0 0.194372 0.009129 37992 37998
1 262.0 508.0 0.198798 0.011567 38008 38014
1 270.0 506.0 0.199614 0.018812 38024 38030
1 276.0 506.0 0.202211 0.016127 38040 38046
1 282.0 506.0 0.205574 0.015767 38056 38062
1 288.0 504.0 0.205465 0.023493 38072 38078
1 294.0 504.0 0.209614 0.026031 38088 38094
1 304.0 504.0 0.209368 0.025667 38104 38110
1 310.0 502.0 0.209403 0.027581 38120 38126
1 316.0 502.0 0.212168 0.027327 38136 38142
1 322.0 502.0 0.212535 0.024694 38152 38158
1 328.0 500.0 0.208326 0.022429 38168 38174
1 336.0 500.0 0.210941 0.025806 38184 38190
1 344.0 498.0 0.207756 0.025395 38200 38206
1 350.0 498.0 0.203799 0.019119 38216 38222
1 356.0 498.0 0.203954 0.019326 38232 38238
1 362.0 498.0 0.200789 0.01582 38248 38254
1 370.0 496.0 0.202664 0.011943 38264 38270
1 376.0 496.0 0.204898 0.007175 38280 38286
1 382.0 496.0 0.199349 0.009876 38296 38302
1 388.0 496.0 0.199401 0.0038 38312 38319
1 394.0 496.0 0.195213 0.00371 38328 38334
1 402.0 496.0 0.193134 0.001526 38344 38350
1 408.0 496.0 0.193279 0.00022 38360 38366
1 412.0 496.0 0.191384 -0.00165 38376 38382
1 418.0 496.0 0.184965 -0.005871 38392 38398
1 424.0 496.0 0.18443 -0.006008 38408 38414
1 430.0 496.0 0.178441 -0.003541 38424 38430
1 436.0 496.0 0.173974 -0.00633 38440 38446
1 442.0 496.0 0.167776 -0.001858 38457 38462
1 446.0 498.0 0.161153 -0.00178 38473 38478
1 452.0 496.0 0.155678 0.000862 38489 38494
1 456.0 496.0 0.148028 0.004266 38506 38511
1 460.0 496.0 0.132374 0.008862 38522 38528
1 464.0 496.0 0.12805 0.007359 38539 38544
1 470.0 496.0 0.119077 0.013235 38555 38561
1 472.0 496.0 0.107758 0.012711 38571 38577
1 476.0 496.0 0.100778 0.017156 38587 38593
1 478.0 494.0 0.09809 0.017089 38603 38609
2 482.0 494.0 0.083879 0.017078 38619 38626
2 484.0 494.0 0.079492 0.016289 38635 38636
2 486.0 494.0 0.075838 0.013997 38652 38652
2 488.0 492.0 0.062078 0.01594 38667 38667
2 490.0 492.0 0.059852 0.01715 38683 38684
2 492.0 492.0 0.053004 0.013789 38699 38699
2 494.0 492.0 0.039639 0.013053 38715 38716
2 494.0 490.0 0.036072 0.011474 38731 38732
2 496.0 490.0 0.028928 0.010994 38747 38748
2 496.0 490.0 0.021606 0.00597 38763 38764
2 496.0 490.0 0.019065 0.002544 38779 38779
2 498.0 490.0 0.018565 0.001631 38795 38796
2 498.0 490.0 0.01086 -0.004022 38812 38812
2 498.0 490.0 0.010683 -0.007348 38828 38829
2 498.0 490.0 0.00583 -0.005107 38844 38845
2 498.0 492.0 0.007603 -0.007068 38860 38860
2 498.0 492.0 0.009288 -0.008681 38876 38877
2 498.0 492.0 0.00173 -0.001617 38892 38893
2 498.0 492.0 0.003145 -0.00294 38908 38908
2 498.0 492.0 0.003332 -0.003114 38925 38925
2 498.0 492.0 0.000441 -0.000412 38940 38940
2 498.0 492.0 5.8e-05 -5.4e-05 38956 38957
2 498.0 492.0 0.001448 0.004104 38973 38973
2 498.0 492.0 -0.000278 -0.000792 38988 38989
2 498.0 492.0 0.000919 0.002616 39003 39004
2 498.0 492.0 0.000122 0.000346 39019 39019
2 498.0 492.0 1.6e-05 4.6e-05 39035 39036
2 498.0 492.0 1e-06 3e-06 39051 39052
2 498.0 492.0 0.0 0.0 39067 39068
2 498.0 492.0 0.0 0.0 39083 39083
2 498.0 492.0 0.0 0.0 39099 39100
2 498.0 492.0 0.0 0.0 39115 39116
2 498.0 492.0 0.0 0.0 39131 39131
2 498.0 492.0 0.0 0.0 39147 39148
2 498.0 492.0 0.0 0.0 39163 39164
2 498.0 492.0 0.0 0.0 39179 39180
2 498.0 492.0 0.0 0.0 39196 39196
2 498.0 492.0 0.0 0.0 39212 39212
2 498.0 492.0 0.000633 0.001803 39228 39229
2 498.0 492.0 0.001204 0.003428 39244 39245
2 498.0 492.0 -0.00031 -0.000881 39260 39260
2 498.0 492.0 -2.1e-05 -5.9e-05 39276 39277
2 498.0 492.0 0.002468 -0.002316 39292 39292
2 498.0 492.0 0.003244 -0.003031 39308 39309
2 500.0 492.0 0.003848 -0.003594 39324 39325
2 500.0 492.0 -0.00209 -0.005346 39341 39341
2 500.0 492.0 -0.001371 -0.007536 39357 39358
2 500.0 492.0 -0.00094 -0.008761 39373 39374
2 500.0 492.0 -0.001589 -0.005317 39389 39390
2 500.0 492.0 -0.001493 -0.004342 39405 39406
2 500.0 492.0 -0.001621 -0.004602 39421 39422
6 498.0 492.0 -0.000221 -0.000626 39438 39439
