7 666.0 484.0 -0.0 -0.0 5516 5523
7 666.0 484.0 -0.0 -0.0 5532 5539
7 666.0 484.0 -0.0 -0.0 5548 5554
7 666.0 484.0 -0.0 -0.0 5564 5571
7 666.0 484.0 -0.0 -0.0 5580 5587
7 666.0 484.0 -0.0 -0.0 5596 5602
7 666.0 484.0 -0.0 -0.0 5612 5618
7 666.0 484.0 -0.0 -0.0 5628 5635
7 666.0 484.0 -0.0 -0.0 5644 5650
7 666.0 484.0 -0.0 -0.0 5660 5667
7 666.0 484.0 -0.0 -0.0 5676 5682
7 666.0 484.0 -0.0 -0.0 5692 5698
7 666.0 484.0 -0.0 -0.0 5708 5715
7 666.0 484.0 -0.0 -0.0 5724 5730
7 666.0 484.0 -0.0 -0.0 5740 5747
7 666.0 484.0 -0.0 -0.0 5756 5762
7 666.0 484.0 -0.0 -0.0 5773 5779
7 666.0 484.0 -0.0 -0.0 5789 5795
7 666.0 484.0 -0.007678 0.005212 5805 5811
7 666.0 484.0 -0.017571 0.002873 5821 5828
13 666.0 484.0 -0.028403 0.000232 5837 5848
13 664.0 482.0 -0.034973 0.006332 5856 5863
13 664.0 482.0 -0.038461 -0.00012 5872 5879
13 662.0 482.0 -0.043394 -0.00109 5888 5895
13 660.0 482.0 -0.049382 0.000326 5904 5911
13 658.0 484.0 -0.053462 -0.003575 5920 5926
13 656.0 484.0 -0.063109 -0.008065 5936 5943
13 654.0 484.0 -0.064445 -0.006155 5953 5959
13 652.0 484.0 -0.070763 -0.00857 5969 5976
13 650.0 484.0 -0.072473 -0.009806 5985 5992
13 648.0 484.0 -0.071521 -0.006887 6000 6007
13 644.0 484.0 -0.071451 -0.007916 6017 6024
13 642.0 484.0 -0.07054 -0.002655 6033 6039
13 640.0 484.0 -0.057066 -0.007776 6050 6056
13 638.0 484.0 -0.052582 -0.008991 6066 6073
13 638.0 486.0 -0.042657 -0.00389 6083 6090
13 636.0 486.0 -0.028671 -0.011223 6099 6106
13 636.0 486.0 -0.015825 -0.015115 6116 6122
13 636.0 486.0 -0.005044 -0.006417 6132 6142
13 636.0 486.0 -0.000729 -0.003701 6150 6159
13 636.0 486.0 0.01702 -0.010666 6167 6176
13 638.0 486.0 0.035506 -0.00136 6185 6191
13 638.0 486.0 0.058915 -0.000172 6202 6208
13 642.0 486.0 0.071589 -0.000844 6218 6225
13 644.0 486.0 0.080625 0.00107 6234 6241
13 648.0 486.0 0.097607 -0.00089 6250 6256
13 650.0 486.0 0.109865 -0.000819 6267 6273
13 656.0 486.0 0.124441 -0.004957 6283 6290
13 660.0 486.0 0.136241 -0.003177 6299 6306
13 664.0 488.0 0.146674 -0.01214 6315 6321
13 670.0 488.0 0.163997 -0.009489 6332 6338
13 676.0 488.0 0.172946 -0.009813 6349 6355
13 682.0 488.0 0.183623 -0.013055 6364 6371
13 688.0 488.0 0.192175 -0.012308 6380 6386
13 694.0 490.0 0.201054 -0.01272 6396 6402
13 700.0 490.0 0.205229 -0.009059 6412 6418
13 708.0 490.0 0.215362 -0.011682 6428 6435
13 714.0 490.0 0.216971 -0.010881 6444 6450
13 722.0 490.0 0.215766 -0.008619 6460 6467
13 728.0 492.0 0.223797 -0.010743 6476 6483
13 734.0 492.0 0.224308 -0.013048 6492 6498
13 742.0 492.0 0.22296 -0.010648 6509 6515
13 750.0 492.0 0.222913 -0.00598 6524 6531
13 756.0 492.0 0.221715 -0.010043 6540 6547
13 764.0 492.0 0.220409 -0.005573 6556 6563
13 770.0 492.0 0.216467 -0.004763 6572 6579
13 776.0 494.0 0.212034 -0.002997 6588 6594
13 784.0 494.0 0.212036 -0.003372 6604 6610
13 790.0 494.0 0.20668 -0.002033 6620 6627
13 796.0 494.0 0.197153 -0.000646 6636 6643
13 802.0 494.0 0.192961 -0.001438 6653 6659
13 808.0 494.0 0.184257 -0.002112 6668 6675
13 816.0 494.0 0.177016 -0.00045 6684 6690
13 820.0 494.0 0.169582 -0.002349 6701 6707
13 826.0 494.0 0.156108 -0.004173 6717 6723
13 830.0 494.0 0.14267 0.000476 6733 6740
13 836.0 494.0 0.139553 0.000176 6749 6756
13 838.0 494.0 0.12772 -0.000649 6765 6771
13 842.0 494.0 0.114171 0.003056 6781 6788
13 846.0 494.0 0.108221 0.002366 6797 6804
13 848.0 494.0 0.096235 0.003995 6813 6820
13 852.0 494.0 0.087797 0.006002 6829 6836
13 854.0 494.0 0.083008 0.007556 6845 6851
13 856.0 494.0 0.071502 0.005716 6861 6867
13 858.0 492.0 0.066358 0.008652 6878 6884
13 860.0 492.0 0.060377 0.006056 6893 6900
13 862.0 492.0 0.049694 0.008053 6909 6916
13 864.0 492.0 0.047082 0.009846 6925 6931
13 864.0 492.0 0.044421 0.004745 6941 6947
13 866.0 492.0 0.035315 0.008574 6957 6963
13 866.0 492.0 0.032658 0.011937 6973 6980
13 868.0 490.0 0.03117 0.00551 6989 6996
13 868.0 490.0 0.026799 0.008403 7005 7012
13 870.0 490.0 0.026219 0.009555 7021 7028
13 870.0 490.0 0.02094 0.006203 7037 7044
13 872.0 490.0 0.022013 0.004566 7053 7059
13 872.0 490.0 0.020975 0.005803 7069 7075
13 872.0 490.0 0.013211 0.000124 7086 7092
2 872.0 490.0 0.012527 -7.4e-05 7102 7108
2 874.0 490.0 0.010922 0.001658 7117 7118
2 874.0 490.0 0.011874 -0.005181 7133 7133
2 874.0 490.0 0.004007 -0.001714 7149 7150
2 874.0 490.0 0.002404 -0.001017 7165 7166
2 874.0 490.0 0.001117 -0.000471 7182 7182
2 874.0 490.0 0.000148 -6.2e-05 7198 7199
2 874.0 490.0 2e-05 -8e-06 7214 7215
2 874.0 490.0 3e-06 -1e-06 7231 7231
2 874.0 490.0 0.0 -0.0 7246 7247
2 874.0 490.0 0.008115 -0.001461 7262 7263
2 874.0 490.0 0.004398 0.002381 7278 7279
2 874.0 490.0 0.00771 0.003247 7294 7294
2 874.0 490.0 0.009741 -0.001715 7310 7311
2 874.0 490.0 0.006554 0.003347 7326 7327
2 874.0 490.0 0.00571 0.006787 7342 7342
2 876.0 490.0 0.006975 -0.001207 7358 7359
2 876.0 490.0 0.003579 0.002189 7374 7375
2 876.0 490.0 0.00269 0.004782 7391 7391
2 876.0 490.0 0.002013 -0.001694 7406 7407
2 876.0 490.0 0.000266 -0.000224 7422 7423
2 876.0 490.0 3.5e-05 -3e-05 7439 7440
2 876.0 490.0 5e-06 -4e-06 7455 7455
2 876.0 490.0 1e-06 -1e-06 7471 7472
2 876.0 490.0 -6.3e-05 -0.000972 7487 7488
2 876.0 490.0 -0.006571 -0.003285 7503 7504
2 874.0 490.0 -0.01006 -0.00546 7519 7520
2 874.0 490.0 -0.010304 -0.002426 7536 7536
2 874.0 490.0 -0.006719 -0.00449 7551 7551
2 874.0 490.0 -0.00757 -0.006206 7567 7568
2 874.0 490.0 -0.011752 -0.000259 7583 7584
2 874.0 490.0 -0.008751 -0.003931 7599 7599
2 874.0 490.0 -0.006647 -0.006589 7615 7616
2 872.0 490.0 -0.009001 0.001545 7631 7632
2 872.0 490.0 -0.004593 -0.002937 7647 7648
2 872.0 490.0 -0.002774 -0.00394 7663 7664
2 872.0 490.0 0.001341 -0.002695 7680 7680
2 872.0 490.0 -1.8e-05 -0.003234 7696 7697
2 872.0 490.0 -1e-06 -0.000218 7712 7713
2 872.0 490.0 -0.0 -2.9e-05 7728 7729
2 872.0 490.0 -0.0 -4e-06 7744 7744
2 874.0 490.0 0.014488 -0.000202 7760 7760
2 874.0 490.0 0.011588 0.002319 7776 7777
2 874.0 490.0 0.015356 0.004426 7793 7793
2 874.0 490.0 0.022774 -0.001205 7808 7809
2 876.0 490.0 0.01696 0.000914 7824 7825
2 876.0 490.0 0.015941 0.00622 7840 7841
2 876.0 490.0 0.019019 -0.001781 7856 7856
2 876.0 490.0 0.012835 0.002492 7872 7873
2 876.0 490.0 0.011462 0.004172 7888 7889
2 878.0 490.0 0.008018 0.002748 7904 7904
2 878.0 490.0 0.005594 0.001933 7920 7921
2 878.0 490.0 0.001744 0.005748 7936 7937
2 878.0 490.0 0.00389 -0.002274 7952 7952
2 878.0 490.0 0.000262 -0.000153 7968 7969
2 878.0 490.0 3.5e-05 -2e-05 7984 7985
2 878.0 490.0 5e-06 -3e-06 8000 8000
7 878.0 490.0 0.0 -0.0 8016 8018
7 878.0 490.0 -0.008577 0.00063 8032 8038
7 878.0 490.0 -0.009537 -0.002821 8048 8054
7 876.0 490.0 -0.010519 -0.006383 8064 8070
7 876.0 490.0 -0.012241 -0.00172 8080 8086
7 876.0 490.0 -0.009619 -0.003877 8096 8102
7 876.0 490.0 -0.01453 8.4e-05 8112 8118
7 876.0 490.0 -0.009156 -0.003372 8128 8134
7 874.0 490.0 -0.012048 -0.004829 8147 8153
7 874.0 490.0 -0.018689 -0.000876 8163 8169
7 874.0 492.0 -0.014844 -0.0053 8180 8186
7 872.0 492.0 -0.024285 -0.006875 8195 8202
12 872.0 492.0 -0.027348 -0.001592 8211 8218
12 872.0 492.0 -0.028714 -0.006391 8228 8233
12 870.0 492.0 -0.035273 -0.007244 8244 8249
12 868.0 492.0 -0.04041 -0.005004 8260 8265
12 868.0 492.0 -0.043798 -0.007486 8275 8281
12 866.0 492.0 -0.059565 -0.003227 8292 8297
12 864.0 492.0 -0.059663 -0.006744 8307 8313
12 862.0 492.0 -0.072511 -0.002518 8323 8329
12 858.0 492.0 -0.08252 -0.00314 8339 8345
12 856.0 492.0 -0.088162 -0.001118 8355 8361
12 852.0 492.0 -0.101213 0.001909 8371 8377
12 850.0 492.0 -0.113539 0.004655 8387 8393
12 846.0 492.0 -0.121666 0.001237 8403 8409
12 840.0 492.0 -0.132639 0.002761 8419 8425
12 836.0 492.0 -0.140073 0.006206 8436 8442
12 832.0 492.0 -0.146589 0.00084 8452 8458
12 826.0 492.0 -0.162652 0.002193 8468 8474
12 822.0 492.0 -0.167318 0.00384 8484 8490
12 814.0 492.0 -0.170158 0.000378 8500 8506
12 810.0 492.0 -0.176917 -0.00118 8516 8522
12 804.0 492.0 -0.181837 -0.000231 8532 8538
12 798.0 492.0 -0.1883 -0.000258 8548 8554
12 792.0 492.0 -0.195341 0.000366 8564 8570
12 784.0 492.0 -0.19895 0.003426 8580 8586
12 778.0 492.0 -0.204429 0.002993 8596 8602
12 772.0 492.0 -0.20728 0.007112 8612 8618
12 766.0 492.0 -0.211502 0.00952 8628 8634
12 760.0 492.0 -0.218249 0.009394 8644 8650
12 750.0 490.0 -0.21309 0.011896 8660 8666
12 744.0 490.0 -0.214382 0.011012 8676 8682
12 738.0 490.0 -0.220442 0.014552 8693 8698
12 730.0 490.0 -0.216849 0.015789 8708 8714
12 724.0 490.0 -0.212233 0.013673 8724 8730
12 716.0 488.0 -0.21001 0.011526 8740 8746
12 710.0 488.0 -0.202871 0.010809 8756 8762
12 704.0 488.0 -0.196438 0.006414 8773 8778
12 698.0 488.0 -0.191093 0.005715 8788 8794
12 692.0 488.0 -0.182131 -0.000358 8805 8810
12 686.0 488.0 -0.180464 0.00149 8821 8826
12 680.0 488.0 -0.178713 -5.5e-05 8837 8843
12 676.0 488.0 -0.170092 -0.004103 8853 8859
12 670.0 488.0 -0.172157 -0.002464 8869 8875
12 664.0 488.0 -0.167935 -0.004581 8885 8891
12 658.0 490.0 -0.161508 -0.009289 8901 8907
12 654.0 490.0 -0.160128 -0.010339 8917 8923
12 650.0 490.0 -0.158634 -0.006099 8933 8939
12 644.0 490.0 -0.157285 -0.008521 8950 8955
12 638.0 490.0 -0.157413 -0.009628 8965 8971
12 634.0 490.0 -0.151447 -0.007555 8981 8987
12 628.0 492.0 -0.149282 -0.014333 8997 9002
12 624.0 492.0 -0.152007 -0.010663 9013 9019
12 618.0 492.0 -0.150191 -0.009026 9029 9035
12 614.0 492.0 -0.148889 -0.009089 9046 9051
12 610.0 492.0 -0.149627 -0.006585 9062 9068
12 604.0 492.0 -0.147203 -0.006002 9078 9083
12 600.0 492.0 -0.146458 -0.006306 9095 9100
12 594.0 492.0 -0.1457 -0.005759 9110 9116
12 590.0 494.0 -0.141819 -0.006461 9126 9132
12 586.0 494.0 -0.143918 -0.002744 9142 9148
12 580.0 494.0 -0.142457 -0.00256 9159 9165
12 576.0 494.0 -0.138662 -0.004908 9174 9179
12 572.0 494.0 -0.14094 -0.001399 9191 9196
12 568.0 494.0 -0.135449 -0.002663 9208 9214
12 562.0 494.0 -0.132386 -0.002737 9224 9229
12 558.0 494.0 -0.133604 -0.001529 9240 9245
12 554.0 494.0 -0.126315 -0.000313 9257 9262
12 552.0 494.0 -0.12551 0.000502 9272 9279
12 548.0 494.0 -0.121191 -0.002025 9288 9294
12 542.0 494.0 -0.115739 -0.002677 9304 9310
12 540.0 494.0 -0.115549 -0.000262 9320 9326
12 536.0 494.0 -0.111499 -0.003144 9336 9342
12 532.0 494.0 -0.106673 -0.007073 9352 9358
12 530.0 494.0 -0.102439 -0.006809 9368 9374
12 526.0 494.0 -0.100182 -0.003356 9384 9390
12 522.0 494.0 -0.090754 -0.006087 9400 9406
12 520.0 494.0 -0.090461 -0.005301 9417 9422
2 516.0 494.0 -0.087483 1.1e-05 9433 9440
2 516.0 494.0 -0.080917 -0.004403 9448 9449
2 512.0 494.0 -0.080298 -0.003164 9465 9465
2 510.0 494.0 -0.079021 0.004398 9481 9482
2 508.0 494.0 -0.069615 -0.001068 9498 9498
2 506.0 496.0 -0.069357 -0.003141 9513 9513
2 504.0 494.0 -0.064855 0.003995 9529 9530
2 502.0 494.0 -0.060242 -0.002312 9546 9546
2 500.0 494.0 -0.055966 -0.001926 9562 9563
2 498.0 494.0 -0.052168 0.00034 9578 9579
2 498.0 494.0 -0.044144 -0.002103 9594 9595
2 496.0 496.0 -0.042939 -0.001968 9610 9611
2 494.0 496.0 -0.037283 0.00088 9626 9626
2 494.0 496.0 -0.03312 -0.003165 9642 9643
2 492.0 496.0 -0.030727 0.00064 9658 9659
2 492.0 496.0 -0.020859 -0.001116 9674 9675
2 490.0 496.0 -0.018079 -0.002738 9690 9691
2 490.0 496.0 -0.014442 0.000575 9706 9707
2 490.0 496.0 -0.006815 -0.004242 9723 9723
2 490.0 496.0 -0.006447 -0.003229 9738 9739
2 490.0 496.0 -0.001831 0.000499 9754 9755
2 490.0 496.0 0.000256 -0.000406 9770 9770
2 490.0 496.0 3.4e-05 -5.4e-05 9786 9787
2 490.0 496.0 2e-06 -4e-06 9803 9803
2 490.0 496.0 0.004067 0.004067 9818 9819
2 490.0 496.0 0.013536 0.000428 9834 9835
2 492.0 496.0 0.011878 -0.002795 9850 9850
2 492.0 496.0 0.013092 0.000925 9866 9867
2 492.0 496.0 0.01458 -0.001838 9882 9883
2 492.0 496.0 0.01056 0.000147 9898 9898
2 492.0 496.0 0.011509 0.00087 9914 9914
2 494.0 496.0 0.01339 0.000542 9930 9931
2 494.0 496.0 0.009788 0.000422 9946 9947
2 494.0 496.0 0.008526 0.001784 9962 9963
2 494.0 496.0 0.01069 -0.007502 9978 9979
2 494.0 496.0 0.002583 -0.001466 9994 9995
2 494.0 496.0 0.003751 -0.003397 10010 10011
2 494.0 496.0 0.001735 -0.001621 10026 10027
2 494.0 496.0 0.000229 -0.000214 10043 10043
2 494.0 496.0 3e-05 -2.8e-05 10059 10060
2 494.0 496.0 4e-06 -4e-06 10075 10076
2 494.0 496.0 0.0 -0.0 10092 10092
2 494.0 496.0 -0.003854 0.003622 10107 10107
2 494.0 496.0 -0.00151 0.001419 10123 10124
2 494.0 496.0 -0.0002 0.000188 10139 10140
2 494.0 496.0 -2.6e-05 2.5e-05 10156 10156
2 494.0 496.0 -5.7e-05 5.4e-05 10171 10171
2 494.0 496.0 -8e-06 7e-06 10187 10188
2 494.0 496.0 -1e-06 1e-06 10203 10204
2 494.0 496.0 -5.5e-05 5.2e-05 10219 10219
2 494.0 496.0 -7e-06 7e-06 10235 10236
2 494.0 496.0 -0.0 0.0 10252 10252
2 494.0 496.0 -0.0 0.0 10267 10268
2 494.0 496.0 -0.0 0.0 10283 10284
2 494.0 496.0 -0.0 0.0 10299 10299
2 494.0 496.0 -0.0 0.0 10316 10316
2 494.0 496.0 -0.0 0.0 10332 10333
2 494.0 496.0 -0.0 0.0 10348 10349
2 494.0 496.0 -0.0 0.0 10364 10365
2 494.0 496.0 0.005336 -0.005014 10381 10382
2 494.0 496.0 0.001706 -0.001603 10397 10397
2 494.0 496.0 0.003636 -0.003415 10413 10414
2 494.0 496.0 0.008111 -0.002757 10429 10430
2 494.0 496.0 0.002387 -0.002223 10445 10445
2 494.0 496.0 0.007137 -0.004844 10461 10462
2 496.0 496.0 0.008545 -0.007886 10477 10478
2 496.0 496.0 0.007452 -0.003337 10493 10493
6 496.0 496.0 0.009111 -0.003242 10509 10511
7 496.0 496.0 0.00609 -0.004285 10525 10533
7 496.0 498.0 0.007946 -0.000591 10542 10548
7 496.0 498.0 0.010485 -0.006423 10557 10563
7 496.0 498.0 0.007115 -0.00135 10574 10580
7 498.0 498.0 0.010546 0.00113 10589 10596
7 498.0 498.0 0.011977 -0.003006 10605 10612
7 498.0 498.0 0.007109 0.002731 10622 10629
7 498.0 498.0 0.01071 0.002145 10638 10645
7 498.0 498.0 0.01512 -0.003366 10654 10660
7 498.0 498.0 0.011574 -0.000869 10670 10676
7 500.0 498.0 0.015884 0.001031 10687 10693
13 500.0 498.0 0.019816 -0.005222 10703 10713
13 500.0 498.0 0.026112 -0.009744 10722 10730
13 502.0 498.0 0.030388 -0.009812 10738 10744
13 504.0 498.0 0.034077 -0.008503 10754 10760
13 504.0 498.0 0.038808 -0.007345 10770 10776
13 506.0 498.0 0.044826 -0.010249 10786 10793
13 508.0 500.0 0.046188 -0.003363 10802 10809
13 508.0 500.0 0.054286 -0.004124 10818 10825
13 512.0 500.0 0.065024 -0.00808 10834 10841
13 514.0 500.0 0.065942 -0.002624 10850 10857
13 516.0 500.0 0.076159 -0.000753 10866 10873
13 518.0 500.0 0.08661 -0.005679 10882 10889
13 522.0 500.0 0.094619 -0.002238 10898 10905
13 526.0 500.0 0.104841 -0.001322 10914 10921
13 528.0 500.0 0.110991 -0.002175 10930 10937
13 532.0 500.0 0.116478 0.000477 10946 10953
13 536.0 500.0 0.129419 0.00036 10962 10969
13 540.0 500.0 0.132247 0.004817 10978 10985
13 546.0 500.0 0.141484 0.003584 10994 11000
13 550.0 500.0 0.146173 0.004532 11010 11017
13 554.0 500.0 0.15354 0.009468 11026 11033
13 560.0 500.0 0.161563 0.007803 11042 11048
13 566.0 498.0 0.168699 0.00501 11058 11064
13 572.0 498.0 0.16992 0.008523 11074 11081
13 576.0 498.0 0.17914 0.005118 11091 11097
13 582.0 498.0 0.182285 0.006075 11106 11113
13 588.0 498.0 0.185118 0.009057 11122 11129
13 596.0 498.0 0.192347 0.007215 11138 11146
13 602.0 498.0 0.196827 0.001879 11154 11161
13 608.0 498.0 0.197544 0.004864 11170 11177
13 614.0 498.0 0.202181 0.005601 11186 11193
13 620.0 498.0 0.204128 0.004951 11202 11209
13 628.0 498.0 0.208936 0.006464 11218 11225
13 634.0 498.0 0.207348 0.004107 11234 11241
13 640.0 496.0 0.206057 0.007374 11250 11257
13 646.0 496.0 0.207303 0.006282 11267 11273
13 654.0 496.0 0.207143 0.0053 11283 11289
13 660.0 496.0 0.206078 0.006905 11299 11305
13 668.0 496.0 0.209041 0.004519 11314 11321
13 674.0 496.0 0.207126 0.002835 11331 11337
13 680.0 496.0 0.208285 0.003889 11347 11354
13 686.0 496.0 0.207931 0.001794 11362 11369
13 694.0 496.0 0.203783 -9.8e-05 11378 11385
13 700.0 496.0 0.20354 0.001597 11394 11400
13 706.0 496.0 0.207382 -0.001072 11410 11416
13 712.0 496.0 0.205195 -0.00459 11426 11434
13 718.0 496.0 0.204294 -0.003017 11443 11449
13 724.0 496.0 0.203509 -0.003447 11459 11465
13 732.0 496.0 0.201976 -0.008813 11476 11482
13 740.0 498.0 0.206631 -0.011225 11492 11499
13 746.0 498.0 0.205299 -0.012417 11508 11515
13 754.0 498.0 0.20285 -0.01174 11524 11531
13 760.0 498.0 0.206273 -0.012565 11540 11547
13 766.0 498.0 0.203137 -0.012836 11556 11563
13 772.0 500.0 0.199963 -0.010742 11572 11579
13 778.0 500.0 0.205047 -0.01226 11588 11595
13 786.0 500.0 0.199361 -0.014129 11604 11611
13 792.0 500.0 0.199446 -0.01373 11620 11626
13 798.0 500.0 0.201083 -0.011907 11636 11642
13 804.0 502.0 0.198778 -0.013977 11652 11659
13 810.0 502.0 0.201381 -0.016651 11668 11675
13 818.0 502.0 0.198814 -0.016496 11684 11691
13 824.0 504.0 0.192811 -0.017828 11700 11706
13 830.0 504.0 0.192922 -0.020067 11717 11723
13 836.0 504.0 0.188262 -0.021207 11733 11739
13 840.0 506.0 0.181166 -0.018066 11749 11755
13 848.0 506.0 0.176342 -0.018454 11764 11771
13 854.0 506.0 0.171047 -0.024412 11782 11790
13 860.0 508.0 0.164498 -0.020889 11799 11806
13 864.0 508.0 0.163193 -0.019568 11815 11822
13 870.0 508.0 0.15809 -0.026011 11831 11838
13 874.0 510.0 0.14877 -0.021217 11847 11854
13 878.0 510.0 0.145555 -0.019927 11863 11870
13 884.0 510.0 0.139296 -0.021824 11879 11885
13 888.0 512.0 0.132223 -0.021036 11895 11901
13 892.0 512.0 0.130215 -0.020043 11911 11917
13 894.0 512.0 0.114412 -0.017461 11928 11934
13 898.0 514.0 0.111254 -0.021056 11944 11950
13 902.0 514.0 0.105161 -0.020975 11960 11966
13 906.0 514.0 0.092309 -0.017727 11977 11983
13 908.0 516.0 0.085908 -0.01461 11993 11999
13 912.0 516.0 0.083989 -0.019972 12009 12015
13 914.0 516.0 0.070102 -0.014449 12026 12032
13 916.0 516.0 0.067085 -0.013619 12041 12048
13 918.0 518.0 0.061219 -0.01729 12057 12064
13 920.0 518.0 0.051846 -0.011557 12073 12080
13 920.0 518.0 0.044398 -0.008448 12089 12096
13 922.0 518.0 0.039236 -0.012369 12105 12112
13 922.0 518.0 0.030456 -0.009264 12121 12128
13 924.0 520.0 0.024729 -0.008799 12137 12144
13 924.0 520.0 0.016524 -0.006007 12154 12160
2 924.0 520.0 0.010329 -0.003768 12169 12176
2 924.0 520.0 0.010181 -0.003715 12185 12186
2 924.0 520.0 0.007652 -0.002791 12201 12201
2 924.0 520.0 0.001453 -0.00053 12217 12218
2 924.0 520.0 -0.000144 -0.004411 12233 12234
2 924.0 520.0 -0.000242 -0.003459 12250 12250
2 924.0 520.0 -0.000146 -0.001923 12265 12266
2 924.0 520.0 -0.00517 -0.00078 12281 12282
2 924.0 520.0 -0.002049 -0.000603 12297 12297
2 924.0 520.0 -0.004929 -0.001845 12313 12314
2 924.0 520.0 -0.002601 -4.1e-05 12329 12330
2 924.0 520.0 0.00023 -0.000215 12345 12346
2 924.0 520.0 -4.3e-05 -0.000761 12361 12362
2 924.0 520.0 -6e-06 -0.000101 12378 12378
2 924.0 520.0 -1e-06 -1.3e-05 12393 12394
2 924.0 520.0 -0.0 -2e-06 12409 12410
2 924.0 520.0 -0.0 -0.0 12425 12425
2 924.0 520.0 -0.0 -0.0 12442 12442
2 924.0 520.0 0.002484 -0.000907 12458 12459
2 924.0 520.0 0.004149 -0.001515 12474 12475
2 924.0 520.0 0.004299 -0.001569 12491 12491
2 924.0 520.0 0.005608 -0.002045 12506 12507
2 926.0 520.0 0.002325 -0.000847 12522 12523
2 926.0 520.0 0.005348 -0.001948 12538 12538
2 926.0 520.0 0.007588 -0.002762 12554 12555
2 926.0 520.0 0.001649 -0.0006 12571 12571
2 926.0 520.0 0.003969 -0.001444 12586 12587
2 926.0 520.0 0.002179 -0.000793 12602 12603
2 926.0 520.0 0.000288 -0.000105 12619 12619
2 926.0 520.0 0.001949 -0.000709 12634 12634
2 926.0 520.0 0.000258 -9.4e-05 12650 12651
2 926.0 520.0 3.4e-05 -1.2e-05 12666 12667
2 926.0 520.0 2e-06 -1e-06 12682 12683
2 926.0 520.0 0.0 -0.0 12698 12699
2 926.0 520.0 -0.006236 0.002269 12715 12715
2 926.0 520.0 -0.007131 0.002597 12730 12731
2 926.0 520.0 -0.010999 0.00401 12746 12747
2 924.0 520.0 -0.010713 -0.002967 12763 12763
2 924.0 520.0 -0.017201 -0.004571 12778 12779
2 924.0 520.0 -0.013115 -0.006531 12794 12794
2 924.0 522.0 -0.018474 -0.008601 12810 12811
2 922.0 522.0 -0.021372 -0.011533 12827 12827
2 922.0 522.0 -0.018925 -0.008485 12842 12842
2 922.0 522.0 -0.021006 -0.00822 12858 12859
2 920.0 522.0 -0.022886 -0.002622 12875 12875
2 920.0 522.0 -0.015606 -0.004148 12890 12891
2 920.0 522.0 -0.015945 -0.004318 12906 12907
2 920.0 522.0 -0.016496 0.005197 12922 12922
2 918.0 522.0 -0.009825 0.000852 12938 12939
2 918.0 522.0 -0.00637 0.001486 12955 12955
2 918.0 522.0 -0.00904 0.003243 12971 12972
2 918.0 522.0 -0.00377 0.008599 12987 12988
2 918.0 522.0 -0.004206 0.010971 13003 13003
2 918.0 522.0 -0.000193 0.006751 13019 13020
2 918.0 520.0 -0.00257 0.008783 13035 13036
2 918.0 520.0 -0.005478 0.006874 13052 13052
2 918.0 520.0 0.000852 0.004284 13067 13067
2 918.0 520.0 -0.000256 0.004175 13083 13084
7 918.0 520.0 -0.005755 0.00174 13099 13101
7 918.0 520.0 0.001673 0.001312 13116 13122
7 918.0 520.0 -0.001565 0.002348 13131 13137
7 918.0 520.0 -0.000126 -9.4e-05 13147 13152
7 918.0 520.0 -1.7e-05 -1.2e-05 13163 13168
7 918.0 520.0 -2e-06 -2e-06 13179 13184
7 918.0 520.0 -0.0 -0.0 13195 13200
7 918.0 520.0 -0.0 -0.0 13212 13217
7 918.0 520.0 -0.006861 0.002558 13228 13233
7 918.0 520.0 -0.002194 0.000818 13243 13249
7 916.0 520.0 -0.008568 0.001235 13259 13265
7 916.0 520.0 -0.012649 0.000995 13275 13281
7 916.0 520.0 -0.011693 -0.001571 13291 13297
7 916.0 520.0 -0.019622 -0.000377 13307 13313
12 914.0 520.0 -0.026642 0.005004 13323 13330
12 914.0 520.0 -0.026542 0.002383 13339 13345
12 912.0 520.0 -0.035102 0.000373 13355 13361
12 912.0 520.0 -0.046361 0.009416 13371 13377
12 910.0 520.0 -0.052472 0.008764 13387 13393
12 908.0 518.0 -0.064013 0.011626 13403 13409
12 904.0 518.0 -0.071508 0.017473 13419 13425
12 902.0 518.0 -0.085575 0.022002 13436 13442
12 900.0 516.0 -0.096748 0.025989 13452 13458
12 896.0 516.0 -0.112155 0.035227 13468 13474
12 892.0 514.0 -0.126212 0.036981 13484 13489
12 886.0 512.0 -0.140645 0.04578 13501 13506
12 882.0 512.0 -0.149511 0.046511 13516 13522
12 878.0 510.0 -0.169393 0.052906 13532 13538
12 872.0 508.0 -0.176419 0.054529 13549 13554
12 866.0 506.0 -0.184261 0.052709 13565 13570
12 858.0 504.0 -0.193789 0.054766 13580 13586
12 852.0 502.0 -0.198838 0.058825 13596 13602
12 846.0 502.0 -0.205014 0.053589 13613 13619
12 840.0 500.0 -0.211551 0.052228 13629 13635
12 832.0 498.0 -0.210515 0.054952 13645 13650
12 826.0 496.0 -0.2096 0.053212 13661 13666
12 820.0 494.0 -0.211256 0.055988 13678 13684
12 812.0 492.0 -0.210887 0.052989 13694 13700
12 804.0 490.0 -0.212677 0.055374 13710 13716
12 798.0 488.0 -0.216689 0.057942 13727 13732
12 792.0 488.0 -0.208732 0.054026 13743 13749
12 784.0 486.0 -0.213251 0.054028 13759 13765
12 776.0 484.0 -0.210584 0.057691 13775 13781
12 770.0 482.0 -0.208723 0.051619 13791 13797
12 764.0 480.0 -0.213123 0.052781 13808 13814
12 758.0 478.0 -0.211697 0.052667 13824 13830
12 752.0 478.0 -0.211031 0.048596 13840 13846
12 742.0 476.0 -0.211872 0.047951 13857 13862
12 736.0 474.0 -0.207217 0.044322 13873 13879
12 730.0 472.0 -0.204066 0.040983 13889 13895
12 722.0 472.0 -0.205768 0.036864 13905 13911
12 716.0 470.0 -0.201948 0.032573 13921 13927
12 710.0 470.0 -0.203307 0.030157 13937 13943
12 704.0 468.0 -0.199374 0.021595 13953 13959
12 698.0 468.0 -0.198866 0.01691 13969 13975
12 690.0 468.0 -0.201132 0.016299 13985 13991
12 684.0 468.0 -0.200157 0.012327 14000 14006
12 678.0 468.0 -0.198127 0.006571 14017 14023
12 672.0 466.0 -0.201861 0.008738 14033 14039
12 666.0 466.0 -0.201645 0.005936 14049 14054
12 658.0 466.0 -0.200301 0.002546 14065 14071
12 652.0 466.0 -0.201779 0.000589 14081 14086
12 646.0 466.0 -0.199696 -0.00418 14097 14102
12 640.0 466.0 -0.201447 -0.004463 14114 14119
12 632.0 468.0 -0.197624 -0.008125 14130 14135
12 626.0 468.0 -0.192663 -0.009891 14146 14151
12 620.0 468.0 -0.190634 -0.014634 14161 14166
12 614.0 468.0 -0.183554 -0.01582 14178 14183
12 608.0 470.0 -0.178571 -0.019734 14195 14200
12 602.0 470.0 -0.178974 -0.020936 14210 14216
12 596.0 470.0 -0.176857 -0.018769 14226 14232
12 592.0 470.0 -0.173111 -0.020026 14242 14248
12 586.0 472.0 -0.170583 -0.021566 14258 14264
12 580.0 472.0 -0.16677 -0.01668 14274 14280
12 574.0 474.0 -0.166924 -0.020012 14290 14296
12 570.0 474.0 -0.166547 -0.01788 14306 14312
12 564.0 474.0 -0.160732 -0.017947 14322 14328
12 560.0 474.0 -0.161102 -0.016772 14338 14344
12 554.0 476.0 -0.157937 -0.015359 14354 14360
12 550.0 476.0 -0.151944 -0.018905 14370 14376
12 544.0 476.0 -0.150083 -0.019247 14386 14391
12 540.0 476.0 -0.140729 -0.019738 14403 14408
12 536.0 478.0 -0.133956 -0.019069 14419 14425
12 532.0 478.0 -0.126391 -0.019376 14435 14442
12 528.0 478.0 -0.116942 -0.016323 14452 14458
12 524.0 480.0 -0.109959 -0.016963 14467 14473
12 520.0 480.0 -0.104051 -0.014881 14485 14491
12 518.0 480.0 -0.098497 -0.009237 14501 14507
12 514.0 480.0 -0.087422 -0.013616 14517 14523
12 512.0 480.0 -0.082 -0.009742 14533 14540
12 510.0 480.0 -0.075509 -0.005013 14549 14555
2 508.0 482.0 -0.066741 -0.007425 14566 14572
2 506.0 482.0 -0.064288 -0.004895 14581 14582
2 504.0 482.0 -0.055731 -0.002786 14598 14598
2 502.0 482.0 -0.04994 0.000892 14614 14615
2 500.0 482.0 -0.043719 -0.0013 14630 14631
2 500.0 482.0 -0.038933 0.002624 14647 14647
2 498.0 482.0 -0.030763 -0.000912 14663 14664
2 498.0 482.0 -0.029315 0.003085 14679 14680
2 498.0 482.0 -0.020281 -0.000418 14696 14696
2 496.0 482.0 -0.017344 0.001416 14712 14713
2 496.0 482.0 -0.014889 0.00662 14728 14729
2 496.0 482.0 -0.007125 0.000896 14744 14744
2 496.0 482.0 -0.006719 -0.001668 14760 14761
2 496.0 480.0 -0.008005 0.005274 14776 14777
2 496.0 482.0 -0.001678 -0.002954 14792 14792
2 496.0 482.0 -0.003802 -0.004254 14808 14809
2 496.0 482.0 0.000775 -0.002326 14824 14825
2 496.0 482.0 -0.001535 0.000622 14840 14840
2 496.0 482.0 -0.000681 -0.001307 14856 14856
2 496.0 482.0 -4.6e-05 -8.8e-05 14872 14873
2 496.0 482.0 -6e-06 -1.2e-05 14888 14889
2 496.0 482.0 -1e-06 -2e-06 14904 14904
2 496.0 482.0 -0.0 -0.0 14920 14921
2 496.0 482.0 -0.0 -0.0 14936 14937
2 496.0 482.0 -0.0 -0.0 14952 14953
2 496.0 482.0 -0.0 -0.0 14968 14969
2 496.0 482.0 -0.0 -0.0 14985 14985
2 496.0 482.0 -0.0 -0.0 15000 15001
2 496.0 482.0 0.000938 0.002727 15018 15018
2 496.0 480.0 0.001999 0.005816 15033 15033
2 496.0 482.0 0.005083 -0.003793 15049 15050
2 496.0 480.0 0.002552 0.001334 15065 15066
2 496.0 480.0 0.002709 0.00516 15081 15081
2 496.0 480.0 0.002412 -0.001762 15097 15098
2 496.0 480.0 0.001256 0.002495 15113 15113
2 496.0 480.0 0.002424 0.001209 15129 15130
2 496.0 480.0 0.002622 -0.002615 15146 15146
2 496.0 480.0 0.002497 0.001864 15162 15162
2 496.0 482.0 0.004836 -0.005233 15177 15178
2 496.0 480.0 -0.001285 0.002969 15194 15194
2 496.0 482.0 0.001308 -0.001005 15209 15210
2 496.0 482.0 0.004325 0.000774 15225 15225
2 496.0 482.0 0.000209 -0.000187 15241 15242
2 496.0 482.0 0.001506 -0.001422 15257 15257
2 496.0 482.0 0.003118 -0.002878 15273 15274
2 496.0 482.0 0.001836 -0.001725 15289 15290
2 496.0 480.0 0.001481 0.003387 15306 15306
2 496.0 482.0 -0.000656 -0.000264 15322 15323
2 496.0 482.0 0.000893 -0.00096 15338 15339
2 496.0 482.0 0.000118 -0.000127 15354 15354
2 496.0 482.0 0.002429 0.001315 15370 15371
2 496.0 482.0 0.000164 8.9e-05 15386 15387
2 496.0 482.0 0.001944 -0.001804 15402 15402
2 496.0 482.0 0.000711 0.002944 15418 15419
2 496.0 482.0 0.000593 -8.2e-05 15435 15436
2 496.0 482.0 0.002001 -0.001826 15451 15451
6 496.0 482.0 0.000632 0.000345 15467 15469
7 496.0 482.0 0.003389 0.004085 15483 15491
7 496.0 482.0 0.001452 -0.002246 15499 15506
7 496.0 482.0 0.000192 -0.000297 15515 15522
7 498.0 482.0 0.001949 -0.001854 15531 15537
7 498.0 482.0 0.000875 0.002783 15547 15554
7 498.0 482.0 0.001096 -0.000556 15563 15569
7 498.0 482.0 0.000145 -7.4e-05 15579 15585
7 498.0 482.0 1.9e-05 -1e-05 15595 15602
7 498.0 482.0 3e-06 -1e-06 15611 15618
7 498.0 482.0 0.0 -0.0 15627 15634
7 498.0 482.0 0.0 -0.0 15643 15650
7 498.0 482.0 0.0 -0.0 15659 15666
7 498.0 482.0 0.0 -0.0 15675 15682
7 498.0 482.0 0.0 -0.0 15691 15698
7 498.0 482.0 0.0 -0.0 15707 15714
7 498.0 482.0 0.0 -0.0 15723 15730
7 498.0 482.0 0.0 -0.0 15739 15745
7 498.0 482.0 0.0 -0.0 15755 15762
7 498.0 482.0 0.0 -0.0 15771 15778
7 498.0 482.0 0.0 -0.0 15787 15794
7 498.0 482.0 0.0 -0.0 15803 15810
7 498.0 482.0 0.0 -0.0 15819 15826
7 498.0 482.0 0.000618 0.001808 15835 15842
7 498.0 482.0 0.009809 0.002582 15851 15857
7 498.0 482.0 0.012403 0.003328 15868 15874
7 498.0 482.0 0.020078 0.001759 15884 15891
13 500.0 482.0 0.027086 -0.00558 15901 15911
13 500.0 482.0 0.027995 -0.002532 15919 15926
13 502.0 482.0 0.033536 0.000635 15935 15942
13 502.0 482.0 0.039382 -0.008485 15951 15958
13 504.0 482.0 0.043551 -0.00523 15967 15974
13 506.0 482.0 0.050517 -0.006782 15983 15990
13 508.0 482.0 0.05299 -0.008405 15999 16004
13 510.0 482.0 0.064418 -0.011869 16016 16023
13 512.0 482.0 0.069183 -0.015884 16032 16039
13 514.0 484.0 0.073182 -0.008106 16048 16055
13 518.0 484.0 0.083719 -0.013596 16064 16071
13 520.0 484.0 0.087082 -0.016327 16080 16087
13 522.0 484.0 0.095643 -0.011259 16096 16102
13 526.0 484.0 0.101788 -0.008909 16112 16118
13 530.0 486.0 0.108345 -0.010423 16129 16135
13 534.0 486.0 0.109681 -0.004814 16144 16151
13 536.0 486.0 0.118952 -0.007558 16160 16167
13 540.0 486.0 0.124585 -0.00837 16176 16183
13 544.0 486.0 0.12882 -0.00453 16192 16199
13 550.0 486.0 0.134952 -0.006542 16208 16215
13 554.0 486.0 0.134451 -0.004676 16224 16231
13 558.0 486.0 0.140592 -0.004507 16240 16247
13 562.0 486.0 0.143661 -0.005651 16256 16263
13 566.0 486.0 0.145071 -0.001489 16272 16279
13 572.0 488.0 0.148655 -0.001983 16289 16295
13 578.0 488.0 0.153209 -0.003008 16304 16311
13 582.0 488.0 0.153227 0.00143 16321 16327
13 586.0 488.0 0.156794 0.002674 16337 16344
13 592.0 486.0 0.156707 0.001117 16353 16359
13 598.0 486.0 0.155763 0.00502 16369 16375
13 602.0 486.0 0.160822 0.004361 16385 16391
13 608.0 486.0 0.160611 0.000479 16401 16407
13 612.0 486.0 0.16002 0.004166 16417 16424
13 618.0 486.0 0.159465 0.005621 16434 16441
13 624.0 486.0 0.159449 0.000906 16449 16456
13 628.0 486.0 0.159747 0.002358 16465 16472
13 632.0 486.0 0.15703 -0.000541 16481 16488
13 638.0 486.0 0.15303 0.002195 16497 16503
13 642.0 486.0 0.151964 0.000344 16513 16519
13 648.0 486.0 0.151401 -0.001703 16530 16536
13 652.0 486.0 0.145932 0.002297 16545 16552
13 656.0 486.0 0.144933 0.001397 16561 16569
13 662.0 486.0 0.14526 -0.005225 16578 16585
13 666.0 486.0 0.14066 -0.00085 16595 16602
13 670.0 486.0 0.140704 -0.003383 16611 16618
13 676.0 486.0 0.140168 -0.006659 16627 16633
13 680.0 488.0 0.135978 -0.005693 16643 16649
13 684.0 488.0 0.135428 -0.005606 16659 16665
13 688.0 488.0 0.131075 -0.008735 16676 16682
13 692.0 488.0 0.127388 -0.006942 16692 16698
13 696.0 488.0 0.125803 -0.008276 16708 16714
13 700.0 488.0 0.122369 -0.00921 16724 16730
13 704.0 488.0 0.122935 -0.010551 16740 16746
13 708.0 490.0 0.119247 -0.013718 16757 16763
13 712.0 490.0 0.116367 -0.007482 16772 16779
13 716.0 490.0 0.11932 -0.009361 16788 16795
13 720.0 490.0 0.121333 -0.015356 16804 16811
13 724.0 490.0 0.119245 -0.011733 16820 16826
13 728.0 490.0 0.120802 -0.007821 16836 16842
13 732.0 492.0 0.124361 -0.016537 16852 16858
13 734.0 492.0 0.122775 -0.012846 16869 16875
13 740.0 492.0 0.124785 -0.010636 16886 16892
13 744.0 492.0 0.123708 -0.011799 16903 16909
13 748.0 494.0 0.124226 -0.011642 16920 16926
13 752.0 494.0 0.126908 -0.011611 16935 16942
13 756.0 494.0 0.127029 -0.00904 16951 16958
13 760.0 494.0 0.128048 -0.01011 16967 16973
13 764.0 494.0 0.130109 -0.011353 16984 16990
13 768.0 494.0 0.128883 -0.008741 17000 17005
13 772.0 494.0 0.130924 -0.006564 17015 17022
13 776.0 496.0 0.131838 -0.009654 17031 17037
13 780.0 496.0 0.127616 -0.007155 17047 17053
13 786.0 496.0 0.131822 -0.004308 17064 17070
13 790.0 496.0 0.132018 -0.007342 17080 17087
13 794.0 496.0 0.129742 -0.005396 17096 17103
13 798.0 496.0 0.12587 -0.00445 17112 17119
13 802.0 496.0 0.120334 -0.004956 17128 17134
13 806.0 496.0 0.120975 -0.003834 17145 17151
13 810.0 496.0 0.114437 -0.004885 17162 17168
13 814.0 496.0 0.109635 -0.003362 17179 17185
13 818.0 496.0 0.104944 8.7e-05 17195 17202
13 820.0 498.0 0.101457 -0.007122 17211 17218
13 822.0 498.0 0.090226 0.001705 17227 17234
13 826.0 498.0 0.089584 -0.000852 17243 17250
13 828.0 498.0 0.086814 -0.003245 17259 17265
13 832.0 496.0 0.07317 0.002825 17275 17282
13 834.0 496.0 0.070031 0.006855 17291 17298
13 836.0 496.0 0.068106 0.000724 17308 17314
13 838.0 496.0 0.056877 0.004558 17324 17330
13 840.0 496.0 0.05393 0.002718 17341 17347
13 840.0 496.0 0.045169 0.000484 17358 17364
13 842.0 496.0 0.041757 0.003757 17374 17381
13 844.0 496.0 0.035439 -0.000469 17390 17397
13 844.0 496.0 0.027809 0.003454 17406 17413
13 844.0 496.0 0.026339 0.006174 17422 17429
13 846.0 496.0 0.025143 0.002549 17438 17445
13 846.0 496.0 0.014277 0.009389 17454 17461
13 846.0 496.0 0.0153 0.01219 17470 17479
13 848.0 496.0 0.018138 0.005357 17488 17497
13 848.0 494.0 0.010774 0.008343 17505 17514
13 848.0 494.0 0.010735 0.006434 17522 17531
13 848.0 494.0 0.008069 0.00434 17539 17548
13 848.0 494.0 0.00552 0.0068 17556 17565
13 848.0 494.0 0.007534 -0.000619 17574 17583
13 848.0 494.0 0.002757 0.000729 17591 17600
13 848.0 494.0 0.000365 9.6e-05 17609 17617
13 848.0 494.0 0.00097 -0.000418 17625 17634
13 848.0 494.0 0.000128 -5.5e-05 17643 17652
2 850.0 494.0 0.004285 -0.001924 17660 17667
2 850.0 494.0 0.005983 -0.002686 17676 17677
2 850.0 494.0 0.003204 -0.001438 17692 17693
2 850.0 494.0 0.004803 -0.002155 17709 17709
2 850.0 494.0 0.004347 -0.001949 17724 17725
2 850.0 494.0 0.004217 -0.00189 17740 17741
2 850.0 494.0 0.004827 -0.002163 17756 17757
2 850.0 494.0 0.004351 -0.001949 17772 17772
2 850.0 494.0 0.004563 -0.002043 17788 17789
2 850.0 494.0 0.007287 -0.003261 17805 17805
2 850.0 494.0 0.000361 -0.000161 17820 17821
2 850.0 494.0 0.003088 -0.001381 17837 17837
2 850.0 494.0 0.006585 -0.002944 17853 17854
2 850.0 494.0 0.002055 -0.000919 17870 17870
2 850.0 494.0 0.000898 -0.000402 17885 17885
2 850.0 494.0 0.000119 -5.3e-05 17901 17901
2 850.0 494.0 1.6e-05 -7e-06 17917 17918
2 850.0 494.0 1e-06 -0.0 17933 17934
2 850.0 494.0 0.0 -0.0 17949 17949
2 850.0 494.0 0.0 -0.0 17965 17966
2 850.0 494.0 0.0 -0.0 17981 17982
2 850.0 494.0 0.0 -0.0 17998 17998
2 850.0 496.0 -0.000284 -0.003368 18014 18015
2 850.0 496.0 -7.9e-05 -0.00094 18030 18031
2 850.0 496.0 -0.000248 -0.002937 18047 18047
2 850.0 496.0 -0.002375 -0.005306 18063 18064
2 850.0 496.0 -0.005856 0.001265 18079 18080
2 850.0 496.0 -0.001848 -0.004824 18096 18096
2 850.0 496.0 -0.001401 -0.0066 18111 18112
2 850.0 496.0 -0.000666 -0.002427 18127 18128
2 850.0 496.0 0.000414 -0.002066 18144 18144
2 850.0 496.0 -0.000195 -0.003202 18159 18160
2 850.0 496.0 -0.000146 -0.001833 18175 18176
2 850.0 496.0 -1e-05 -0.000124 18192 18192
2 850.0 496.0 -1e-06 -1.6e-05 18207 18207
2 850.0 496.0 -0.0 -2e-06 18223 18224
2 850.0 496.0 -0.0 -0.0 18239 18240
2 850.0 496.0 -0.0 -0.0 18255 18255
2 850.0 496.0 -0.0 -0.0 18271 18272
2 850.0 496.0 0.000369 0.004338 18288 18288
2 850.0 496.0 0.003734 -0.000563 18303 18303
2 850.0 496.0 0.001324 0.002043 18319 18320
2 850.0 496.0 0.004892 0.003632 18335 18336
2 850.0 496.0 0.007895 -0.003254 18351 18351
2 850.0 496.0 0.000715 0.001936 18367 18368
2 850.0 496.0 0.002075 0.00089 18383 18384
2 850.0 496.0 0.00225 0.000698 18399 18399
2 850.0 496.0 0.000339 0.000587 18415 18416
2 850.0 496.0 4.5e-05 7.8e-05 18431 18431
2 852.0 496.0 0.001863 -0.000819 18447 18448
2 852.0 496.0 0.000126 -5.5e-05 18463 18464
2 852.0 496.0 1.7e-05 -7e-06 18480 18480
2 852.0 496.0 2e-06 -1e-06 18496 18497
2 852.0 496.0 0.0 -0.0 18512 18513
2 850.0 496.0 -0.010809 0.002858 18528 18529
2 850.0 496.0 -0.004917 -0.003534 18544 18544
2 850.0 496.0 -0.007945 -0.004652 18560 18561
7 850.0 496.0 -0.00866 -0.002157 18576 18578
7 850.0 496.0 -0.007652 -0.002843 18593 18598
7 850.0 496.0 -0.009101 -0.000651 18608 18614
7 850.0 496.0 -0.005245 -0.002265 18624 18630
7 850.0 496.0 -0.00835 -0.001367 18640 18647
7 848.0 496.0 -0.009045 0.000649 18656 18663
7 848.0 496.0 -0.006465 -0.002052 18673 18679
7 848.0 496.0 -0.00993 -0.002674 18689 18696
7 848.0 496.0 -0.01251 0.001647 18705 18711
7 848.0 496.0 -0.011686 0.001754 18721 18726
7 846.0 496.0 -0.019873 -0.00025 18738 18744
12 846.0 496.0 -0.027287 0.007116 18754 18761
12 844.0 496.0 -0.031174 0.003459 18770 18776
12 844.0 496.0 -0.03508 0.001048 18786 18792
12 842.0 496.0 -0.047683 0.006796 18802 18808
12 840.0 496.0 -0.060134 0.004779 18818 18824
12 838.0 496.0 -0.071204 0.006827 18834 18840
12 836.0 494.0 -0.07649 0.00705 18850 18856
12 832.0 494.0 -0.087841 0.007219 18866 18872
12 830.0 494.0 -0.102362 0.008278 18882 18888
12 826.0 494.0 -0.115087 0.00781 18898 18904
12 822.0 494.0 -0.125537 0.007869 18914 18920
12 816.0 494.0 -0.141987 0.014131 18931 18936
12 812.0 494.0 -0.149721 0.009262 18947 18952
12 808.0 494.0 -0.169252 0.008915 18964 18969
12 802.0 492.0 -0.180584 0.010383 18980 18985
12 794.0 492.0 -0.186873 0.006873 18996 19000
12 788.0 492.0 -0.199461 0.006958 19012 19017
12 782.0 492.0 -0.211486 0.007113 19028 19033
12 776.0 492.0 -0.215814 0.005513 19043 19048
12 766.0 492.0 -0.220297 0.004085 19060 19065
12 760.0 492.0 -0.226956 0.00456 19076 19081
12 754.0 492.0 -0.227295 0.003596 19091 19097
12 746.0 492.0 -0.227905 0.001779 19108 19113
12 740.0 492.0 -0.229479 0.001967 19124 19129
12 730.0 492.0 -0.225971 -0.002482 19139 19145
12 724.0 492.0 -0.223872 -0.000655 19155 19161
12 716.0 492.0 -0.223768 -0.005277 19171 19177
12 710.0 492.0 -0.224592 -0.003107 19188 19193
12 704.0 492.0 -0.224562 -0.001667 19204 19209
12 694.0 492.0 -0.221936 -0.010319 19219 19225
12 688.0 492.0 -0.225974 -0.007354 19235 19241
12 680.0 494.0 -0.224524 -0.005903 19251 19257
12 674.0 494.0 -0.225948 -0.008072 19267 19273
12 668.0 494.0 -0.228794 -0.003816 19283 19289
12 658.0 494.0 -0.22587 -0.00477 19299 19305
12 652.0 494.0 -0.227593 -0.005367 19315 19321
12 644.0 494.0 -0.22384 -0.005295 19332 19337
12 638.0 494.0 -0.223043 -0.006639 19348 19353
12 632.0 494.0 -0.220805 -0.007737 19363 19369
12 622.0 494.0 -0.217034 -0.008209 19380 19385
12 616.0 496.0 -0.20706 -0.015879 19397 19402
12 610.0 496.0 -0.202556 -0.014231 19414 19419
12 602.0 496.0 -0.197436 -0.010423 19430 19436
12 596.0 496.0 -0.189677 -0.015703 19445 19451
12 592.0 498.0 -0.187674 -0.014104 19461 19467
12 586.0 498.0 -0.180127 -0.014779 19477 19484
12 580.0 498.0 -0.173493 -0.015784 19493 19499
12 576.0 498.0 -0.168881 -0.010877 19509 19515
12 570.0 498.0 -0.163192 -0.007473 19525 19531
12 564.0 500.0 -0.157428 -0.011157 19541 19547
12 560.0 500.0 -0.151083 -0.007097 19557 19563
12 556.0 500.0 -0.143132 -0.006448 19573 19579
12 552.0 500.0 -0.140302 -0.005871 19589 19595
12 546.0 500.0 -0.134111 -0.005062 19605 19611
12 542.0 500.0 -0.129366 -0.004378 19621 19627
12 538.0 500.0 -0.122574 -0.006943 19637 19643
12 534.0 500.0 -0.116585 -0.001078 19653 19659
12 532.0 500.0 -0.108749 -0.004047 19669 19675
12 528.0 500.0 -0.10544 -0.004999 19685 19691
12 524.0 500.0 -0.104882 -0.000819 19701 19707
12 522.0 500.0 -0.095317 -0.002513 19717 19723
2 518.0 500.0 -0.093337 -0.004249 19733 19740
2 516.0 500.0 -0.091653 0.002485 19749 19750
2 514.0 500.0 -0.080464 -0.001392 19765 19766
2 512.0 500.0 -0.075897 -0.002205 19782 19782
2 508.0 500.0 -0.072403 0.003872 19798 19798
2 508.0 500.0 -0.062025 -0.002081 19814 19815
2 504.0 502.0 -0.056129 -0.00457 19830 19831
2 504.0 502.0 -0.050103 0.002401 19846 19846
2 502.0 502.0 -0.039838 -0.004755 19862 19863
2 502.0 502.0 -0.030889 -0.006524 19879 19879
2 500.0 502.0 -0.026206 -0.003992 19894 19894
2 500.0 502.0 -0.020972 -0.003751 19910 19911
2 500.0 502.0 -0.018177 -0.005043 19926 19927
2 498.0 502.0 -0.015202 0.000316 19942 19942
2 498.0 502.0 -0.010116 -0.000669 19958 19959
2 498.0 502.0 -0.008209 0.002602 19974 19975
2 498.0 502.0 -0.002424 0.000364 19990 19990
2 498.0 502.0 -0.001307 -0.002662 20005 20006
2 498.0 502.0 -8.8e-05 -0.000179 20021 20022
2 498.0 502.0 -1.2e-05 -2.4e-05 20037 20038
2 498.0 502.0 -2e-06 -3e-06 20053 20054
2 498.0 502.0 -0.0 -0.0 20069 20070
2 498.0 502.0 0.002142 0.004039 20086 20086
2 498.0 502.0 0.010495 0.001641 20102 20103
2 498.0 502.0 0.011543 -0.002556 20119 20119
2 500.0 502.0 0.007261 0.002836 20134 20134
2 500.0 502.0 0.01012 0.00222 20150 20151
2 500.0 502.0 0.005668 0.001868 20166 20167
2 500.0 502.0 0.007469 0.002511 20182 20183
2 500.0 502.0 0.008518 -0.002326 20198 20199
2 500.0 502.0 0.00525 0.003737 20214 20215
2 500.0 502.0 0.005924 0.002294 20231 20231
2 500.0 502.0 0.007784 -0.003855 20247 20248
2 500.0 502.0 0.002835 0.006299 20263 20264
2 502.0 502.0 0.006578 0.00535 20279 20279
2 502.0 502.0 0.006559 -0.001531 20295 20296
2 502.0 502.0 0.003366 0.001749 20311 20312
2 502.0 502.0 0.002234 0.005211 20327 20327
2 502.0 502.0 -3.4e-05 -0.000227 20343 20344
2 502.0 502.0 -4e-06 -3e-05 20359 20360
2 502.0 502.0 -1e-06 -4e-06 20376 20376
2 502.0 502.0 -0.0 -1e-06 20391 20392
2 502.0 502.0 -0.0 -0.0 20407 20408
2 502.0 502.0 -0.0 -0.0 20423 20423
2 502.0 502.0 -0.0 -0.0 20440 20441
2 502.0 502.0 -0.0 -0.0 20456 20457
2 502.0 502.0 -0.0 -0.0 20472 20472
2 502.0 502.0 -0.0 -0.0 20488 20489
2 502.0 502.0 -0.002588 -3e-06 20505 20505
2 502.0 502.0 -0.003467 0.00404 20520 20520
2 502.0 502.0 0.000538 -0.002229 20536 20537
2 502.0 502.0 -0.001701 -0.002161 20553 20553
6 502.0 502.0 -0.000225 -0.000286 20568 20570
7 502.0 502.0 -1.5e-05 -1.9e-05 20585 20592
7 502.0 502.0 -2e-06 -3e-06 20601 20607
7 502.0 502.0 -0.0 -0.0 20616 20623
7 502.0 502.0 -0.0 -0.0 20632 20638
7 502.0 502.0 -0.0 -0.0 20649 20655
7 502.0 502.0 -0.0 -0.0 20664 20671
7 502.0 502.0 -0.0 -0.0 20681 20687
7 502.0 502.0 -0.0 -0.0 20696 20703
7 502.0 502.0 -0.0 -0.0 20712 20718
7 502.0 502.0 0.001952 0.005428 20729 20735
7 502.0 502.0 -0.000718 -0.001996 20745 20752
7 502.0 502.0 -0.000557 0.003779 20761 20768
7 502.0 502.0 0.001456 -0.001126 20777 20784
7 502.0 502.0 0.001686 -0.001529 20793 20799
7 502.0 502.0 0.000223 -0.000202 20809 20816
7 502.0 502.0 2.9e-05 -2.7e-05 20825 20832
7 502.0 502.0 4e-06 -4e-06 20842 20848
7 502.0 502.0 0.0 -0.0 20859 20865
7 502.0 502.0 0.0 -0.0 20874 20881
7 502.0 502.0 0.000976 0.002714 20890 20897
7 502.0 500.0 0.001421 0.003956 20906 20912
7 502.0 502.0 0.005309 -0.003294 20922 20928
7 502.0 500.0 0.006927 0.002289 20939 20945
7 502.0 502.0 0.015925 -0.001461 20954 20961
13 504.0 502.0 0.026833 -0.009611 20970 20981
13 504.0 502.0 0.031177 -0.006132 20989 20996
13 506.0 502.0 0.037843 -0.006991 21005 21011
13 506.0 502.0 0.039942 -0.001451 21022 21028
13 508.0 502.0 0.047467 -0.000713 21039 21045
13 510.0 502.0 0.054066 -0.001429 21054 21061
13 512.0 502.0 0.058026 0.001714 21070 21077
13 514.0 502.0 0.066758 0.005304 21086 21093
13 516.0 502.0 0.077604 -0.003629 21102 21109
13 520.0 502.0 0.078605 0.003469 21118 21125
13 522.0 502.0 0.086604 0.002936 21134 21140
13 526.0 502.0 0.095843 -0.003549 21150 21156
13 528.0 502.0 0.100843 0.002959 21166 21173
13 532.0 502.0 0.111514 -0.002559 21183 21189
13 536.0 502.0 0.116951 -0.000589 21198 21205
13 540.0 502.0 0.122409 0.000654 21214 21221
13 544.0 502.0 0.131205 0.000199 21230 21237
13 548.0 502.0 0.136133 0.003414 21246 21253
13 552.0 502.0 0.14665 0.00181 21262 21269
13 558.0 502.0 0.152907 0.003306 21278 21285
13 562.0 502.0 0.156395 0.006451 21294 21301
13 568.0 502.0 0.161155 0.006869 21310 21316
13 572.0 500.0 0.167458 0.005909 21327 21333
13 578.0 500.0 0.173048 0.011363 21343 21349
13 586.0 500.0 0.179593 0.011027 21360 21366
13 590.0 500.0 0.182365 0.012357 21376 21383
13 596.0 500.0 0.182137 0.015825 21392 21399
13 602.0 500.0 0.187042 0.011653 21408 21415
13 610.0 498.0 0.187552 0.011459 21424 21430
13 614.0 498.0 0.188395 0.015554 21440 21446
13 620.0 498.0 0.195458 0.011828 21457 21463
13 626.0 498.0 0.19043 0.014924 21473 21479
13 632.0 498.0 0.191802 0.013353 21489 21495
13 640.0 496.0 0.193391 0.009195 21504 21511
13 646.0 496.0 0.189183 0.012062 21520 21527
13 652.0 496.0 0.189661 0.012565 21536 21543
13 656.0 496.0 0.186738 0.010751 21552 21559
13 662.0 496.0 0.184068 0.009859 21568 21575
13 670.0 496.0 0.184405 0.010654 21584 21591
13 676.0 494.0 0.182396 0.007077 21600 21607
13 680.0 494.0 0.17898 0.010483 21616 21623
13 686.0 494.0 0.176 0.008165 21632 21639
13 692.0 494.0 0.173987 0.00295 21648 21655
13 696.0 494.0 0.170349 0.005124 21664 21671
13 702.0 494.0 0.167434 0.006044 21680 21687
13 708.0 494.0 0.163572 0.000638 21696 21702
13 712.0 494.0 0.158791 0.005254 21713 21719
13 718.0 494.0 0.157707 0.002815 21728 21735
13 724.0 494.0 0.153979 0.003668 21744 21751
13 728.0 494.0 0.151135 0.005226 21760 21767
13 732.0 494.0 0.149999 0.004392 21776 21782
13 736.0 494.0 0.146113 0.00354 21792 21798
13 742.0 494.0 0.144666 0.002957 21809 21815
13 746.0 494.0 0.142971 0.000708 21825 21832
13 752.0 494.0 0.144129 0.001157 21841 21848
13 756.0 494.0 0.145741 0.001729 21857 21864
13 760.0 494.0 0.145056 -0.003878 21873 21880
13 766.0 494.0 0.139735 0.002873 21889 21896
13 770.0 494.0 0.146183 0.000898 21906 21912
13 774.0 494.0 0.145285 -0.003441 21921 21928
13 778.0 494.0 0.143996 -0.001864 21937 21944
13 784.0 494.0 0.148297 -0.003708 21953 21960
13 788.0 494.0 0.14606 -0.006502 21969 21976
13 794.0 494.0 0.142278 -0.004989 21985 21991
13 798.0 494.0 0.143028 -0.00541 22000 22007
13 802.0 494.0 0.137006 -0.007119 22017 22024
13 808.0 494.0 0.138335 -0.008555 22033 22040
13 812.0 496.0 0.136475 -0.01123 22049 22056
13 814.0 496.0 0.129512 -0.010402 22065 22071
13 818.0 496.0 0.12668 -0.009015 22081 22088
13 822.0 496.0 0.123391 -0.015797 22097 22103
13 826.0 496.0 0.117136 -0.012076 22113 22119
13 830.0 496.0 0.113732 -0.013011 22129 22135
13 834.0 498.0 0.111214 -0.015338 22145 22152
13 836.0 498.0 0.101952 -0.010333 22162 22168
13 840.0 498.0 0.101707 -0.01363 22178 22184
13 844.0 498.0 0.09495 -0.01227 22195 22201
13 846.0 500.0 0.089613 -0.011842 22210 22217
13 848.0 500.0 0.080172 -0.008857 22227 22233
13 852.0 500.0 0.075914 -0.009737 22242 22249
13 854.0 500.0 0.070836 -0.010181 22258 22265
13 856.0 500.0 0.064981 -0.011787 22274 22281
13 858.0 500.0 0.057481 -0.009525 22290 22297
13 860.0 500.0 0.048782 -0.00522 22306 22312
13 860.0 502.0 0.045564 -0.011659 22323 22329
13 862.0 502.0 0.033614 -0.006524 22339 22345
13 862.0 502.0 0.028516 -0.002325 22355 22362
13 864.0 502.0 0.025227 -0.007466 22371 22378
13 864.0 502.0 0.016348 -0.005083 22387 22394
2 864.0 502.0 0.011243 0.001371 22403 22410
2 864.0 502.0 0.012434 -0.006723 22419 22420
2 864.0 502.0 -0.00076 0.000147 22436 22437
2 864.0 502.0 0.001767 -0.000785 22452 22452
2 864.0 502.0 0.000119 -5.3e-05 22468 22469
2 864.0 502.0 1.6e-05 -7e-06 22485 22485
2 864.0 502.0 2e-06 -1e-06 22501 22502
2 864.0 502.0 -0.008351 0.003602 22517 22518
2 864.0 502.0 -0.011654 0.003058 22533 22533
2 864.0 502.0 -0.011299 -0.001908 22549 22550
2 864.0 502.0 -0.011798 -0.00075 22565 22566
2 862.0 502.0 -0.014224 0.000375 22581 22581
2 862.0 502.0 -0.015423 -0.002072 22597 22598
2 862.0 502.0 -0.015151 -0.000746 22613 22614
2 862.0 502.0 -0.018051 -0.002084 22630 22630
2 860.0 502.0 -0.018059 0.00203 22645 22645
2 860.0 502.0 -0.011932 0.00042 22661 22662
2 860.0 502.0 -0.014314 -0.00159 22677 22678
2 860.0 502.0 -0.014335 0.002737 22693 22694
2 860.0 502.0 -0.00345 -0.002455 22709 22710
2 858.0 502.0 -0.007157 -0.003876 22725 22726
2 858.0 502.0 -0.008933 0.002469 22741 22741
2 858.0 502.0 -0.00083 -0.002811 22757 22758
2 858.0 502.0 -0.000506 -0.001513 22774 22774
2 858.0 502.0 -6.7e-05 -0.0002 22790 22790
2 858.0 502.0 -0.000264 -0.002899 22806 22807
2 858.0 502.0 -1.8e-05 -0.000195 22822 22823
2 858.0 502.0 -2e-06 -2.6e-05 22838 22839
2 858.0 502.0 -0.0 -3e-06 22854 22855
2 858.0 502.0 -0.0 -0.0 22870 22871
2 858.0 502.0 0.000169 0.001903 22886 22887
2 858.0 502.0 0.002657 0.001589 22902 22902
2 858.0 502.0 0.006152 -0.000955 22918 22919
2 860.0 502.0 0.001654 0.001996 22935 22935
2 860.0 502.0 0.00382 0.005171 22951 22951
2 860.0 502.0 0.00713 -0.003217 22966 22967
2 860.0 502.0 0.002617 -0.000889 22982 22983
2 860.0 502.0 0.000346 -0.000118 22998 22998
2 860.0 502.0 4.6e-05 -1.6e-05 23014 23015
2 860.0 502.0 6e-06 -2e-06 23030 23031
2 860.0 502.0 1e-06 -0.0 23046 23046
2 860.0 502.0 0.0 -0.0 23062 23063
2 860.0 502.0 0.0 -0.0 23078 23079
2 860.0 502.0 -0.004846 0.002118 23094 23094
2 860.0 502.0 -0.005809 -0.000444 23110 23111
2 858.0 502.0 -0.008038 -0.003941 23126 23127
2 858.0 502.0 -0.009976 -0.00063 23142 23143
2 858.0 502.0 -0.006576 -0.001792 23158 23159
2 858.0 502.0 -0.008263 -0.005001 23175 23175
2 858.0 502.0 -0.009792 0.001633 23190 23190
2 858.0 502.0 -0.003111 -0.005472 23206 23207
7 858.0 502.0 -0.00663 -0.004297 23223 23224
7 858.0 502.0 -0.003538 -0.002179 23238 23244
7 858.0 502.0 -0.004254 -0.000146 23254 23260
7 856.0 502.0 -0.004309 0.000562 23270 23275
7 856.0 502.0 -0.001286 -0.000619 23286 23292
7 856.0 502.0 -0.000711 -0.003268 23302 23308
7 856.0 502.0 -0.00498 0.001203 23318 23324
7 856.0 502.0 0.001739 -0.000895 23334 23340
7 856.0 502.0 0.00023 -0.000118 23350 23356
7 856.0 502.0 3e-05 -1.6e-05 23366 23372
7 856.0 502.0 2e-06 -1e-06 23382 23388
7 856.0 502.0 0.0 -0.0 23398 23404
7 856.0 502.0 0.0 -0.0 23414 23420
7 856.0 502.0 0.0 -0.0 23430 23437
7 856.0 502.0 0.0 -0.0 23446 23452
7 856.0 502.0 0.0 -0.0 23462 23468
7 856.0 502.0 0.0 -0.0 23478 23485
7 856.0 502.0 0.0 -0.0 23494 23500
7 856.0 502.0 0.0 -0.0 23510 23516
7 856.0 502.0 0.0 -0.0 23526 23531
7 856.0 502.0 0.0 -0.0 23542 23548
7 856.0 502.0 0.000239 0.002649 23559 23564
7 856.0 502.0 0.000506 0.00562 23574 23580
7 856.0 502.0 -6e-05 -0.000666 23591 23596
7 856.0 502.0 7.9e-05 0.000882 23606 23612
7 856.0 502.0 -0.003643 0.001723 23622 23628
7 856.0 502.0 -0.008181 0.003609 23639 23644
7 856.0 502.0 -0.003572 0.001573 23655 23660
7 856.0 502.0 -0.010826 0.004771 23670 23676
7 856.0 502.0 -0.016735 0.006871 23686 23692
7 856.0 502.0 -0.013995 0.004078 23702 23708
12 854.0 502.0 -0.024301 0.006343 23718 23725
12 854.0 502.0 -0.030182 0.011846 23734 23740
12 852.0 500.0 -0.035999 0.012321 23750 23756
12 850.0 500.0 -0.043898 0.011112 23766 23772
12 848.0 500.0 -0.051376 0.016444 23782 23788
12 848.0 500.0 -0.060319 0.011514 23798 23804
12 846.0 500.0 -0.070775 0.014485 23814 23820
12 842.0 498.0 -0.07258 0.010764 23830 23836
12 840.0 498.0 -0.082699 0.011969 23846 23852
12 836.0 498.0 -0.093361 0.013626 23863 23868
12 834.0 498.0 -0.101979 0.011901 23878 23884
12 830.0 498.0 -0.112424 0.011571 23895 23900
12 826.0 496.0 -0.12205 0.016811 23911 23916
12 822.0 496.0 -0.128813 0.012589 23927 23932
12 818.0 496.0 -0.143191 0.015055 23943 23948
12 812.0 496.0 -0.153653 0.01831 23958 23964
12 808.0 494.0 -0.159908 0.016934 23974 23980
12 802.0 494.0 -0.167967 0.019117 23990 23996
12 796.0 494.0 -0.173014 0.021817 24006 24012
12 790.0 492.0 -0.180349 0.023842 24022 24028
12 786.0 492.0 -0.185542 0.028225 24038 24044
12 778.0 492.0 -0.186337 0.026354 24054 24060
12 772.0 490.0 -0.193142 0.030801 24070 24076
12 766.0 490.0 -0.197792 0.034589 24086 24092
12 760.0 488.0 -0.195275 0.035199 24102 24108
12 754.0 486.0 -0.202174 0.037713 24118 24124
12 746.0 486.0 -0.201958 0.044294 24134 24140
12 740.0 484.0 -0.19859 0.040333 24150 24156
12 734.0 482.0 -0.201316 0.041865 24166 24172
12 728.0 482.0 -0.199653 0.044276 24182 24188
12 722.0 480.0 -0.198735 0.043654 24198 24204
12 716.0 480.0 -0.199205 0.042076 24214 24220
12 708.0 478.0 -0.198915 0.046072 24230 24236
12 702.0 476.0 -0.193166 0.042056 24246 24252
12 696.0 474.0 -0.189277 0.043738 24262 24268
12 690.0 474.0 -0.184211 0.043668 24278 24284
12 686.0 472.0 -0.182424 0.045078 24294 24300
12 678.0 470.0 -0.17737 0.04675 24310 24316
12 674.0 468.0 -0.16994 0.045564 24326 24332
12 668.0 468.0 -0.166532 0.045567 24342 24348
12 664.0 466.0 -0.161822 0.048836 24358 24364
12 658.0 464.0 -0.150588 0.042189 24374 24380
12 652.0 462.0 -0.152358 0.045961 24390 24396
12 648.0 462.0 -0.146398 0.045498 24406 24412
12 644.0 460.0 -0.138271 0.038662 24422 24428
12 640.0 460.0 -0.134494 0.038603 24438 24443
12 636.0 458.0 -0.129369 0.037103 24455 24460
12 632.0 456.0 -0.124558 0.036091 24471 24476
12 628.0 456.0 -0.118878 0.029963 24486 24492
12 624.0 454.0 -0.114377 0.032253 24502 24508
12 620.0 454.0 -0.107259 0.02526 24518 24524
12 618.0 454.0 -0.101758 0.018678 24534 24540
12 614.0 452.0 -0.100252 0.02143 24550 24556
12 612.0 452.0 -0.095036 0.016006 24566 24572
12 608.0 452.0 -0.095925 0.01346 24582 24587
12 606.0 452.0 -0.090224 0.007353 24598 24604
12 602.0 452.0 -0.09244 0.005289 24614 24620
12 598.0 452.0 -0.092842 0.007475 24630 24636
12 596.0 452.0 -0.091582 0.002614 24646 24652
12 594.0 452.0 -0.0951 -0.000922 24662 24668
12 590.0 452.0 -0.097607 0.00311 24679 24685
12 588.0 452.0 -0.094354 -0.007133 24695 24701
12 584.0 452.0 -0.101025 -0.004689 24711 24717
12 580.0 452.0 -0.101549 -0.002219 24727 24733
12 578.0 452.0 -0.101026 -0.007163 24743 24749
12 574.0 452.0 -0.106965 -0.0092 24759 24765
12 570.0 452.0 -0.111756 -0.002981 24775 24781
12 566.0 452.0 -0.112513 -0.007427 24791 24797
12 562.0 452.0 -0.117579 -0.005221 24807 24813
12 560.0 452.0 -0.1166 -0.007679 24823 24829
12 556.0 452.0 -0.114333 -0.009906 24839 24845
12 552.0 454.0 -0.114117 -0.006602 24855 24861
12 548.0 454.0 -0.111625 -0.012556 24871 24877
12 544.0 454.0 -0.109195 -0.014372 24887 24893
12 542.0 454.0 -0.108472 -0.011321 24903 24909
12 538.0 456.0 -0.106073 -0.016643 24919 24925
12 530.0 456.0 -0.107261 -0.011884 24935 24964
12 526.0 456.0 -0.106786 -0.009326 24973 24980
12 524.0 456.0 -0.108228 -0.005031 24989 24995
12 518.0 458.0 -0.105411 -0.008708 25006 25011
12 516.0 458.0 -0.104938 -0.007693 25022 25027
12 512.0 458.0 -0.104013 -0.002857 25039 25044
12 508.0 458.0 -0.101424 -0.00609 25055 25060
12 506.0 458.0 -0.10018 -0.005339 25070 25076
12 502.0 458.0 -0.10046 -0.000467 25086 25092
12 500.0 458.0 -0.097113 -0.007509 25103 25108
12 496.0 458.0 -0.096017 -0.007027 25118 25124
12 494.0 458.0 -0.093058 -0.005887 25134 25140
12 490.0 458.0 -0.088843 -0.011133 25150 25156
12 488.0 460.0 -0.084701 -0.015753 25166 25172
12 486.0 460.0 -0.07774 -0.016097 25182 25188
12 484.0 460.0 -0.074859 -0.018985 25198 25204
12 480.0 460.0 -0.068729 -0.018929 25214 25220
12 478.0 462.0 -0.06175 -0.020712 25230 25236
12 476.0 462.0 -0.058294 -0.02102 25246 25252
12 476.0 462.0 -0.049101 -0.02024 25262 25268
12 474.0 464.0 -0.039112 -0.028503 25278 25284
12 472.0 464.0 -0.033912 -0.027386 25294 25300
12 472.0 466.0 -0.029426 -0.023674 25311 25317
12 472.0 466.0 -0.015315 -0.026308 25326 25333
12 472.0 468.0 -0.012829 -0.028446 25343 25348
12 470.0 468.0 -0.008493 -0.022872 25358 25364
12 470.0 468.0 -0.007935 -0.022129 25374 25380
12 470.0 470.0 -0.007381 -0.020641 25390 25396
12 470.0 470.0 -0.003831 -0.017796 25406 25412
12 470.0 470.0 0.001048 -0.024484 25422 25428
12 470.0 472.0 0.004832 -0.02772 25438 25444
12 470.0 472.0 0.006981 -0.025394 25454 25460
12 470.0 474.0 0.004335 -0.025926 25470 25476
12 470.0 474.0 0.004282 -0.028736 25486 25492
12 472.0 474.0 0.008642 -0.027873 25502 25508
12 472.0 476.0 0.007288 -0.026163 25518 25524
12 472.0 476.0 0.012831 -0.025747 25534 25540
12 472.0 478.0 0.011459 -0.021082 25550 25556
12 472.0 478.0 0.014231 -0.022761 25566 25572
12 474.0 478.0 0.016893 -0.020347 25582 25588
12 474.0 478.0 0.01578 -0.017363 25598 25604
12 474.0 480.0 0.015908 -0.015909 25614 25620
12 474.0 480.0 0.019742 -0.019449 25630 25636
12 476.0 480.0 0.015 -0.01474 25646 25652
12 476.0 482.0 0.019028 -0.013795 25662 25668
12 476.0 482.0 0.02221 -0.015583 25678 25684
12 478.0 482.0 0.017009 -0.009645 25694 25700
12 478.0 482.0 0.017623 -0.008879 25710 25716
12 478.0 482.0 0.018165 -0.012951 25726 25731
12 478.0 482.0 0.015499 -0.010177 25743 25748
12 480.0 484.0 0.016085 -0.014612 25759 25764
12 480.0 484.0 0.011116 -0.009438 25775 25780
12 480.0 484.0 0.012677 -0.006043 25790 25796
12 480.0 484.0 0.012829 -0.014662 25806 25812
12 480.0 484.0 0.008904 -0.008933 25822 25828
12 482.0 484.0 0.010686 -0.01038 25839 25844
12 482.0 484.0 0.010033 -0.009722 25855 25860
12 482.0 486.0 0.007574 -0.007334 25871 25876
12 482.0 486.0 0.006318 -0.006115 25887 25893
12 482.0 486.0 0.006964 -0.006735 25903 25909
12 482.0 486.0 0.003791 -0.003665 25919 25925
12 482.0 486.0 0.003865 -0.003736 25935 25941
12 482.0 486.0 0.005777 -0.005582 25951 25957
12 482.0 486.0 0.000713 -0.004351 25967 25973
12 482.0 486.0 0.002081 -0.00631 25983 25989
12 482.0 486.0 0.000923 -0.004492 25999 26004
12 482.0 486.0 -0.000863 -0.003305 26015 26021
12 482.0 486.0 3.7e-05 -2.2e-05 26031 26037
12 482.0 486.0 0.000578 -0.001187 26047 26053
12 482.0 486.0 7.7e-05 -0.000157 26063 26069
12 482.0 486.0 0.003376 -0.00327 26079 26085
12 482.0 486.0 0.001434 -0.001386 26095 26101
12 484.0 486.0 0.007096 -0.00076 26111 26117
12 484.0 486.0 0.008948 -0.000862 26127 26133
12 484.0 486.0 0.005385 0.002549 26143 26149
12 484.0 486.0 0.007365 0.006159 26159 26165
12 484.0 486.0 0.008519 -0.001606 26175 26181
12 484.0 486.0 0.004831 0.002929 26191 26197
12 484.0 486.0 0.006139 0.003034 26207 26213
12 484.0 486.0 0.004093 -0.002423 26223 26229
12 484.0 486.0 0.005369 -0.001309 26240 26245
12 484.0 488.0 0.003601 -0.004746 26256 26262
12 484.0 488.0 0.000802 -0.000857 26273 26278
12 484.0 488.0 0.002984 -0.002879 26288 26294
12 484.0 488.0 0.002796 -0.002689 26305 26310
2 484.0 488.0 0.000425 -0.000408 26320 26327
2 486.0 488.0 0.002017 -0.001938 26336 26337
2 486.0 488.0 0.000136 -0.000131 26353 26353
2 486.0 488.0 1.8e-05 -1.7e-05 26368 26369
2 484.0 488.0 -0.001629 -0.004511 26384 26385
2 484.0 488.0 -0.001535 -0.004242 26400 26401
2 484.0 488.0 -0.001523 -0.004206 26416 26416
2 484.0 488.0 -0.002579 -0.007114 26433 26434
2 484.0 488.0 -0.001011 -0.002789 26448 26449
2 484.0 488.0 -0.001619 -0.004461 26464 26465
2 484.0 488.0 -0.002353 -0.006478 26480 26481
2 484.0 488.0 -0.000481 -0.001323 26496 26497
2 484.0 488.0 -0.001273 -0.003504 26512 26513
2 484.0 488.0 -0.001827 -0.005021 26528 26529
2 484.0 488.0 -0.00665 0.003072 26544 26545
2 484.0 488.0 -0.0004 -0.003713 26560 26561
2 484.0 490.0 -0.00442 -0.001816 26577 26577
2 484.0 490.0 -0.000309 -0.00282 26593 26594
2 484.0 490.0 -0.000695 -0.002168 26609 26610
2 484.0 490.0 -0.000262 -0.000753 26625 26625
2 484.0 490.0 -0.003883 0.003601 26641 26642
2 484.0 490.0 -1e-05 0.0 26658 26658
2 484.0 490.0 -1e-06 0.0 26673 26674
2 484.0 490.0 -0.0 0.0 26689 26690
2 484.0 490.0 -0.0 0.0 26706 26706
2 484.0 490.0 -0.0 0.0 26722 26723
2 484.0 490.0 -0.0 0.0 26738 26739
2 484.0 490.0 -0.0 0.0 26754 26755
2 484.0 490.0 -0.0 0.0 26770 26770
2 484.0 490.0 -0.0 0.0 26786 26787
2 484.0 490.0 -0.0 0.0 26802 26803
2 484.0 490.0 -0.0 0.0 26818 26819
2 484.0 490.0 -0.0 0.0 26834 26835
2 484.0 490.0 -0.0 0.0 26850 26851
2 484.0 490.0 -0.0 0.0 26866 26866
2 484.0 490.0 -0.0 0.0 26882 26883
2 484.0 490.0 -0.0 0.0 26898 26899
2 484.0 490.0 -0.0 0.0 26914 26914
2 484.0 490.0 -0.0 0.0 26930 26931
2 484.0 490.0 -0.0 0.0 26947 26947
2 484.0 490.0 -0.0 0.0 26962 26963
2 484.0 490.0 -0.0 0.0 26978 26979
2 484.0 490.0 -0.0 0.0 26995 26995
2 484.0 490.0 -0.0 0.0 27011 27012
2 484.0 490.0 -0.0 0.0 27027 27028
2 484.0 490.0 -0.0 0.0 27044 27045
2 484.0 490.0 -0.0 0.0 27059 27060
2 484.0 488.0 -0.004783 0.0046 27076 27077
2 484.0 488.0 0.00068 0.003005 27091 27092
2 484.0 488.0 -0.001168 0.00137 27107 27108
2 484.0 488.0 -0.000154 0.000181 27123 27124
2 484.0 488.0 -2e-05 2.4e-05 27139 27139
2 484.0 488.0 -3e-06 3e-06 27155 27156
2 484.0 488.0 1.8e-05 5.2e-05 27171 27172
2 484.0 488.0 0.001157 0.00318 27188 27188
2 484.0 488.0 0.002945 0.008104 27204 27204
2 484.0 488.0 0.00698 0.001446 27220 27221
2 484.0 488.0 0.00487 0.007392 27236 27237
2 484.0 488.0 0.012272 0.006493 27252 27252
2 486.0 488.0 0.012958 0.001594 27268 27269
2 486.0 488.0 0.014966 0.004624 27284 27285
2 486.0 488.0 0.020078 0.005892 27301 27301
2 488.0 488.0 0.023908 0.000531 27317 27318
6 488.0 488.0 0.026918 0.003015 27333 27335
13 490.0 488.0 0.034271 -0.004099 27350 27361
13 492.0 488.0 0.036644 -0.001214 27370 27376
13 492.0 488.0 0.042149 -0.002534 27386 27393
13 494.0 488.0 0.045963 -0.00148 27401 27408
13 496.0 488.0 0.049358 0.003254 27417 27424
13 498.0 488.0 0.055645 -0.005074 27434 27441
13 500.0 488.0 0.054365 0.002475 27450 27457
13 500.0 488.0 0.059004 0.000848 27466 27473
13 502.0 488.0 0.064397 -0.004956 27482 27489
13 504.0 488.0 0.065324 0.005096 27499 27505
13 508.0 488.0 0.070001 0.001115 27514 27521
13 510.0 488.0 0.073638 -0.001979 27530 27537
13 512.0 488.0 0.074579 0.005007 27546 27552
13 514.0 488.0 0.079755 0.00208 27562 27568
13 516.0 488.0 0.083512 0.00256 27579 27585
13 520.0 488.0 0.085895 0.003621 27594 27601
13 524.0 488.0 0.094051 0.002277 27610 27617
13 526.0 488.0 0.097681 0.002385 27626 27632
13 530.0 488.0 0.106412 0.004373 27643 27649
13 532.0 486.0 0.112083 0.003262 27658 27665
13 536.0 486.0 0.117708 0.006702 27674 27681
13 542.0 486.0 0.126187 0.006089 27690 27697
13 546.0 486.0 0.134343 0.004443 27706 27712
13 550.0 486.0 0.140323 0.008321 27722 27729
13 554.0 486.0 0.150109 0.007956 27738 27745
13 558.0 486.0 0.154505 0.005872 27754 27761
13 566.0 486.0 0.159613 0.013288 27770 27776
13 570.0 486.0 0.170639 0.006998 27787 27793
13 576.0 484.0 0.177769 0.008285 27802 27809
13 582.0 484.0 0.184459 0.008553 27818 27825
13 586.0 484.0 0.190018 0.007974 27834 27841
13 594.0 484.0 0.191815 0.010165 27850 27856
13 600.0 484.0 0.197776 0.011964 27867 27873
13 606.0 484.0 0.203295 0.010049 27884 27891
13 612.0 484.0 0.201877 0.011693 27899 27906
13 620.0 482.0 0.208322 0.009141 27915 27922
13 628.0 482.0 0.20536 0.009381 27931 27937
13 634.0 482.0 0.205106 0.010117 27948 27954
13 640.0 482.0 0.203942 0.009916 27964 27970
13 648.0 482.0 0.199879 0.009861 27980 27986
13 654.0 482.0 0.193054 0.013512 27996 28001
13 658.0 480.0 0.19286 0.010694 28012 28018
13 666.0 480.0 0.187287 0.009865 28029 28035
13 672.0 480.0 0.181824 0.00845 28044 28051
13 678.0 480.0 0.181701 0.004981 28060 28067
13 682.0 480.0 0.178514 0.000777 28076 28083
13 688.0 480.0 0.176178 0.00022 28092 28099
13 696.0 480.0 0.179017 -0.007266 28108 28115
13 700.0 480.0 0.179037 -0.006699 28124 28131
13 706.0 480.0 0.177099 -0.007134 28140 28146
13 712.0 482.0 0.179036 -0.009739 28156 28162
13 716.0 482.0 0.175966 -0.008203 28172 28178
13 724.0 482.0 0.179162 -0.009081 28188 28195
13 728.0 482.0 0.179241 -0.012193 28204 28211
13 734.0 482.0 0.178855 -0.012 28220 28227
13 740.0 484.0 0.181162 -0.011635 28236 28243
13 746.0 484.0 0.181007 -0.018064 28252 28259
13 750.0 484.0 0.179816 -0.01426 28268 28274
13 758.0 484.0 0.183183 -0.016359 28285 28291
13 764.0 486.0 0.182925 -0.022029 28301 28308
13 768.0 486.0 0.178055 -0.019347 28317 28324
13 774.0 486.0 0.179226 -0.021074 28333 28340
13 782.0 488.0 0.173533 -0.024445 28349 28355
13 786.0 488.0 0.170944 -0.02058 28365 28371
13 792.0 490.0 0.169697 -0.023814 28381 28387
13 796.0 490.0 0.16028 -0.021971 28397 28403
13 800.0 490.0 0.158807 -0.021487 28413 28420
13 806.0 492.0 0.151217 -0.02158 28429 28437
13 810.0 492.0 0.141997 -0.01753 28445 28451
13 816.0 492.0 0.140339 -0.015196 28461 28467
13 820.0 492.0 0.131549 -0.017129 28477 28484
13 822.0 494.0 0.119221 -0.013158 28494 28500
13 828.0 494.0 0.116536 -0.010756 28510 28516
13 830.0 494.0 0.105176 -0.014444 28526 28532
13 834.0 494.0 0.096835 -0.010782 28543 28549
13 836.0 494.0 0.089249 -0.009162 28559 28565
13 840.0 494.0 0.083912 -0.008335 28575 28581
13 842.0 496.0 0.075793 -0.006138 28591 28597
13 844.0 496.0 0.066259 -0.002331 28606 28613
13 846.0 496.0 0.061652 -0.004216 28622 28628
13 848.0 496.0 0.05619 -0.001191 28638 28645
13 848.0 496.0 0.051434 -0.003869 28654 28660
13 850.0 496.0 0.044595 -0.00342 28670 28676
13 852.0 496.0 0.041497 0.001157 28686 28692
13 852.0 496.0 0.03595 -0.002348 28703 28709
13 854.0 496.0 0.026373 0.000585 28720 28726
13 854.0 496.0 0.025712 0.000719 28736 28743
13 856.0 496.0 0.021919 -0.001846 28753 28759
2 856.0 496.0 0.011775 -0.000158 28769 28775
2 856.0 496.0 0.011065 0.005362 28784 28785
2 856.0 496.0 0.011298 -0.003113 28800 28800
2 856.0 496.0 0.002242 0.000776 28816 28817
2 856.0 496.0 0.002357 -0.000602 28833 28833
2 856.0 496.0 0.002133 -0.001394 28848 28849
2 856.0 496.0 0.000282 -0.000184 28864 28865
2 856.0 496.0 3.7e-05 -2.4e-05 28880 28880
2 856.0 496.0 5e-06 -3e-06 28896 28897
2 856.0 496.0 1e-06 -0.0 28913 28913
2 856.0 496.0 -0.008881 0.003916 28928 28929
2 856.0 496.0 -0.011036 0.004871 28944 28945
2 856.0 494.0 -0.015135 0.00371 28961 28961
2 854.0 494.0 -0.016266 0.004281 28976 28977
2 854.0 494.0 -0.017035 0.004698 28992 28993
2 854.0 494.0 -0.014543 0.003282 29008 29008
2 854.0 494.0 -0.014633 0.007544 29024 29025
2 852.0 494.0 -0.011858 0.003894 29040 29041
2 852.0 494.0 -0.010661 0.000156 29057 29057
2 852.0 494.0 -0.013717 0.004045 29073 29074
2 852.0 494.0 -0.00687 0.000816 29089 29090
2 852.0 494.0 -0.005616 -0.003259 29105 29105
2 852.0 494.0 -0.008579 0.004074 29121 29122
2 852.0 494.0 -0.001517 -8e-05 29137 29138
2 852.0 494.0 -0.000948 -0.001195 29153 29154
2 852.0 494.0 -0.000125 -0.000158 29170 29170
2 852.0 494.0 -8e-06 -1.1e-05 29186 29187
2 852.0 494.0 -1e-06 -1e-06 29202 29203
2 852.0 494.0 -0.0 -0.0 29219 29219
2 852.0 494.0 -0.0 -0.0 29234 29235
2 852.0 494.0 0.00483 -0.002155 29250 29251
2 852.0 494.0 0.005237 -0.002335 29267 29267
2 852.0 494.0 0.007381 -0.00329 29282 29283
2 852.0 494.0 0.008896 -0.003963 29298 29299
2 852.0 494.0 0.003034 -0.001351 29315 29315
2 852.0 494.0 0.005149 0.003668 29330 29330
2 852.0 494.0 0.007291 -0.003462 29346 29347
2 852.0 494.0 0.00262 -0.000919 29363 29363
2 852.0 494.0 0.000587 0.002808 29378 29378
2 852.0 494.0 0.001815 -0.00192 29394 29395
2 852.0 494.0 0.00024 -0.000254 29410 29411
2 852.0 494.0 3.2e-05 -3.4e-05 29426 29426
2 852.0 494.0 4e-06 -4e-06 29442 29443
2 852.0 494.0 0.0 -0.0 29459 29459
2 852.0 494.0 -0.006063 0.002698 29474 29474
2 852.0 494.0 -0.006933 0.003087 29490 29490
2 852.0 494.0 -0.008836 0.003937 29506 29507
2 852.0 494.0 -0.012234 0.004946 29523 29523
2 852.0 494.0 -0.009993 -0.001073 29538 29539
2 852.0 494.0 -0.013421 -0.001207 29554 29555
2 850.0 494.0 -0.017039 0.00616 29570 29571
2 850.0 494.0 -0.014152 0.00214 29586 29586
2 850.0 494.0 -0.017768 -0.001036 29602 29603
2 848.0 494.0 -0.021655 0.005887 29618 29619
2 848.0 494.0 -0.018435 0.003288 29635 29635
2 848.0 494.0 -0.021997 0.001259 29651 29652
2 846.0 494.0 -0.026327 0.0068 29667 29668
2 846.0 492.0 -0.025444 0.005185 29684 29684
7 846.0 492.0 -0.026423 0.004616 29699 29701
12 844.0 492.0 -0.022566 0.002513 29715 29722
12 844.0 492.0 -0.025004 0.0014 29731 29737
12 842.0 492.0 -0.029763 0.007753 29747 29753
12 842.0 492.0 -0.023627 0.000149 29763 29769
12 840.0 492.0 -0.029178 -0.002023 29779 29785
12 840.0 492.0 -0.03643 0.002244 29795 29801
12 838.0 492.0 -0.034679 -0.001912 29811 29817
12 838.0 492.0 -0.040468 -0.006136 29827 29833
12 836.0 492.0 -0.048123 -0.008414 29843 29849
12 834.0 494.0 -0.056779 -0.007617 29859 29865
12 832.0 494.0 -0.06507 -0.009102 29876 29881
12 830.0 494.0 -0.072689 -0.011084 29891 29897
12 826.0 494.0 -0.089342 -0.01078 29907 29913
12 824.0 494.0 -0.105752 -0.004845 29923 29929
12 820.0 494.0 -0.121094 -0.005183 29939 29945
12 814.0 494.0 -0.136312 -0.00539 29955 29961
12 810.0 494.0 -0.152302 -0.000446 29971 29977
12 804.0 494.0 -0.165496 -0.003154 29987 29993
12 800.0 494.0 -0.186111 0.002913 30002 30008
12 794.0 494.0 -0.195656 0.002887 30018 30024
12 788.0 494.0 -0.203793 0.002459 30034 30040
12 778.0 494.0 -0.215062 0.005965 30050 30056
12 772.0 494.0 -0.222118 0.010754 30066 30072
12 766.0 494.0 -0.226388 0.009462 30082 30087
12 758.0 494.0 -0.232533 0.01586 30099 30104
12 748.0 492.0 -0.237396 0.015473 30115 30121
12 742.0 492.0 -0.24173 0.018624 30131 30136
12 734.0 492.0 -0.242376 0.020597 30148 30153
12 726.0 492.0 -0.240292 0.022447 30163 30169
12 718.0 490.0 -0.241396 0.020985 30179 30185
12 710.0 490.0 -0.23775 0.02009 30195 30201
12 702.0 490.0 -0.240194 0.020264 30211 30217
12 696.0 488.0 -0.238989 0.018583 30227 30233
12 688.0 488.0 -0.236838 0.020479 30243 30249
12 682.0 488.0 -0.230227 0.011151 30259 30265
12 672.0 488.0 -0.234376 0.012664 30275 30281
12 666.0 486.0 -0.230043 0.012124 30291 30297
12 658.0 486.0 -0.228409 0.007886 30307 30313
12 652.0 486.0 -0.226302 0.005576 30323 30329
12 644.0 486.0 -0.222127 0.005527 30339 30345
12 636.0 486.0 -0.218153 -0.001221 30355 30360
12 630.0 486.0 -0.215698 -0.003922 30371 30377
12 624.0 486.0 -0.205985 -0.010435 30387 30393
12 618.0 488.0 -0.202054 -0.013367 30403 30409
12 612.0 488.0 -0.19782 -0.01289 30419 30425
12 604.0 488.0 -0.191455 -0.018675 30436 30442
12 598.0 490.0 -0.190041 -0.018529 30452 30458
12 592.0 490.0 -0.182543 -0.017147 30468 30474
12 588.0 490.0 -0.176972 -0.023247 30484 30490
12 582.0 490.0 -0.175481 -0.020073 30500 30506
12 576.0 492.0 -0.168942 -0.020774 30516 30522
12 570.0 492.0 -0.165484 -0.02185 30532 30538
12 566.0 494.0 -0.16198 -0.021209 30548 30554
12 560.0 494.0 -0.157669 -0.020065 30564 30570
12 554.0 494.0 -0.151372 -0.019116 30580 30586
12 550.0 494.0 -0.150084 -0.016629 30596 30602
12 546.0 496.0 -0.145787 -0.014624 30612 30618
12 542.0 496.0 -0.140287 -0.01437 30628 30634
12 538.0 496.0 -0.134943 -0.007061 30644 30650
12 534.0 496.0 -0.131458 -0.006931 30660 30666
12 528.0 496.0 -0.125305 -0.006842 30676 30682
12 524.0 496.0 -0.121831 -0.002347 30692 30698
12 522.0 496.0 -0.114377 -0.00346 30708 30714
2 518.0 496.0 -0.110158 -0.001348 30724 30731
2 516.0 496.0 -0.102232 -0.000424 30740 30741
2 512.0 496.0 -0.095215 0.000456 30756 30757
2 510.0 496.0 -0.087311 -0.001948 30772 30773
2 508.0 496.0 -0.079531 0.002509 30788 30789
2 504.0 496.0 -0.071781 -0.001664 30804 30805
2 502.0 496.0 -0.064898 -0.00032 30820 30821
2 500.0 496.0 -0.058782 0.001747 30836 30836
2 500.0 496.0 -0.048062 -0.00106 30852 30853
2 498.0 496.0 -0.042871 -0.00113 30869 30869
2 496.0 496.0 -0.03289 0.002209 30884 30885
2 496.0 496.0 -0.022165 -0.001888 30900 30901
2 496.0 496.0 -0.018596 -0.003816 30916 30916
2 494.0 496.0 -0.014994 0.002738 30932 30932
2 494.0 496.0 -0.00444 -0.000266 30948 30949
2 494.0 496.0 -0.002739 -0.000492 30965 30965
2 494.0 496.0 0.001066 -0.001405 30980 30980
2 494.0 496.0 0.000141 -0.000186 30996 30997
2 494.0 496.0 9e-06 -1.3e-05 31012 31012
2 494.0 496.0 0.00213 0.00589 31028 31029
2 496.0 496.0 0.00955 0.003005 31044 31045
2 496.0 496.0 0.011504 -0.003694 31061 31061
2 496.0 496.0 0.009214 0.000815 31076 31076
2 496.0 496.0 0.011902 0.002267 31092 31093
2 496.0 496.0 0.013115 -0.003837 31108 31109
2 496.0 496.0 0.008436 0.003576 31124 31124
2 498.0 496.0 0.01121 0.003165 31140 31141
2 498.0 496.0 0.012549 -0.00504 31156 31157
2 498.0 496.0 0.008518 -0.00077 31172 31172
2 498.0 496.0 0.009088 0.002187 31188 31189
2 498.0 496.0 0.009334 -0.002491 31204 31205
2 498.0 496.0 0.004307 0.001051 31220 31220
2 498.0 496.0 0.006736 -0.002831 31236 31237
2 498.0 496.0 0.00175 0.001823 31252 31253
2 498.0 496.0 0.004263 0.002505 31268 31269
2 498.0 496.0 0.00301 -0.003721 31285 31285
2 500.0 496.0 0.00269 0.000371 31300 31301
2 500.0 496.0 0.000356 4.9e-05 31316 31317
2 500.0 496.0 0.002946 -0.002716 31333 31333
2 500.0 496.0 0.00039 -0.000359 31349 31349
2 500.0 496.0 5.2e-05 -4.8e-05 31365 31366
2 500.0 496.0 3e-06 -3e-06 31382 31382
2 500.0 496.0 0.0 -0.0 31397 31398
2 500.0 496.0 0.0 -0.0 31413 31414
2 500.0 496.0 0.0 -0.0 31430 31430
2 500.0 496.0 0.0 -0.0 31445 31446
2 500.0 496.0 0.0 -0.0 31461 31462
2 500.0 496.0 0.0 -0.0 31477 31477
2 500.0 496.0 0.0 -0.0 31493 31493
2 500.0 496.0 0.0 -0.0 31509 31510
2 500.0 496.0 0.0 -0.0 31525 31526
2 500.0 496.0 0.0 -0.0 31541 31541
2 500.0 496.0 0.0 -0.0 31557 31558
2 500.0 496.0 0.0 -0.0 31573 31574
2 500.0 496.0 0.0 -0.0 31589 31589
2 500.0 496.0 0.0 -0.0 31605 31606
2 500.0 496.0 -0.001936 0.001802 31621 31622
2 500.0 496.0 -0.000386 0.00036 31638 31638
2 498.0 496.0 -0.004461 0.004154 31653 31654
2 498.0 496.0 0.000898 -0.000836 31669 31670
2 498.0 496.0 -0.001816 0.001691 31685 31685
2 498.0 496.0 -0.001729 0.00161 31701 31702
2 498.0 496.0 0.000274 -0.000255 31717 31718
6 498.0 496.0 1.8e-05 -1.7e-05 31734 31735
7 498.0 496.0 -0.00104 0.000969 31749 31756
7 498.0 496.0 0.000365 -0.00034 31765 31772
7 498.0 496.0 4.8e-05 -4.5e-05 31782 31788
7 498.0 496.0 6e-06 -6e-06 31797 31803
7 498.0 496.0 0.0 -0.0 31814 31820
7 498.0 496.0 0.0 -0.0 31829 31836
7 498.0 496.0 0.0 -0.0 31845 31852
7 498.0 496.0 0.0 -0.0 31861 31868
7 498.0 496.0 0.000252 0.000705 31878 31884
7 498.0 496.0 0.000527 0.001477 31894 31900
7 498.0 496.0 0.000415 0.001164 31909 31916
7 498.0 496.0 0.000857 0.002403 31925 31932
7 498.0 496.0 0.000755 0.002118 31941 31948
7 498.0 496.0 0.001995 -0.001633 31957 31964
7 500.0 496.0 0.000933 -0.000217 31973 31980
7 500.0 496.0 0.003341 0.001769 31989 31996
7 500.0 496.0 0.002572 -0.002901 32005 32012
7 500.0 496.0 -0.001259 0.000483 32021 32028
7 500.0 496.0 0.000995 0.001187 32037 32043
7 500.0 496.0 0.003528 -0.00123 32054 32060
7 500.0 496.0 0.000633 0.000305 32069 32076
7 500.0 496.0 0.003479 0.002341 32085 32092
7 500.0 496.0 0.009191 -0.003063 32101 32108
7 500.0 496.0 0.007848 6.2e-05 32117 32124
7 500.0 496.0 0.010646 0.001396 32133 32139
7 500.0 496.0 0.013487 -0.00801 32149 32155
7 502.0 496.0 0.01577 -0.00556 32165 32171
7 502.0 496.0 0.02005 -0.009372 32182 32188
13 502.0 498.0 0.023879 -0.009059 32197 32208
13 504.0 498.0 0.033012 -0.012433 32217 32223
13 504.0 498.0 0.034494 -0.019661 32232 32238
13 506.0 498.0 0.037115 -0.013755 32248 32254
13 508.0 498.0 0.043516 -0.012474 32264 32270
13 510.0 500.0 0.047513 -0.018067 32280 32286
13 510.0 500.0 0.053127 -0.013781 32296 32303
13 512.0 500.0 0.06563 -0.015846 32312 32318
13 514.0 500.0 0.069865 -0.017115 32328 32334
13 518.0 502.0 0.07844 -0.014717 32344 32350
13 520.0 502.0 0.087425 -0.010488 32360 32366
13 524.0 502.0 0.095926 -0.013193 32376 32382
13 526.0 502.0 0.103968 -0.006175 32392 32398
13 530.0 502.0 0.112471 -0.010201 32408 32414
13 534.0 502.0 0.116678 -0.001346 32424 32430
13 538.0 502.0 0.12753 0.000149 32440 32446
13 542.0 502.0 0.132531 0.001812 32456 32462
13 546.0 502.0 0.137807 0.008241 32472 32478
13 550.0 502.0 0.146574 0.009525 32488 32495
13 556.0 502.0 0.150402 0.008571 32504 32511
13 562.0 502.0 0.154218 0.011441 32520 32526
13 566.0 502.0 0.16544 0.007663 32536 32542
13 572.0 500.0 0.171151 0.007864 32553 32559
13 576.0 500.0 0.177256 0.009071 32569 32575
13 584.0 500.0 0.180555 0.009676 32585 32592
13 590.0 500.0 0.186027 0.00548 32601 32607
13 596.0 500.0 0.189068 0.007399 32617 32623
13 602.0 500.0 0.19487 0.002628 32633 32639
13 608.0 500.0 0.198073 0.004363 32649 32655
13 616.0 500.0 0.201664 0.00543 32665 32671
13 622.0 500.0 0.206189 0.002022 32682 32688
13 628.0 500.0 0.203922 0.006584 32698 32704
13 634.0 500.0 0.207084 0.006401 32714 32720
13 642.0 500.0 0.205197 0.002542 32729 32736
13 648.0 498.0 0.203682 0.0083 32745 32752
13 654.0 498.0 0.204828 0.007507 32761 32768
13 660.0 498.0 0.203981 0.00629 32777 32784
13 666.0 498.0 0.200527 0.011993 32793 32800
13 672.0 498.0 0.203782 0.010201 32809 32815
13 680.0 498.0 0.202611 0.008868 32825 32831
13 686.0 498.0 0.19991 0.012417 32842 32848
13 694.0 498.0 0.205191 0.006526 32858 32864
13 700.0 498.0 0.205246 0.010256 32874 32880
13 708.0 496.0 0.204071 0.008295 32891 32897
13 714.0 496.0 0.205366 0.005667 32906 32913
13 720.0 496.0 0.205386 0.00712 32922 32929
13 726.0 496.0 0.208441 0.004754 32938 32945
13 732.0 496.0 0.208902 0.004987 32954 32961
13 740.0 496.0 0.2076 0.004289 32970 32977
13 748.0 496.0 0.211658 0.003472 32986 32992
13 754.0 496.0 0.211558 -0.002523 33001 33008
13 760.0 496.0 0.209309 0.003798 33017 33024
13 766.0 496.0 0.215819 -0.00095 33033 33040
13 774.0 496.0 0.212873 -0.002405 33049 33055
13 782.0 496.0 0.211085 0.000369 33065 33071
13 788.0 496.0 0.217851 -0.00422 33081 33087
13 794.0 496.0 0.218144 -0.005224 33098 33104
13 800.0 496.0 0.214736 -0.003125 33114 33120
13 808.0 496.0 0.211725 -0.004394 33129 33136
13 816.0 498.0 0.209314 -0.006479 33145 33151
13 822.0 498.0 0.204701 -0.006598 33161 33167
13 828.0 498.0 0.19621 -0.007842 33177 33184
13 832.0 498.0 0.190743 -0.005772 33193 33200
13 840.0 498.0 0.186165 -0.00674 33209 33216
13 846.0 498.0 0.178579 -0.008844 33225 33231
13 850.0 498.0 0.166508 -0.006821 33242 33248
13 858.0 498.0 0.163862 -0.005729 33259 33265
13 862.0 498.0 0.160061 -0.009406 33276 33282
13 866.0 500.0 0.147149 -0.006191 33291 33298
13 870.0 500.0 0.142344 -0.00695 33307 33314
13 874.0 500.0 0.136796 -0.006508 33323 33330
13 880.0 500.0 0.12769 -0.007974 33339 33346
13 884.0 500.0 0.120399 -0.005732 33355 33362
13 888.0 500.0 0.113686 -0.009589 33371 33378
13 892.0 500.0 0.110387 -0.004864 33390 33396
13 894.0 500.0 0.101471 -0.008957 33405 33412
13 898.0 502.0 0.090221 -0.003971 33422 33428
13 900.0 502.0 0.088296 -0.004679 33439 33446
13 902.0 502.0 0.078951 -0.007475 33455 33462
13 906.0 502.0 0.072361 -0.002679 33471 33477
13 908.0 502.0 0.066982 -0.001696 33487 33493
13 908.0 502.0 0.057564 -0.003073 33504 33510
13 910.0 502.0 0.048622 0.000744 33520 33526
13 912.0 502.0 0.043071 0.002954 33536 33543
13 914.0 502.0 0.034072 0.000538 33552 33559
13 914.0 502.0 0.023268 0.003344 33568 33575
13 914.0 502.0 0.020998 0.000648 33584 33591
13 916.0 502.0 0.014455 0.002085 33600 33606
2 916.0 502.0 0.006521 0.002498 33616 33623
2 916.0 502.0 0.005772 0.005001 33632 33632
2 916.0 502.0 0.002263 -0.000874 33648 33649
2 916.0 502.0 0.000299 -0.000116 33664 33665
2 916.0 502.0 4e-05 -1.5e-05 33680 33681
2 916.0 502.0 5e-06 -2e-06 33696 33697
2 916.0 502.0 -0.008113 0.003054 33712 33713
2 914.0 502.0 -0.013399 0.005053 33728 33729
2 914.0 500.0 -0.009907 0.003739 33744 33745
2 914.0 500.0 -0.010705 0.004044 33760 33761
2 914.0 500.0 -0.01267 0.004286 33776 33777
2 914.0 500.0 -0.008625 0.002691 33792 33793
2 912.0 500.0 -0.009451 5.3e-05 33808 33808
2 912.0 500.0 -0.010302 0.004146 33824 33825
2 912.0 500.0 0.00038 -0.001613 33840 33841
2 912.0 500.0 -0.002025 -0.002371 33856 33856
2 912.0 500.0 -0.000268 -0.000314 33872 33873
2 912.0 500.0 -1.8e-05 -2.1e-05 33888 33889
2 912.0 500.0 -2e-06 -3e-06 33904 33905
2 912.0 500.0 -0.0 -0.0 33920 33921
2 912.0 500.0 -0.0 -0.0 33937 33937
2 912.0 500.0 -0.0 -0.0 33952 33952
2 912.0 500.0 -0.0 -0.0 33968 33969
2 912.0 500.0 -0.0 -0.0 33984 33985
2 912.0 500.0 -0.0 -0.0 34000 34000
2 912.0 500.0 -0.0 -0.0 34016 34017
2 912.0 500.0 -0.0 -0.0 34032 34033
2 912.0 500.0 -0.0 -0.0 34049 34049
2 912.0 500.0 -0.0 -0.0 34064 34065
2 912.0 500.0 -0.000115 -0.001907 34080 34081
2 912.0 500.0 0.000128 0.002132 34096 34097
2 912.0 500.0 -3.6e-05 -0.000604 34112 34113
2 912.0 500.0 -9.3e-05 -0.001547 34128 34129
2 912.0 500.0 -1.2e-05 -0.000205 34144 34145
2 912.0 500.0 -0.000176 -0.002906 34160 34160
2 912.0 500.0 -0.000112 -0.001851 34176 34177
2 912.0 500.0 -0.001454 -0.001527 34193 34193
2 912.0 500.0 -0.003429 -0.001432 34209 34209
2 912.0 500.0 -0.004189 0.001172 34225 34226
2 912.0 502.0 -0.001255 -0.000573 34242 34242
2 912.0 502.0 -0.002884 0.001024 34257 34257
2 912.0 500.0 -0.002283 0.000857 34273 34274
2 912.0 500.0 0.00034 -0.00013 34290 34290
2 912.0 500.0 0.000276 0.003797 34305 34305
2 912.0 500.0 0.000212 0.0034 34321 34322
2 912.0 500.0 0.000327 0.006029 34338 34338
2 912.0 500.0 0.000334 0.005638 34353 34354
2 912.0 500.0 -0.007418 0.003582 34369 34370
2 912.0 500.0 -0.001552 0.000691 34385 34386
2 912.0 500.0 -0.003143 0.004209 34401 34401
2 912.0 500.0 -0.003744 0.000862 34417 34418
2 912.0 500.0 -0.003584 0.001289 34434 34435
2 912.0 500.0 -0.002946 0.001111 34450 34450
2 912.0 500.0 -0.005403 0.002056 34466 34467
2 912.0 500.0 -0.002194 0.000835 34483 34484
7 912.0 500.0 -0.005874 0.002238 34499 34500
7 910.0 500.0 -0.002879 0.001097 34514 34520
7 910.0 500.0 -0.004752 0.001811 34530 34536
7 910.0 500.0 -0.008729 0.003329 34546 34552
7 910.0 500.0 -0.001796 0.000685 34562 34568
7 910.0 500.0 -0.00677 -0.001862 34578 34584
7 910.0 500.0 -0.011465 0.003347 34594 34600
7 910.0 500.0 -0.008471 0.001152 34610 34616
7 910.0 500.0 -0.009861 0.003443 34626 34632
7 908.0 500.0 -0.014012 0.002382 34642 34648
7 908.0 500.0 -0.013137 -0.000821 34658 34664
7 908.0 500.0 -0.018121 0.003228 34674 34680
12 908.0 500.0 -0.018268 0.002581 34690 34697
12 906.0 500.0 -0.023489 -0.000385 34706 34712
12 906.0 500.0 -0.031556 0.003546 34722 34728
12 904.0 500.0 -0.035593 0.002363 34738 34744
12 904.0 500.0 -0.042886 0.001382 34754 34760
12 900.0 498.0 -0.052636 0.003314 34770 34776
12 900.0 498.0 -0.054861 -0.000946 34786 34792
12 896.0 498.0 -0.071794 -0.003179 34802 34809
12 894.0 498.0 -0.081185 0.003493 34818 34824
12 892.0 498.0 -0.095188 -0.000606 34834 34840
12 888.0 498.0 -0.108711 -0.000129 34850 34855
12 884.0 498.0 -0.1239 -0.001078 34866 34871
12 880.0 500.0 -0.136606 -0.000801 34883 34888
12 874.0 498.0 -0.160361 0.003183 34899 34904
12 868.0 498.0 -0.17402 0.003712 34916 34921
12 862.0 498.0 -0.188839 0.006335 34931 34937
12 856.0 498.0 -0.205142 0.008065 34947 34953
12 850.0 498.0 -0.217494 0.005291 34964 34970
12 842.0 498.0 -0.232451 0.010229 34980 34986
12 832.0 498.0 -0.243019 0.011495 34996 35001
12 824.0 498.0 -0.251049 0.012469 35012 35018
12 816.0 496.0 -0.262844 0.01183 35028 35034
12 808.0 496.0 -0.273473 0.016614 35044 35050
12 798.0 496.0 -0.274621 0.012055 35060 35066
12 790.0 496.0 -0.279545 0.01245 35076 35081
12 780.0 496.0 -0.285637 0.017085 35092 35098
12 772.0 494.0 -0.287971 0.016079 35108 35114
12 764.0 494.0 -0.290348 0.015055 35124 35130
12 752.0 494.0 -0.289543 0.012991 35140 35145
12 742.0 494.0 -0.292101 0.014493 35157 35163
12 734.0 492.0 -0.290779 0.015781 35173 35179
12 726.0 492.0 -0.289721 0.009377 35189 35195
12 714.0 492.0 -0.29127 0.012854 35205 35211
12 706.0 492.0 -0.287684 0.00951 35221 35227
12 696.0 492.0 -0.286025 0.005295 35237 35243
12 688.0 492.0 -0.285037 0.003011 35253 35259
12 680.0 492.0 -0.284997 0.002082 35269 35275
12 668.0 492.0 -0.28015 -0.001446 35285 35291
12 660.0 492.0 -0.27863 -0.002659 35301 35307
12 652.0 492.0 -0.276963 -0.003999 35317 35323
12 644.0 492.0 -0.272302 -0.0045 35333 35339
12 636.0 492.0 -0.263813 -0.008318 35349 35355
12 624.0 494.0 -0.260451 -0.010989 35366 35371
12 618.0 494.0 -0.256935 -0.008195 35381 35387
12 610.0 494.0 -0.24576 -0.012269 35397 35403
12 602.0 494.0 -0.240251 -0.013983 35413 35419
12 594.0 494.0 -0.229118 -0.01435 35429 35436
12 586.0 496.0 -0.223059 -0.014643 35445 35452
12 580.0 496.0 -0.214194 -0.01909 35462 35470
12 572.0 496.0 -0.207269 -0.01546 35480 35487
12 566.0 496.0 -0.198235 -0.014402 35496 35502
12 560.0 498.0 -0.188045 -0.019266 35511 35517
12 554.0 498.0 -0.183829 -0.015802 35527 35533
12 550.0 498.0 -0.172934 -0.011403 35543 35549
12 544.0 498.0 -0.163966 -0.013352 35559 35565
12 540.0 500.0 -0.15187 -0.010808 35575 35581
12 534.0 500.0 -0.144313 -0.009289 35591 35597
12 530.0 500.0 -0.13604 -0.012115 35608 35614
12 526.0 500.0 -0.125963 -0.008235 35623 35629
12 522.0 500.0 -0.11596 -0.008748 35639 35645
12 518.0 500.0 -0.109776 -0.007229 35656 35661
2 516.0 500.0 -0.102711 8.9e-05 35672 35678
2 514.0 500.0 -0.094035 -0.002682 35689 35689
2 512.0 500.0 -0.088299 -0.001072 35704 35705
2 508.0 500.0 -0.080894 0.001664 35720 35721
2 506.0 500.0 -0.074349 -0.000495 35736 35737
2 504.0 500.0 -0.067871 0.002015 35752 35753
2 502.0 500.0 -0.061742 0.006223 35768 35768
2 500.0 500.0 -0.051516 -0.001394 35784 35785
2 498.0 500.0 -0.049496 0.001281 35801 35801
2 496.0 500.0 -0.044919 0.006183 35816 35817
2 496.0 500.0 -0.030328 0.000463 35832 35833
2 496.0 500.0 -0.025481 -0.001002 35848 35849
2 494.0 500.0 -0.019082 0.0018 35864 35865
2 494.0 500.0 -0.011199 -0.002013 35881 35881
2 494.0 500.0 -0.007236 -0.001616 35897 35898
2 494.0 500.0 0.000591 -0.004133 35913 35914
2 494.0 500.0 7.8e-05 -0.000547 35929 35930
2 494.0 500.0 1e-05 -7.2e-05 35945 35946
2 494.0 500.0 1e-06 -1e-05 35962 35962
2 494.0 500.0 0.000658 0.001793 35977 35978
2 494.0 500.0 0.010066 -0.002796 35993 35994
2 494.0 500.0 0.010002 3.7e-05 36009 36009
2 494.0 500.0 0.012469 0.003584 36025 36026
2 496.0 500.0 0.015204 -0.003678 36041 36042
2 496.0 500.0 0.013298 -0.000708 36057 36058
2 496.0 500.0 0.015336 -0.000553 36073 36074
2 496.0 500.0 0.015589 -0.004207 36089 36090
2 498.0 500.0 0.012368 0.002598 36105 36106
2 498.0 500.0 0.013597 0.002583 36121 36122
2 498.0 500.0 0.012126 0.000104 36137 36138
2 498.0 500.0 0.011401 0.003648 36153 36154
2 498.0 500.0 0.010179 -0.000857 36169 36170
2 500.0 500.0 0.009882 -0.000171 36185 36186
2 500.0 500.0 0.007649 0.003853 36202 36203
2 500.0 500.0 0.007382 -0.003554 36218 36219
2 500.0 500.0 0.005398 0.000895 36234 36235
2 500.0 500.0 0.006266 0.002833 36250 36251
2 500.0 500.0 0.005864 -0.003669 36266 36267
2 500.0 500.0 0.003089 0.001814 36282 36283
2 500.0 500.0 0.002385 0.003871 36298 36299
2 500.0 500.0 0.002286 0.000461 36315 36315
2 500.0 500.0 0.000302 6.1e-05 36331 36332
2 500.0 500.0 -0.000119 -0.000385 36347 36348
2 500.0 500.0 -0.000184 -0.000518 36363 36364
2 500.0 500.0 -2.4e-05 -6.8e-05 36379 36379
2 500.0 500.0 -3e-06 -9e-06 36395 36396
2 500.0 500.0 -0.0 -1e-06 36411 36412
2 500.0 500.0 -0.0 -0.0 36427 36428
2 500.0 500.0 -0.0 -0.0 36443 36444
2 500.0 500.0 -0.0 -0.0 36459 36460
2 500.0 500.0 -0.0 -0.0 36475 36476
6 500.0 500.0 -0.0 -0.0 36491 36493
