18 538.0 402.0 -0.009291 0.008469 472 473
18 536.0 402.0 -0.010094 0.009208 488 490
18 536.0 400.0 -0.012205 0.011145 504 506
18 536.0 400.0 -0.019868 0.01817 520 522
18 536.0 400.0 -0.019846 0.018181 536 537
18 534.0 400.0 -0.021805 0.02001 553 554
18 534.0 398.0 -0.015739 0.008846 568 569
18 534.0 398.0 -0.013214 0.006932 585 586
18 534.0 398.0 -0.011596 0.0043 600 602
18 534.0 398.0 -0.004466 -0.007446 616 617
18 534.0 398.0 -0.001514 -0.006141 633 634
18 534.0 398.0 -0.000911 -0.004117 649 650
18 534.0 400.0 0.0079 -0.009638 664 665
18 534.0 400.0 0.02122 -0.019788 680 681
18 536.0 400.0 0.034807 -0.031897 696 697
18 536.0 402.0 0.042651 -0.038879 712 713
18 538.0 404.0 0.05435 -0.039798 728 729
18 540.0 404.0 0.06692 -0.044007 744 745
18 542.0 406.0 0.071946 -0.054052 760 761
18 546.0 408.0 0.087676 -0.057839 777 778
18 548.0 410.0 0.101166 -0.063171 792 793
18 552.0 412.0 0.113457 -0.072663 809 810
18 556.0 416.0 0.130851 -0.079622 824 825
18 562.0 418.0 0.142272 -0.081369 841 842
18 566.0 420.0 0.155876 -0.094154 856 857
18 572.0 424.0 0.175095 -0.102988 873 874
18 576.0 428.0 0.184962 -0.111016 888 889
18 584.0 432.0 0.201707 -0.119156 905 906
18 590.0 436.0 0.211588 -0.127654 921 922
18 598.0 440.0 0.228902 -0.141512 937 938
18 604.0 444.0 0.238097 -0.147544 953 954
18 612.0 450.0 0.253995 -0.156316 969 970
18 622.0 456.0 0.256766 -0.165323 985 986
18 630.0 460.0 0.263746 -0.169557 1000 1001
18 638.0 466.0 0.266747 -0.168781 1017 1018
18 646.0 472.0 0.267359 -0.177079 1033 1034
18 658.0 478.0 0.264329 -0.173654 1049 1050
18 664.0 484.0 0.253676 -0.167624 1066 1067
18 672.0 488.0 0.253229 -0.169627 1081 1083
18 680.0 494.0 0.245038 -0.16051 1097 1098
18 686.0 498.0 0.238271 -0.153393 1113 1114
18 696.0 504.0 0.233113 -0.155024 1129 1130
18 702.0 510.0 0.22377 -0.153767 1145 1147
18 710.0 514.0 0.212326 -0.148561 1161 1162
18 716.0 518.0 0.206577 -0.14804 1178 1179
18 724.0 524.0 0.192003 -0.145193 1193 1194
18 728.0 528.0 0.178762 -0.135402 1209 1210
18 734.0 532.0 0.166234 -0.131484 1225 1226
18 738.0 536.0 0.145302 -0.122149 1242 1243
18 742.0 538.0 0.135975 -0.112135 1257 1258
18 746.0 544.0 0.122065 -0.109962 1274 1275
18 750.0 546.0 0.107582 -0.10218 1289 1290
18 752.0 550.0 0.097506 -0.093139 1306 1307
18 756.0 552.0 0.080867 -0.090201 1321 1322
18 758.0 554.0 0.065587 -0.083927 1337 1338
18 760.0 558.0 0.05123 -0.076243 1353 1354
18 760.0 560.0 0.041536 -0.074693 1370 1371
18 760.0 562.0 0.017935 -0.066329 1385 1386
18 762.0 564.0 0.008806 -0.063844 1402 1403
18 762.0 566.0 0.002059 -0.061163 1417 1419
18 760.0 568.0 -0.011131 -0.053208 1433 1434
18 760.0 570.0 -0.011164 -0.053044 1449 1450
18 760.0 570.0 -0.011331 -0.050349 1465 1466
18 760.0 572.0 -0.025273 -0.035402 1481 1482
18 758.0 572.0 -0.035396 -0.026051 1497 1498
18 756.0 574.0 -0.044228 -0.017031 1513 1514
18 756.0 574.0 -0.049305 -0.001473 1529 1530
18 754.0 574.0 -0.056341 0.004676 1546 1547
18 752.0 572.0 -0.061147 0.012253 1561 1562
18 750.0 572.0 -0.062933 0.018549 1577 1578
18 748.0 572.0 -0.070021 0.0238 1594 1595
18 744.0 570.0 -0.067689 0.021814 1610 1611
18 742.0 570.0 -0.070909 0.028471 1626 1627
18 740.0 570.0 -0.074223 0.03 1642 1643
18 738.0 568.0 -0.060216 0.022787 1658 1659
18 736.0 568.0 -0.06014 0.025121 1675 1676
18 734.0 566.0 -0.058315 0.024512 1690 1691
18 732.0 566.0 -0.051786 0.01769 1706 1707
18 732.0 566.0 -0.053499 0.02022 1723 1724
18 730.0 566.0 -0.05257 0.016572 1738 1739
18 728.0 564.0 -0.045192 0.018356 1754 1755
18 726.0 564.0 -0.0423 0.015975 1770 1771
18 726.0 564.0 -0.037506 0.01478 1786 1787
18 724.0 562.0 -0.034443 0.017983 1802 1803
18 724.0 562.0 -0.028914 0.016044 1819 1820
18 722.0 562.0 -0.025246 0.014645 1834 1835
18 722.0 562.0 -0.024093 0.014091 1850 1851
18 722.0 560.0 -0.019614 0.01845 1866 1867
18 720.0 560.0 -0.010974 0.014975 1882 1883
18 720.0 560.0 -0.012314 0.014237 1898 1899
18 720.0 560.0 -0.012001 0.013368 1914 1915
18 720.0 558.0 -0.008883 0.012527 1930 1931
18 718.0 558.0 -0.020204 0.018204 1946 1947
18 718.0 558.0 -0.037101 0.026423 1962 1963
18 716.0 556.0 -0.045875 0.026757 1978 1979
18 714.0 556.0 -0.050851 0.030252 1994 1995
18 712.0 554.0 -0.06005 0.035949 2010 2011
18 710.0 554.0 -0.054849 0.033007 2026 2027
18 710.0 552.0 -0.049622 0.029965 2042 2043
18 708.0 552.0 -0.039041 0.030025 2058 2059
18 706.0 550.0 -0.036498 0.031644 2074 2075
18 706.0 550.0 -0.038543 0.035476 2090 2091
18 704.0 548.0 -0.039322 0.042414 2107 2108
18 702.0 546.0 -0.044018 0.042883 2122 2123
18 700.0 544.0 -0.047847 0.048291 2139 2140
18 700.0 544.0 -0.044849 0.050148 2154 2155
18 698.0 542.0 -0.050208 0.050786 2171 2172
18 696.0 540.0 -0.054771 0.059545 2186 2187
18 694.0 538.0 -0.05288 0.056994 2202 2203
18 692.0 536.0 -0.061955 0.06961 2218 2219
18 690.0 534.0 -0.06199 0.07882 2235 2236
18 688.0 530.0 -0.060695 0.074586 2250 2251
18 686.0 528.0 -0.058068 0.073682 2267 2268
18 684.0 526.0 -0.057877 0.075465 2283 2284
18 684.0 524.0 -0.052369 0.062619 2299 2300
18 682.0 522.0 -0.043929 0.055469 2315 2316
18 680.0 520.0 -0.029424 0.036955 2331 2332
18 680.0 520.0 -0.02569 0.024986 2347 2348
18 680.0 520.0 -0.025046 0.021197 2363 2364
18 678.0 518.0 -0.027484 0.018097 2379 2380
18 678.0 518.0 -0.02861 0.019829 2395 2396
18 676.0 518.0 -0.024941 0.016432 2411 2412
18 676.0 518.0 -0.010057 0.00661 2427 2428
18 676.0 518.0 -0.009151 0.00601 2443 2444
18 676.0 518.0 -0.00512 0.003363 2459 2460
18 676.0 518.0 0.001023 -0.000672 2475 2476
18 676.0 518.0 6.9e-05 -4.5e-05 2491 2492
18 676.0 518.0 0.00222 -0.001457 2507 2508
18 676.0 518.0 0.008627 -0.00566 2523 2524
18 676.0 518.0 0.012878 -0.008443 2539 2540
18 678.0 518.0 0.015147 -0.009917 2555 2556
18 678.0 518.0 0.012202 -0.007982 2571 2572
18 678.0 518.0 0.012395 -0.004322 2587 2589
18 678.0 518.0 0.01163 0.003685 2603 2604
18 678.0 518.0 0.01036 0.002779 2619 2620
18 680.0 518.0 0.014029 0.005578 2636 2637
18 680.0 518.0 0.015101 0.008298 2651 2652
18 680.0 518.0 0.010621 0.008386 2667 2668
18 680.0 518.0 0.012575 0.010709 2683 2684
18 680.0 516.0 0.007356 0.015528 2699 2700
18 680.0 516.0 0.010131 0.017616 2715 2716
18 682.0 516.0 0.015947 0.013814 2731 2732
18 682.0 516.0 0.008709 0.017053 2747 2748
18 682.0 514.0 0.01007 0.016933 2763 2764
18 682.0 514.0 0.014278 0.018001 2779 2780
18 682.0 514.0 0.008666 0.01627 2795 2796
18 682.0 512.0 0.012334 0.015835 2811 2812
18 684.0 512.0 0.010179 0.019257 2827 2828
18 684.0 512.0 0.011231 0.013306 2843 2844
18 684.0 512.0 0.009463 0.015384 2859 2860
18 684.0 510.0 0.012747 0.017135 2875 2876
18 684.0 510.0 0.011095 0.017079 2891 2892
18 686.0 510.0 0.01725 0.01306 2907 2908
18 686.0 510.0 0.0134 0.015489 2924 2925
18 686.0 510.0 0.017354 0.012867 2939 2940
18 686.0 508.0 0.021515 0.011809 2955 2956
18 688.0 508.0 0.015917 0.015628 2971 2972
18 688.0 508.0 0.022173 0.010809 2987 2988
18 688.0 508.0 0.025295 0.01165 3002 3003
18 690.0 508.0 0.021489 0.009713 3018 3019
18 690.0 506.0 0.026521 0.008565 3034 3035
18 692.0 506.0 0.030063 0.010325 3050 3051
18 692.0 506.0 0.028738 0.005666 3067 3068
18 694.0 506.0 0.032047 0.0089 3083 3084
18 694.0 506.0 0.033119 0.012671 3099 3100
18 696.0 506.0 0.030149 0.007177 3115 3116
18 696.0 506.0 0.034496 0.007431 3131 3132
18 698.0 504.0 0.026775 0.014089 3147 3148
18 698.0 504.0 0.030824 0.005378 3163 3164
18 700.0 504.0 0.031876 0.003924 3179 3180
18 700.0 504.0 0.025858 0.010844 3195 3196
18 702.0 504.0 0.026801 0.00207 3212 3213
18 702.0 504.0 0.028741 0.00308 3228 3229
18 702.0 504.0 0.019099 0.004143 3244 3245
18 704.0 504.0 0.022521 0.002371 3260 3261
18 704.0 504.0 0.021596 0.005693 3276 3278
18 704.0 504.0 0.016796 0.001126 3292 3293
18 706.0 504.0 0.014932 0.003909 3309 3310
18 706.0 504.0 0.014598 0.006953 3324 3325
18 706.0 502.0 0.013034 0.003046 3341 3342
18 706.0 502.0 0.013729 0.00472 3356 3357
18 706.0 502.0 0.008035 0.010028 3372 3373
18 708.0 502.0 0.009407 0.005652 3388 3389
18 708.0 502.0 0.011535 0.005477 3405 3406
18 708.0 502.0 0.008162 0.009324 3420 3421
18 708.0 502.0 0.005709 0.008266 3437 3438
18 708.0 502.0 0.009175 0.005914 3452 3453
18 708.0 500.0 0.002424 0.007489 3469 3470
18 708.0 500.0 0.00368 0.005765 3484 3485
18 708.0 500.0 0.002169 0.009237 3501 3502
18 708.0 500.0 0.0008 0.004079 3518 3519
18 708.0 500.0 0.00079 0.004355 3533 3535
18 708.0 500.0 0.001038 0.005784 3550 3551
18 708.0 500.0 0.000312 0.001741 3565 3566
18 708.0 500.0 0.000325 0.001813 3582 3583
18 708.0 500.0 0.002539 0.003456 3597 3598
18 708.0 500.0 0.00598 -0.003032 3614 3615
18 708.0 500.0 0.007279 -0.002804 3630 3631
18 710.0 500.0 0.009169 -0.00068 3646 3647
18 710.0 500.0 0.013118 -0.002517 3662 3663
18 710.0 500.0 0.017425 -0.00422 3678 3679
18 710.0 500.0 0.011378 0.000758 3695 3696
18 710.0 500.0 0.014297 -0.002532 3710 3711
18 712.0 500.0 0.017282 -0.00241 3726 3727
18 712.0 500.0 0.011446 -0.000874 3743 3744
18 712.0 500.0 0.010995 -0.000157 3759 3760
18 712.0 500.0 0.01035 0.000299 3776 3777
18 712.0 500.0 0.005028 -0.002358 3792 3793
18 712.0 500.0 0.004909 -0.001309 3808 3809
18 712.0 500.0 0.004196 0.001824 3824 3825
18 712.0 500.0 0.001896 -0.002645 3840 3841
18 712.0 500.0 0.000836 -0.000708 3856 3857
18 712.0 500.0 5.6e-05 -4.8e-05 3872 3873
18 712.0 500.0 7e-06 -6e-06 3888 3889
18 712.0 500.0 1e-06 -1e-06 3904 3905
18 712.0 500.0 -0.005722 0.003507 3920 3921
18 712.0 500.0 -0.012968 0.002722 3937 3938
18 712.0 500.0 -0.016954 -0.001563 3953 3954
18 712.0 500.0 -0.013822 -0.001555 3970 3971
18 710.0 500.0 -0.015558 -0.002834 3985 3986
18 710.0 500.0 -0.018045 -0.004779 4001 4002
18 710.0 500.0 -0.016131 -8.6e-05 4017 4018
18 710.0 500.0 -0.015956 -0.003108 4033 4034
18 708.0 500.0 -0.015838 -0.006172 4049 4050
18 708.0 500.0 -0.011001 -0.001156 4066 4067
18 708.0 502.0 -0.013846 -0.000733 4081 4082
18 708.0 502.0 -0.008443 -0.005008 4097 4098
18 708.0 502.0 -0.007251 0.000505 4113 4114
18 706.0 502.0 -0.007786 0.0006 4130 4131
18 706.0 502.0 -0.001577 -0.002799 4145 4146
18 706.0 502.0 -0.000792 -8e-06 4161 4162
18 706.0 502.0 -5.3e-05 -1e-06 4177 4178
18 706.0 502.0 -7e-06 -0.0 4193 4194
18 706.0 502.0 -1e-06 -0.0 4210 4211
18 708.0 502.0 0.009549 -0.00276 4225 4226
18 708.0 502.0 0.006862 0.00254 4241 4242
18 708.0 502.0 0.010261 0.001781 4257 4258
18 708.0 502.0 0.012246 0.000899 4274 4275
18 708.0 502.0 0.008197 -0.001796 4290 4291
18 708.0 502.0 0.009644 -0.001828 4306 4307
18 710.0 502.0 0.00786 0.001006 4322 4323
18 710.0 502.0 0.006853 -0.002429 4339 4340
18 710.0 502.0 0.007227 -0.003677 4354 4355
18 710.0 502.0 0.00154 0.002367 4371 4372
18 710.0 502.0 0.003145 -0.000445 4386 4387
18 710.0 502.0 0.004486 -0.002025 4402 4403
18 710.0 502.0 0.000593 -0.000268 4418 4419
18 710.0 502.0 7.8e-05 -3.5e-05 4435 4436
18 710.0 502.0 1e-05 -5e-06 4450 4451
18 710.0 502.0 1e-06 -0.0 4466 4468
18 710.0 502.0 0.0 -0.0 4482 4483
18 710.0 502.0 0.0 -0.0 4498 4499
18 710.0 502.0 -0.002251 0.001388 4514 4515
18 710.0 502.0 -0.00428 0.002639 4530 4531
18 710.0 502.0 -0.00854 -0.003127 4547 4548
18 708.0 502.0 -0.012295 -0.003001 4562 4563
18 708.0 502.0 -0.01995 -0.003858 4578 4579
18 708.0 502.0 -0.027183 -0.003257 4595 4596
18 706.0 502.0 -0.032456 0.000594 4611 4612
18 704.0 502.0 -0.043026 -0.001558 4627 4628
18 704.0 502.0 -0.039951 -0.000552 4643 4644
18 702.0 502.0 -0.042599 -1.3e-05 4659 4660
18 700.0 502.0 -0.047009 0.001635 4676 4677
18 700.0 502.0 -0.035812 -0.005588 4691 4692
18 698.0 502.0 -0.038326 0.000785 4707 4709
18 698.0 502.0 -0.03633 -0.001344 4723 4724
18 696.0 502.0 -0.027627 -0.003783 4740 4741
18 696.0 502.0 -0.026025 -0.001725 4755 4756
18 694.0 502.0 -0.02608 -0.002828 4771 4772
18 694.0 502.0 -0.018282 -0.002234 4787 4788
18 694.0 502.0 -0.015218 -0.004389 4803 4804
18 694.0 502.0 -0.010111 -0.009232 4819 4820
18 694.0 502.0 -0.006574 -0.002155 4835 4836
18 692.0 502.0 -0.006098 -0.004405 4851 4852
18 692.0 502.0 -0.007935 -0.004563 4867 4868
18 692.0 502.0 -0.002432 -0.005213 4883 4884
18 692.0 504.0 -0.007205 -0.003753 4900 4901
18 692.0 504.0 -0.003388 -0.009647 4915 4916
18 692.0 504.0 -0.006029 -0.010468 4931 4932
18 692.0 504.0 -0.009841 -0.012097 4947 4948
18 692.0 504.0 -0.007118 -0.012492 4963 4964
18 692.0 504.0 -0.0149 -0.008207 4979 4980
18 690.0 506.0 -0.018724 -0.009034 4996 4997
18 690.0 506.0 -0.015281 -0.008796 5011 5012
18 690.0 506.0 -0.017347 -0.007907 5027 5028
18 688.0 506.0 -0.019237 -0.006195 5043 5044
18 688.0 506.0 -0.017998 0.001095 5059 5060
18 688.0 506.0 -0.016186 0.001006 5075 5077
18 686.0 506.0 -0.017985 0.003413 5091 5092
18 686.0 506.0 -0.01581 0.009132 5108 5109
18 686.0 506.0 -0.016385 0.008827 5123 5124
18 686.0 506.0 -0.011464 0.005558 5139 5140
18 686.0 504.0 -0.012163 0.007634 5155 5156
18 684.0 504.0 -0.015116 0.009789 5171 5173
18 684.0 504.0 -0.007075 0.004589 5187 5188
18 684.0 504.0 -0.008782 0.005703 5203 5204
18 684.0 504.0 -0.012353 0.008029 5219 5220
18 684.0 504.0 -0.004426 0.002877 5235 5236
18 684.0 504.0 -0.004513 0.002935 5251 5252
18 684.0 504.0 -0.006223 0.004049 5267 5268
18 684.0 504.0 -0.002464 0.001603 5283 5284
18 684.0 504.0 -0.000704 -0.001661 5300 5301
18 684.0 504.0 -0.001141 -0.005406 5315 5316
18 684.0 504.0 -0.000407 -0.001999 5331 5333
18 684.0 504.0 -5.4e-05 -0.000264 5347 5348
18 684.0 504.0 -7e-06 -3.5e-05 5363 5364
18 684.0 504.0 -1e-06 -5e-06 5379 5380
18 684.0 504.0 -0.0 -1e-06 5395 5396
18 684.0 504.0 -0.0 -0.0 5411 5412
18 684.0 504.0 0.002886 0.001872 5427 5428
18 684.0 504.0 0.008416 -0.000679 5443 5444
18 684.0 504.0 0.001694 0.002791 5459 5460
18 684.0 504.0 0.003011 0.001755 5476 5477
7 684.0 504.0 -1e-06 -0.001298 5492 5498
7 684.0 504.0 -0.0 -0.000172 5509 5515
7 684.0 504.0 -0.0 -2.3e-05 5524 5531
7 684.0 504.0 -0.0 -3e-06 5541 5547
7 684.0 504.0 -0.002217 0.001441 5556 5563
7 682.0 504.0 -0.008664 0.000314 5573 5603
7 682.0 504.0 -0.014366 -0.002256 5612 5619
7 682.0 504.0 -0.014486 -0.00279 5628 5635
7 682.0 504.0 -0.01357 0.001369 5645 5651
7 682.0 504.0 -0.014596 0.002675 5661 5668
7 680.0 504.0 -0.010793 -0.00098 5677 5683
7 680.0 504.0 -0.010505 0.00206 5693 5700
7 680.0 504.0 -0.012779 0.000226 5709 5715
7 680.0 504.0 -0.004384 -0.003593 5725 5731
7 680.0 504.0 -0.007449 -0.002932 5741 5748
7 680.0 504.0 -0.009737 -0.003506 5758 5764
7 680.0 504.0 -0.00342 -0.001801 5773 5780
7 680.0 504.0 -0.005051 -0.004184 5789 5796
7 678.0 504.0 -0.006452 -0.004273 5806 5812
7 678.0 504.0 -0.00128 -0.005678 5822 5828
7 678.0 504.0 -0.000921 -0.004426 5838 5845
7 678.0 504.0 -0.001687 -0.00816 5854 5860
7 678.0 504.0 -0.000908 -0.004389 5870 5877
7 678.0 506.0 -0.001193 -0.005762 5886 5893
7 678.0 506.0 -0.00493 -0.005149 5902 5908
7 678.0 506.0 -0.010966 0.000192 5918 5925
9 678.0 506.0 -0.025278 0.001213 5934 5943
9 676.0 506.0 -0.035258 0.002397 5951 5958
9 674.0 504.0 -0.058151 0.009913 5967 5974
9 672.0 504.0 -0.073324 0.005736 5983 5990
9 670.0 504.0 -0.087045 0.004029 5999 6004
9 666.0 504.0 -0.108189 0.002593 6016 6022
9 662.0 504.0 -0.135269 -0.001393 6031 6038
9 658.0 504.0 -0.150836 -0.003816 6047 6054
9 652.0 504.0 -0.174983 -0.008216 6063 6069
9 644.0 506.0 -0.195011 -0.011984 6079 6086
9 638.0 506.0 -0.213608 -0.011632 6095 6102
9 630.0 506.0 -0.230992 -0.016174 6111 6117
9 622.0 506.0 -0.253136 -0.018307 6127 6134
9 614.0 508.0 -0.268655 -0.019641 6143 6149
9 604.0 508.0 -0.280264 -0.019803 6160 6166
9 596.0 510.0 -0.289466 -0.021702 6175 6182
9 586.0 510.0 -0.302761 -0.021171 6191 6197
9 576.0 510.0 -0.311773 -0.01885 6207 6214
9 568.0 512.0 -0.314869 -0.018806 6223 6229
9 554.0 512.0 -0.321314 -0.018496 6239 6246
9 544.0 512.0 -0.32811 -0.013936 6255 6261
9 534.0 512.0 -0.330106 -0.01386 6272 6278
9 524.0 514.0 -0.331877 -0.015501 6287 6294
9 510.0 514.0 -0.339816 -0.008621 6304 6310
9 500.0 514.0 -0.338421 -0.008663 6320 6327
9 490.0 514.0 -0.341609 -0.009324 6336 6343
9 480.0 514.0 -0.343499 -0.006827 6352 6358
9 466.0 516.0 -0.343014 -0.006479 6368 6375
9 456.0 516.0 -0.339771 -0.005223 6384 6390
9 446.0 516.0 -0.338865 -0.006902 6400 6407
9 436.0 516.0 -0.336908 -0.0037 6416 6423
9 426.0 516.0 -0.33191 -0.000122 6432 6438
9 414.0 516.0 -0.327027 0.003404 6448 6455
9 404.0 516.0 -0.320554 0.003068 6464 6470
9 394.0 516.0 -0.317607 0.006999 6480 6487
9 384.0 516.0 -0.309461 0.013514 6496 6502
9 376.0 514.0 -0.303552 0.011285 6513 6519
9 364.0 514.0 -0.299228 0.015829 6528 6535
9 354.0 514.0 -0.292075 0.017522 6544 6550
9 346.0 514.0 -0.286998 0.019608 6560 6567
9 338.0 512.0 -0.281593 0.018242 6576 6582
9 330.0 512.0 -0.272668 0.025148 6592 6599
9 322.0 512.0 -0.267958 0.022619 6608 6614
9 312.0 510.0 -0.263089 0.021441 6624 6631
9 304.0 510.0 -0.258018 0.021608 6641 6647
9 296.0 510.0 -0.249061 0.024733 6656 6663
9 288.0 508.0 -0.238099 0.019412 6672 6678
9 282.0 508.0 -0.233116 0.01725 6688 6695
9 272.0 508.0 -0.228173 0.019168 6704 6711
9 266.0 508.0 -0.21552 0.013882 6720 6726
9 260.0 506.0 -0.213958 0.019754 6736 6743
9 254.0 506.0 -0.203266 0.01387 6752 6758
9 248.0 506.0 -0.195241 0.013973 6768 6775
9 240.0 506.0 -0.188424 0.014403 6784 6791
9 234.0 504.0 -0.179939 0.012005 6801 6807
9 230.0 504.0 -0.168622 0.008527 6816 6822
9 224.0 504.0 -0.160322 0.010369 6833 6839
9 220.0 504.0 -0.152037 0.008847 6848 6855
9 214.0 504.0 -0.141342 0.008517 6865 6871
9 210.0 504.0 -0.137625 0.007836 6881 6888
9 206.0 504.0 -0.125722 0.006538 6897 6903
9 204.0 504.0 -0.119218 0.007282 6913 6920
9 200.0 504.0 -0.113132 0.005369 6929 6935
9 196.0 504.0 -0.1052 0.003412 6945 6952
9 192.0 502.0 -0.101713 0.005535 6961 6967
9 190.0 502.0 -0.098591 0.009322 6977 6984
9 186.0 502.0 -0.092515 0.011393 6993 7000
9 184.0 502.0 -0.090451 0.013335 7010 7016
9 180.0 502.0 -0.087324 0.013112 7026 7032
9 178.0 500.0 -0.079758 0.012458 7042 7048
9 174.0 500.0 -0.079696 0.01326 7058 7065
9 172.0 500.0 -0.077936 0.01668 7074 7080
9 170.0 500.0 -0.072101 0.015127 7090 7097
9 168.0 498.0 -0.072912 0.015098 7106 7112
9 166.0 498.0 -0.069669 0.015391 7123 7129
9 164.0 498.0 -0.065479 0.015119 7138 7145
9 162.0 498.0 -0.068423 0.01576 7154 7160
9 160.0 496.0 -0.062277 0.012125 7170 7177
9 158.0 496.0 -0.060623 0.016574 7186 7192
9 156.0 496.0 -0.05977 0.014384 7202 7209
9 154.0 496.0 -0.050719 0.010732 7218 7224
9 152.0 496.0 -0.047857 0.008405 7234 7241
9 152.0 494.0 -0.047516 0.01096 7250 7256
9 150.0 494.0 -0.036864 0.006081 7266 7273
9 150.0 494.0 -0.034555 0.000977 7282 7288
9 148.0 494.0 -0.033303 0.001448 7298 7305
9 148.0 494.0 -0.026647 -0.000619 7314 7320
9 146.0 494.0 -0.025105 -0.001093 7330 7337
9 146.0 494.0 -0.022489 -0.004341 7346 7352
2 146.0 496.0 -0.016139 -0.003346 7362 7368
2 144.0 496.0 -0.016269 -0.007198 7378 7379
2 144.0 496.0 -0.015958 -0.004452 7394 7395
2 144.0 496.0 -0.006799 -0.007993 7411 7411
2 144.0 496.0 -0.007578 -0.005872 7426 7426
2 144.0 496.0 -0.006747 -0.003807 7442 7442
2 144.0 496.0 -0.003444 -0.002471 7458 7459
2 144.0 496.0 -0.002338 -0.002512 7474 7474
2 144.0 496.0 -0.003521 -0.000231 7490 7490
2 144.0 496.0 -0.000811 0.000563 7506 7507
2 144.0 496.0 -5.5e-05 3.8e-05 7522 7523
2 144.0 496.0 0.003757 0.004376 7538 7539
2 144.0 496.0 0.006465 0.007513 7555 7555
2 144.0 496.0 0.008796 0.006398 7571 7571
2 144.0 496.0 0.012703 0.002905 7587 7588
2 144.0 496.0 0.013947 0.001113 7603 7604
2 146.0 496.0 0.018283 -3.9e-05 7619 7620
2 146.0 496.0 0.01239 0.001012 7635 7636
2 146.0 496.0 0.014186 0.001214 7651 7651
2 146.0 496.0 0.015409 -0.000445 7667 7668
2 146.0 496.0 0.008309 0.001178 7683 7684
2 148.0 494.0 0.007488 0.002802 7699 7700
2 148.0 494.0 0.010598 0.004727 7715 7716
2 148.0 494.0 0.003915 0.003577 7732 7732
2 148.0 494.0 0.004688 0.00241 7747 7748
2 148.0 494.0 0.004146 0.003154 7763 7764
2 148.0 494.0 -0.000404 -0.000702 7779 7779
2 148.0 494.0 -5.3e-05 -9.3e-05 7795 7795
2 148.0 494.0 -7e-06 -1.2e-05 7811 7811
2 148.0 494.0 -0.004376 0.007483 7827 7828
2 148.0 494.0 -0.017642 0.005942 7843 7844
2 146.0 494.0 -0.015948 0.003276 7859 7860
2 146.0 494.0 -0.022503 0.003753 7875 7876
2 144.0 494.0 -0.033393 0.007555 7891 7892
2 144.0 494.0 -0.041046 0.008666 7908 7908
2 142.0 494.0 -0.046214 0.007944 7924 7924
2 140.0 492.0 -0.057886 0.011541 7940 7940
2 138.0 492.0 -0.060844 0.018188 7956 7957
2 136.0 492.0 -0.069921 0.017841 7972 7973
2 134.0 492.0 -0.074383 0.016867 7988 7989
2 132.0 490.0 -0.079338 0.01596 8003 8004
2 128.0 490.0 -0.081989 0.020394 8020 8020
2 126.0 490.0 -0.07879 0.015675 8036 8036
2 124.0 490.0 -0.077326 0.014643 8052 8053
2 122.0 488.0 -0.080058 0.015924 8068 8069
2 118.0 488.0 -0.071437 0.003666 8084 8085
2 116.0 488.0 -0.07152 0.011104 8100 8101
2 114.0 488.0 -0.069379 0.012367 8117 8117
2 112.0 488.0 -0.058365 0.010622 8133 8133
2 110.0 488.0 -0.059795 0.010178 8148 8148
2 108.0 486.0 -0.050616 0.011078 8164 8164
2 106.0 486.0 -0.048432 0.00851 8181 8181
2 106.0 486.0 -0.044838 0.014605 8196 8197
2 104.0 486.0 -0.040518 0.007787 8212 8213
2 104.0 486.0 -0.033083 0.009299 8228 8229
2 102.0 486.0 -0.031451 0.011161 8244 8245
2 102.0 484.0 -0.03291 0.008787 8260 8261
7 100.0 484.0 -0.024041 0.006054 8276 8276
1 100.0 484.0 -0.020319 0.00824 8292 8298
1 100.0 484.0 -0.015021 0.001845 8308 8314
1 98.0 484.0 -0.010104 0.000885 8324 8330
1 98.0 484.0 -0.008126 0.001224 8340 8346
1 98.0 484.0 -0.002475 -0.004136 8356 8362
1 98.0 484.0 -0.002483 -0.00274 8372 8378
1 98.0 484.0 0.000807 -0.008323 8388 8393
1 98.0 486.0 0.010448 -0.020539 8404 8410
1 100.0 486.0 0.013695 -0.021966 8420 8426
1 100.0 486.0 0.026522 -0.020121 8436 8442
1 102.0 488.0 0.034925 -0.025877 8453 8458
1 102.0 488.0 0.040025 -0.028621 8469 8475
1 104.0 490.0 0.049859 -0.030368 8485 8491
1 106.0 490.0 0.057995 -0.03248 8501 8507
1 108.0 492.0 0.072623 -0.035501 8517 8522
1 110.0 492.0 0.078076 -0.032314 8533 8539
1 114.0 494.0 0.092853 -0.031478 8549 8555
1 118.0 494.0 0.106888 -0.031959 8566 8571
1 122.0 496.0 0.118878 -0.028146 8581 8587
1 126.0 496.0 0.135791 -0.034823 8597 8603
1 130.0 498.0 0.153993 -0.034699 8613 8619
1 134.0 500.0 0.166775 -0.042167 8630 8635
1 140.0 500.0 0.184737 -0.049892 8645 8650
1 148.0 502.0 0.201282 -0.060964 8661 8667
1 154.0 504.0 0.21673 -0.069539 8677 8683
1 162.0 508.0 0.231646 -0.072373 8693 8698
1 170.0 510.0 0.247846 -0.074353 8709 8715
1 176.0 512.0 0.262899 -0.072631 8725 8731
1 188.0 514.0 0.269448 -0.068654 8741 8746
1 196.0 516.0 0.279027 -0.06492 8757 8763
1 204.0 518.0 0.290123 -0.05528 8773 8779
1 214.0 520.0 0.295742 -0.048294 8790 8795
1 226.0 522.0 0.299463 -0.041391 8805 8811
1 234.0 522.0 0.303057 -0.034058 8821 8826
1 244.0 524.0 0.301715 -0.026878 8837 8843
1 252.0 524.0 0.303576 -0.018925 8853 8859
1 262.0 524.0 0.302462 -0.011411 8869 8874
1 274.0 524.0 0.303212 -0.00992 8885 8891
1 284.0 524.0 0.298616 -0.008507 8901 8907
1 292.0 526.0 0.295571 -0.004952 8917 8922
1 300.0 526.0 0.291633 0.002074 8934 8939
1 310.0 526.0 0.284989 0.004771 8949 8955
1 318.0 526.0 0.278612 0.006888 8965 8971
1 328.0 524.0 0.273473 0.012234 8981 8986
1 336.0 524.0 0.269759 0.012854 8997 9002
1 344.0 524.0 0.260239 0.015375 9013 9019
1 354.0 524.0 0.255973 0.02164 9030 9035
1 362.0 522.0 0.256401 0.020217 9046 9052
1 370.0 522.0 0.250536 0.022683 9062 9068
1 378.0 522.0 0.246601 0.024747 9078 9084
1 388.0 520.0 0.244985 0.026446 9094 9100
1 394.0 520.0 0.242952 0.025496 9110 9116
1 402.0 518.0 0.237459 0.02539 9126 9132
1 408.0 518.0 0.238842 0.029153 9142 9147
1 416.0 516.0 0.229568 0.03104 9158 9164
1 422.0 516.0 0.229402 0.030207 9174 9180
1 432.0 514.0 0.226473 0.028801 9191 9196
1 438.0 514.0 0.218626 0.033781 9206 9212
1 444.0 512.0 0.212631 0.034391 9222 9228
1 450.0 512.0 0.209487 0.032778 9239 9244
1 458.0 510.0 0.198373 0.039799 9254 9260
1 464.0 510.0 0.193052 0.03806 9270 9275
1 470.0 508.0 0.185121 0.034822 9286 9292
1 476.0 506.0 0.172359 0.033949 9302 9308
1 480.0 506.0 0.162327 0.034077 9318 9323
2 486.0 504.0 0.149434 0.036116 9334 9340
2 488.0 504.0 0.135391 0.036496 9350 9351
2 492.0 502.0 0.127257 0.032267 9366 9367
2 496.0 502.0 0.109476 0.031116 9383 9383
2 498.0 500.0 0.092607 0.034115 9398 9398
2 502.0 500.0 0.078512 0.032803 9414 9415
2 504.0 498.0 0.069657 0.030014 9430 9431
2 506.0 498.0 0.050335 0.028304 9446 9447
2 506.0 496.0 0.034334 0.024957 9462 9463
2 508.0 496.0 0.028836 0.022578 9478 9479
2 508.0 496.0 0.014574 0.018992 9494 9495
2 508.0 496.0 0.008373 0.013503 9510 9511
2 508.0 494.0 0.005614 0.00911 9526 9526
2 508.0 494.0 0.000378 0.000614 9542 9543
2 508.0 494.0 5e-05 8.1e-05 9558 9559
2 508.0 494.0 -0.007826 0.007194 9574 9575
2 508.0 494.0 -0.014559 0.005017 9591 9592
2 506.0 494.0 -0.024805 -0.00184 9607 9608
2 506.0 494.0 -0.020377 -0.0026 9624 9624
2 506.0 494.0 -0.025622 -0.000912 9640 9640
2 504.0 494.0 -0.02695 -0.002476 9656 9657
2 504.0 494.0 -0.021302 -0.004451 9672 9673
2 502.0 494.0 -0.023302 -0.003985 9688 9689
2 502.0 494.0 -0.025728 -0.001892 9705 9705
2 502.0 494.0 -0.019168 0.001069 9721 9721
2 500.0 494.0 -0.019391 0.000535 9738 9738
2 500.0 494.0 -0.013851 -0.00398 9754 9754
2 500.0 494.0 -0.011434 0.001781 9770 9770
2 500.0 494.0 -0.010619 0.000242 9787 9787
2 498.0 494.0 -0.00682 0.002292 9803 9803
2 498.0 494.0 -0.005151 0.003045 9818 9819
2 498.0 494.0 -0.008654 0.003601 9835 9835
2 498.0 494.0 -0.000828 -0.000442 9851 9851
2 498.0 494.0 -0.002544 0.002214 9867 9867
2 498.0 494.0 0.001004 -0.000948 9883 9884
2 498.0 494.0 -0.001354 0.001262 9900 9900
2 498.0 494.0 -0.000179 0.000167 9915 9915
2 498.0 494.0 -2.4e-05 2.2e-05 9931 9931
2 498.0 494.0 0.000963 0.002721 9947 9948
2 498.0 494.0 0.001281 0.003607 9963 9964
2 498.0 494.0 0.001791 0.005048 9979 9980
2 498.0 494.0 -8.9e-05 -0.00025 9995 9996
2 498.0 494.0 0.000883 0.00249 10012 10012
2 498.0 494.0 -0.000264 -0.000536 10028 10029
2 498.0 494.0 -0.002952 0.002653 10044 10045
2 498.0 494.0 -0.006224 0.005801 10060 10061
2 498.0 494.0 -0.000823 0.000767 10076 10077
2 498.0 494.0 -0.001541 0.00144 10093 10093
2 498.0 494.0 -0.007176 0.004311 10108 10108
2 498.0 494.0 -0.003686 0.000108 10124 10124
2 498.0 494.0 -0.004534 -0.000445 10140 10141
2 498.0 494.0 -0.007424 -0.002762 10156 10157
2 498.0 494.0 -0.003156 -0.000418 10172 10173
2 498.0 494.0 -0.003982 -0.000964 10188 10189
2 498.0 494.0 -0.002357 -0.00506 10204 10205
2 498.0 494.0 -0.00161 -0.000632 10220 10221
2 496.0 494.0 -0.004576 0.0002 10237 10237
2 496.0 494.0 -0.002045 -0.000471 10253 10253
2 496.0 494.0 -0.000772 0.000407 10269 10270
2 496.0 494.0 -0.000102 5.4e-05 10285 10286
2 496.0 494.0 -0.001795 0.00223 10301 10302
2 496.0 494.0 -0.000543 -7.8e-05 10317 10318
2 496.0 494.0 -7.2e-05 -1e-05 10334 10334
2 496.0 494.0 -9e-06 -1e-06 10350 10350
2 496.0 494.0 -1e-06 -0.0 10366 10366
2 496.0 494.0 -0.0 -0.0 10382 10382
6 496.0 494.0 -0.00193 0.001808 10398 10399
7 496.0 494.0 -0.000385 0.000361 10414 10421
7 496.0 494.0 -5.1e-05 4.8e-05 10430 10437
7 496.0 494.0 -7e-06 6e-06 10446 10452
7 496.0 494.0 -0.0 0.0 10462 10469
7 496.0 494.0 -0.0 0.0 10478 10485
7 496.0 494.0 -0.0 0.0 10494 10500
7 496.0 494.0 -0.0 0.0 10510 10517
7 496.0 494.0 -0.0 0.0 10526 10532
7 496.0 494.0 0.000641 0.0018 10542 10549
7 496.0 494.0 0.001859 0.005223 10558 10564
7 496.0 494.0 8.6e-05 0.000241 10574 10581
7 496.0 494.0 0.002748 0.000492 10591 10597
7 496.0 494.0 0.00274 0.003426 10608 10614
7 496.0 494.0 0.002767 -2.1e-05 10623 10630
7 498.0 494.0 0.003764 0.000439 10639 10645
7 498.0 494.0 0.002011 0.004109 10655 10662
7 498.0 494.0 0.000758 -0.001762 10671 10677
7 498.0 494.0 0.005583 -0.00105 10687 10694
7 498.0 494.0 -0.000571 -0.000136 10703 10709
7 498.0 494.0 0.000426 -0.000487 10719 10725
7 498.0 494.0 5.6e-05 -6.4e-05 10735 10742
7 498.0 494.0 7e-06 -9e-06 10752 10758
7 498.0 494.0 -0.014142 -0.003438 10768 10775
9 496.0 494.0 -0.025641 -0.000818 10784 10794
9 496.0 494.0 -0.035495 0.002769 10802 10809
9 494.0 494.0 -0.050454 0.005183 10818 10824
9 492.0 494.0 -0.06008 0.002505 10835 10841
9 490.0 494.0 -0.070692 0.006879 10851 10857
9 486.0 494.0 -0.083148 0.005962 10866 10872
9 484.0 492.0 -0.096166 0.004392 10883 10889
9 480.0 492.0 -0.108691 0.00609 10898 10905
9 476.0 492.0 -0.119382 0.001855 10914 10920
9 472.0 492.0 -0.127748 0.002271 10930 10936
9 468.0 492.0 -0.139686 -0.001429 10946 10953
9 464.0 492.0 -0.14841 -0.004378 10962 10968
9 458.0 494.0 -0.15734 -0.008128 10978 10985
9 454.0 494.0 -0.166886 -0.012285 10994 11000
9 446.0 494.0 -0.174078 -0.010035 11010 11016
9 442.0 494.0 -0.18411 -0.013857 11026 11033
9 436.0 494.0 -0.190667 -0.013 11042 11048
9 428.0 496.0 -0.196165 -0.014383 11059 11065
9 422.0 496.0 -0.202962 -0.011828 11075 11082
9 416.0 496.0 -0.207986 -0.010199 11091 11097
9 408.0 496.0 -0.208815 -0.011482 11107 11114
9 402.0 496.0 -0.216099 -0.009295 11123 11129
9 394.0 496.0 -0.219302 -0.004985 11139 11145
9 388.0 498.0 -0.219196 -0.010176 11155 11162
9 380.0 498.0 -0.225485 -0.009372 11171 11177
9 374.0 498.0 -0.226017 -0.008972 11188 11194
9 366.0 498.0 -0.226968 -0.007835 11203 11209
9 358.0 498.0 -0.232256 -0.011655 11219 11226
9 350.0 500.0 -0.23177 -0.011898 11235 11241
9 344.0 500.0 -0.230393 -0.012857 11251 11257
9 336.0 500.0 -0.235927 -0.013677 11267 11274
9 328.0 500.0 -0.233707 -0.01835 11283 11290
9 320.0 502.0 -0.234809 -0.019299 11299 11306
9 314.0 502.0 -0.232601 -0.021838 11315 11321
9 306.0 502.0 -0.231451 -0.023706 11331 11338
9 300.0 504.0 -0.227669 -0.029068 11347 11353
9 292.0 504.0 -0.225897 -0.030216 11363 11369
9 284.0 506.0 -0.22295 -0.032095 11379 11386
9 278.0 508.0 -0.222872 -0.035301 11395 11401
9 270.0 508.0 -0.22245 -0.035164 11411 11417
9 264.0 510.0 -0.21893 -0.037143 11427 11434
9 258.0 510.0 -0.219092 -0.039461 11443 11450
9 248.0 512.0 -0.216182 -0.038884 11459 11465
9 242.0 514.0 -0.215588 -0.039731 11475 11482
9 236.0 514.0 -0.214548 -0.037931 11491 11498
9 230.0 516.0 -0.213048 -0.040118 11507 11513
9 224.0 516.0 -0.2077 -0.043024 11523 11529
9 214.0 518.0 -0.209346 -0.041445 11539 11545
9 208.0 520.0 -0.205141 -0.042749 11556 11562
9 202.0 522.0 -0.203205 -0.043067 11571 11578
9 196.0 522.0 -0.200653 -0.045158 11587 11594
9 190.0 524.0 -0.195192 -0.048307 11603 11610
9 186.0 526.0 -0.194779 -0.047413 11619 11625
9 178.0 528.0 -0.18968 -0.048363 11636 11643
9 172.0 530.0 -0.181996 -0.048896 11652 11659
9 166.0 530.0 -0.178118 -0.047993 11669 11675
9 162.0 532.0 -0.17469 -0.04395 11684 11690
9 154.0 534.0 -0.167187 -0.049546 11701 11707
9 150.0 536.0 -0.165247 -0.042172 11716 11722
9 144.0 536.0 -0.157145 -0.03925 11733 11739
9 140.0 538.0 -0.151572 -0.03805 11748 11755
9 134.0 540.0 -0.147498 -0.039795 11764 11772
9 130.0 540.0 -0.142687 -0.034545 11780 11787
9 126.0 542.0 -0.137682 -0.031248 11796 11803
9 122.0 542.0 -0.13596 -0.029846 11812 11819
9 118.0 542.0 -0.128887 -0.024261 11829 11835
9 114.0 544.0 -0.124578 -0.020503 11845 11852
9 110.0 544.0 -0.120155 -0.017374 11861 11867
9 106.0 544.0 -0.114203 -0.010913 11877 11884
9 102.0 544.0 -0.108901 -0.011518 11893 11901
9 98.0 546.0 -0.104209 -0.007269 11910 11917
9 96.0 546.0 -0.095868 -0.006882 11926 11933
9 94.0 546.0 -0.091699 -0.002666 11942 11948
9 90.0 546.0 -0.088216 -0.001259 11959 11965
9 88.0 546.0 -0.076059 -0.000893 11975 11981
9 86.0 546.0 -0.075803 0.002565 11990 11997
9 84.0 546.0 -0.065059 -0.001914 12006 12013
9 82.0 546.0 -0.058509 0.006938 12022 12028
9 80.0 546.0 -0.055433 0.002337 12038 12045
9 78.0 544.0 -0.049475 0.005293 12055 12061
9 76.0 544.0 -0.041729 0.008124 12071 12078
9 76.0 544.0 -0.037786 0.014423 12087 12093
9 74.0 544.0 -0.030603 0.008186 12103 12109
9 74.0 544.0 -0.030105 0.014046 12119 12125
9 72.0 542.0 -0.025527 0.016332 12135 12141
9 72.0 542.0 -0.015942 0.011081 12151 12158
2 72.0 542.0 -0.01878 0.01572 12167 12173
2 70.0 542.0 -0.016732 0.017141 12184 12184
2 70.0 542.0 -0.013242 0.012433 12199 12200
2 70.0 540.0 -0.01124 0.014928 12215 12216
2 70.0 540.0 -0.013694 0.014255 12232 12232
2 70.0 540.0 -0.010247 0.016142 12249 12249
2 68.0 540.0 -0.010403 0.018515 12265 12266
2 68.0 538.0 -0.013615 0.024647 12281 12282
2 68.0 538.0 -0.011727 0.021302 12297 12298
2 68.0 538.0 -0.011541 0.021 12314 12314
2 68.0 536.0 -0.012481 0.022751 12330 12330
2 68.0 536.0 -0.01064 0.019421 12346 12346
2 66.0 536.0 -0.009719 0.017773 12362 12363
2 66.0 534.0 -0.00643 0.011766 12378 12379
2 66.0 534.0 -0.004068 0.007447 12395 12395
2 66.0 534.0 -0.004692 0.008595 12411 12411
2 66.0 534.0 -0.000161 0.001187 12427 12427
2 66.0 534.0 -0.000734 -0.000506 12443 12444
2 66.0 534.0 -9.7e-05 -6.7e-05 12459 12459
2 66.0 534.0 -1.3e-05 -9e-06 12475 12476
2 66.0 534.0 -2e-06 -1e-06 12491 12492
2 66.0 534.0 0.005132 -0.009393 12507 12508
2 66.0 534.0 0.004191 -0.007667 12523 12524
2 66.0 534.0 0.004068 -0.007439 12539 12540
2 66.0 536.0 0.010593 -0.006707 12555 12556
2 68.0 536.0 0.008214 -0.005414 12572 12572
2 68.0 536.0 0.011803 -0.006631 12589 12590
2 68.0 536.0 0.009867 0.000567 12604 12605
2 68.0 536.0 0.009015 -0.003315 12620 12620
2 68.0 536.0 0.010639 -0.004027 12636 12636
2 68.0 536.0 0.011634 -0.00258 12652 12652
2 70.0 536.0 0.010223 -0.004229 12668 12669
2 70.0 536.0 0.014123 -0.00633 12684 12685
2 70.0 536.0 0.010709 -0.003195 12700 12701
2 70.0 536.0 0.010838 -0.004936 12717 12717
2 70.0 536.0 0.015167 -0.009027 12732 12733
2 72.0 536.0 0.010915 -0.002454 12748 12749
2 72.0 536.0 0.013987 -0.003693 12764 12765
2 72.0 536.0 0.016856 -0.001535 12780 12781
2 72.0 536.0 0.009129 0.001853 12796 12797
2 72.0 536.0 0.011191 0.002502 12812 12813
2 74.0 536.0 0.011323 0.007768 12828 12828
2 74.0 536.0 0.008459 0.005798 12844 12844
2 74.0 536.0 0.009839 0.00629 12860 12861
2 74.0 536.0 0.013181 0.009351 12876 12877
2 74.0 536.0 0.009431 0.008509 12892 12893
2 74.0 536.0 0.011185 0.010568 12908 12909
2 76.0 536.0 0.009904 0.009387 12924 12925
2 76.0 534.0 0.010756 0.01021 12940 12941
2 76.0 534.0 0.009133 0.008678 12957 12957
2 76.0 534.0 0.010684 0.010164 12972 12972
2 76.0 534.0 0.009134 0.008699 12988 12988
2 76.0 534.0 0.010634 0.01014 13003 13003
2 78.0 534.0 0.005952 0.005679 13019 13019
2 78.0 534.0 0.007417 0.007082 13036 13036
2 78.0 534.0 0.01153 0.002139 13051 13051
2 78.0 532.0 0.007443 0.001177 13067 13068
2 78.0 532.0 0.008471 0.000139 13083 13084
7 78.0 532.0 0.012331 -0.000957 13099 13100
7 78.0 534.0 0.009747 -0.003134 13115 13121
7 80.0 534.0 0.010941 -0.007242 13131 13137
7 80.0 534.0 0.005617 0.000947 13147 13153
7 80.0 534.0 0.006835 -0.000299 13163 13169
7 80.0 534.0 0.010477 0.003803 13180 13185
7 80.0 534.0 0.006975 0.005875 13195 13201
7 80.0 532.0 0.00925 0.008789 13211 13217
7 80.0 532.0 0.014538 0.014005 13227 13233
7 82.0 532.0 0.013115 0.016208 13243 13249
7 82.0 532.0 0.014041 0.020331 13259 13264
1 82.0 530.0 0.02394 0.021463 13275 13281
1 84.0 530.0 0.022876 0.021993 13291 13297
1 84.0 530.0 0.029666 0.02535 13307 13313
1 86.0 528.0 0.035906 0.01306 13323 13329
1 86.0 528.0 0.046454 0.011998 13339 13345
1 88.0 528.0 0.05549 0.006837 13356 13361
1 90.0 528.0 0.063401 0.005672 13371 13377
1 94.0 528.0 0.074718 0.004119 13387 13393
1 96.0 528.0 0.084552 -0.000178 13403 13409
1 100.0 528.0 0.088877 0.003469 13419 13425
1 102.0 528.0 0.099389 0.002479 13435 13441
1 106.0 528.0 0.108066 0.001898 13451 13457
1 108.0 528.0 0.111127 0.00608 13467 13473
1 112.0 526.0 0.120681 0.01017 13484 13489
1 118.0 526.0 0.127458 0.013507 13499 13505
1 122.0 526.0 0.131103 0.018518 13515 13521
1 126.0 526.0 0.142736 0.020065 13532 13538
1 130.0 524.0 0.146585 0.029315 13548 13554
1 136.0 522.0 0.153986 0.030674 13565 13570
1 142.0 522.0 0.160209 0.032939 13580 13586
1 146.0 520.0 0.167356 0.037827 13596 13602
1 152.0 520.0 0.171198 0.036328 13612 13617
1 156.0 518.0 0.181927 0.032637 13628 13634
1 162.0 518.0 0.18382 0.036828 13645 13650
1 170.0 516.0 0.192831 0.034636 13660 13666
1 176.0 516.0 0.193251 0.034044 13676 13682
1 182.0 514.0 0.200886 0.034943 13692 13697
1 188.0 514.0 0.206099 0.032927 13708 13714
1 194.0 512.0 0.209954 0.036297 13724 13730
1 200.0 512.0 0.211444 0.033821 13740 13745
1 210.0 510.0 0.217558 0.037129 13756 13762
1 216.0 508.0 0.219517 0.039263 13772 13778
1 222.0 508.0 0.220945 0.046998 13788 13794
1 230.0 506.0 0.221534 0.045873 13804 13809
1 238.0 504.0 0.224486 0.051202 13820 13826
1 244.0 502.0 0.225426 0.05431 13836 13842
1 252.0 500.0 0.226276 0.056152 13852 13858
1 258.0 500.0 0.222534 0.059296 13869 13875
1 266.0 498.0 0.22648 0.05613 13885 13890
1 274.0 496.0 0.225589 0.056225 13901 13907
1 282.0 494.0 0.224795 0.054291 13917 13923
1 288.0 492.0 0.224917 0.0465 13934 13939
1 296.0 490.0 0.221819 0.048389 13950 13956
1 304.0 490.0 0.221115 0.043382 13966 13972
1 310.0 488.0 0.220656 0.035969 13982 13989
1 316.0 488.0 0.218322 0.040157 13998 14003
1 326.0 486.0 0.216868 0.033263 14015 14021
1 332.0 484.0 0.216266 0.031241 14030 14036
1 338.0 484.0 0.21201 0.031713 14046 14052
1 344.0 482.0 0.209808 0.030715 14062 14068
1 350.0 482.0 0.206812 0.031082 14078 14084
1 358.0 482.0 0.205913 0.027396 14094 14100
1 366.0 480.0 0.206194 0.026988 14110 14116
1 372.0 480.0 0.206529 0.022398 14126 14132
1 378.0 478.0 0.204058 0.023713 14142 14148
1 384.0 478.0 0.209206 0.016656 14158 14164
1 392.0 478.0 0.207524 0.015172 14175 14180
1 398.0 478.0 0.204086 0.01219 14190 14196
1 404.0 478.0 0.207295 0.011073 14206 14212
1 410.0 476.0 0.205777 0.01065 14223 14228
1 418.0 476.0 0.204154 0.007969 14239 14245
1 426.0 476.0 0.204447 0.005367 14255 14261
1 432.0 476.0 0.202104 0.002086 14271 14277
1 438.0 476.0 0.197386 0.003276 14287 14292
1 442.0 476.0 0.194448 0.002543 14303 14309
1 448.0 476.0 0.189136 0.003914 14319 14325
1 456.0 476.0 0.184752 0.002345 14335 14340
1 462.0 476.0 0.179639 0.001272 14351 14357
1 466.0 476.0 0.170961 0.004836 14367 14373
1 472.0 476.0 0.159425 0.000335 14384 14389
1 476.0 476.0 0.149632 0.00108 14399 14405
1 482.0 476.0 0.136353 0.004125 14415 14420
1 484.0 476.0 0.126408 1.6e-05 14431 14437
1 488.0 476.0 0.114388 0.002199 14447 14453
1 492.0 476.0 0.095602 -0.00044 14463 14469
1 494.0 476.0 0.083179 8.9e-05 14479 14485
1 496.0 476.0 0.074168 0.001187 14495 14501
1 498.0 476.0 0.060506 -0.003052 14511 14517
1 500.0 476.0 0.049741 5.8e-05 14527 14533
1 502.0 476.0 0.035989 -0.000429 14543 14548
1 502.0 476.0 0.029145 -0.005474 14559 14565
1 502.0 476.0 0.021355 -0.003882 14575 14581
1 504.0 476.0 0.013919 -0.001873 14593 14598
1 504.0 476.0 0.005439 -0.004952 14609 14615
1 504.0 476.0 0.004137 -0.00385 14625 14631
1 504.0 476.0 0.001049 -0.000978 14642 14647
1 504.0 476.0 0.000139 -0.000129 14658 14663
1 504.0 476.0 -0.01492 -0.002865 14675 14680
1 502.0 478.0 -0.013324 1.3e-05 14690 14696
1 502.0 476.0 -0.018917 0.002253 14706 14712
1 502.0 476.0 -0.025699 0.003479 14723 14728
1 500.0 476.0 -0.0215 0.003605 14738 14743
1 500.0 476.0 -0.025273 0.000963 14755 14760
1 500.0 476.0 -0.024679 0.001545 14770 14776
1 498.0 476.0 -0.025053 0.003904 14786 14791
1 498.0 476.0 -0.025595 0.004703 14802 14808
1 496.0 476.0 -0.024827 -0.000197 14818 14824
1 496.0 476.0 -0.021978 0.001693 14835 14840
1 496.0 476.0 -0.023341 0.000321 14851 14857
1 494.0 476.0 -0.01819 0.002857 14867 14873
1 494.0 476.0 -0.015833 0.000454 14883 14888
1 494.0 476.0 -0.017404 -0.001681 14900 14905
1 494.0 476.0 -0.011575 -0.001102 14915 14921
1 492.0 476.0 -0.011576 -0.003284 14931 14936
1 492.0 476.0 -0.014923 -0.00215 14947 14953
1 492.0 476.0 -0.006732 -0.004849 14963 14968
1 492.0 476.0 -0.011879 -0.005495 14979 14985
1 492.0 476.0 -0.014656 -0.006978 14995 15000
1 490.0 478.0 -0.012255 -0.010451 15012 15017
1 490.0 478.0 -0.018105 -0.009725 15027 15033
1 490.0 478.0 -0.018556 -0.014399 15043 15049
1 490.0 478.0 -0.02207 -0.014046 15059 15064
1 488.0 480.0 -0.02291 -0.01311 15075 15081
1 488.0 480.0 -0.021965 -0.011593 15091 15097
1 486.0 480.0 -0.020694 -0.013657 15107 15113
1 486.0 480.0 -0.024979 -0.009092 15123 15128
1 486.0 480.0 -0.019369 -0.008326 15139 15145
1 484.0 480.0 -0.018942 -0.009083 15155 15161
1 484.0 480.0 -0.022732 -0.005462 15171 15176
1 484.0 480.0 -0.014408 -0.004774 15187 15193
1 484.0 482.0 -0.014424 -0.001357 15203 15209
1 482.0 482.0 -0.014317 -0.002242 15219 15224
1 482.0 480.0 -0.00796 0.002534 15236 15241
1 482.0 480.0 -0.007613 0.001783 15251 15257
1 482.0 480.0 -0.004769 -0.001593 15267 15273
1 482.0 480.0 -0.002074 -0.000604 15283 15288
1 482.0 480.0 -0.003631 0.003179 15299 15305
1 482.0 480.0 0.001891 -0.001882 15315 15320
1 482.0 480.0 0.00025 -0.000249 15331 15337
1 482.0 480.0 0.001303 0.003582 15347 15353
1 482.0 480.0 0.001 0.002792 15363 15369
1 482.0 480.0 0.000775 0.002169 15379 15384
1 482.0 480.0 0.000269 0.000754 15395 15401
1 482.0 480.0 0.000528 -0.000378 15411 15416
1 482.0 480.0 0.004389 -0.004247 15427 15433
1 482.0 482.0 0.00876 -0.008488 15443 15449
1 482.0 482.0 0.004518 -0.004378 15460 15465
1 482.0 482.0 0.006618 -0.014348 15475 15481
1 484.0 482.0 0.007713 -0.020736 15492 15497
1 484.0 482.0 0.004796 -0.013828 15507 15513
1 484.0 484.0 0.009358 -0.020686 15523 15529
1 484.0 484.0 0.002802 -0.018334 15539 15544
1 484.0 484.0 0.005636 -0.016633 15556 15561
1 484.0 484.0 0.005023 -0.015522 15571 15577
1 484.0 486.0 0.005138 -0.018657 15587 15594
1 484.0 486.0 0.004147 -0.016832 15604 15609
1 484.0 486.0 0.00625 -0.018701 15620 15626
1 484.0 488.0 0.000493 -0.008928 15636 15642
1 484.0 488.0 0.001801 -0.01079 15652 15658
1 484.0 488.0 0.00391 -0.012629 15669 15674
1 484.0 488.0 0.00176 -0.003494 15684 15690
1 484.0 488.0 -0.00075 -0.003174 15700 15706
1 484.0 488.0 -9.9e-05 -0.00042 15717 15722
1 484.0 488.0 -1.3e-05 -5.6e-05 15732 15738
1 484.0 488.0 -2e-06 -7e-06 15748 15754
1 484.0 488.0 -0.0 -0.0 15765 15770
1 484.0 488.0 -0.001906 0.001833 15781 15787
1 484.0 488.0 -0.003624 0.003485 15797 15803
1 484.0 488.0 0.001925 0.005462 15813 15819
1 484.0 488.0 0.001363 0.002838 15830 15835
1 484.0 488.0 0.00133 0.003554 15845 15851
1 484.0 488.0 0.001175 0.003234 15861 15866
1 484.0 488.0 0.001136 0.00314 15877 15883
1 484.0 488.0 0.010356 9.7e-05 15893 15899
2 486.0 488.0 0.007636 -0.002329 15909 15915
2 486.0 488.0 0.00905 -0.002505 15926 15926
2 486.0 488.0 0.01198 -0.002746 15941 15942
2 486.0 488.0 0.007595 1.1e-05 15957 15958
2 486.0 488.0 0.00917 -0.003072 15973 15974
2 486.0 488.0 0.012205 0.001267 15989 15990
2 486.0 488.0 0.005329 -0.002134 16004 16005
2 488.0 488.0 0.006219 0.000573 16021 16021
2 488.0 488.0 0.010028 0.000422 16036 16036
2 488.0 488.0 0.002596 -0.000862 16052 16053
2 488.0 488.0 0.003724 -0.00149 16068 16069
2 488.0 488.0 0.003431 0.002496 16085 16085
2 488.0 488.0 -4.2e-05 -0.001053 16101 16101
2 488.0 488.0 -3e-06 -7.1e-05 16116 16117
2 488.0 488.0 -0.0 -9e-06 16132 16133
2 488.0 488.0 -0.0 -1e-06 16148 16149
2 488.0 488.0 -0.0 -0.0 16164 16165
2 488.0 488.0 -0.002556 2.9e-05 16180 16180
2 488.0 488.0 -0.006274 0.003267 16196 16197
2 488.0 488.0 -0.008811 0.00124 16212 16213
2 488.0 488.0 -0.001996 -0.000295 16228 16229
2 486.0 488.0 -0.004785 1.5e-05 16244 16245
2 486.0 488.0 -0.007063 0.001887 16260 16261
2 486.0 488.0 -0.000146 0.000657 16276 16277
2 486.0 488.0 -0.000759 -0.001097 16292 16293
2 486.0 488.0 -0.001076 -0.002859 16308 16309
2 486.0 488.0 -0.000142 -0.000378 16324 16324
2 486.0 488.0 -1.9e-05 -5e-05 16340 16340
2 486.0 488.0 -2e-06 -7e-06 16356 16357
2 486.0 488.0 -0.0 -0.0 16372 16373
2 486.0 488.0 -0.0 -0.0 16388 16389
2 486.0 488.0 -0.0 -0.0 16404 16405
2 486.0 488.0 -0.0 -0.0 16420 16421
2 486.0 488.0 -0.0 -0.0 16436 16437
2 486.0 488.0 -0.0 -0.0 16453 16453
2 486.0 488.0 -0.0 -0.0 16469 16469
2 486.0 488.0 -0.0 -0.0 16485 16486
2 486.0 488.0 -0.0 -0.0 16501 16502
2 486.0 488.0 -0.0 -0.0 16517 16518
2 486.0 488.0 -0.000647 -0.001798 16533 16534
2 486.0 488.0 7.6e-05 0.000212 16549 16550
2 486.0 488.0 -0.000158 -0.000439 16566 16566
2 486.0 488.0 -0.000997 -0.002772 16581 16581
2 486.0 488.0 0.000347 0.000965 16597 16598
2 486.0 488.0 -0.001943 8.9e-05 16613 16614
2 486.0 488.0 -0.000755 -0.001371 16629 16630
2 486.0 488.0 -0.001568 0.001226 16646 16646
2 486.0 488.0 -0.000207 0.000162 16662 16662
2 486.0 488.0 -2.7e-05 2.1e-05 16677 16678
2 486.0 488.0 -2e-06 1e-06 16694 16694
2 486.0 488.0 -0.0 0.0 16710 16710
2 486.0 488.0 -0.0 0.0 16725 16725
2 486.0 488.0 -0.0 0.0 16741 16741
2 486.0 488.0 -0.0 0.0 16757 16757
2 486.0 488.0 -0.0 0.0 16773 16774
2 486.0 488.0 0.003859 -4.8e-05 16789 16790
2 486.0 488.0 0.006814 0.001254 16805 16806
6 486.0 488.0 0.002979 -0.001196 16821 16822
7 486.0 488.0 0.005341 -0.003033 16837 16844
7 488.0 488.0 0.002046 -0.000383 16853 16860
7 488.0 488.0 0.001078 0.002197 16870 16876
7 488.0 488.0 0.003027 -0.002469 16886 16892
7 488.0 488.0 0.001046 0.001472 16902 16908
7 488.0 488.0 0.000156 0.000337 16918 16925
7 488.0 488.0 2.1e-05 4.5e-05 16935 16941
7 488.0 488.0 3e-06 6e-06 16950 16956
7 488.0 488.0 0.0 1e-06 16966 16973
7 488.0 488.0 0.0 0.0 16983 16989
7 488.0 488.0 -0.002911 0.002787 16999 17004
7 486.0 488.0 -0.003764 0.003604 17015 17021
7 486.0 486.0 -0.004371 0.004188 17031 17037
7 486.0 486.0 -0.001267 0.001214 17047 17053
7 486.0 486.0 -0.003545 0.003398 17063 17070
7 486.0 486.0 -0.000375 0.000917 17080 17086
7 486.0 486.0 -0.002765 0.001492 17096 17102
7 486.0 486.0 -0.001086 -0.002402 17112 17118
7 486.0 486.0 0.000112 0.000599 17128 17134
7 486.0 486.0 -0.000482 -0.001304 17144 17151
7 486.0 486.0 -6.4e-05 -0.000172 17160 17166
7 486.0 486.0 -8e-06 -2.3e-05 17176 17182
7 486.0 486.0 -1e-06 -2e-06 17192 17199
7 486.0 486.0 -0.0 -0.0 17209 17215
7 486.0 486.0 0.001621 0.004513 17224 17230
7 486.0 486.0 0.001731 0.01562 17240 17246
15 486.0 484.0 -0.000714 0.031513 17256 17265
15 486.0 484.0 -0.001144 0.037508 17274 17280
15 486.0 482.0 -0.003308 0.058006 17289 17295
15 486.0 480.0 -0.00367 0.066293 17306 17312
15 486.0 478.0 -0.002273 0.080934 17323 17329
15 486.0 474.0 -0.006219 0.095582 17338 17344
15 486.0 470.0 -0.002946 0.099895 17354 17360
15 486.0 468.0 -0.005001 0.110701 17371 17377
15 486.0 464.0 -0.007118 0.122359 17386 17392
15 486.0 460.0 -0.006365 0.126858 17402 17409
15 486.0 456.0 -0.006183 0.135886 17418 17424
15 484.0 450.0 -0.006392 0.141407 17435 17441
15 484.0 446.0 -0.006825 0.141793 17450 17456
15 484.0 442.0 -0.001611 0.144287 17466 17472
15 484.0 436.0 -0.003949 0.147572 17483 17489
15 484.0 432.0 -0.000157 0.143517 17498 17504
15 484.0 426.0 -0.000103 0.145033 17515 17521
15 484.0 422.0 0.002089 0.144021 17530 17536
15 484.0 418.0 0.001849 0.141152 17546 17553
15 484.0 414.0 0.002212 0.142277 17563 17569
15 484.0 408.0 0.006007 0.13798 17579 17585
15 484.0 404.0 0.001724 0.145525 17595 17601
15 484.0 400.0 0.001591 0.149945 17611 17617
15 484.0 396.0 0.001778 0.152938 17628 17634
15 484.0 390.0 -0.002479 0.164937 17643 17650
15 484.0 386.0 -0.005893 0.171477 17659 17665
15 484.0 378.0 -0.003203 0.173447 17675 17681
15 484.0 372.0 -0.004412 0.184785 17692 17698
15 484.0 366.0 -0.008456 0.197385 17707 17713
15 484.0 360.0 -0.001619 0.199048 17723 17729
15 484.0 354.0 -0.001133 0.206372 17740 17746
15 484.0 346.0 0.001489 0.21369 17755 17761
15 484.0 340.0 0.003725 0.218138 17771 17777
15 484.0 332.0 0.004513 0.222412 17787 17794
15 484.0 326.0 0.006858 0.222281 17803 17809
15 486.0 320.0 0.008645 0.225266 17819 17825
15 486.0 310.0 0.005332 0.224997 17835 17841
15 486.0 304.0 0.008136 0.22661 17851 17857
15 486.0 296.0 0.008996 0.224527 17867 17873
15 486.0 290.0 0.006826 0.219007 17883 17890
15 486.0 284.0 0.010582 0.212511 17899 17905
15 488.0 276.0 0.007751 0.215635 17915 17921
15 488.0 270.0 0.008385 0.208978 17932 17938
15 488.0 264.0 0.012962 0.199585 17947 17953
15 488.0 258.0 0.011087 0.198874 17963 17970
15 488.0 252.0 0.009606 0.19848 17979 17985
15 490.0 244.0 0.013462 0.188813 17995 18000
15 490.0 238.0 0.01031 0.18678 18011 18018
15 490.0 232.0 0.012185 0.179862 18027 18033
15 490.0 228.0 0.011112 0.177504 18043 18049
15 490.0 220.0 0.010794 0.174365 18059 18065
15 490.0 214.0 0.009757 0.173512 18076 18082
15 492.0 210.0 0.008193 0.171115 18092 18098
15 492.0 204.0 0.006947 0.166451 18109 18115
15 492.0 198.0 0.005871 0.16493 18124 18130
15 492.0 194.0 0.006619 0.160862 18140 18146
15 492.0 188.0 0.009978 0.152703 18157 18163
15 492.0 184.0 0.00607 0.153475 18172 18178
15 492.0 180.0 0.006175 0.153023 18188 18194
15 492.0 174.0 0.005878 0.147177 18204 18210
15 492.0 170.0 0.00266 0.144341 18220 18227
15 492.0 164.0 0.001512 0.141729 18236 18243
15 492.0 160.0 0.000343 0.138442 18252 18259
15 492.0 156.0 -0.000384 0.133699 18268 18274
15 494.0 152.0 0.002225 0.127246 18285 18291
15 494.0 148.0 -0.001945 0.124992 18302 18308
15 494.0 144.0 -0.000782 0.120733 18317 18323
15 494.0 140.0 -0.000864 0.114389 18333 18340
15 492.0 136.0 -0.005183 0.113552 18350 18356
15 492.0 134.0 -0.003718 0.107586 18365 18371
15 492.0 130.0 -0.005129 0.10538 18381 18387
15 492.0 128.0 -0.005143 0.093748 18398 18404
15 492.0 124.0 -0.005456 0.093386 18413 18419
15 492.0 120.0 -0.005551 0.089948 18429 18435
15 492.0 118.0 -0.005484 0.084639 18445 18451
15 492.0 116.0 -0.00559 0.081321 18462 18468
15 492.0 114.0 -0.005601 0.078186 18478 18484
15 492.0 110.0 -0.005193 0.070047 18495 18501
15 492.0 108.0 -0.005214 0.068025 18510 18516
15 492.0 106.0 -0.002353 0.06147 18526 18532
15 492.0 106.0 -0.000138 0.049954 18542 18548
15 492.0 104.0 0.002258 0.044088 18558 18564
15 492.0 102.0 -0.000583 0.036123 18574 18580
15 492.0 102.0 0.00068 0.02978 18591 18598
15 492.0 102.0 0.003142 0.021215 18607 18613
2 492.0 100.0 -0.000887 0.018178 18623 18629
2 492.0 100.0 -0.00017 0.012496 18639 18640
2 492.0 100.0 0.002507 0.005955 18655 18656
2 492.0 100.0 0.000543 0.003216 18672 18673
2 492.0 100.0 0.001852 -0.001706 18688 18689
2 492.0 100.0 0.000716 -0.000725 18704 18705
2 492.0 100.0 9.5e-05 -9.6e-05 18720 18721
2 492.0 100.0 1.3e-05 -1.3e-05 18737 18737
2 492.0 100.0 2e-06 -2e-06 18753 18753
2 492.0 100.0 0.000359 -0.004058 18769 18769
2 492.0 100.0 -0.005437 0.000499 18785 18786
2 492.0 100.0 -0.006294 -0.002734 18802 18802
2 492.0 100.0 -0.006041 -0.000112 18819 18819
2 490.0 100.0 -0.011008 0.002991 18835 18835
2 490.0 100.0 -0.004849 -0.003891 18851 18851
2 490.0 100.0 -0.006222 -0.003308 18867 18868
2 490.0 100.0 -0.008821 -0.004213 18883 18884
2 490.0 102.0 -0.003938 -0.007245 18899 18900
2 490.0 102.0 -0.004517 -0.007629 18916 18916
2 490.0 102.0 -0.00848 -0.006158 18931 18931
2 490.0 102.0 -0.002795 -0.005616 18947 18947
2 490.0 102.0 -0.003432 -0.006816 18963 18964
2 490.0 102.0 -0.005518 -0.005596 18979 18980
2 490.0 102.0 -0.004675 -0.003074 18995 18996
2 488.0 102.0 -0.005148 -0.000829 19011 19012
2 488.0 102.0 -0.002402 -0.000992 19027 19028
2 488.0 102.0 -0.001628 0.000384 19043 19044
2 488.0 102.0 -0.004941 0.00203 19060 19060
2 488.0 102.0 -0.001431 -0.000688 19076 19076
2 488.0 102.0 5.9e-05 -0.001951 19092 19092
2 488.0 102.0 -0.005248 0.003175 19108 19109
2 488.0 102.0 0.002072 -0.00299 19124 19125
2 488.0 102.0 0.000274 -0.000395 19140 19141
2 488.0 102.0 3.6e-05 -5.2e-05 19156 19157
2 488.0 102.0 2e-06 -4e-06 19172 19173
2 488.0 102.0 0.0 -0.0 19188 19189
2 488.0 102.0 0.0 -0.0 19204 19205
2 488.0 102.0 0.0 -0.0 19220 19221
2 488.0 102.0 0.0 -0.0 19237 19237
2 488.0 102.0 0.0 -0.0 19253 19253
2 488.0 102.0 0.0 -0.0 19269 19269
2 488.0 102.0 0.0 -0.0 19285 19285
2 488.0 102.0 0.0 -0.0 19301 19302
2 488.0 102.0 -0.004143 6.9e-05 19317 19318
2 488.0 102.0 -0.006467 0.001079 19333 19334
2 488.0 102.0 -0.004164 -0.000294 19349 19350
2 488.0 102.0 -0.003786 -0.001391 19366 19366
2 488.0 102.0 -0.008222 0.002824 19381 19381
2 488.0 102.0 -0.005339 0.002841 19397 19397
2 488.0 102.0 -0.005351 0.001393 19413 19414
2 488.0 102.0 -0.006043 -0.000687 19429 19430
2 488.0 102.0 -0.00076 -0.000585 19445 19446
2 488.0 102.0 -0.001447 0.000916 19461 19462
2 486.0 102.0 -0.005362 0.003693 19477 19478
2 488.0 102.0 0.000677 -0.001 19493 19494
2 488.0 102.0 9e-05 -0.000132 19509 19510
2 488.0 102.0 1.2e-05 -1.7e-05 19525 19526
7 488.0 102.0 2e-06 -2e-06 19542 19542
7 488.0 102.0 0.0 -0.0 19557 19563
7 488.0 102.0 0.0 -0.0 19573 19579
7 488.0 102.0 0.0 -0.0 19591 19596
7 488.0 102.0 0.000151 -0.001905 19607 19613
7 488.0 102.0 3e-05 -0.00038 19623 19629
7 486.0 102.0 -0.001231 -0.000467 19639 19645
7 486.0 102.0 -0.005296 0.001918 19655 19661
7 486.0 102.0 -0.001961 0.000753 19671 19676
7 486.0 102.0 -0.00318 0.000155 19687 19693
7 486.0 102.0 -0.004611 0.000101 19703 19709
7 486.0 102.0 -0.00327 0.000558 19719 19724
7 486.0 102.0 -0.006914 0.003511 19735 19741
7 486.0 102.0 -0.002537 -0.000473 19751 19756
7 486.0 102.0 -0.002752 -0.000984 19767 19773
7 486.0 102.0 -0.005982 -0.000631 19783 19789
7 486.0 102.0 -0.00195 -0.001487 19799 19804
7 486.0 102.0 -0.003032 -0.002042 19816 19821
7 486.0 102.0 -0.005411 -0.005434 19831 19837
7 486.0 102.0 -1.7e-05 -0.009859 19847 19852
7 486.0 104.0 0.001346 -0.018526 19863 19869
7 486.0 104.0 0.00193 -0.025992 19879 19885
14 486.0 104.0 0.004061 -0.032787 19895 19900
14 486.0 108.0 0.017459 -0.059448 19911 19917
14 488.0 110.0 0.026573 -0.084276 19927 19933
14 488.0 114.0 0.031212 -0.097183 19943 19949
14 490.0 116.0 0.041098 -0.125808 19959 19964
14 492.0 122.0 0.044366 -0.139472 19975 19981
14 492.0 128.0 0.047836 -0.156624 19991 19997
14 494.0 132.0 0.052087 -0.172875 20007 20013
14 496.0 138.0 0.052159 -0.185562 20024 20029
14 498.0 146.0 0.053729 -0.201704 20040 20046
14 500.0 152.0 0.05393 -0.212011 20056 20062
14 502.0 158.0 0.053832 -0.221131 20072 20078
14 502.0 166.0 0.053604 -0.233741 20088 20094
14 504.0 174.0 0.052169 -0.241605 20104 20109
14 506.0 184.0 0.048936 -0.247878 20120 20126
14 508.0 190.0 0.047204 -0.255442 20136 20142
14 510.0 198.0 0.038586 -0.262792 20152 20158
14 510.0 206.0 0.038715 -0.273583 20168 20174
14 512.0 216.0 0.034009 -0.277894 20184 20190
14 512.0 226.0 0.030315 -0.285581 20201 20206
14 514.0 236.0 0.026191 -0.289845 20216 20222
14 514.0 244.0 0.028066 -0.304841 20232 20238
14 516.0 254.0 0.020195 -0.304011 20248 20254
14 516.0 262.0 0.020215 -0.312696 20264 20270
14 516.0 276.0 0.020791 -0.320654 20280 20286
14 518.0 286.0 0.013157 -0.320222 20296 20302
14 518.0 296.0 0.010644 -0.320518 20312 20319
14 518.0 304.0 0.008664 -0.325856 20328 20334
14 518.0 314.0 0.005572 -0.320951 20344 20350
14 518.0 328.0 -0.000501 -0.319447 20360 20366
14 518.0 336.0 -0.002815 -0.319731 20376 20382
14 518.0 346.0 -0.016351 -0.309407 20392 20398
14 518.0 356.0 -0.02157 -0.30328 20408 20414
14 516.0 368.0 -0.029355 -0.294067 20425 20430
14 516.0 376.0 -0.036538 -0.288093 20440 20446
14 514.0 384.0 -0.041954 -0.280725 20456 20462
14 512.0 392.0 -0.052471 -0.264932 20472 20478
14 510.0 400.0 -0.057893 -0.25829 20488 20494
14 508.0 410.0 -0.0596 -0.252678 20505 20510
14 506.0 418.0 -0.062973 -0.242172 20520 20526
14 504.0 424.0 -0.064382 -0.236966 20536 20542
14 502.0 430.0 -0.064643 -0.229755 20552 20558
14 500.0 438.0 -0.063763 -0.21722 20568 20574
14 498.0 444.0 -0.064159 -0.212156 20584 20591
14 498.0 450.0 -0.063612 -0.204597 20600 20606
14 494.0 458.0 -0.061607 -0.193109 20617 20622
14 492.0 464.0 -0.060641 -0.18397 20632 20639
14 492.0 468.0 -0.059745 -0.177132 20649 20654
14 490.0 474.0 -0.053765 -0.174517 20664 20670
14 488.0 480.0 -0.045824 -0.174915 20680 20686
14 486.0 486.0 -0.040098 -0.171949 20696 20701
2 486.0 490.0 -0.039722 -0.161259 20713 20718
2 484.0 494.0 -0.033981 -0.158325 20728 20729
2 484.0 498.0 -0.032016 -0.147781 20744 20744
2 482.0 504.0 -0.035849 -0.134713 20760 20761
2 482.0 508.0 -0.033245 -0.127015 20776 20777
2 480.0 512.0 -0.033117 -0.118616 20792 20793
2 480.0 514.0 -0.034818 -0.103016 20808 20809
2 478.0 518.0 -0.031973 -0.097934 20824 20825
2 476.0 520.0 -0.03418 -0.088147 20840 20841
2 476.0 524.0 -0.032799 -0.080439 20856 20857
2 474.0 526.0 -0.030982 -0.074906 20872 20873
2 474.0 528.0 -0.028713 -0.062268 20888 20889
2 474.0 528.0 -0.032677 -0.049371 20904 20905
2 472.0 530.0 -0.037367 -0.038078 20920 20921
2 470.0 532.0 -0.028705 -0.027357 20936 20937
2 470.0 532.0 -0.030167 -0.015953 20952 20953
2 468.0 532.0 -0.028984 0.000569 20968 20969
2 468.0 532.0 -0.024215 0.012723 20984 20985
2 468.0 530.0 -0.024178 0.019391 21000 21000
2 466.0 530.0 -0.018135 0.021857 21018 21018
2 466.0 528.0 -0.01154 0.03551 21033 21033
2 466.0 528.0 -0.00681 0.044856 21049 21050
2 466.0 526.0 -0.003082 0.045711 21065 21066
2 466.0 524.0 0.000928 0.046082 21081 21082
2 466.0 522.0 0.002574 0.055001 21098 21098
2 466.0 520.0 0.008878 0.050327 21114 21114
2 466.0 518.0 0.00984 0.050195 21130 21130
2 468.0 518.0 0.011004 0.052873 21146 21147
2 468.0 516.0 0.013628 0.043092 21162 21163
2 468.0 514.0 0.012297 0.041128 21178 21179
2 468.0 514.0 0.014562 0.037186 21194 21195
2 468.0 512.0 0.011018 0.0273 21210 21211
2 470.0 512.0 0.008546 0.021095 21226 21227
2 470.0 512.0 0.006855 0.01695 21242 21243
2 470.0 512.0 0.003625 0.00897 21258 21259
2 470.0 512.0 0.011125 -0.000429 21274 21274
2 470.0 512.0 0.012056 -0.010258 21290 21290
2 470.0 512.0 0.010517 -0.010649 21306 21307
2 470.0 512.0 0.017058 -0.016546 21322 21323
2 472.0 512.0 0.013331 -0.012899 21339 21339
2 472.0 514.0 0.013319 -0.012871 21355 21355
2 472.0 514.0 0.014732 -0.01422 21371 21371
2 472.0 514.0 0.008483 -0.008181 21387 21388
2 472.0 514.0 0.007858 -0.007575 21403 21404
2 474.0 514.0 0.005873 -0.005659 21419 21420
2 474.0 514.0 -0.000633 0.00061 21435 21436
2 474.0 514.0 0.001381 -0.00133 21451 21451
2 474.0 514.0 9.3e-05 -9e-05 21467 21467
2 474.0 514.0 1.2e-05 -1.2e-05 21483 21484
2 474.0 514.0 2e-06 -2e-06 21499 21500
2 474.0 514.0 0.0 -0.0 21515 21516
2 474.0 514.0 0.0 -0.0 21531 21532
6 474.0 514.0 -0.002629 -0.006502 21547 21548
7 472.0 514.0 -0.007652 -0.002307 21563 21569
7 472.0 514.0 -0.009726 -0.003718 21579 21585
7 472.0 514.0 -0.014338 0.000283 21595 21601
7 472.0 514.0 -0.009949 -0.001546 21611 21618
7 472.0 514.0 -0.012772 -0.000322 21627 21633
7 470.0 514.0 -0.016837 -0.00046 21644 21650
7 470.0 514.0 -0.010165 0.000151 21659 21665
7 470.0 514.0 -0.012516 0.00211 21675 21681
7 470.0 514.0 -0.013971 -0.000244 21691 21697
7 470.0 514.0 -0.008382 0.001936 21707 21714
7 470.0 514.0 -0.011607 0.004254 21724 21730
7 468.0 514.0 -0.009047 0.000327 21739 21745
7 468.0 514.0 -0.007334 -0.000196 21755 21761
7 468.0 514.0 -0.009749 -0.000239 21771 21777
7 468.0 514.0 -0.006602 -0.003043 21787 21793
7 468.0 514.0 -0.004217 -0.005259 21803 21809
7 468.0 514.0 -0.00927 -0.003492 21819 21825
7 468.0 516.0 -0.000519 -0.006811 21835 21841
7 468.0 516.0 -0.002641 -0.007153 21851 21857
7 468.0 516.0 -0.003651 -0.008964 21867 21873
7 468.0 516.0 -0.002012 -0.004889 21883 21889
7 468.0 516.0 -0.002844 -0.006896 21899 21906
7 466.0 516.0 -0.002956 -0.007161 21915 21922
7 466.0 516.0 -0.001681 -0.004072 21931 21937
7 466.0 516.0 -0.001513 -0.003663 21947 21953
7 466.0 516.0 -0.000591 -0.001431 21964 21970
7 466.0 516.0 -0.00045 -0.001089 21979 21985
7 466.0 516.0 -0.000621 -0.001502 21995 22000
7 466.0 516.0 -8.2e-05 -0.000199 22011 22017
7 466.0 516.0 0.002856 -0.002797 22027 22033
7 466.0 516.0 0.005628 -0.005474 22043 22049
7 468.0 518.0 0.000763 -0.000742 22059 22065
7 468.0 518.0 0.004185 -0.001593 22075 22081
7 468.0 518.0 0.008555 0.001344 22091 22098
7 468.0 518.0 0.004183 0.000687 22108 22114
7 468.0 516.0 0.004792 0.002254 22123 22129
7 468.0 516.0 0.010341 0.002719 22139 22145
7 468.0 516.0 0.002844 0.003944 22155 22161
7 468.0 516.0 0.003682 0.00359 22171 22177
7 468.0 516.0 0.003779 0.007791 22187 22193
7 468.0 516.0 0.003477 0.004987 22203 22209
7 468.0 516.0 0.005167 0.002367 22219 22225
7 468.0 516.0 0.003618 0.007469 22235 22241
7 468.0 516.0 0.003827 0.002683 22251 22258
7 468.0 516.0 0.003785 0.001458 22268 22274
7 470.0 516.0 0.001014 -0.000234 22283 22289
7 470.0 516.0 0.006172 -0.006523 22299 22305
7 470.0 516.0 0.014209 -0.013823 22315 22321
11 470.0 518.0 0.017533 -0.029397 22331 22340
11 470.0 518.0 0.024934 -0.054938 22348 22355
11 472.0 522.0 0.032751 -0.075978 22365 22371
11 474.0 524.0 0.039295 -0.099738 22383 22390
11 476.0 530.0 0.04787 -0.129493 22399 22405
11 476.0 534.0 0.052006 -0.150295 22415 22421
11 478.0 540.0 0.056613 -0.17745 22432 22438
11 480.0 546.0 0.062743 -0.201885 22447 22453
11 484.0 554.0 0.063172 -0.217904 22464 22470
11 484.0 562.0 0.065201 -0.237988 22480 22486
11 488.0 570.0 0.067865 -0.255794 22496 22502
11 490.0 578.0 0.063964 -0.269619 22512 22518
11 492.0 586.0 0.065412 -0.28851 22528 22534
11 494.0 598.0 0.064462 -0.297232 22545 22551
11 496.0 608.0 0.060666 -0.300733 22560 22566
11 498.0 616.0 0.057021 -0.309472 22576 22582
11 498.0 626.0 0.054944 -0.309742 22592 22598
11 500.0 636.0 0.046587 -0.308867 22609 22615
11 502.0 644.0 0.042467 -0.306274 22624 22630
11 502.0 654.0 0.035857 -0.304647 22640 22646
11 504.0 666.0 0.03319 -0.29932 22656 22662
11 504.0 674.0 0.026292 -0.294105 22672 22678
11 506.0 684.0 0.0203 -0.289489 22689 22695
11 506.0 692.0 0.013949 -0.288659 22704 22710
11 506.0 704.0 0.013096 -0.285658 22720 22726
11 506.0 712.0 0.00836 -0.28242 22736 22742
11 506.0 720.0 0.003298 -0.281117 22753 22759
11 506.0 728.0 0.001449 -0.278767 22769 22775
11 506.0 740.0 -0.001943 -0.269665 22785 22791
11 506.0 748.0 -0.009225 -0.266514 22801 22808
11 506.0 756.0 -0.010666 -0.259272 22817 22823
11 506.0 762.0 -0.017196 -0.248541 22833 22839
11 506.0 770.0 -0.017389 -0.242885 22849 22856
11 504.0 778.0 -0.01673 -0.245688 22865 22871
11 504.0 788.0 -0.019359 -0.237188 22881 22887
11 504.0 794.0 -0.018041 -0.233863 22897 22903
11 502.0 800.0 -0.021255 -0.223466 22913 22920
11 502.0 808.0 -0.025058 -0.217413 22929 22935
11 502.0 814.0 -0.025068 -0.210725 22945 22951
11 500.0 822.0 -0.028932 -0.204397 22961 22967
11 500.0 828.0 -0.031361 -0.196603 22977 22983
11 498.0 834.0 -0.03344 -0.188587 22993 22999
11 496.0 840.0 -0.040096 -0.177745 23010 23016
11 496.0 846.0 -0.037748 -0.172965 23025 23031
11 494.0 850.0 -0.038236 -0.165766 23041 23047
11 494.0 856.0 -0.042826 -0.147831 23057 23063
11 492.0 860.0 -0.040243 -0.145954 23074 23080
11 490.0 866.0 -0.040768 -0.138614 23090 23097
11 490.0 868.0 -0.043159 -0.123277 23106 23112
11 488.0 872.0 -0.042078 -0.115184 23122 23129
11 486.0 876.0 -0.040737 -0.106688 23138 23144
11 486.0 880.0 -0.035612 -0.102385 23154 23160
11 484.0 882.0 -0.03665 -0.098311 23170 23176
11 484.0 886.0 -0.033301 -0.091776 23186 23193
11 482.0 888.0 -0.032744 -0.089887 23203 23209
11 482.0 890.0 -0.029491 -0.08483 23218 23224
11 480.0 894.0 -0.028334 -0.078329 23234 23240
11 480.0 896.0 -0.023596 -0.074101 23250 23257
11 478.0 898.0 -0.023943 -0.069456 23266 23272
11 478.0 900.0 -0.023708 -0.053204 23282 23288
11 478.0 902.0 -0.020889 -0.048764 23298 23304
11 476.0 904.0 -0.018474 -0.044934 23314 23320
11 476.0 904.0 -0.020284 -0.026631 23330 23336
11 476.0 904.0 -0.017751 -0.023184 23346 23352
2 476.0 906.0 -0.012662 -0.01675 23362 23368
2 476.0 906.0 -0.008049 -0.00888 23378 23378
2 476.0 906.0 -0.002423 -0.002595 23394 23395
2 476.0 906.0 -0.00333 -0.003489 23411 23411
2 476.0 906.0 -0.002659 0.000978 23426 23426
2 474.0 906.0 -0.004851 0.00305 23442 23442
2 474.0 906.0 -0.005674 0.003678 23458 23459
2 474.0 906.0 0.000955 -0.000621 23474 23475
2 474.0 906.0 0.001447 0.001299 23490 23491
2 474.0 906.0 0.00287 0.002974 23506 23507
2 474.0 906.0 0.001844 0.001927 23522 23523
2 474.0 906.0 0.002579 0.002699 23539 23539
2 476.0 904.0 0.002714 0.002841 23555 23555
2 476.0 904.0 0.009237 0.000231 23570 23570
2 476.0 904.0 0.010041 -0.001151 23586 23587
2 476.0 904.0 0.006654 0.001557 23602 23602
2 476.0 904.0 0.00682 0.003891 23618 23619
2 476.0 904.0 0.013818 0.001718 23634 23635
2 476.0 904.0 0.001615 0.000946 23650 23651
2 476.0 904.0 0.004023 -0.000622 23666 23667
2 476.0 904.0 0.00679 -0.000178 23682 23682
2 476.0 904.0 0.000115 -0.000371 23698 23699
2 476.0 904.0 1.5e-05 -4.9e-05 23714 23715
2 476.0 904.0 2e-06 -6e-06 23730 23731
2 476.0 904.0 0.0 -1e-06 23747 23747
2 476.0 904.0 0.0 -0.0 23763 23763
2 476.0 904.0 0.0 -0.0 23778 23779
2 476.0 904.0 0.0 -0.0 23794 23795
2 476.0 904.0 0.0 -0.0 23810 23811
2 476.0 904.0 0.0 -0.0 23826 23827
2 476.0 904.0 0.0 -0.0 23843 23843
2 476.0 904.0 -0.006583 0.002545 23858 23858
2 476.0 904.0 0.002879 -0.000436 23874 23874
2 476.0 904.0 -0.000633 -0.001122 23890 23891
2 476.0 904.0 -8.4e-05 -0.000148 23906 23907
2 476.0 904.0 -1.1e-05 -2e-05 23922 23923
2 476.0 904.0 -1e-06 -1e-06 23938 23939
2 476.0 904.0 -0.0 -0.0 23954 23955
2 476.0 904.0 -0.0 -0.0 23970 23971
2 476.0 904.0 -0.0 -0.0 23986 23987
2 476.0 904.0 -0.0 -0.0 24001 24002
2 476.0 904.0 -0.0 -0.0 24018 24018
2 476.0 904.0 0.002332 0.002447 24033 24034
2 478.0 904.0 0.004847 0.003062 24049 24050
2 478.0 904.0 0.004967 -0.00074 24065 24066
2 478.0 904.0 0.004466 -0.000844 24081 24082
2 478.0 904.0 0.002497 0.000275 24098 24098
2 478.0 904.0 0.004999 -0.000748 24114 24114
2 478.0 904.0 0.007892 -0.001959 24130 24131
2 478.0 904.0 0.003608 0.001458 24146 24147
2 478.0 904.0 0.003673 -0.000218 24162 24163
7 478.0 904.0 0.004067 -0.002189 24178 24179
7 478.0 904.0 0.000293 -0.000127 24194 24200
7 478.0 904.0 0.003063 0.000264 24210 24216
7 478.0 904.0 0.002151 -0.001029 24226 24233
7 478.0 904.0 0.001587 -0.001558 24242 24247
7 478.0 904.0 0.000107 -0.000105 24259 24264
7 478.0 904.0 1.4e-05 -1.4e-05 24274 24280
7 478.0 904.0 2e-06 -2e-06 24290 24296
7 478.0 904.0 0.0 -0.0 24306 24312
7 478.0 904.0 0.0 -0.0 24323 24329
7 478.0 904.0 0.0 -0.0 24339 24345
7 478.0 904.0 0.0 -0.0 24356 24361
7 478.0 904.0 0.0 -0.0 24372 24377
7 478.0 904.0 -0.004798 0.003103 24388 24394
7 478.0 904.0 -0.00849 0.005494 24404 24410
7 478.0 904.0 -0.005563 0.0036 24420 24426
7 478.0 904.0 -0.006601 0.007653 24436 24442
7 478.0 904.0 -0.00413 0.013841 24452 24458
7 478.0 904.0 -0.004207 0.015377 24468 24474
7 478.0 902.0 -0.005583 0.020574 24484 24490
10 478.0 902.0 0.00011 0.020897 24500 24507
10 478.0 902.0 0.000574 0.026037 24516 24523
10 478.0 900.0 -0.001839 0.033011 24532 24539
10 478.0 900.0 0.000402 0.032934 24549 24554
10 478.0 898.0 -0.001659 0.042947 24564 24570
10 478.0 896.0 -0.002887 0.052911 24580 24586
10 478.0 894.0 0.001266 0.05036 24596 24602
10 478.0 892.0 -0.001869 0.061578 24613 24619
10 478.0 890.0 0.001821 0.072138 24630 24635
10 476.0 888.0 -0.004493 0.075568 24645 24651
10 476.0 886.0 -0.002647 0.080177 24661 24666
10 476.0 882.0 -0.004818 0.091141 24677 24683
10 476.0 880.0 -0.00377 0.092377 24693 24699
10 476.0 876.0 -0.002144 0.102692 24710 24715
10 476.0 872.0 -0.004518 0.109555 24726 24732
10 476.0 868.0 -0.005031 0.120645 24742 24747
10 476.0 864.0 -0.008001 0.130302 24759 24764
10 476.0 860.0 -0.006308 0.133955 24774 24780
10 476.0 856.0 -0.008097 0.144923 24790 24796
10 476.0 850.0 -0.010482 0.15586 24806 24811
10 474.0 846.0 -0.009642 0.157506 24822 24828
10 474.0 840.0 -0.014109 0.169652 24838 24844
10 474.0 834.0 -0.015776 0.181164 24854 24859
10 474.0 828.0 -0.015248 0.188409 24870 24876
10 472.0 822.0 -0.014879 0.20163 24886 24891
10 472.0 814.0 -0.014519 0.206191 24902 24908
10 472.0 808.0 -0.016763 0.212678 24918 24924
10 472.0 802.0 -0.01352 0.219203 24935 24940
10 472.0 792.0 -0.012949 0.222771 24951 24957
10 470.0 786.0 -0.01267 0.226091 24967 24972
10 470.0 780.0 -0.011693 0.227221 24984 24989
10 470.0 772.0 -0.007988 0.22889 24999 25004
10 470.0 764.0 -0.006678 0.230797 25015 25020
10 470.0 756.0 -0.005937 0.233617 25031 25037
10 470.0 750.0 -0.003542 0.234466 25047 25053
10 470.0 742.0 -0.000563 0.237141 25063 25068
10 470.0 736.0 -0.001638 0.236201 25079 25085
10 470.0 726.0 0.002758 0.230413 25095 25101
10 470.0 720.0 0.004765 0.232496 25111 25116
10 470.0 712.0 0.006336 0.230111 25127 25133
10 470.0 706.0 0.008248 0.229289 25143 25149
10 470.0 698.0 0.009108 0.2246 25159 25164
10 472.0 690.0 0.009012 0.225524 25175 25181
10 472.0 684.0 0.01171 0.215426 25191 25197
10 472.0 676.0 0.0094 0.213995 25207 25212
10 472.0 670.0 0.01088 0.205553 25223 25229
10 472.0 664.0 0.009736 0.205612 25239 25245
10 472.0 656.0 0.00635 0.202913 25256 25261
10 472.0 650.0 0.007122 0.191587 25271 25277
10 474.0 646.0 0.005497 0.190989 25287 25293
10 474.0 640.0 0.004963 0.185048 25304 25309
10 474.0 632.0 0.006095 0.180037 25320 25326
10 474.0 628.0 0.006174 0.175056 25336 25342
10 474.0 622.0 0.00441 0.172945 25353 25358
10 474.0 616.0 0.004286 0.168018 25368 25374
10 474.0 612.0 0.005195 0.164689 25384 25389
10 474.0 606.0 0.006219 0.161507 25400 25406
10 474.0 600.0 0.004442 0.155227 25416 25422
10 474.0 596.0 0.00522 0.152376 25433 25438
10 474.0 592.0 0.00469 0.145514 25448 25454
10 474.0 588.0 0.004144 0.144355 25464 25470
10 476.0 584.0 0.002012 0.142302 25480 25485
10 476.0 578.0 0.007044 0.133376 25496 25502
10 476.0 574.0 0.004969 0.134586 25512 25518
10 476.0 570.0 0.004042 0.132605 25528 25534
10 476.0 566.0 0.007086 0.122091 25544 25550
10 476.0 562.0 0.009806 0.123395 25560 25565
10 476.0 558.0 0.00922 0.120635 25576 25582
10 476.0 554.0 0.013385 0.111945 25592 25598
10 478.0 550.0 0.01582 0.113277 25609 25614
10 478.0 548.0 0.011554 0.112627 25624 25630
10 478.0 544.0 0.019214 0.102215 25640 25646
10 478.0 540.0 0.019191 0.102333 25656 25662
10 480.0 538.0 0.019687 0.099312 25672 25677
10 480.0 534.0 0.022712 0.092967 25688 25694
10 480.0 532.0 0.022009 0.086151 25704 25710
10 482.0 530.0 0.021264 0.082685 25720 25725
10 482.0 526.0 0.021066 0.077266 25736 25742
10 482.0 524.0 0.017541 0.076633 25752 25758
10 484.0 522.0 0.017463 0.064497 25769 25774
10 484.0 520.0 0.011974 0.06302 25784 25790
10 484.0 518.0 0.010988 0.064194 25800 25806
10 484.0 516.0 0.01078 0.052711 25816 25822
10 484.0 514.0 0.007231 0.050785 25833 25838
10 484.0 512.0 0.004016 0.051026 25849 25855
10 484.0 512.0 0.003864 0.039317 25865 25871
2 486.0 510.0 0.003639 0.037319 25881 25886
2 486.0 510.0 0.003387 0.033089 25897 25898
2 486.0 508.0 0.003739 0.020875 25914 25914
2 486.0 508.0 0.002469 0.019973 25929 25930
2 486.0 508.0 0.001768 0.018485 25945 25946
2 486.0 508.0 0.003274 0.00513 25961 25962
2 486.0 508.0 0.002167 0.005208 25977 25978
2 486.0 508.0 0.001196 0.003096 25994 25994
2 486.0 508.0 -0.000367 -0.000963 26009 26010
2 486.0 508.0 0.006248 -0.006087 26025 26026
2 486.0 508.0 0.009102 -0.008631 26041 26042
2 486.0 508.0 0.006485 -0.008562 26058 26058
2 486.0 508.0 0.006479 -0.017469 26073 26073
2 486.0 508.0 0.003343 -0.011456 26089 26090
2 486.0 510.0 0.003523 -0.012389 26105 26106
2 486.0 510.0 0.002682 -0.014758 26121 26122
2 486.0 510.0 -0.002653 -0.004216 26137 26138
2 486.0 510.0 -0.0013 -0.008263 26154 26154
2 486.0 510.0 -0.00364 -0.010093 26169 26169
2 486.0 510.0 -0.002405 -0.006323 26185 26185
2 486.0 510.0 -0.002753 -0.007143 26201 26201
2 486.0 512.0 -0.003151 -0.008159 26217 26218
2 486.0 512.0 -0.002212 -0.00572 26233 26234
2 486.0 512.0 -0.002202 -0.005691 26249 26250
2 486.0 512.0 -0.002042 -0.005275 26265 26266
2 486.0 512.0 -0.00027 -0.000698 26281 26281
2 486.0 512.0 -0.001732 -0.001816 26297 26298
2 486.0 512.0 -0.000408 -0.000703 26313 26314
2 486.0 512.0 -0.001533 0.001303 26329 26330
2 486.0 512.0 -0.000203 0.000172 26346 26346
2 486.0 512.0 -2.7e-05 2.3e-05 26361 26361
2 486.0 512.0 -4e-06 3e-06 26377 26378
2 486.0 512.0 -0.0 0.0 26393 26394
2 486.0 512.0 -0.0 0.0 26409 26410
2 486.0 512.0 -0.0 0.0 26425 26426
2 486.0 512.0 -0.0 0.0 26442 26442
2 486.0 512.0 0.001041 0.00269 26457 26457
2 486.0 512.0 0.001111 0.002871 26473 26474
2 486.0 512.0 0.001526 0.003944 26489 26490
2 486.0 512.0 3e-05 7.6e-05 26505 26506
2 486.0 512.0 4e-06 1e-05 26521 26522
2 486.0 512.0 0.0 1e-06 26537 26538
2 486.0 512.0 0.0 0.0 26553 26554
2 486.0 512.0 0.0 0.0 26569 26570
2 486.0 512.0 0.0 0.0 26585 26585
2 486.0 512.0 0.0 0.0 26601 26602
2 486.0 512.0 0.0 0.0 26617 26618
2 486.0 512.0 0.0 0.0 26634 26634
2 486.0 512.0 -0.003402 0.003211 26649 26649
2 486.0 512.0 -0.008133 0.002814 26665 26665
2 486.0 512.0 -0.001933 -8.2e-05 26681 26682
2 486.0 512.0 -0.005728 -0.000386 26697 26698
2 486.0 512.0 -0.010242 -0.001447 26713 26714
2 484.0 512.0 -0.004946 0.00077 26729 26729
2 484.0 512.0 -0.006606 0.000184 26745 26746
2 484.0 512.0 -0.010769 0.000163 26761 26762
2 484.0 512.0 -0.003433 5e-05 26777 26778
2 484.0 512.0 -0.005876 8.5e-05 26793 26794
2 484.0 512.0 -0.007588 -0.000354 26810 26810
2 484.0 512.0 -0.004594 0.000918 26825 26825
2 484.0 512.0 -0.003663 -0.002536 26841 26841
2 484.0 512.0 -0.006935 0.000227 26857 26857
2 484.0 512.0 -0.002582 -0.000418 26873 26874
6 484.0 512.0 -0.001714 -0.001825 26889 26890
