7 740.0 604.0 0.002253 0.008038 5506 5513
7 740.0 604.0 0.001591 0.005681 5521 5527
7 740.0 604.0 0.001122 0.004006 5537 5543
7 740.0 604.0 0.001835 0.006563 5553 5559
7 740.0 604.0 0.000376 0.001346 5569 5575
7 740.0 604.0 0.000421 0.001506 5585 5591
7 740.0 604.0 0.000189 0.000677 5602 5608
7 740.0 604.0 0.000159 0.000567 5617 5623
7 740.0 604.0 2.1e-05 7.5e-05 5633 5639
7 740.0 604.0 3e-06 1e-05 5650 5656
7 740.0 604.0 0.0 1e-06 5666 5672
7 740.0 604.0 0.0 0.0 5682 5688
7 740.0 604.0 0.0 0.0 5698 5705
7 740.0 604.0 0.0 0.0 5714 5720
7 740.0 604.0 0.0 0.0 5730 5737
7 740.0 604.0 0.0 0.0 5747 5753
7 740.0 604.0 0.0 0.0 5762 5768
7 740.0 604.0 0.0 0.0 5778 5784
7 740.0 604.0 0.0 0.0 5794 5800
7 740.0 604.0 -0.008129 0.004478 5810 5816
7 740.0 604.0 -0.023268 0.01284 5827 5833
11 738.0 602.0 -0.048111 0.026676 5842 5852
11 736.0 602.0 -0.063537 0.027924 5860 5866
11 734.0 602.0 -0.094162 0.031894 5876 5882
11 728.0 600.0 -0.11599 0.031597 5892 5899
11 724.0 598.0 -0.142745 0.034913 5908 5914
11 720.0 598.0 -0.168002 0.041586 5924 5931
11 714.0 596.0 -0.195886 0.045682 5940 5946
11 708.0 594.0 -0.215757 0.047996 5957 5963
11 700.0 594.0 -0.227734 0.052736 5972 5978
11 690.0 592.0 -0.236342 0.049932 5988 5995
11 684.0 590.0 -0.235674 0.038102 6004 6010
11 676.0 590.0 -0.226914 0.024603 6020 6027
11 668.0 590.0 -0.219479 0.006712 6037 6043
11 662.0 590.0 -0.212277 -0.01364 6053 6059
11 656.0 590.0 -0.19884 -0.038829 6069 6076
11 650.0 592.0 -0.188445 -0.06113 6085 6092
11 644.0 594.0 -0.181952 -0.076711 6101 6107
11 638.0 598.0 -0.173919 -0.100265 6117 6123
11 632.0 602.0 -0.163931 -0.115638 6133 6140
11 628.0 606.0 -0.157771 -0.129048 6149 6155
11 624.0 610.0 -0.148526 -0.150835 6165 6172
11 620.0 616.0 -0.139984 -0.161559 6181 6187
11 616.0 620.0 -0.136353 -0.170196 6197 6203
11 610.0 628.0 -0.128497 -0.1849 6213 6219
11 606.0 634.0 -0.12259 -0.191242 6230 6236
11 604.0 640.0 -0.114698 -0.20209 6245 6252
11 600.0 646.0 -0.10521 -0.211206 6261 6267
11 596.0 652.0 -0.101572 -0.220265 6277 6283
11 592.0 662.0 -0.101838 -0.220187 6293 6300
11 590.0 668.0 -0.101219 -0.220499 6309 6315
11 588.0 676.0 -0.085837 -0.234483 6325 6331
11 586.0 682.0 -0.076334 -0.241747 6341 6347
11 582.0 690.0 -0.077176 -0.238856 6357 6363
11 580.0 700.0 -0.07123 -0.242909 6374 6380
11 578.0 708.0 -0.069357 -0.247274 6389 6395
11 576.0 714.0 -0.070291 -0.246027 6405 6411
11 574.0 722.0 -0.065471 -0.247229 6421 6427
11 572.0 730.0 -0.063056 -0.2497 6437 6443
11 570.0 740.0 -0.060864 -0.249549 6453 6459
11 568.0 746.0 -0.059615 -0.248452 6469 6475
11 566.0 754.0 -0.060167 -0.245289 6485 6492
11 564.0 762.0 -0.054265 -0.246553 6501 6507
11 562.0 772.0 -0.051342 -0.245057 6517 6524
11 562.0 778.0 -0.051053 -0.238329 6533 6539
11 560.0 786.0 -0.046463 -0.236108 6549 6556
11 558.0 792.0 -0.041109 -0.232194 6565 6571
11 558.0 800.0 -0.040959 -0.224142 6582 6588
11 556.0 808.0 -0.037505 -0.222728 6597 6604
11 554.0 816.0 -0.03156 -0.219386 6613 6619
11 554.0 822.0 -0.031971 -0.211623 6629 6635
11 554.0 828.0 -0.026357 -0.207889 6646 6652
11 552.0 834.0 -0.022648 -0.206065 6662 6668
11 552.0 842.0 -0.023351 -0.195662 6678 6684
11 552.0 848.0 -0.017124 -0.191053 6694 6701
11 550.0 854.0 -0.018467 -0.185664 6710 6717
11 550.0 858.0 -0.01393 -0.180778 6726 6732
11 550.0 866.0 -0.011081 -0.173828 6742 6749
11 550.0 870.0 -0.013057 -0.170529 6758 6764
11 548.0 876.0 -0.01152 -0.161364 6774 6781
11 548.0 880.0 -0.008246 -0.155822 6790 6796
11 548.0 884.0 -0.015239 -0.14988 6806 6812
11 548.0 890.0 -0.008004 -0.148621 6822 6828
11 548.0 896.0 -0.007255 -0.145753 6838 6844
11 548.0 900.0 -0.011317 -0.139335 6854 6861
11 548.0 904.0 -0.003256 -0.138205 6870 6876
11 548.0 908.0 -0.00243 -0.135894 6886 6892
11 548.0 912.0 -0.001318 -0.132598 6902 6908
11 548.0 916.0 0.002728 -0.128117 6918 6924
11 548.0 920.0 0.002192 -0.122268 6934 6940
11 548.0 924.0 0.002924 -0.116522 6950 6956
11 548.0 928.0 0.003759 -0.105343 6966 6973
11 548.0 932.0 0.002296 -0.098452 6982 6988
11 548.0 934.0 0.001848 -0.094535 6998 7003
11 548.0 936.0 0.005908 -0.080356 7014 7022
11 548.0 938.0 0.001803 -0.075382 7030 7036
11 548.0 940.0 0.003187 -0.065805 7046 7053
11 548.0 942.0 0.00186 -0.054334 7062 7068
11 548.0 944.0 -0.001829 -0.043374 7079 7085
11 548.0 946.0 -0.000719 -0.0391 7094 7100
11 548.0 946.0 0.00393 -0.026195 7111 7117
11 548.0 946.0 -0.002381 -0.016778 7126 7133
2 548.0 946.0 -0.00031 -0.009732 7142 7149
2 548.0 948.0 0.003421 -0.004444 7159 7159
2 548.0 948.0 4.1e-05 -0.001982 7174 7175
2 548.0 948.0 3e-06 -0.000134 7190 7191
2 548.0 948.0 0.0 -1.8e-05 7207 7207
2 548.0 946.0 0.003306 0.003471 7223 7224
2 548.0 946.0 0.007112 0.003768 7239 7240
2 550.0 946.0 0.012149 -0.000838 7255 7255
2 550.0 946.0 0.014674 0.00327 7271 7272
2 550.0 946.0 0.015921 -0.000831 7288 7288
2 550.0 946.0 0.021918 -0.000827 7304 7305
2 552.0 946.0 0.023291 0.003227 7320 7321
2 552.0 946.0 0.023692 -0.00125 7336 7337
2 552.0 946.0 0.020197 0.002783 7352 7352
2 554.0 946.0 0.025132 0.002493 7368 7369
2 554.0 946.0 0.023938 -0.001319 7384 7385
2 554.0 946.0 0.020873 0.001455 7401 7401
2 556.0 946.0 0.020444 -0.000821 7416 7417
2 556.0 946.0 0.023259 -0.002727 7432 7433
2 556.0 946.0 0.013436 0.003082 7449 7449
2 558.0 946.0 0.015647 0.001956 7465 7465
2 558.0 946.0 0.013361 -0.000966 7481 7482
2 558.0 946.0 0.007717 0.002472 7497 7498
2 558.0 946.0 0.002181 -0.001308 7514 7514
2 558.0 946.0 0.007567 -0.000931 7530 7531
2 558.0 946.0 0.001388 -0.000536 7546 7547
2 558.0 946.0 0.000184 -7.1e-05 7562 7562
2 558.0 946.0 2.4e-05 -9e-06 7579 7579
2 558.0 946.0 3e-06 -1e-06 7594 7594
2 558.0 946.0 -0.008334 0.002399 7610 7611
2 558.0 946.0 -0.008843 -0.001315 7627 7627
2 558.0 946.0 -0.012244 -0.001618 7642 7643
2 558.0 946.0 -0.013222 0.003413 7658 7659
2 556.0 946.0 -0.007335 -0.000787 7675 7675
2 556.0 946.0 -0.00875 -0.001771 7690 7691
2 556.0 946.0 -0.008778 0.001142 7706 7707
2 556.0 946.0 -0.00479 -0.0037 7723 7723
2 556.0 946.0 -0.002762 0.000118 7739 7740
2 556.0 946.0 -0.00449 -0.000832 7755 7756
2 556.0 946.0 -0.001197 0.000217 7772 7772
2 556.0 946.0 -0.000158 2.9e-05 7787 7788
2 556.0 946.0 -2.1e-05 4e-06 7803 7804
2 556.0 946.0 -3e-06 1e-06 7820 7820
2 556.0 946.0 -0.0 0.0 7836 7836
2 556.0 946.0 -0.0 0.0 7852 7853
2 556.0 946.0 -0.0 0.0 7868 7869
2 556.0 946.0 0.002326 -0.001259 7885 7885
2 556.0 946.0 0.001919 0.000576 7900 7901
2 556.0 946.0 0.002945 0.000161 7916 7917
2 556.0 946.0 0.008721 -0.002386 7933 7933
2 556.0 946.0 0.005835 0.001897 7948 7948
2 556.0 946.0 0.004963 -0.000925 7964 7965
2 556.0 946.0 0.004618 -0.000279 7980 7981
2 556.0 946.0 0.00334 0.000102 7997 7997
2 558.0 946.0 0.002015 0.000717 8013 8013
2 558.0 946.0 0.002396 -0.000511 8029 8030
2 558.0 946.0 0.000161 -3.4e-05 8045 8046
7 558.0 946.0 2.1e-05 -5e-06 8062 8063
7 558.0 946.0 1e-06 -0.0 8078 8084
7 558.0 946.0 0.0 -0.0 8094 8100
7 558.0 946.0 0.0 -0.0 8110 8116
7 558.0 946.0 0.0 -0.0 8126 8155
7 558.0 946.0 0.0 -0.0 8167 8173
7 558.0 946.0 0.0 -0.0 8183 8189
7 558.0 946.0 0.0 -0.0 8199 8205
7 558.0 946.0 0.0 -0.0 8215 8221
7 558.0 946.0 0.0 -0.0 8231 8237
7 558.0 946.0 0.0 -0.0 8247 8253
7 558.0 946.0 0.003285 0.003493 8263 8269
7 558.0 946.0 0.002434 -0.001143 8279 8284
7 558.0 946.0 -0.00077 0.000705 8296 8301
7 558.0 946.0 0.004066 0.002625 8313 8318
7 558.0 946.0 0.006377 -0.002805 8328 8334
7 558.0 946.0 0.003423 0.001404 8344 8350
7 558.0 946.0 0.00673 0.003133 8360 8366
7 558.0 946.0 0.008064 -0.00155 8376 8382
7 558.0 946.0 0.000133 0.003467 8392 8398
7 558.0 946.0 0.002814 0.000564 8408 8414
7 558.0 946.0 0.003885 -0.00182 8424 8430
7 558.0 946.0 0.002828 0.002223 8440 8446
7 558.0 946.0 0.001882 0.001951 8456 8462
7 558.0 946.0 0.004535 0.004827 8472 8478
7 558.0 946.0 0.009807 0.010465 8488 8494
7 558.0 946.0 -0.00087 0.017961 8504 8510
10 558.0 944.0 -0.00607 0.031895 8520 8527
10 558.0 942.0 -0.008497 0.047207 8536 8542
10 558.0 942.0 -0.017366 0.061992 8552 8558
10 558.0 938.0 -0.016061 0.080332 8568 8574
10 556.0 934.0 -0.018446 0.09938 8584 8590
10 556.0 932.0 -0.030921 0.117031 8600 8606
10 554.0 928.0 -0.028698 0.138061 8616 8622
10 554.0 922.0 -0.034874 0.156107 8632 8638
10 552.0 918.0 -0.040632 0.169613 8648 8653
10 552.0 910.0 -0.035456 0.182365 8664 8669
10 550.0 904.0 -0.041544 0.196499 8680 8685
10 548.0 898.0 -0.0461 0.211579 8697 8702
10 546.0 890.0 -0.045428 0.2213 8713 8719
10 546.0 882.0 -0.047841 0.235835 8729 8735
10 544.0 874.0 -0.040528 0.247117 8745 8751
10 542.0 866.0 -0.044025 0.263414 8761 8767
10 542.0 858.0 -0.043964 0.269136 8777 8783
10 540.0 848.0 -0.038178 0.278885 8793 8799
10 540.0 840.0 -0.036586 0.287206 8809 8815
10 538.0 830.0 -0.037412 0.290859 8825 8831
10 538.0 822.0 -0.029891 0.293969 8841 8847
10 536.0 812.0 -0.030922 0.303078 8857 8863
10 536.0 804.0 -0.030292 0.303757 8873 8879
10 534.0 792.0 -0.027537 0.302588 8889 8894
10 534.0 782.0 -0.028208 0.307722 8905 8911
10 532.0 774.0 -0.029319 0.307329 8921 8927
10 532.0 764.0 -0.029255 0.307122 8937 8942
10 530.0 752.0 -0.030465 0.308354 8954 8959
10 530.0 742.0 -0.031562 0.306482 8969 8975
10 528.0 734.0 -0.028887 0.305 8985 8991
10 528.0 724.0 -0.028998 0.29905 9000 9006
10 526.0 712.0 -0.024302 0.293553 9017 9024
10 526.0 704.0 -0.023449 0.290797 9033 9039
10 526.0 696.0 -0.020378 0.283879 9049 9055
10 526.0 688.0 -0.017265 0.277074 9065 9071
10 524.0 680.0 -0.015866 0.271868 9081 9087
10 524.0 672.0 -0.013912 0.263193 9097 9103
10 524.0 662.0 -0.00986 0.256338 9113 9119
10 524.0 654.0 -0.008325 0.254116 9129 9135
10 524.0 646.0 -0.007604 0.248713 9145 9151
10 524.0 638.0 -0.007444 0.242156 9161 9167
10 524.0 632.0 -0.004446 0.241276 9177 9183
10 522.0 622.0 -0.006158 0.239221 9193 9199
10 522.0 616.0 -0.000202 0.230259 9209 9214
10 522.0 608.0 -0.008037 0.229533 9225 9230
10 522.0 602.0 -0.004915 0.223914 9241 9247
10 522.0 596.0 -0.006783 0.21739 9257 9262
10 522.0 588.0 -0.005163 0.207066 9273 9278
10 522.0 580.0 -0.004348 0.205723 9289 9295
10 522.0 574.0 -0.002369 0.195409 9306 9311
10 522.0 570.0 -0.002308 0.18326 9321 9327
10 522.0 564.0 0.002125 0.171696 9337 9343
10 522.0 558.0 0.000767 0.163285 9353 9359
10 522.0 554.0 -0.000642 0.151663 9369 9375
10 522.0 548.0 0.002089 0.141536 9385 9391
10 522.0 544.0 -0.00052 0.131351 9401 9407
10 522.0 542.0 -0.006268 0.12605 9417 9423
10 522.0 538.0 -0.001882 0.113101 9433 9439
10 522.0 534.0 -0.002362 0.109199 9449 9454
10 522.0 530.0 -0.007794 0.100353 9466 9471
10 522.0 528.0 -0.006638 0.093714 9483 9489
10 520.0 524.0 -0.006935 0.086649 9499 9504
10 520.0 522.0 -0.00774 0.083936 9516 9521
10 520.0 520.0 -0.006603 0.08071 9531 9537
10 520.0 516.0 -0.011944 0.077363 9547 9553
10 520.0 514.0 -0.009285 0.073868 9563 9569
10 520.0 512.0 -0.014191 0.07335 9579 9585
10 518.0 510.0 -0.021063 0.066908 9595 9601
2 518.0 508.0 -0.017526 0.057952 9611 9618
2 518.0 506.0 -0.022782 0.063511 9627 9627
2 516.0 504.0 -0.024055 0.053011 9643 9644
2 516.0 504.0 -0.026987 0.049358 9659 9660
2 516.0 502.0 -0.029535 0.044324 9675 9675
2 514.0 500.0 -0.033721 0.032915 9691 9692
2 514.0 500.0 -0.029744 0.027263 9707 9708
2 512.0 498.0 -0.031639 0.028766 9724 9724
2 510.0 498.0 -0.037007 0.025351 9740 9741
2 510.0 498.0 -0.035028 0.006742 9757 9757
2 508.0 498.0 -0.036508 0.006556 9772 9772
2 508.0 498.0 -0.038926 0.005636 9788 9789
2 506.0 498.0 -0.034447 -0.001246 9804 9805
2 506.0 498.0 -0.032517 -0.001385 9821 9821
2 504.0 498.0 -0.032208 -0.003407 9836 9836
2 504.0 498.0 -0.030817 -0.007298 9852 9853
2 502.0 498.0 -0.025303 -0.003736 9868 9869
2 502.0 498.0 -0.025399 -0.001868 9884 9885
2 500.0 498.0 -0.022908 -0.005705 9900 9900
2 500.0 498.0 -0.022706 0.002566 9916 9917
2 500.0 498.0 -0.014955 -0.001901 9933 9933
2 498.0 498.0 -0.015701 -0.000288 9948 9948
2 498.0 498.0 -0.014635 0.003164 9964 9965
2 498.0 498.0 -0.01347 -0.000909 9980 9981
2 498.0 498.0 -0.010269 0.001697 9997 9997
2 498.0 498.0 -0.013242 0.003437 10013 10014
2 498.0 498.0 -0.004401 -0.003171 10029 10030
2 496.0 498.0 -0.007371 0.000257 10046 10046
2 496.0 498.0 -0.008662 0.00056 10061 10061
2 496.0 498.0 -0.006843 -0.004888 10077 10078
2 496.0 498.0 -0.005475 0.003002 10093 10094
2 496.0 498.0 -0.006776 0.001803 10109 10109
2 496.0 498.0 -0.004629 -0.00293 10125 10126
2 496.0 498.0 -0.003814 0.002761 10141 10142
2 496.0 498.0 -0.003418 -0.00054 10158 10158
2 496.0 498.0 -0.001435 -0.002783 10174 10175
2 496.0 498.0 -0.00019 -0.000368 10190 10191
2 496.0 498.0 -0.000514 -0.001406 10206 10207
2 496.0 498.0 -6.8e-05 -0.000186 10222 10222
2 496.0 498.0 -9e-06 -2.5e-05 10238 10239
2 496.0 498.0 -1e-06 -3e-06 10254 10255
2 496.0 498.0 -0.0 -0.0 10270 10271
2 496.0 498.0 -0.0 -0.0 10298 10298
2 496.0 498.0 -0.0 -0.0 10314 10315
2 496.0 498.0 -0.0 -0.0 10331 10331
2 496.0 498.0 0.001633 0.004508 10347 10348
2 496.0 498.0 0.000385 0.001063 10363 10364
2 496.0 498.0 0.002518 0.001463 10379 10379
2 496.0 498.0 0.003337 0.001708 10395 10396
2 496.0 498.0 0.004806 -0.003855 10412 10412
2 496.0 498.0 0.002139 -6.6e-05 10427 10428
2 496.0 498.0 0.001763 0.004086 10443 10444
2 496.0 498.0 0.003651 -0.002654 10459 10460
2 496.0 498.0 0.000984 -0.00082 10475 10476
2 496.0 498.0 6.6e-05 -5.5e-05 10492 10492
2 496.0 498.0 9e-06 -7e-06 10507 10507
2 496.0 498.0 1e-06 -1e-06 10523 10524
2 496.0 498.0 0.0 -0.0 10539 10540
2 496.0 498.0 0.0 -0.0 10555 10556
2 496.0 498.0 0.0 -0.0 10572 10572
2 496.0 498.0 0.0 -0.0 10587 10587
2 496.0 498.0 0.0 -0.0 10603 10604
2 496.0 498.0 0.0 -0.0 10619 10620
2 496.0 498.0 -0.002916 0.002726 10636 10636
2 496.0 498.0 -0.004005 -0.000509 10651 10651
2 496.0 498.0 -0.005246 -0.002316 10667 10668
6 496.0 498.0 -0.003295 0.001503 10683 10685
7 496.0 498.0 -0.003113 -0.001877 10699 10706
7 496.0 498.0 -0.004497 0.001101 10715 10721
7 496.0 498.0 -0.007073 0.003806 10731 10738
7 496.0 498.0 -0.002408 -0.003555 10747 10753
7 496.0 498.0 -0.002141 -1.3e-05 10763 10770
7 494.0 498.0 -0.00468 0.004118 10779 10785
7 494.0 498.0 -0.003485 -0.001329 10795 10802
7 494.0 498.0 -0.000962 0.000294 10812 10818
7 494.0 498.0 -0.004675 0.001894 10827 10833
7 494.0 498.0 -0.001272 -0.003396 10844 10850
7 494.0 498.0 -0.00308 0.002281 10859 10865
7 494.0 498.0 0.00052 -0.000529 10875 10882
7 494.0 498.0 -0.000916 -0.002781 10891 10897
7 494.0 498.0 -0.000121 -0.000368 10907 10914
7 494.0 498.0 -1.6e-05 -4.9e-05 10924 10930
7 494.0 498.0 -2e-06 -6e-06 10940 10946
7 494.0 498.0 -0.0 -0.0 10956 10963
7 494.0 498.0 -0.0 -0.0 10972 10978
7 494.0 498.0 -0.0 -0.0 10988 10995
7 494.0 498.0 -0.0 -0.0 11004 11010
7 494.0 498.0 -0.000653 -0.001796 11021 11028
7 494.0 498.0 -0.002398 -0.006591 11036 11043
7 494.0 498.0 -0.005433 -0.014904 11052 11058
11 494.0 500.0 -0.001997 -0.038505 11068 11079
11 494.0 502.0 0.003013 -0.053143 11088 11095
11 494.0 504.0 0.000381 -0.069159 11103 11110
11 494.0 508.0 0.00243 -0.091878 11119 11126
11 494.0 510.0 0.00614 -0.112082 11135 11142
11 494.0 514.0 0.002715 -0.120989 11151 11157
11 494.0 520.0 0.003726 -0.13464 11168 11174
11 496.0 524.0 0.006399 -0.152864 11183 11189
11 496.0 530.0 0.000534 -0.161299 11200 11206
11 496.0 534.0 0.003078 -0.17652 11216 11223
11 496.0 540.0 0.003259 -0.189678 11232 11238
11 496.0 548.0 0.000702 -0.197258 11248 11255
11 496.0 554.0 -0.000718 -0.205401 11264 11270
11 496.0 560.0 -0.002831 -0.217107 11281 11287
11 496.0 568.0 -0.005954 -0.226252 11296 11302
11 496.0 574.0 -0.003585 -0.234384 11312 11318
11 494.0 584.0 -0.008307 -0.239249 11328 11335
11 494.0 592.0 -0.004449 -0.247028 11344 11350
11 494.0 598.0 -0.00499 -0.252101 11360 11367
11 494.0 606.0 -0.005609 -0.254376 11376 11382
11 494.0 614.0 -0.006221 -0.262924 11392 11398
11 494.0 626.0 -0.003998 -0.266585 11408 11414
11 494.0 634.0 -0.007641 -0.267483 11424 11430
11 494.0 642.0 -0.004716 -0.275626 11440 11447
11 494.0 650.0 -0.002712 -0.28373 11456 11462
11 494.0 662.0 -0.00534 -0.284081 11473 11479
11 494.0 670.0 -0.000626 -0.288132 11489 11495
11 494.0 678.0 -0.001397 -0.288326 11506 11512
11 494.0 690.0 0.000537 -0.293353 11522 11529
11 494.0 700.0 0.003513 -0.29273 11538 11544
11 494.0 708.0 0.002324 -0.292169 11554 11561
11 494.0 718.0 0.007123 -0.296148 11570 11577
11 494.0 726.0 0.005918 -0.293071 11586 11592
11 494.0 734.0 0.006336 -0.286446 11602 11608
11 494.0 746.0 0.007275 -0.288589 11618 11624
11 496.0 754.0 0.008126 -0.285025 11634 11641
11 496.0 764.0 0.008439 -0.277039 11650 11656
11 496.0 772.0 0.009081 -0.271683 11666 11672
11 496.0 780.0 0.00897 -0.267637 11682 11689
11 496.0 790.0 0.008081 -0.256813 11698 11704
11 496.0 798.0 0.010203 -0.249227 11714 11721
11 496.0 804.0 0.006063 -0.244281 11730 11736
11 496.0 812.0 0.004973 -0.232208 11746 11753
11 498.0 818.0 0.007396 -0.223108 11762 11768
11 498.0 826.0 0.004254 -0.217103 11778 11784
11 498.0 834.0 0.008117 -0.209288 11794 11800
11 498.0 840.0 0.008095 -0.199449 11810 11816
11 498.0 844.0 0.007307 -0.190797 11826 11832
11 498.0 852.0 0.006563 -0.182898 11842 11848
11 498.0 858.0 0.009494 -0.174152 11858 11864
11 498.0 862.0 0.005047 -0.166474 11874 11880
11 500.0 868.0 0.007682 -0.159717 11890 11896
11 500.0 872.0 0.006589 -0.146927 11906 11912
11 500.0 876.0 0.002023 -0.13989 11922 11929
11 500.0 882.0 0.002117 -0.129495 11938 11944
11 500.0 884.0 0.004933 -0.123376 11954 11961
11 500.0 888.0 -0.004434 -0.109458 11970 11976
11 500.0 892.0 -0.001478 -0.099228 11986 11992
11 500.0 894.0 -0.002059 -0.093718 12001 12007
11 500.0 898.0 -0.01003 -0.078863 12018 12025
11 500.0 900.0 -0.0058 -0.072859 12033 12039
11 498.0 902.0 -0.009023 -0.063395 12049 12056
11 498.0 902.0 -0.010393 -0.053269 12065 12072
11 498.0 904.0 -0.005828 -0.045693 12081 12087
11 498.0 906.0 -0.008551 -0.034807 12098 12104
11 498.0 906.0 -0.007898 -0.031134 12113 12119
11 498.0 908.0 -0.003113 -0.02462 12130 12136
2 498.0 908.0 -0.006673 -0.012526 12146 12153
2 498.0 908.0 -0.004252 -0.011697 12162 12163
2 498.0 908.0 0.002757 -0.007539 12178 12179
2 498.0 908.0 -5.6e-05 -0.002436 12195 12195
2 498.0 908.0 -0.001975 -0.002431 12210 12211
2 498.0 908.0 -0.000133 -0.000164 12226 12227
2 498.0 908.0 0.001286 0.001375 12243 12243
2 498.0 908.0 0.007085 0.0076 12258 12259
2 498.0 908.0 0.004882 0.005239 12274 12275
2 498.0 908.0 0.007582 0.008146 12291 12291
2 498.0 908.0 0.008365 0.003238 12306 12307
2 498.0 908.0 0.011818 0.003261 12322 12323
2 500.0 906.0 0.009706 0.005383 12338 12339
2 500.0 906.0 0.011431 0.003901 12355 12355
2 500.0 906.0 0.011048 0.000111 12370 12370
2 500.0 906.0 0.010611 0.003387 12387 12387
2 500.0 906.0 0.01034 -0.003428 12402 12403
2 500.0 906.0 0.01132 0.00059 12418 12419
2 502.0 906.0 0.011021 0.003602 12435 12435
2 502.0 906.0 0.007645 -0.000595 12450 12451
2 502.0 906.0 0.005039 0.001346 12466 12467
2 502.0 906.0 0.008267 0.00163 12483 12483
2 502.0 906.0 0.009751 -0.002963 12498 12499
2 502.0 906.0 0.003248 0.001726 12515 12515
2 502.0 906.0 0.005813 0.000278 12530 12530
2 502.0 906.0 0.005997 -0.002635 12546 12547
2 502.0 906.0 0.001312 -0.000671 12562 12563
2 502.0 906.0 0.000756 -0.000451 12578 12578
2 502.0 906.0 0.0001 -6e-05 12594 12595
2 502.0 906.0 7e-06 -4e-06 12610 12611
2 502.0 906.0 1e-06 -1e-06 12626 12626
2 502.0 906.0 0.0 -0.0 12642 12643
2 502.0 906.0 0.0 -0.0 12658 12659
2 502.0 906.0 0.0 -0.0 12674 12675
2 502.0 906.0 0.0 -0.0 12690 12690
2 502.0 906.0 0.0 -0.0 12706 12707
2 502.0 906.0 0.0 -0.0 12722 12723
2 502.0 906.0 0.0 -0.0 12738 12738
2 502.0 906.0 0.0 -0.0 12754 12755
2 502.0 906.0 0.0 -0.0 12770 12771
2 502.0 906.0 0.0 -0.0 12786 12787
2 502.0 906.0 0.0 -0.0 12802 12803
2 502.0 906.0 0.0 -0.0 12818 12819
2 502.0 906.0 0.0 -0.0 12835 12835
2 502.0 906.0 0.0 -0.0 12851 12852
2 502.0 906.0 0.0 -0.0 12867 12868
2 502.0 906.0 0.0 -0.0 12884 12884
2 502.0 906.0 0.001958 0.002118 12899 12899
2 502.0 906.0 0.001986 -0.000794 12915 12916
2 502.0 906.0 0.003935 0.002618 12932 12932
2 502.0 906.0 0.001769 -0.002129 12948 12948
2 504.0 906.0 0.002113 0.000759 12964 12965
2 504.0 906.0 -0.000646 -0.000802 12980 12981
2 504.0 906.0 -8.5e-05 -0.000106 12996 12996
2 504.0 906.0 -0.001674 0.00102 13012 13013
2 504.0 906.0 0.001506 -0.000939 13028 13029
2 504.0 906.0 0.000199 -0.000124 13044 13044
2 504.0 906.0 2.6e-05 -1.6e-05 13060 13061
7 504.0 906.0 2e-06 -1e-06 13076 13078
7 504.0 906.0 0.0 -0.0 13093 13098
7 504.0 906.0 0.0 -0.0 13109 13115
7 504.0 906.0 0.0 -0.0 13125 13131
7 504.0 906.0 0.0 -0.0 13141 13147
7 504.0 906.0 0.0 -0.0 13157 13163
7 504.0 906.0 0.0 -0.0 13173 13179
7 504.0 906.0 0.0 -0.0 13189 13195
7 504.0 906.0 0.0 -0.0 13205 13211
7 504.0 906.0 0.0 -0.0 13222 13227
7 504.0 906.0 0.0 -0.0 13239 13244
7 504.0 906.0 0.0 -0.0 13256 13261
7 504.0 906.0 0.0 -0.0 13271 13277
7 504.0 906.0 0.0 -0.0 13287 13293
7 504.0 906.0 0.0 -0.0 13304 13309
7 504.0 906.0 0.0 -0.0 13319 13325
7 504.0 906.0 0.0 -0.0 13335 13341
7 504.0 906.0 0.0 -0.0 13351 13357
7 504.0 906.0 0.0 -0.0 13367 13373
7 504.0 906.0 0.0 -0.0 13383 13389
7 504.0 906.0 0.0 -0.0 13399 13405
7 504.0 906.0 0.002293 0.002483 13415 13421
7 504.0 906.0 0.003343 0.007455 13431 13437
7 504.0 906.0 -0.005303 0.017935 13447 13453
7 504.0 906.0 -0.000394 0.023962 13463 13468
10 504.0 904.0 -0.002319 0.033703 13479 13486
10 504.0 902.0 -0.007653 0.045985 13495 13501
10 504.0 900.0 -0.003928 0.064822 13511 13517
10 502.0 898.0 -0.00576 0.071404 13527 13533
10 502.0 896.0 -0.005617 0.085695 13543 13549
10 502.0 892.0 -0.005684 0.099666 13559 13565
10 502.0 888.0 -0.009843 0.111157 13575 13580
10 502.0 884.0 -0.005951 0.12429 13591 13596
10 502.0 880.0 -0.012729 0.139934 13608 13613
10 502.0 874.0 -0.013804 0.150239 13624 13629
10 500.0 870.0 -0.014085 0.158466 13639 13645
10 500.0 864.0 -0.017156 0.170089 13655 13661
10 500.0 860.0 -0.018587 0.180774 13671 13677
10 500.0 854.0 -0.019296 0.189289 13687 13693
10 498.0 846.0 -0.023199 0.195402 13703 13709
10 498.0 840.0 -0.021503 0.203452 13719 13725
10 496.0 834.0 -0.020098 0.207364 13735 13741
10 496.0 828.0 -0.021058 0.212238 13751 13757
10 496.0 820.0 -0.018692 0.21913 13767 13773
10 496.0 814.0 -0.019899 0.220612 13783 13789
10 494.0 806.0 -0.021006 0.22223 13799 13804
10 494.0 798.0 -0.017318 0.229207 13816 13822
10 494.0 792.0 -0.016957 0.232825 13831 13837
10 492.0 784.0 -0.018475 0.234541 13848 13853
10 492.0 776.0 -0.011656 0.232616 13864 13870
10 492.0 768.0 -0.017146 0.237728 13880 13886
10 492.0 762.0 -0.015143 0.239529 13896 13902
10 490.0 754.0 -0.011995 0.235796 13912 13918
10 490.0 744.0 -0.0111 0.240296 13928 13934
10 490.0 738.0 -0.009516 0.243825 13944 13950
10 490.0 730.0 -0.004183 0.239583 13960 13966
10 490.0 722.0 -0.007443 0.242405 13976 13982
10 490.0 716.0 -0.004954 0.243609 13992 13998
10 490.0 706.0 0.000614 0.239271 14009 14015
10 490.0 698.0 -0.002747 0.241654 14025 14031
10 490.0 692.0 0.005634 0.235908 14041 14047
10 490.0 684.0 0.001921 0.236001 14057 14063
10 490.0 678.0 0.003048 0.234232 14073 14079
10 490.0 668.0 0.008827 0.228892 14090 14095
10 490.0 662.0 0.008965 0.225268 14107 14112
10 490.0 654.0 0.007371 0.227221 14123 14128
10 492.0 646.0 0.013223 0.218706 14139 14144
10 492.0 640.0 0.007516 0.219986 14155 14160
10 492.0 632.0 0.007992 0.220309 14171 14176
10 492.0 626.0 0.007316 0.217407 14186 14192
10 492.0 620.0 0.00887 0.213606 14202 14208
10 492.0 614.0 0.006623 0.217588 14218 14224
10 492.0 604.0 0.005764 0.213034 14234 14240
10 492.0 598.0 0.004846 0.214312 14250 14256
10 494.0 592.0 0.005279 0.215667 14266 14272
10 494.0 586.0 0.003898 0.214529 14282 14287
10 494.0 578.0 0.004679 0.210959 14299 14304
10 494.0 570.0 0.007653 0.211455 14314 14320
10 494.0 564.0 0.009106 0.204841 14330 14336
10 494.0 558.0 0.007445 0.203862 14346 14352
10 494.0 552.0 0.015364 0.19461 14362 14368
10 496.0 544.0 0.013282 0.191047 14378 14384
10 496.0 540.0 0.012782 0.188681 14394 14400
10 496.0 534.0 0.018128 0.17709 14410 14416
10 496.0 528.0 0.020561 0.162575 14426 14438
10 498.0 522.0 0.024687 0.15502 14447 14454
2 498.0 518.0 0.025972 0.145173 14463 14471
2 500.0 514.0 0.025495 0.136732 14480 14480
2 500.0 510.0 0.024752 0.132638 14495 14496
2 502.0 508.0 0.031606 0.116363 14511 14512
2 502.0 504.0 0.031303 0.105371 14527 14527
2 504.0 500.0 0.033859 0.097712 14543 14544
2 504.0 498.0 0.032384 0.090378 14560 14560
2 506.0 494.0 0.02781 0.079511 14575 14576
2 506.0 492.0 0.02701 0.070961 14591 14592
2 506.0 490.0 0.032737 0.057062 14608 14608
2 508.0 488.0 0.033502 0.046143 14624 14624
2 510.0 488.0 0.029705 0.039546 14640 14641
2 510.0 486.0 0.030955 0.028332 14656 14656
2 512.0 486.0 0.033311 0.018285 14672 14673
2 512.0 486.0 0.026825 0.01772 14688 14689
2 512.0 486.0 0.024246 0.008568 14705 14705
2 514.0 486.0 0.027464 -0.003094 14720 14720
2 514.0 486.0 0.020654 -0.003571 14736 14737
2 514.0 486.0 0.017694 -0.011661 14753 14753
2 516.0 486.0 0.016647 -0.012732 14768 14768
2 516.0 486.0 0.011594 -0.010214 14784 14785
2 516.0 486.0 0.011952 -0.010823 14800 14801
2 516.0 488.0 0.006063 -0.005496 14817 14817
2 516.0 488.0 0.00443 -0.017044 14833 14833
2 516.0 488.0 0.002854 -0.016749 14849 14850
2 516.0 488.0 -0.0057 -0.014265 14866 14866
2 516.0 490.0 -0.003516 -0.016139 14881 14881
2 516.0 490.0 -0.005172 -0.016309 14897 14898
2 516.0 490.0 -0.005109 -0.015457 14913 14914
2 516.0 490.0 -0.010801 -0.013203 14930 14930
2 516.0 490.0 -0.02008 -0.007467 14945 14946
2 514.0 492.0 -0.019667 -0.009907 14961 14962
2 514.0 492.0 -0.020913 -0.002007 14977 14977
2 512.0 492.0 -0.025458 -0.000531 14993 14993
2 512.0 492.0 -0.024175 -0.00441 15009 15010
2 512.0 492.0 -0.025316 0.001529 15027 15027
2 510.0 492.0 -0.024284 -0.000412 15042 15043
2 510.0 492.0 -0.025399 -0.000718 15058 15059
2 508.0 492.0 -0.025073 0.000647 15074 15075
2 508.0 492.0 -0.021538 -0.003691 15091 15091
2 508.0 492.0 -0.021482 -0.002 15106 15107
2 506.0 492.0 -0.022516 0.006447 15122 15123
2 506.0 492.0 -0.018197 -0.001954 15138 15139
2 506.0 492.0 -0.019068 -0.00173 15154 15154
2 506.0 492.0 -0.019214 0.001999 15170 15171
2 504.0 492.0 -0.013909 -0.003559 15186 15187
2 504.0 492.0 -0.013205 0.002208 15202 15202
2 504.0 492.0 -0.014418 0.002971 15218 15219
2 504.0 492.0 -0.013046 -0.00011 15234 15235
2 504.0 492.0 -0.012174 0.002914 15251 15251
2 502.0 492.0 -0.009795 0.00314 15266 15267
2 502.0 492.0 -0.010187 -0.000991 15282 15283
2 502.0 492.0 -0.007195 0.003464 15298 15299
2 502.0 490.0 -0.008788 0.0023 15315 15315
2 502.0 492.0 -0.006466 -0.003814 15330 15330
2 502.0 492.0 -0.009329 0.002923 15346 15347
2 502.0 492.0 -0.003351 -0.00187 15362 15363
6 502.0 492.0 -0.005465 -0.00164 15379 15380
7 500.0 492.0 -0.006343 0.001447 15395 15402
7 500.0 492.0 -0.00484 -0.003921 15411 15417
7 500.0 492.0 -0.004227 0.002202 15428 15434
7 500.0 492.0 -0.0035 -0.000577 15443 15449
7 500.0 492.0 -0.007385 -0.001465 15459 15466
7 500.0 492.0 -0.004562 0.002528 15475 15481
7 500.0 490.0 -0.003686 -8e-06 15491 15497
7 500.0 492.0 -0.004507 -0.002324 15507 15513
7 500.0 490.0 -0.006417 0.003354 15524 15530
7 500.0 490.0 -0.002338 -7e-06 15540 15546
7 500.0 492.0 -0.002461 -0.000945 15556 15563
7 500.0 490.0 -0.005519 0.001734 15572 15579
7 500.0 492.0 -0.002818 -0.003827 15588 15594
7 500.0 490.0 -0.002825 0.001716 15604 15610
7 498.0 490.0 -0.005645 0.002198 15620 15627
7 498.0 492.0 -0.004253 -0.004283 15636 15642
7 498.0 492.0 -0.002494 0.001239 15652 15658
7 498.0 492.0 -0.003273 -0.0007 15668 15674
7 498.0 492.0 -0.002469 -0.004199 15684 15691
7 498.0 492.0 -0.00067 0.000364 15700 15706
7 498.0 492.0 -0.000129 -0.000214 15716 15722
7 498.0 492.0 -0.000504 -0.001415 15732 15738
7 498.0 492.0 -6.7e-05 -0.000187 15749 15755
7 498.0 492.0 -9e-06 -2.5e-05 15764 15770
7 498.0 492.0 -1e-06 -3e-06 15780 15786
7 498.0 492.0 -0.0 -0.0 15796 15802
7 498.0 492.0 -0.0 -0.0 15812 15819
7 498.0 492.0 -0.0 -0.0 15828 15834
7 498.0 492.0 -0.0 -0.0 15844 15850
7 498.0 492.0 -0.0 -0.0 15860 15866
7 498.0 492.0 -0.0 -0.0 15876 15882
7 498.0 492.0 -0.0 -0.0 15892 15898
7 498.0 492.0 -0.0 -0.0 15908 15914
7 498.0 492.0 -0.000323 -0.000918 15925 15931
7 498.0 492.0 -0.000512 -0.001456 15940 15946
7 498.0 492.0 -0.001564 -0.004443 15956 15962
7 498.0 492.0 -0.005027 0.000304 15972 15978
7 498.0 492.0 -0.003749 -0.00493 15989 15995
7 498.0 492.0 -0.00613 -0.005635 16004 16010
7 498.0 492.0 -0.009571 -0.00332 16021 16027
7 498.0 492.0 -0.007772 -0.009472 16036 16042
7 498.0 492.0 -0.011872 -0.008069 16053 16059
7 496.0 492.0 -0.015489 -0.0074 16068 16074
7 496.0 494.0 -0.009219 -0.015493 16084 16090
7 496.0 494.0 -0.01229 -0.014758 16100 16106
7 496.0 494.0 -0.016877 -0.019384 16116 16122
11 494.0 496.0 -0.0136 -0.032237 16132 16142
11 494.0 496.0 -0.01446 -0.033739 16151 16157
11 494.0 498.0 -0.015791 -0.042578 16167 16173
11 494.0 500.0 -0.018201 -0.0496 16184 16190
11 492.0 502.0 -0.020941 -0.056661 16200 16206
11 492.0 502.0 -0.01864 -0.064049 16216 16222
11 492.0 506.0 -0.011695 -0.07684 16232 16239
11 492.0 508.0 -0.008712 -0.084821 16248 16254
11 490.0 512.0 -0.009422 -0.093499 16264 16271
11 490.0 514.0 -0.002313 -0.10956 16280 16286
11 490.0 518.0 -0.000773 -0.121333 16296 16302
11 490.0 522.0 -0.003604 -0.126327 16312 16318
11 490.0 528.0 0.002142 -0.132803 16329 16335
11 490.0 532.0 0.005858 -0.146856 16344 16350
11 492.0 536.0 0.001567 -0.153192 16360 16367
11 492.0 542.0 0.003474 -0.159288 16376 16382
11 492.0 546.0 -0.002653 -0.164248 16392 16398
11 490.0 552.0 -0.004064 -0.171237 16408 16415
11 490.0 558.0 -0.006604 -0.171434 16424 16430
11 490.0 564.0 -0.014171 -0.177628 16440 16447
11 490.0 568.0 -0.016018 -0.183316 16456 16462
11 490.0 576.0 -0.017999 -0.187601 16472 16479
11 488.0 582.0 -0.024366 -0.187345 16489 16495
11 488.0 588.0 -0.024306 -0.195019 16505 16511
11 486.0 604.0 -0.034774 -0.203731 16521 16527
11 484.0 610.0 -0.030463 -0.212125 16560 16566
11 484.0 618.0 -0.03517 -0.213139 16575 16582
11 482.0 624.0 -0.036965 -0.221131 16591 16597
11 480.0 632.0 -0.035675 -0.223662 16607 16614
11 480.0 640.0 -0.036952 -0.224255 16623 16630
11 478.0 646.0 -0.037735 -0.229521 16640 16646
11 478.0 652.0 -0.033589 -0.230587 16656 16662
11 476.0 660.0 -0.036972 -0.230358 16672 16679
11 476.0 670.0 -0.035145 -0.229226 16688 16694
11 474.0 676.0 -0.031278 -0.235871 16704 16710
11 474.0 684.0 -0.037133 -0.230811 16720 16726
11 472.0 690.0 -0.028466 -0.236336 16737 16743
11 472.0 698.0 -0.030321 -0.239809 16752 16758
11 470.0 708.0 -0.028443 -0.238124 16769 16775
11 470.0 714.0 -0.021841 -0.236833 16785 16791
11 470.0 722.0 -0.021038 -0.236933 16802 16808
11 468.0 728.0 -0.022277 -0.233658 16817 16823
11 468.0 738.0 -0.015548 -0.232954 16834 16840
11 468.0 744.0 -0.020848 -0.225815 16849 16855
11 466.0 752.0 -0.016152 -0.224451 16865 16872
11 466.0 758.0 -0.015704 -0.224307 16881 16887
11 466.0 764.0 -0.017775 -0.218623 16897 16904
11 466.0 774.0 -0.017101 -0.21584 16913 16919
11 464.0 780.0 -0.016904 -0.216971 16929 16935
11 464.0 786.0 -0.023268 -0.209475 16945 16951
11 464.0 792.0 -0.017314 -0.208803 16961 16968
11 462.0 798.0 -0.021438 -0.209577 16977 16983
11 462.0 806.0 -0.023375 -0.20337 16993 16999
11 462.0 812.0 -0.018312 -0.200761 17009 17016
11 460.0 818.0 -0.019721 -0.201429 17025 17031
11 460.0 824.0 -0.018453 -0.194047 17041 17048
11 460.0 830.0 -0.018682 -0.18662 17057 17063
11 458.0 838.0 -0.017524 -0.182015 17073 17079
11 458.0 842.0 -0.015521 -0.177002 17089 17095
11 458.0 848.0 -0.01103 -0.171306 17105 17111
11 458.0 852.0 -0.013589 -0.164072 17122 17128
11 458.0 858.0 -0.008909 -0.161196 17137 17143
11 458.0 864.0 -0.004148 -0.153372 17154 17160
11 456.0 868.0 -0.010195 -0.146205 17170 17176
11 456.0 872.0 -0.003287 -0.139252 17187 17193
11 456.0 878.0 -0.003511 -0.133588 17203 17209
11 456.0 882.0 -0.002121 -0.127781 17219 17225
11 456.0 886.0 -0.001761 -0.120537 17235 17241
11 456.0 888.0 -0.001602 -0.112916 17251 17257
11 456.0 892.0 -0.00464 -0.106248 17267 17273
11 456.0 896.0 0.000516 -0.099221 17283 17289
11 456.0 898.0 -0.005617 -0.094636 17299 17305
11 456.0 902.0 -0.00181 -0.092251 17316 17322
11 456.0 904.0 0.000461 -0.087335 17332 17339
11 456.0 908.0 -0.003411 -0.083262 17348 17354
11 456.0 910.0 -0.002365 -0.080797 17364 17371
11 456.0 912.0 0.001284 -0.078631 17380 17386
11 456.0 914.0 -0.002979 -0.071397 17396 17403
11 456.0 918.0 0.000407 -0.067629 17413 17419
11 456.0 920.0 0.003854 -0.066702 17429 17435
11 456.0 922.0 0.001348 -0.061195 17445 17451
11 456.0 922.0 0.004864 -0.054918 17462 17468
11 456.0 924.0 0.008538 -0.053384 17478 17484
11 456.0 926.0 0.003649 -0.047364 17494 17500
11 458.0 928.0 0.014089 -0.0444 17510 17517
11 458.0 928.0 0.01261 -0.039058 17526 17532
11 458.0 930.0 0.013149 -0.036571 17543 17549
11 458.0 932.0 0.018227 -0.033229 17558 17564
11 460.0 932.0 0.017461 -0.027929 17574 17580
11 460.0 932.0 0.018101 -0.025468 17590 17596
11 460.0 934.0 0.026409 -0.023561 17606 17613
11 462.0 934.0 0.018716 -0.015558 17622 17628
11 462.0 934.0 0.022768 -0.014991 17639 17645
11 462.0 934.0 0.025446 -0.017307 17654 17660
11 464.0 936.0 0.023483 -0.014921 17671 17677
11 464.0 936.0 0.022889 -0.014454 17686 17693
11 464.0 936.0 0.02396 -0.015095 17702 17708
2 466.0 936.0 0.021248 -0.013366 17718 17725
2 466.0 938.0 0.022417 -0.014085 17734 17735
2 466.0 938.0 0.026746 -0.016773 17750 17750
2 468.0 938.0 0.021388 -0.013388 17766 17767
2 468.0 938.0 0.021523 -0.013452 17782 17783
2 470.0 938.0 0.02103 -0.013124 17799 17799
2 470.0 940.0 0.013486 -0.013888 17814 17815
2 470.0 940.0 0.016255 -0.013091 17830 17831
2 470.0 940.0 0.006907 -0.012504 17846 17847
2 470.0 940.0 0.002391 -0.011903 17863 17863
2 470.0 940.0 0.002121 -0.007057 17878 17878
2 470.0 940.0 0.001301 -0.005425 17894 17895
2 470.0 942.0 -0.001533 -0.006806 17910 17911
2 470.0 942.0 0.000923 -0.002207 17927 17927
2 470.0 942.0 -0.001956 -0.002292 17942 17943
2 470.0 942.0 -0.002694 -0.002647 17958 17959
2 470.0 942.0 -0.001032 -0.001 17974 17975
2 470.0 942.0 -0.002572 -0.002476 17990 17990
2 470.0 942.0 -0.000713 -0.000686 18005 18006
2 470.0 942.0 -0.008955 0.002122 18022 18023
2 470.0 942.0 -0.00516 -0.00272 18038 18038
2 470.0 942.0 -0.001623 -0.000341 18054 18054
2 470.0 942.0 -0.00671 0.001811 18070 18071
2 470.0 942.0 -0.005224 -0.000492 18087 18087
2 470.0 942.0 -0.000691 -6.5e-05 18102 18103
2 470.0 942.0 -9.1e-05 -9e-06 18118 18119
2 470.0 942.0 -0.003318 0.000377 18135 18135
2 470.0 942.0 -0.001022 0.000412 18150 18150
2 470.0 942.0 -6.9e-05 2.8e-05 18166 18167
2 470.0 942.0 -9e-06 4e-06 18182 18183
2 470.0 942.0 -1e-06 0.0 18198 18198
2 470.0 942.0 -0.0 0.0 18214 18215
2 470.0 942.0 -0.0 0.0 18230 18231
2 470.0 942.0 -0.0 0.0 18246 18246
2 470.0 942.0 -0.0 0.0 18262 18263
2 470.0 942.0 -0.0 0.0 18278 18279
2 470.0 942.0 -0.0 0.0 18295 18295
2 470.0 942.0 -0.001378 -0.001324 18310 18310
2 470.0 942.0 -0.000275 -0.000264 18326 18327
2 470.0 942.0 -0.003491 0.002113 18342 18343
2 470.0 942.0 0.001265 -0.000794 18358 18358
2 470.0 942.0 0.000167 -0.000105 18374 18374
2 470.0 942.0 2.2e-05 -1.4e-05 18390 18391
2 470.0 942.0 -0.002266 0.000554 18406 18407
2 470.0 942.0 -0.0003 7.3e-05 18422 18423
2 470.0 942.0 -4e-05 1e-05 18438 18438
2 470.0 942.0 -5e-06 1e-06 18454 18455
2 470.0 942.0 -0.0 0.0 18471 18471
2 470.0 942.0 -0.0 0.0 18486 18487
2 470.0 942.0 -0.0 0.0 18502 18503
2 470.0 942.0 -0.0 0.0 18519 18519
2 470.0 942.0 -0.0 0.0 18534 18534
2 470.0 942.0 -0.0 0.0 18550 18551
2 470.0 942.0 -0.0 0.0 18566 18567
2 470.0 942.0 -0.0 0.0 18582 18582
2 470.0 942.0 -0.0 0.0 18598 18598
2 470.0 942.0 -0.0 0.0 18614 18615
7 470.0 942.0 -0.0 0.0 18631 18633
7 470.0 942.0 -0.0 0.0 18646 18652
7 470.0 942.0 -0.0 0.0 18662 18669
7 470.0 942.0 -0.0 0.0 18678 18685
7 470.0 942.0 -0.0 0.0 18695 18701
7 470.0 942.0 -0.0 0.0 18710 18716
7 470.0 942.0 -0.0 0.0 18726 18732
7 470.0 942.0 -0.0 0.0 18742 18748
7 470.0 942.0 -0.0 0.0 18758 18764
7 470.0 942.0 -0.0 0.0 18774 18780
7 470.0 942.0 -0.0 0.0 18790 18796
7 470.0 942.0 -0.0 0.0 18806 18811
7 470.0 942.0 -0.0 0.0 18823 18828
7 470.0 942.0 0.001378 0.001324 18839 18844
7 470.0 942.0 0.007135 0.00686 18854 18860
7 470.0 940.0 0.00357 0.006991 18870 18876
7 470.0 940.0 0.008764 0.011474 18886 18892
7 470.0 940.0 0.00263 0.015544 18902 18908
7 470.0 940.0 0.004034 0.021808 18918 18924
10 470.0 938.0 0.00623 0.024714 18934 18941
10 470.0 938.0 0.003751 0.03408 18950 18956
10 470.0 936.0 -0.000717 0.040857 18967 18972
10 470.0 934.0 0.001064 0.047351 18982 18988
10 470.0 932.0 -0.001995 0.054227 18998 19003
10 470.0 930.0 -0.001592 0.065242 19014 19021
10 470.0 928.0 -0.000227 0.072652 19030 19036
10 470.0 926.0 -0.004252 0.082344 19046 19052
10 470.0 924.0 -0.001289 0.092486 19062 19068
10 470.0 920.0 -0.003467 0.103542 19078 19084
10 470.0 916.0 -0.007111 0.108579 19094 19100
10 470.0 912.0 -0.003934 0.12014 19110 19116
10 470.0 908.0 -0.005583 0.13226 19126 19132
10 470.0 904.0 -0.006897 0.137427 19142 19148
10 468.0 900.0 -0.002713 0.145338 19158 19164
10 468.0 894.0 -0.003958 0.152012 19174 19180
10 468.0 890.0 -0.003845 0.158863 19190 19196
10 468.0 884.0 -0.000771 0.165972 19206 19212
10 468.0 878.0 -0.001394 0.17206 19223 19228
10 468.0 872.0 -0.000191 0.175385 19240 19245
10 468.0 866.0 0.004779 0.179458 19255 19261
10 468.0 862.0 0.004088 0.182604 19271 19277
10 468.0 856.0 0.006566 0.19087 19287 19293
10 470.0 848.0 0.011661 0.189464 19304 19309
10 470.0 842.0 0.011018 0.191279 19319 19325
10 470.0 836.0 0.014877 0.1945 19335 19341
10 470.0 830.0 0.020172 0.195918 19351 19357
10 472.0 824.0 0.022142 0.197599 19367 19373
10 472.0 818.0 0.027629 0.198623 19383 19389
10 474.0 810.0 0.030078 0.201409 19399 19405
10 474.0 804.0 0.029059 0.207236 19415 19421
10 476.0 798.0 0.036915 0.201576 19431 19437
10 478.0 792.0 0.035316 0.207623 19447 19453
10 478.0 784.0 0.038626 0.208428 19463 19469
10 480.0 778.0 0.040319 0.205439 19479 19485
10 482.0 772.0 0.04089 0.209813 19495 19501
10 482.0 764.0 0.039434 0.216528 19511 19517
10 484.0 758.0 0.039875 0.213549 19527 19533
10 486.0 750.0 0.037194 0.212451 19543 19549
10 486.0 744.0 0.038597 0.218292 19559 19565
10 488.0 736.0 0.038901 0.212974 19575 19581
10 488.0 730.0 0.033467 0.214144 19591 19597
10 490.0 724.0 0.033069 0.210645 19607 19613
10 490.0 718.0 0.030679 0.212039 19623 19629
10 492.0 710.0 0.02722 0.208032 19639 19645
10 492.0 704.0 0.025287 0.204522 19655 19661
10 492.0 698.0 0.01852 0.202556 19671 19676
10 494.0 692.0 0.013418 0.201824 19687 19692
10 494.0 686.0 0.012347 0.194462 19703 19708
10 494.0 678.0 0.003315 0.195333 19719 19725
10 494.0 672.0 0.000261 0.190917 19735 19741
10 494.0 666.0 -0.004468 0.189306 19751 19757
10 494.0 660.0 -0.008524 0.183279 19767 19773
10 492.0 654.0 -0.014226 0.185077 19783 19789
10 492.0 648.0 -0.013206 0.177226 19799 19805
10 492.0 644.0 -0.019663 0.174515 19815 19821
10 492.0 638.0 -0.023236 0.174141 19831 19837
10 490.0 634.0 -0.021919 0.16692 19848 19853
10 490.0 626.0 -0.024357 0.16065 19864 19869
10 488.0 622.0 -0.021911 0.158842 19880 19885
10 488.0 618.0 -0.023686 0.154985 19896 19901
10 488.0 612.0 -0.023712 0.146777 19912 19917
10 486.0 608.0 -0.017665 0.141414 19927 19933
10 486.0 604.0 -0.016714 0.13877 19943 19949
10 486.0 600.0 -0.016191 0.133804 19959 19965
10 486.0 596.0 -0.010904 0.129828 19976 19981
10 486.0 592.0 -0.008815 0.12195 19991 19997
10 484.0 586.0 -0.008246 0.122477 20007 20013
10 484.0 584.0 -0.002311 0.116039 20023 20029
10 484.0 580.0 -0.002188 0.112743 20039 20045
10 484.0 576.0 -0.001581 0.117212 20055 20061
10 486.0 574.0 0.007544 0.107715 20071 20077
10 486.0 570.0 0.006856 0.104455 20087 20093
10 486.0 566.0 0.007169 0.10549 20103 20109
10 486.0 562.0 0.013132 0.10387 20119 20125
10 486.0 560.0 0.007044 0.101201 20135 20141
10 486.0 556.0 0.012167 0.098881 20151 20157
10 488.0 554.0 0.014321 0.096673 20167 20173
10 488.0 552.0 0.012007 0.092484 20183 20189
10 488.0 548.0 0.012965 0.090699 20199 20204
10 488.0 544.0 0.01131 0.086535 20216 20222
10 488.0 542.0 0.008507 0.08403 20233 20238
10 490.0 540.0 0.013221 0.07639 20250 20255
10 490.0 538.0 0.005357 0.068138 20267 20272
10 490.0 534.0 0.003565 0.067347 20284 20289
10 490.0 532.0 0.007712 0.058221 20300 20305
10 490.0 532.0 -0.00037 0.050884 20316 20321
10 490.0 530.0 -0.001045 0.044543 20332 20337
10 490.0 528.0 -0.00451 0.040153 20348 20354
10 488.0 528.0 -0.010315 0.034624 20364 20370
10 488.0 526.0 -0.011069 0.029024 20380 20386
10 488.0 526.0 -0.011558 0.025592 20396 20402
10 488.0 526.0 -0.019534 0.020452 20413 20418
10 486.0 524.0 -0.016762 0.015944 20429 20434
10 486.0 524.0 -0.019303 0.018083 20446 20451
10 486.0 524.0 -0.020147 0.018876 20462 20467
10 486.0 522.0 -0.020735 0.010883 20477 20483
10 484.0 522.0 -0.019491 0.011585 20493 20499
10 484.0 522.0 -0.022236 0.009503 20509 20515
10 484.0 522.0 -0.021222 0.007383 20525 20531
10 482.0 522.0 -0.017604 0.010457 20541 20547
10 482.0 522.0 -0.017828 0.008 20557 20563
10 482.0 522.0 -0.015876 0.005813 20573 20579
10 480.0 520.0 -0.013273 0.01134 20589 20595
10 480.0 520.0 -0.012082 0.007582 20605 20611
10 480.0 520.0 -0.007892 0.006965 20621 20627
10 480.0 520.0 -0.008273 0.007808 20637 20643
10 480.0 520.0 -0.004009 0.003797 20654 20659
10 480.0 520.0 -0.003211 0.005494 20669 20675
10 480.0 520.0 -0.001295 0.010219 20685 20691
10 480.0 520.0 0.004514 0.010532 20701 20707
10 480.0 518.0 0.001565 0.010408 20717 20723
10 480.0 518.0 0.004601 0.011273 20755 20762
10 480.0 518.0 0.005434 0.013589 20772 20777
10 480.0 516.0 0.006263 0.015725 20787 20794
10 482.0 516.0 0.006722 0.016916 20803 20809
10 482.0 516.0 0.007293 0.018394 20819 20825
10 482.0 514.0 0.00718 0.01815 20835 20841
10 482.0 514.0 0.007335 0.018584 20851 20857
10 482.0 514.0 0.013164 0.011493 20867 20873
10 482.0 514.0 0.010536 0.017211 20883 20889
10 482.0 514.0 0.009208 0.010329 20899 20905
10 484.0 512.0 0.012332 0.011145 20915 20921
10 484.0 512.0 0.010063 0.014229 20931 20937
10 484.0 512.0 0.006919 0.007721 20947 20953
10 484.0 512.0 0.009536 0.009471 20963 20968
10 484.0 512.0 0.006923 0.012501 20979 20985
10 484.0 512.0 0.003862 0.007483 20995 21000
10 484.0 512.0 0.003729 0.008356 21011 21017
2 484.0 510.0 0.004445 0.007853 21027 21034
2 484.0 510.0 0.004116 0.002911 21043 21044
2 484.0 510.0 0.004961 0.00482 21059 21060
2 486.0 510.0 0.004134 0.009634 21075 21075
2 486.0 510.0 0.005267 0.003313 21091 21092
2 486.0 510.0 0.003131 0.006745 21107 21108
2 486.0 510.0 0.004061 0.010355 21124 21124
2 486.0 510.0 0.002617 0.00677 21139 21139
2 486.0 510.0 0.003301 0.008577 21155 21156
2 486.0 508.0 0.003713 0.009668 21171 21171
2 486.0 508.0 0.004976 0.012978 21187 21188
2 486.0 508.0 0.005649 0.014757 21203 21204
2 486.0 508.0 0.004388 0.011475 21219 21220
2 486.0 508.0 0.004367 0.011438 21235 21236
2 486.0 506.0 0.005201 0.013651 21252 21252
2 486.0 506.0 0.002589 0.006802 21267 21268
2 486.0 506.0 0.003267 0.008592 21284 21284
2 486.0 506.0 0.003856 0.010153 21299 21299
2 486.0 506.0 0.004785 0.002224 21315 21316
2 488.0 506.0 0.004186 0.001434 21331 21332
2 488.0 506.0 0.003997 0.000667 21347 21347
2 488.0 506.0 0.003408 -0.004499 21363 21364
2 488.0 506.0 0.001027 0.000727 21379 21380
2 488.0 506.0 0.001115 -0.000829 21395 21395
2 488.0 506.0 0.001554 -0.001452 21411 21412
2 488.0 506.0 0.000205 -0.000192 21427 21428
2 488.0 506.0 2.7e-05 -2.5e-05 21443 21443
2 488.0 506.0 4e-06 -3e-06 21459 21460
2 488.0 506.0 0.0 -0.0 21475 21476
2 488.0 506.0 0.0 -0.0 21491 21491
2 488.0 506.0 0.0 -0.0 21507 21508
2 488.0 506.0 0.0 -0.0 21523 21524
2 488.0 506.0 0.0 -0.0 21540 21540
2 488.0 506.0 0.0 -0.0 21555 21555
2 488.0 506.0 0.0 -0.0 21571 21572
2 488.0 506.0 0.0 -0.0 21587 21588
2 488.0 506.0 0.0 -0.0 21604 21604
2 488.0 506.0 0.0 -0.0 21619 21619
2 488.0 506.0 0.0 -0.0 21635 21636
2 488.0 506.0 0.0 -0.0 21652 21652
2 488.0 506.0 0.0 -0.0 21667 21668
2 488.0 506.0 0.0 -0.0 21683 21684
2 488.0 506.0 0.0 -0.0 21700 21700
2 488.0 506.0 0.0 -0.0 21715 21716
2 488.0 506.0 0.0 -0.0 21731 21732
2 488.0 506.0 0.0 -0.0 21748 21748
2 488.0 506.0 0.0 -0.0 21764 21765
2 488.0 506.0 0.0 -0.0 21780 21781
2 488.0 506.0 0.0 -0.0 21796 21797
2 488.0 506.0 0.0 -0.0 21813 21813
2 488.0 506.0 -0.001023 -0.002697 21828 21829
2 488.0 506.0 -0.003383 -0.00891 21844 21845
6 488.0 506.0 -0.002287 -0.006019 21860 21862
7 488.0 506.0 -0.003418 -0.008982 21877 21884
7 488.0 508.0 -0.002355 -0.006184 21892 21899
7 488.0 508.0 -0.002543 -0.006672 21909 21915
7 488.0 508.0 -0.003428 -0.008984 21924 21930
7 486.0 508.0 -0.00339 -0.008877 21940 21947
7 486.0 508.0 -0.002733 -0.007149 21956 21962
7 486.0 508.0 -0.003126 -0.008169 21972 21979
7 486.0 508.0 -0.001622 -0.004237 21988 21994
7 486.0 508.0 -0.006478 -0.003241 22004 22011
7 486.0 508.0 -0.003053 -0.007906 22020 22027
7 486.0 508.0 -0.006144 -0.002353 22036 22043
7 486.0 508.0 -0.001786 -0.006124 22052 22058
7 486.0 510.0 -0.003728 -0.011655 22068 22075
7 486.0 510.0 -0.003081 -0.008262 22084 22091
7 486.0 510.0 -0.004234 -0.011017 22100 22106
7 486.0 510.0 -0.005795 -0.014995 22116 22122
7 486.0 512.0 -0.006874 -0.017743 22132 22139
11 486.0 512.0 -0.01064 -0.027348 22148 22158
11 484.0 512.0 -0.012481 -0.031953 22166 22172
11 484.0 514.0 -0.009878 -0.042026 22182 22188
11 484.0 516.0 -0.01264 -0.052774 22198 22204
11 484.0 518.0 -0.009644 -0.062364 22215 22221
11 484.0 520.0 -0.010147 -0.078163 22231 22238
11 484.0 524.0 -0.00896 -0.092138 22247 22253
11 482.0 528.0 -0.006519 -0.101095 22263 22269
11 482.0 530.0 -0.009081 -0.112097 22279 22286
11 482.0 534.0 -0.006315 -0.124582 22295 22301
11 482.0 538.0 -0.000444 -0.140106 22311 22317
11 482.0 542.0 -0.005204 -0.144015 22327 22334
11 482.0 550.0 -0.001684 -0.152809 22343 22349
11 482.0 554.0 0.003939 -0.163125 22359 22366
11 482.0 560.0 0.002818 -0.169071 22375 22381
11 482.0 564.0 0.005289 -0.173193 22392 22398
11 482.0 570.0 0.008497 -0.185995 22407 22413
11 484.0 578.0 0.006751 -0.186373 22423 22429
11 484.0 584.0 0.011946 -0.190019 22439 22445
11 484.0 590.0 0.013293 -0.195376 22455 22461
11 484.0 594.0 0.014848 -0.196701 22471 22477
11 484.0 600.0 0.016575 -0.200424 22487 22493
11 486.0 608.0 0.013724 -0.19999 22503 22509
11 486.0 614.0 0.018564 -0.202512 22519 22525
11 486.0 622.0 0.01765 -0.203145 22535 22542
11 488.0 628.0 0.01718 -0.209376 22551 22557
11 488.0 634.0 0.022513 -0.213477 22567 22574
11 488.0 642.0 0.021237 -0.216419 22583 22589
11 490.0 650.0 0.019665 -0.217879 22599 22606
11 490.0 656.0 0.021176 -0.22292 22615 22622
11 490.0 662.0 0.022032 -0.230386 22631 22637
11 492.0 670.0 0.022055 -0.231661 22647 22654
11 492.0 680.0 0.022441 -0.234825 22663 22669
11 492.0 686.0 0.023168 -0.241476 22679 22685
11 494.0 694.0 0.025872 -0.240798 22695 22702
11 494.0 700.0 0.024147 -0.238629 22711 22717
11 496.0 708.0 0.024846 -0.242776 22727 22733
11 496.0 718.0 0.028004 -0.241523 22743 22749
11 496.0 724.0 0.028487 -0.237213 22759 22765
11 498.0 732.0 0.029583 -0.235817 22776 22782
11 498.0 738.0 0.031622 -0.234264 22791 22798
11 500.0 746.0 0.034982 -0.233902 22807 22813
11 502.0 754.0 0.029741 -0.224224 22824 22830
11 502.0 762.0 0.035166 -0.220447 22840 22847
11 504.0 768.0 0.03357 -0.217149 22856 22862
11 504.0 774.0 0.029652 -0.206839 22872 22879
11 506.0 782.0 0.037108 -0.200015 22889 22895
11 506.0 788.0 0.037352 -0.194434 22904 22910
11 508.0 794.0 0.029956 -0.181174 22920 22927
11 508.0 800.0 0.034937 -0.174892 22937 22943
11 510.0 804.0 0.032697 -0.170351 22952 22958
11 510.0 810.0 0.030413 -0.163827 22969 22975
11 512.0 816.0 0.034031 -0.155925 22985 22991
11 512.0 820.0 0.025537 -0.147 23000 23007
11 514.0 826.0 0.029667 -0.147275 23017 23024
11 514.0 830.0 0.029523 -0.138944 23033 23040
11 516.0 834.0 0.026338 -0.135971 23049 23055
11 516.0 838.0 0.025328 -0.131415 23065 23072
11 516.0 842.0 0.025336 -0.124235 23081 23087
11 518.0 846.0 0.018502 -0.121287 23097 23104
11 518.0 850.0 0.021643 -0.11532 23113 23119
11 518.0 854.0 0.019481 -0.114229 23130 23136
11 520.0 856.0 0.013537 -0.109116 23145 23151
11 520.0 860.0 0.018967 -0.105102 23161 23167
11 520.0 862.0 0.014536 -0.104699 23178 23184
11 520.0 866.0 0.011652 -0.100751 23193 23199
11 522.0 870.0 0.015698 -0.097746 23209 23216
11 522.0 872.0 0.016664 -0.099669 23225 23231
11 522.0 876.0 0.012506 -0.094025 23241 23247
11 522.0 878.0 0.017879 -0.092408 23258 23264
11 524.0 882.0 0.015331 -0.086703 23274 23280
11 524.0 884.0 0.017373 -0.082831 23290 23296
11 524.0 886.0 0.019989 -0.081579 23307 23313
11 524.0 888.0 0.016089 -0.07389 23322 23328
11 526.0 892.0 0.018109 -0.068773 23338 23344
11 526.0 894.0 0.022586 -0.066078 23355 23361
11 526.0 896.0 0.015796 -0.057236 23370 23376
11 528.0 896.0 0.021036 -0.048151 23387 23393
11 528.0 898.0 0.020006 -0.04459 23403 23409
11 528.0 900.0 0.011679 -0.037438 23419 23425
11 528.0 900.0 0.01725 -0.028899 23435 23441
11 530.0 902.0 0.013757 -0.018728 23452 23458
2 530.0 902.0 0.009885 -0.016201 23467 23474
2 530.0 902.0 0.01474 -0.008209 23483 23484
2 530.0 902.0 0.010154 -0.007697 23499 23500
2 530.0 902.0 0.00361 -0.002379 23515 23515
2 530.0 902.0 0.006494 0.000471 23531 23532
2 530.0 902.0 0.006397 0.007254 23548 23548
2 532.0 902.0 0.010608 0.010042 23563 23563
2 532.0 902.0 0.009035 0.010005 23579 23580
2 532.0 902.0 0.00915 0.010377 23596 23596
2 532.0 900.0 0.007682 0.008749 23611 23612
2 532.0 900.0 0.001685 0.011825 23627 23628
2 532.0 900.0 0.005832 0.01203 23644 23644
2 532.0 900.0 0.002611 0.012699 23660 23661
2 532.0 900.0 -0.001787 0.013125 23676 23677
2 532.0 898.0 0.00146 0.010677 23692 23692
2 532.0 898.0 -0.005616 0.007736 23708 23709
2 532.0 898.0 -0.005894 0.009129 23724 23725
2 532.0 898.0 -0.002221 0.007588 23740 23740
2 532.0 898.0 -0.006143 0.002726 23756 23757
2 532.0 898.0 -0.010565 0.006245 23772 23773
2 532.0 898.0 -0.005402 0.003243 23788 23788
2 530.0 898.0 -0.008136 0.004911 23804 23805
2 530.0 898.0 -0.017171 -0.00072 23820 23821
2 530.0 898.0 -0.019283 -0.003318 23836 23836
2 530.0 898.0 -0.022637 -0.000456 23852 23853
2 528.0 898.0 -0.021443 -0.001125 23868 23869
2 528.0 898.0 -0.02682 0.000463 23885 23885
2 526.0 898.0 -0.032764 0.000769 23901 23902
2 526.0 898.0 -0.027433 -0.004197 23917 23918
2 524.0 898.0 -0.030196 0.00111 23934 23934
2 524.0 898.0 -0.032903 0.0022 23949 23950
2 522.0 898.0 -0.030776 -0.004692 23965 23966
2 522.0 898.0 -0.030306 0.001466 23981 23981
2 520.0 898.0 -0.029929 -0.000989 23997 23998
2 520.0 898.0 -0.028084 -0.002575 24013 24014
2 518.0 898.0 -0.024802 0.003664 24029 24029
2 518.0 898.0 -0.026928 0.001617 24045 24046
2 518.0 898.0 -0.023267 -0.003187 24062 24062
2 516.0 898.0 -0.023039 0.001861 24077 24078
2 516.0 898.0 -0.018215 8.6e-05 24094 24094
2 516.0 898.0 -0.017184 -0.003725 24109 24109
2 514.0 898.0 -0.017149 0.002579 24125 24126
2 514.0 898.0 -0.011447 -0.002384 24141 24142
2 514.0 898.0 -0.008861 0.001381 24157 24158
2 514.0 898.0 -0.011941 0.002937 24173 24174
2 514.0 898.0 -0.005689 -0.003194 24189 24190
2 514.0 898.0 -0.005709 0.000946 24205 24205
2 514.0 898.0 -0.006317 0.002331 24221 24222
2 514.0 898.0 -0.004551 -0.002944 24237 24238
2 514.0 898.0 -0.000867 0.000328 24253 24254
2 512.0 898.0 -0.00494 0.002461 24269 24269
7 514.0 898.0 -0.002015 -0.002172 24285 24287
7 512.0 898.0 -0.005709 0.003423 24301 24307
7 512.0 898.0 0.002054 -0.001289 24317 24323
7 512.0 898.0 -0.000708 -0.001266 24333 24339
7 512.0 898.0 -0.005733 0.003331 24349 24355
7 512.0 898.0 0.002051 -0.001302 24365 24370
7 512.0 898.0 -0.002625 0.000496 24381 24386
7 512.0 898.0 -0.001286 -0.000689 24398 24403
7 512.0 898.0 -0.001898 0.000981 24413 24419
7 512.0 898.0 -0.003643 0.002235 24429 24435
7 512.0 898.0 -0.001627 0.001006 24445 24451
7 512.0 898.0 -0.004863 -0.000324 24461 24467
7 512.0 898.0 -0.001226 0.000319 24477 24483
7 512.0 898.0 -0.001371 0.000793 24493 24499
7 512.0 898.0 -0.004913 -0.0003 24509 24515
7 512.0 898.0 -0.00065 -4e-05 24525 24531
7 512.0 898.0 -0.001295 0.000746 24541 24547
7 512.0 898.0 -0.003017 0.000167 24557 24563
7 512.0 898.0 -0.000982 0.000384 24573 24579
7 512.0 898.0 -0.001339 0.000802 24589 24595
7 512.0 898.0 -0.004711 0.002925 24605 24610
7 512.0 898.0 -0.004572 0.015678 24622 24627
7 512.0 896.0 -0.002234 0.021005 24639 24644
10 512.0 896.0 -0.006057 0.029936 24655 24661
10 510.0 894.0 -0.010079 0.043993 24670 24676
10 510.0 892.0 -0.008755 0.059005 24687 24692
10 510.0 890.0 -0.012852 0.070325 24702 24708
10 510.0 888.0 -0.01368 0.085717 24718 24724
10 510.0 884.0 -0.011597 0.099558 24734 24740
10 508.0 880.0 -0.017047 0.115473 24750 24756
10 508.0 876.0 -0.018243 0.130719 24766 24772
10 508.0 872.0 -0.017049 0.149271 24783 24788
10 506.0 866.0 -0.020366 0.16724 24800 24805
10 506.0 860.0 -0.015544 0.177065 24816 24822
10 506.0 854.0 -0.019818 0.193166 24832 24838
10 506.0 848.0 -0.017067 0.206666 24848 24853
10 504.0 840.0 -0.014371 0.214001 24865 24870
10 504.0 832.0 -0.015353 0.222444 24881 24886
10 504.0 826.0 -0.013077 0.235767 24896 24902
10 504.0 818.0 -0.009318 0.240518 24912 24918
10 504.0 808.0 -0.005278 0.244682 24928 24934
10 504.0 802.0 -0.004499 0.252241 24944 24950
10 504.0 782.0 0.007398 0.255497 24960 24991
10 504.0 774.0 0.011721 0.254259 24999 25004
10 504.0 766.0 0.011832 0.256731 25015 25022
10 504.0 758.0 0.015771 0.252313 25031 25037
10 506.0 750.0 0.019014 0.253558 25047 25053
10 506.0 740.0 0.020349 0.249195 25063 25069
10 508.0 734.0 0.020267 0.250846 25079 25085
10 508.0 726.0 0.027164 0.245994 25095 25101
10 508.0 718.0 0.023454 0.243038 25111 25117
10 510.0 712.0 0.026881 0.240009 25127 25133
10 510.0 704.0 0.022904 0.242269 25143 25149
10 512.0 694.0 0.025071 0.239311 25159 25165
10 512.0 688.0 0.025465 0.235234 25176 25182
10 512.0 680.0 0.024969 0.232694 25192 25198
10 514.0 672.0 0.022378 0.236168 25209 25214
10 514.0 664.0 0.022513 0.227731 25224 25230
10 516.0 658.0 0.019115 0.228124 25240 25246
10 516.0 650.0 0.015477 0.229858 25256 25262
10 516.0 644.0 0.013885 0.225657 25272 25278
10 516.0 638.0 0.00942 0.224887 25288 25294
10 516.0 628.0 0.010634 0.22502 25304 25310
10 518.0 622.0 0.009448 0.220036 25320 25326
10 518.0 616.0 0.007805 0.218717 25336 25342
10 518.0 608.0 0.005306 0.217843 25352 25358
10 518.0 602.0 0.002561 0.214814 25368 25374
10 518.0 594.0 0.003015 0.210608 25385 25390
10 518.0 588.0 0.001395 0.208344 25401 25407
10 518.0 582.0 0.001559 0.202146 25417 25423
10 518.0 574.0 0.001113 0.202123 25433 25439
10 518.0 568.0 -0.000455 0.197276 25449 25455
10 518.0 562.0 0.000867 0.19034 25465 25471
10 518.0 556.0 -0.002963 0.186342 25481 25487
10 518.0 550.0 -0.000796 0.179515 25497 25503
10 518.0 546.0 5.7e-05 0.169542 25513 25519
10 518.0 538.0 -0.000484 0.168041 25529 25535
10 518.0 534.0 0.003284 0.156521 25545 25551
10 518.0 530.0 0.004507 0.149386 25561 25567
10 518.0 526.0 0.006764 0.136265 25577 25583
10 518.0 522.0 0.012689 0.123354 25593 25599
10 520.0 518.0 0.0112 0.1127 25609 25615
10 520.0 514.0 0.011118 0.10513 25625 25631
10 520.0 512.0 0.013834 0.095595 25641 25647
10 520.0 510.0 0.01018 0.083882 25658 25663
10 520.0 506.0 0.012285 0.07122 25675 25680
10 522.0 504.0 0.015 0.063733 25690 25696
10 522.0 502.0 0.009013 0.056617 25707 25713
10 522.0 502.0 0.013153 0.04683 25722 25728
10 522.0 500.0 0.007967 0.038189 25739 25744
10 522.0 498.0 0.002617 0.032794 25755 25760
10 522.0 498.0 0.008401 0.02274 25771 25776
10 522.0 498.0 0.000213 0.015062 25786 25792
10 522.0 498.0 -0.003291 0.011529 25802 25808
10 522.0 496.0 -0.002849 0.009645 25818 25824
10 522.0 496.0 -0.004781 0.001653 25834 25840
10 522.0 496.0 -0.006646 0.005584 25850 25855
10 522.0 496.0 -0.007348 0.000609 25866 25872
10 522.0 496.0 -0.013562 -0.002252 25882 25888
10 522.0 496.0 -0.014175 -0.002334 25898 25903
10 520.0 496.0 -0.015674 -0.002885 25915 25920
10 520.0 496.0 -0.020697 0.003801 25931 25936
10 520.0 496.0 -0.018823 -0.004087 25947 25952
2 518.0 496.0 -0.025845 0.001323 25963 25969
2 518.0 496.0 -0.027821 0.002725 25978 25979
2 516.0 496.0 -0.029663 0.00227 25994 25994
2 516.0 496.0 -0.03486 0.00194 26010 26011
2 514.0 496.0 -0.041908 0.00297 26027 26028
2 512.0 496.0 -0.038756 -0.00179 26043 26044
2 512.0 496.0 -0.040668 0.00211 26060 26060
2 510.0 496.0 -0.045574 0.003426 26076 26077
2 508.0 496.0 -0.041955 -0.003923 26092 26093
2 508.0 496.0 -0.04108 0.001967 26108 26109
2 506.0 496.0 -0.041279 0.001867 26125 26125
2 506.0 496.0 -0.036208 -0.002193 26140 26140
2 504.0 496.0 -0.031159 1.8e-05 26156 26157
2 504.0 496.0 -0.026963 -0.001857 26172 26173
2 502.0 496.0 -0.025369 -0.003056 26188 26188
2 502.0 496.0 -0.022741 -0.001763 26204 26204
2 500.0 496.0 -0.021745 -0.001632 26220 26221
2 500.0 496.0 -0.014535 -0.001082 26237 26237
2 500.0 496.0 -0.014472 0.003042 26252 26252
2 500.0 496.0 -0.007471 -0.000513 26268 26269
2 500.0 496.0 -0.005402 0.000349 26284 26285
2 500.0 496.0 -0.005109 0.000516 26300 26301
2 500.0 496.0 -0.000364 -0.00179 26316 26316
2 500.0 496.0 -4.8e-05 -0.000237 26332 26333
2 500.0 496.0 -6e-06 -3.1e-05 26348 26349
2 500.0 496.0 -1e-06 -4e-06 26364 26364
2 500.0 496.0 -0.0 -1e-06 26380 26381
2 500.0 496.0 -0.0 -0.0 26397 26397
2 500.0 496.0 -0.0 -0.0 26412 26413
2 500.0 496.0 0.000642 0.0018 26428 26429
2 500.0 496.0 0.006136 -0.001148 26444 26445
2 500.0 496.0 0.003698 0.004399 26460 26460
2 500.0 496.0 0.00625 -0.00198 26476 26477
2 500.0 496.0 0.002137 0.001538 26492 26493
2 500.0 496.0 0.003866 -0.000662 26508 26509
2 500.0 496.0 0.005374 -0.004603 26524 26524
2 500.0 496.0 0.001194 0.002558 26540 26541
2 500.0 496.0 9.5e-05 -0.000745 26556 26557
2 500.0 496.0 0.002938 -0.002814 26572 26572
2 500.0 496.0 0.000389 -0.000372 26588 26589
2 500.0 496.0 5.1e-05 -4.9e-05 26604 26605
2 500.0 496.0 7e-06 -7e-06 26621 26621
2 500.0 496.0 0.0 -0.0 26637 26638
2 500.0 496.0 0.0 -0.0 26653 26654
2 500.0 496.0 0.0 -0.0 26669 26669
2 500.0 496.0 0.0 -0.0 26685 26686
2 500.0 496.0 0.001938 -0.001799 26702 26702
2 500.0 498.0 0.001747 -0.001622 26717 26717
2 500.0 498.0 -0.000242 -0.005232 26733 26734
2 500.0 498.0 0.004862 -0.007005 26749 26750
2 500.0 498.0 0.00165 -0.00186 26765 26766
2 500.0 498.0 0.001799 -0.002629 26781 26782
2 500.0 498.0 0.003668 -0.003528 26797 26798
2 500.0 498.0 0.000485 -0.000467 26813 26814
2 500.0 498.0 6.4e-05 -6.2e-05 26829 26829
2 500.0 498.0 8e-06 -8e-06 26845 26846
2 500.0 498.0 1e-06 -1e-06 26861 26862
2 500.0 498.0 0.0 -0.0 26877 26877
2 500.0 498.0 0.0 -0.0 26893 26894
2 500.0 498.0 0.0 -0.0 26909 26910
2 500.0 498.0 0.0 -0.0 26925 26926
2 500.0 498.0 0.0 -0.0 26942 26942
2 500.0 498.0 -0.000641 -0.0018 26958 26958
6 500.0 498.0 -0.002338 0.000677 26974 26976
7 500.0 498.0 -0.00419 -0.002336 26990 26998
7 500.0 498.0 -0.002835 0.002407 27006 27012
7 500.0 498.0 -0.005908 0.004833 27024 27030
7 500.0 498.0 -0.004684 -0.002647 27040 27047
7 500.0 498.0 -0.002872 0.000567 27057 27063
7 500.0 498.0 -0.003182 -0.000341 27074 27081
7 500.0 498.0 -0.000551 -0.000966 27091 27097
7 500.0 498.0 -0.0035 0.003056 27106 27113
7 500.0 498.0 3e-05 -0.001897 27122 27128
7 500.0 498.0 -0.001338 0.001549 27139 27145
7 500.0 498.0 -0.000505 -0.000712 27154 27160
7 500.0 498.0 -6.7e-05 -9.4e-05 27170 27177
7 500.0 498.0 -9e-06 -1.2e-05 27186 27192
7 500.0 498.0 -1e-06 -1e-06 27202 27208
7 500.0 498.0 -0.0 -0.0 27218 27224
7 500.0 498.0 -0.0 -0.0 27235 27241
7 500.0 498.0 -0.0 -0.0 27250 27256
7 500.0 498.0 -0.000971 -0.002716 27267 27273
7 500.0 498.0 -0.000605 -0.001691 27282 27288
7 500.0 498.0 -8e-05 -0.000224 27298 27304
7 500.0 498.0 -0.001953 -0.005461 27314 27321
7 500.0 498.0 -0.001874 -0.005237 27330 27336
7 500.0 498.0 0.000665 -0.016222 27346 27353
11 500.0 500.0 0.008859 -0.027501 27363 27373
11 500.0 500.0 0.012944 -0.038141 27381 27387
11 500.0 502.0 0.008246 -0.043176 27397 27403
11 502.0 504.0 0.015401 -0.051076 27413 27419
11 502.0 506.0 0.017146 -0.062466 27429 27435
11 502.0 508.0 0.008648 -0.068043 27445 27452
11 502.0 510.0 0.00779 -0.079 27461 27467
11 502.0 512.0 0.007395 -0.092657 27477 27484
11 502.0 516.0 -0.00083 -0.0998 27493 27499
11 502.0 520.0 0.004955 -0.108308 27509 27516
11 502.0 524.0 0.004492 -0.124136 27525 27531
11 502.0 528.0 0.000964 -0.1307 27542 27548
11 502.0 532.0 0.001548 -0.139732 27557 27564
11 502.0 536.0 -0.002235 -0.147949 27573 27579
11 502.0 542.0 -0.002669 -0.1559 27589 27596
11 502.0 548.0 -0.001945 -0.162033 27605 27611
11 502.0 552.0 -0.007787 -0.167171 27621 27628
11 502.0 558.0 -0.005877 -0.169567 27638 27644
11 502.0 564.0 -0.00307 -0.178342 27653 27659
11 502.0 570.0 -0.012276 -0.176137 27670 27676
11 502.0 576.0 -0.005037 -0.18075 27686 27692
11 502.0 580.0 -0.007548 -0.181756 27702 27708
11 500.0 588.0 -0.010793 -0.18191 27718 27724
11 500.0 594.0 -0.006429 -0.183749 27734 27740
11 500.0 600.0 -0.00963 -0.183901 27750 27757
11 500.0 604.0 -0.012419 -0.182613 27766 27772
11 500.0 610.0 -0.006963 -0.188051 27782 27788
11 500.0 618.0 -0.008628 -0.186228 27798 27804
11 500.0 624.0 -0.009396 -0.18681 27814 27820
11 500.0 630.0 -0.00461 -0.191587 27830 27837
11 498.0 636.0 -0.010895 -0.19281 27846 27852
11 498.0 642.0 -0.007533 -0.19385 27863 27869
11 498.0 648.0 -0.004604 -0.201489 27879 27885
11 498.0 654.0 -0.011412 -0.19903 27895 27902
11 498.0 660.0 -0.003145 -0.201547 27911 27917
11 498.0 668.0 -0.006362 -0.206572 27928 27934
11 498.0 676.0 -0.003142 -0.207059 27944 27950
11 498.0 682.0 -0.001817 -0.205278 27960 27966
11 498.0 688.0 -0.003195 -0.210045 27976 27983
11 498.0 694.0 -0.001194 -0.212408 27992 27998
11 498.0 702.0 0.002605 -0.211633 28009 28015
11 498.0 710.0 -0.001032 -0.212914 28024 28030
11 498.0 716.0 0.004119 -0.213578 28040 28046
11 498.0 722.0 0.006323 -0.211736 28057 28063
11 498.0 728.0 0.004915 -0.210137 28072 28078
11 498.0 736.0 0.010281 -0.20598 28088 28095
11 500.0 742.0 0.011113 -0.202762 28104 28110
11 500.0 748.0 0.010361 -0.197876 28121 28127
11 500.0 754.0 0.014781 -0.192094 28136 28142
11 500.0 760.0 0.016108 -0.189109 28153 28159
11 500.0 768.0 0.014139 -0.181358 28169 28176
11 502.0 772.0 0.02094 -0.178578 28185 28191
11 502.0 778.0 0.020428 -0.171324 28202 28208
11 502.0 784.0 0.02184 -0.168054 28217 28223
11 504.0 790.0 0.020127 -0.159328 28233 28239
11 504.0 794.0 0.020073 -0.155007 28249 28255
11 504.0 798.0 0.023253 -0.149291 28265 28271
11 506.0 804.0 0.02486 -0.143925 28282 28288
11 506.0 808.0 0.019788 -0.134197 28297 28303
11 508.0 812.0 0.023759 -0.131742 28314 28320
11 508.0 816.0 0.025951 -0.129889 28329 28335
11 508.0 820.0 0.024366 -0.121362 28346 28352
11 510.0 824.0 0.02704 -0.116369 28361 28367
11 510.0 828.0 0.030382 -0.116883 28378 28384
11 512.0 832.0 0.02447 -0.111805 28393 28399
11 512.0 834.0 0.025783 -0.105962 28409 28416
11 514.0 838.0 0.026761 -0.106036 28425 28431
11 514.0 840.0 0.02033 -0.098855 28441 28447
11 514.0 844.0 0.02393 -0.097431 28457 28464
11 516.0 846.0 0.021484 -0.09117 28473 28479
11 516.0 850.0 0.019161 -0.088291 28489 28496
11 516.0 852.0 0.022588 -0.086179 28505 28511
11 518.0 856.0 0.017236 -0.082502 28521 28527
11 518.0 858.0 0.017089 -0.078667 28537 28543
11 518.0 860.0 0.020155 -0.073345 28553 28559
11 518.0 862.0 0.013826 -0.069355 28569 28575
11 520.0 864.0 0.014545 -0.069729 28585 28591
11 520.0 866.0 0.016122 -0.065106 28601 28608
11 520.0 868.0 0.009187 -0.066428 28617 28623
11 520.0 870.0 0.013364 -0.062466 28634 28640
11 522.0 872.0 0.012158 -0.066925 28649 28655
11 522.0 874.0 0.009706 -0.067079 28665 28672
11 522.0 876.0 0.011994 -0.06602 28681 28687
11 522.0 880.0 0.011814 -0.068153 28697 28704
11 522.0 882.0 0.005722 -0.066211 28713 28719
11 522.0 884.0 0.010547 -0.064375 28730 28736
11 522.0 886.0 0.008639 -0.066947 28745 28751
11 524.0 888.0 0.006713 -0.066187 28761 28767
11 524.0 890.0 0.008934 -0.061831 28777 28784
11 524.0 892.0 0.00493 -0.059158 28793 28799
11 524.0 894.0 0.004271 -0.054756 28810 28816
11 524.0 894.0 0.008055 -0.052392 28826 28833
11 524.0 896.0 0.001622 -0.050174 28842 28848
11 524.0 898.0 0.005754 -0.045142 28858 28865
11 524.0 900.0 0.005242 -0.04259 28874 28880
11 524.0 900.0 -8.1e-05 -0.036285 28890 28897
11 524.0 902.0 0.006002 -0.028986 28906 28912
11 524.0 902.0 0.004469 -0.029365 28922 28929
11 524.0 904.0 -0.001367 -0.023803 28938 28944
2 524.0 904.0 0.002604 -0.014852 28955 28961
2 524.0 904.0 0.006289 -0.015001 28972 28972
2 524.0 904.0 -0.003332 -0.010542 28987 28988
2 524.0 904.0 0.001619 -0.002089 29002 29003
2 524.0 904.0 0.000351 -0.003121 29019 29019
2 524.0 904.0 -0.000284 -0.000783 29034 29034
2 524.0 904.0 -3.8e-05 -0.000104 29050 29051
2 524.0 904.0 -3e-06 -7e-06 29066 29067
2 524.0 904.0 -0.0 -1e-06 29082 29083
2 524.0 904.0 0.001922 0.00215 29098 29098
2 524.0 904.0 0.001233 0.00138 29114 29115
2 524.0 904.0 0.001322 0.003009 29130 29131
2 524.0 904.0 0.001766 0.002179 29146 29147
2 524.0 904.0 0.000169 0.000327 29162 29163
2 524.0 904.0 0.000707 0.00081 29179 29179
2 524.0 904.0 -0.000237 -0.000263 29194 29195
2 524.0 904.0 0.001241 0.001391 29210 29211
2 524.0 904.0 -0.00117 -0.001311 29226 29227
2 526.0 904.0 0.000824 0.000923 29242 29243
2 526.0 904.0 0.003949 0.004427 29258 29258
2 526.0 904.0 -0.001398 -0.001567 29274 29275
2 526.0 904.0 0.000793 0.000889 29290 29291
2 526.0 904.0 0.002951 0.003309 29307 29307
2 526.0 904.0 -0.000588 -0.000659 29322 29323
2 526.0 904.0 0.004318 -0.001053 29338 29339
2 526.0 904.0 0.002247 -0.001151 29354 29355
2 526.0 904.0 0.002217 0.002001 29370 29370
2 526.0 904.0 0.001037 -0.000401 29386 29387
2 526.0 904.0 0.000137 -5.3e-05 29402 29403
2 526.0 904.0 1.8e-05 -7e-06 29418 29419
2 526.0 904.0 2e-06 -1e-06 29435 29435
2 526.0 904.0 0.0 -0.0 29450 29450
2 526.0 904.0 0.0 -0.0 29466 29467
2 526.0 904.0 0.0 -0.0 29483 29483
2 526.0 904.0 0.0 -0.0 29498 29499
2 526.0 904.0 0.0 -0.0 29514 29515
2 526.0 904.0 0.0 -0.0 29531 29532
2 526.0 904.0 0.0 -0.0 29546 29547
2 526.0 904.0 0.0 -0.0 29562 29562
2 526.0 904.0 0.0 -0.0 29578 29578
2 526.0 904.0 0.0 -0.0 29594 29595
2 526.0 904.0 -0.004528 0.002733 29611 29611
2 526.0 904.0 -0.004021 0.002428 29626 29627
2 526.0 904.0 -0.004536 0.00274 29642 29643
2 524.0 904.0 -0.004081 0.002466 29658 29659
2 524.0 904.0 -0.006219 0.003759 29675 29675
2 524.0 904.0 -0.007088 0.004287 29690 29691
2 524.0 904.0 -0.003403 0.002059 29706 29707
2 524.0 904.0 -0.005605 0.003393 29723 29723
2 524.0 904.0 -0.009309 0.005639 29738 29739
2 524.0 902.0 -0.005232 0.00317 29754 29755
2 524.0 902.0 -0.006954 0.004215 29770 29770
2 524.0 902.0 -0.009826 0.007653 29786 29787
2 524.0 902.0 -0.003391 0.00949 29802 29803
2 522.0 902.0 -0.008115 0.006484 29819 29819
2 522.0 902.0 -0.01023 0.010317 29835 29836
2 522.0 902.0 -0.005331 0.008825 29851 29852
2 522.0 902.0 -0.009674 0.004936 29868 29868
7 522.0 902.0 -0.007771 0.006301 29883 29885
7 522.0 900.0 -0.010477 0.009054 29900 29905
7 520.0 900.0 -0.012552 0.011344 29915 29921
7 520.0 900.0 -0.005363 0.011615 29931 29937
7 520.0 900.0 -0.00785 0.010378 29947 29953
7 520.0 900.0 -0.007932 0.013398 29963 29969
7 520.0 898.0 -0.000258 0.009601 29979 29985
7 520.0 898.0 -0.00227 0.007688 29995 30000
7 520.0 898.0 0.00205 0.007559 30011 30017
7 520.0 898.0 0.006667 0.008219 30027 30033
7 520.0 898.0 0.00439 0.005048 30043 30049
7 520.0 898.0 0.005061 0.00573 30059 30065
7 522.0 898.0 0.007059 0.007983 30075 30081
7 522.0 898.0 0.013678 0.001675 30091 30097
7 522.0 898.0 0.014503 0.003588 30107 30113
7 522.0 898.0 0.019394 0.000412 30123 30129
10 524.0 898.0 0.023762 -0.001761 30139 30146
10 524.0 898.0 0.021415 0.00252 30155 30161
10 524.0 898.0 0.017903 0.004536 30171 30177
10 526.0 898.0 0.020396 0.001183 30187 30193
10 526.0 896.0 0.01056 0.007063 30203 30209
10 526.0 896.0 0.012763 0.002954 30219 30225
10 526.0 896.0 0.018004 0.006053 30235 30241
10 526.0 896.0 0.0138 0.013854 30251 30257
10 528.0 896.0 0.017324 0.019722 30267 30273
10 528.0 894.0 0.007193 0.034169 30283 30289
10 528.0 892.0 0.005563 0.048002 30299 30305
10 528.0 892.0 -0.001635 0.053025 30315 30320
10 528.0 890.0 -0.001036 0.065001 30332 30337
10 528.0 886.0 -0.00791 0.075652 30348 30353
10 528.0 884.0 -0.011663 0.086178 30364 30370
10 526.0 880.0 -0.005683 0.095747 30380 30387
10 526.0 878.0 -0.018947 0.105269 30396 30402
10 526.0 874.0 -0.023244 0.121416 30412 30418
10 526.0 870.0 -0.018028 0.126999 30428 30434
10 524.0 864.0 -0.024317 0.136559 30444 30450
10 524.0 860.0 -0.022874 0.148649 30460 30466
10 522.0 856.0 -0.025047 0.160675 30476 30482
10 522.0 850.0 -0.026832 0.16806 30492 30498
10 522.0 844.0 -0.02711 0.175362 30508 30514
10 520.0 838.0 -0.02679 0.185309 30524 30530
10 520.0 832.0 -0.025079 0.188974 30541 30546
10 518.0 826.0 -0.02397 0.201632 30558 30563
10 518.0 818.0 -0.022581 0.206792 30575 30580
10 518.0 812.0 -0.019365 0.217452 30591 30597
10 516.0 804.0 -0.0154 0.221612 30606 30612
10 516.0 798.0 -0.015889 0.227 30622 30628
10 516.0 790.0 -0.013476 0.234245 30638 30644
10 516.0 782.0 -0.011008 0.236673 30654 30660
10 516.0 774.0 -0.008094 0.242798 30670 30676
10 514.0 766.0 -0.003805 0.248524 30686 30692
10 514.0 760.0 -0.003546 0.248916 30702 30708
10 514.0 752.0 -0.002726 0.252508 30718 30724
10 514.0 742.0 -0.003455 0.254062 30734 30740
10 514.0 734.0 -0.000249 0.258187 30750 30756
10 514.0 726.0 -0.003751 0.257955 30766 30772
10 514.0 718.0 0.001678 0.255126 30782 30788
10 514.0 712.0 0.002948 0.256941 30798 30804
10 514.0 700.0 0.002101 0.254014 30814 30820
10 516.0 694.0 0.00342 0.253409 30830 30836
10 516.0 686.0 0.006074 0.250947 30846 30852
10 516.0 678.0 0.005832 0.249034 30862 30868
10 516.0 672.0 0.007918 0.242761 30878 30884
10 516.0 662.0 0.003571 0.238493 30894 30900
10 516.0 654.0 0.000153 0.238072 30911 30916
10 516.0 642.0 0.002453 0.227472 30936 30943
10 516.0 636.0 -0.002704 0.228987 30952 30957
10 516.0 630.0 0.003329 0.220044 30968 30974
10 516.0 620.0 -0.001295 0.221516 30984 30990
10 516.0 614.0 -0.001136 0.217963 31000 31005
10 516.0 608.0 -0.002852 0.211867 31016 31023
10 516.0 602.0 -0.002654 0.203181 31032 31038
10 516.0 596.0 -0.004791 0.206825 31048 31054
10 516.0 588.0 -0.004601 0.200766 31064 31070
10 516.0 582.0 -0.008097 0.195051 31081 31086
10 516.0 576.0 -0.009731 0.192722 31097 31103
10 514.0 570.0 -0.009054 0.185647 31113 31119
10 514.0 562.0 -0.01299 0.18146 31129 31135
10 514.0 558.0 -0.016176 0.180826 31145 31151
10 514.0 552.0 -0.014732 0.171239 31161 31166
10 514.0 548.0 -0.020446 0.169242 31177 31183
10 512.0 542.0 -0.015794 0.161037 31193 31198
10 512.0 536.0 -0.019363 0.153421 31210 31215
10 510.0 524.0 -0.019841 0.13952 31226 31255
10 510.0 520.0 -0.02209 0.13323 31265 31272
2 508.0 516.0 -0.017781 0.122816 31282 31290
2 508.0 514.0 -0.015691 0.116455 31299 31300
2 508.0 510.0 -0.017471 0.107256 31315 31316
2 508.0 508.0 -0.016328 0.097954 31332 31332
2 508.0 504.0 -0.015848 0.088232 31348 31348
2 506.0 502.0 -0.017278 0.079231 31363 31364
2 506.0 500.0 -0.013402 0.065956 31379 31380
2 506.0 498.0 -0.015137 0.061445 31395 31396
2 504.0 496.0 -0.017105 0.052201 31411 31411
2 504.0 496.0 -0.015164 0.04007 31427 31428
2 504.0 494.0 -0.015513 0.031691 31443 31444
2 504.0 494.0 -0.019251 0.029182 31459 31459
2 502.0 492.0 -0.011439 0.019332 31475 31476
2 502.0 492.0 -0.01261 0.009316 31492 31492
2 502.0 492.0 -0.010517 0.00945 31508 31508
2 502.0 492.0 -0.007385 0.004429 31524 31525
2 502.0 492.0 -0.009106 0.003295 31540 31541
2 502.0 492.0 -0.007478 -0.003419 31556 31557
2 502.0 492.0 -0.008102 -0.005971 31572 31573
2 500.0 492.0 -0.008185 -0.004401 31589 31589
2 500.0 492.0 -0.006929 -0.005993 31604 31604
2 500.0 492.0 -0.007231 -0.005838 31620 31621
2 500.0 492.0 -0.009247 -0.000394 31636 31637
2 500.0 492.0 -0.005105 -0.007296 31652 31652
2 500.0 492.0 -0.006402 0.00129 31668 31669
2 500.0 492.0 -0.011227 0.00562 31684 31685
2 500.0 492.0 -0.004736 -0.004696 31700 31700
2 498.0 492.0 -0.006681 0.003746 31716 31717
2 498.0 492.0 -0.008509 0.002758 31732 31733
2 498.0 492.0 -0.005633 -0.005123 31748 31749
2 498.0 492.0 -0.00529 -0.000671 31764 31764
2 498.0 492.0 -0.007164 -0.000129 31780 31781
2 498.0 494.0 -0.002813 -0.008474 31796 31797
2 498.0 494.0 -0.002779 -0.007909 31812 31812
2 498.0 494.0 -0.003834 -0.006913 31828 31829
2 498.0 494.0 -0.002761 -0.009138 31844 31845
2 498.0 494.0 -0.004069 -0.004388 31860 31860
2 498.0 494.0 -0.001791 -0.008001 31876 31877
2 498.0 494.0 -0.001856 -0.00748 31892 31893
2 498.0 494.0 -0.00235 -0.00689 31909 31909
2 498.0 494.0 -0.002583 -0.007279 31924 31924
2 498.0 494.0 -0.003953 -0.005525 31940 31941
2 498.0 496.0 -0.002375 -0.006271 31957 31957
2 496.0 496.0 -0.00292 -0.008111 31973 31973
2 496.0 496.0 -0.003011 -0.002866 31989 31990
2 496.0 496.0 -0.002679 -0.006743 32004 32005
2 496.0 496.0 -0.002786 -0.007671 32020 32022
2 496.0 496.0 -0.002232 -0.00621 32036 32037
2 496.0 496.0 -0.001606 -0.004469 32053 32053
2 496.0 496.0 -0.003477 -0.009667 32068 32068
2 496.0 496.0 -0.002252 -0.006257 32084 32085
2 496.0 498.0 -0.003088 -0.00857 32100 32100
2 496.0 498.0 -0.006593 -0.011112 32116 32117
2 496.0 498.0 -0.00415 -0.010056 32132 32132
2 496.0 498.0 -0.006263 -0.009974 32148 32149
2 496.0 498.0 -0.004968 -0.010884 32164 32165
2 496.0 498.0 -0.006419 -0.011826 32180 32181
2 496.0 500.0 -0.004473 -0.014379 32197 32197
2 494.0 500.0 -0.007649 -0.008698 32213 32214
2 494.0 500.0 -0.011977 -0.007924 32229 32230
2 494.0 500.0 -0.006229 -0.013746 32245 32245
2 494.0 500.0 -0.007591 -0.007045 32261 32262
2 494.0 500.0 -0.009565 -0.006326 32277 32278
6 494.0 500.0 -0.00786 -0.011719 32294 32295
