7 500.0 472.0 0.001961 -0.015395 5509 5515
7 500.0 472.0 -0.000534 -0.012087 5524 5531
7 500.0 472.0 0.003284 -0.012592 5541 5547
7 500.0 474.0 0.000949 -0.008521 5557 5564
7 500.0 474.0 0.002079 -0.014367 5573 5579
7 500.0 474.0 0.005864 -0.01376 5589 5596
7 500.0 474.0 0.003015 -0.010522 5605 5612
7 500.0 474.0 0.002368 -0.007658 5621 5627
7 500.0 474.0 0.004272 -0.010166 5638 5644
7 500.0 474.0 0.000193 -0.006418 5653 5660
7 500.0 476.0 0.000921 -0.007735 5669 5675
7 500.0 476.0 0.003714 -0.007402 5685 5692
7 500.0 476.0 0.000592 -0.00711 5701 5707
7 500.0 476.0 0.002521 -0.00507 5718 5724
7 500.0 476.0 0.002487 -0.005672 5733 5740
7 500.0 476.0 0.000329 -0.00075 5750 5756
7 500.0 476.0 0.002951 -0.002834 5765 5771
7 500.0 476.0 0.00118 -0.001114 5781 5788
7 500.0 476.0 0.002564 -0.002412 5797 5803
7 500.0 476.0 0.000339 -0.000319 5813 5820
7 500.0 476.0 4.5e-05 -4.2e-05 5830 5836
7 500.0 476.0 3e-06 -3e-06 5846 5853
7 500.0 476.0 0.001927 -0.001812 5862 5868
7 500.0 476.0 0.000755 -0.00071 5878 5885
7 500.0 476.0 0.0001 -9.4e-05 5894 5900
7 500.0 476.0 0.000477 0.001382 5910 5917
7 500.0 476.0 0.000221 0.002414 5926 5932
7 500.0 476.0 0.000148 -0.00141 5942 5949
7 500.0 476.0 0.003392 -0.001526 5958 5964
7 500.0 476.0 0.001358 0.002535 5974 5981
7 500.0 476.0 0.001967 -0.001894 5990 5997
7 502.0 476.0 0.001146 0.001917 6006 6012
7 502.0 476.0 0.001511 0.004351 6022 6029
7 502.0 476.0 0.000512 0.001517 6038 6044
7 502.0 476.0 0.001132 0.003409 6054 6061
7 502.0 476.0 0.002806 0.00847 6071 6077
7 502.0 476.0 0.001572 0.004748 6087 6094
7 502.0 476.0 0.001426 0.004308 6103 6109
7 502.0 474.0 0.00231 0.006989 6119 6126
7 502.0 474.0 0.001513 0.00458 6135 6141
7 502.0 474.0 0.001859 0.00563 6153 6159
7 502.0 474.0 0.001765 0.00535 6168 6174
7 502.0 474.0 0.001022 0.0031 6185 6192
7 502.0 474.0 0.001636 0.004964 6202 6209
7 502.0 474.0 0.000676 0.002052 6218 6224
7 502.0 474.0 -6.6e-05 -0.0002 6234 6241
7 502.0 474.0 0.001049 0.003184 6251 6257
7 502.0 474.0 0.004081 -0.004169 6267 6273
7 502.0 474.0 0.007514 -0.004722 6283 6289
7 502.0 474.0 0.006293 -0.003769 6298 6304
7 502.0 474.0 0.00459 -0.00464 6314 6321
7 502.0 474.0 0.003794 -0.002649 6330 6337
7 502.0 474.0 0.002431 -0.002159 6347 6353
7 502.0 474.0 0.000822 -0.000755 6363 6369
7 502.0 474.0 0.000109 -0.0001 6378 6385
7 502.0 474.0 -0.00922 0.008649 6395 6401
7 502.0 474.0 -0.016285 0.015296 6410 6417
7 502.0 474.0 -0.015772 0.01484 6427 6433
9 500.0 474.0 -0.024383 0.014539 6443 6453
9 500.0 472.0 -0.027777 0.015633 6461 6467
9 498.0 472.0 -0.02674 0.007999 6477 6484
9 498.0 472.0 -0.025029 0.009375 6494 6500
9 498.0 472.0 -0.024603 0.008176 6509 6515
9 496.0 472.0 -0.022504 0.002491 6525 6532
9 496.0 472.0 -0.019932 -0.000469 6541 6550
9 496.0 472.0 -0.020078 -0.006351 6558 6564
9 494.0 472.0 -0.018951 -0.010926 6574 6583
9 494.0 472.0 -0.022041 -0.006354 6592 6598
9 494.0 474.0 -0.024346 -0.009385 6607 6614
9 492.0 474.0 -0.030091 -0.007038 6623 6629
9 490.0 474.0 -0.034375 -0.00388 6640 6646
9 490.0 474.0 -0.039909 -0.006537 6655 6662
9 488.0 474.0 -0.048805 0.000713 6671 6678
9 486.0 474.0 -0.057756 -0.00015 6687 6693
9 484.0 474.0 -0.060443 -0.002383 6703 6709
9 482.0 474.0 -0.067926 0.00065 6719 6726
9 480.0 474.0 -0.074813 -0.000922 6735 6741
9 478.0 474.0 -0.079648 -0.003242 6751 6757
9 474.0 474.0 -0.084983 0.003663 6768 6774
9 472.0 474.0 -0.092076 0.00313 6783 6790
9 468.0 474.0 -0.094941 -0.000384 6799 6805
9 466.0 474.0 -0.102452 0.002063 6816 6822
9 462.0 474.0 -0.104699 -0.001416 6832 6838
9 458.0 474.0 -0.109008 -0.00191 6847 6854
9 454.0 474.0 -0.113532 -0.000104 6863 6869
9 452.0 474.0 -0.115719 -0.003614 6880 6886
9 448.0 474.0 -0.118159 -0.001416 6896 6903
9 444.0 474.0 -0.120973 -0.0046 6912 6919
9 440.0 474.0 -0.122026 -0.010991 6928 6934
9 436.0 474.0 -0.126456 -0.002561 6945 6951
9 432.0 474.0 -0.130765 -0.006386 6961 6968
9 428.0 474.0 -0.132381 -0.007575 6977 6983
9 424.0 476.0 -0.134231 -0.003022 6993 6999
9 418.0 476.0 -0.14162 -0.003219 7009 7016
9 414.0 476.0 -0.143022 -0.005164 7025 7032
9 410.0 476.0 -0.145151 -0.001217 7041 7048
9 404.0 476.0 -0.148934 -0.004889 7057 7063
9 398.0 476.0 -0.148893 -0.003598 7074 7080
9 394.0 476.0 -0.152084 0.000712 7089 7096
9 390.0 476.0 -0.155582 -0.003845 7105 7112
9 384.0 476.0 -0.158757 -0.000128 7121 7128
9 380.0 476.0 -0.159674 -0.002601 7137 7143
9 374.0 476.0 -0.160534 -0.006331 7153 7159
9 368.0 476.0 -0.164553 -0.004364 7169 7176
9 364.0 476.0 -0.164346 -0.004484 7185 7192
9 358.0 476.0 -0.164773 -0.009785 7201 7208
9 354.0 476.0 -0.165436 -0.006311 7217 7224
9 348.0 478.0 -0.166184 -0.010181 7233 7239
9 342.0 478.0 -0.163106 -0.019259 7250 7256
9 338.0 478.0 -0.163661 -0.015846 7266 7273
9 332.0 478.0 -0.164699 -0.019618 7282 7288
9 326.0 480.0 -0.159576 -0.025976 7299 7305
9 320.0 480.0 -0.156629 -0.025214 7315 7322
9 316.0 482.0 -0.153691 -0.035162 7331 7338
9 312.0 484.0 -0.150488 -0.038975 7347 7353
9 306.0 484.0 -0.150479 -0.038895 7364 7370
9 302.0 486.0 -0.146194 -0.046083 7379 7386
9 298.0 488.0 -0.14726 -0.04489 7395 7401
9 292.0 488.0 -0.14556 -0.047503 7411 7418
9 288.0 490.0 -0.144267 -0.051391 7427 7434
9 282.0 492.0 -0.144717 -0.048139 7443 7450
9 278.0 494.0 -0.146515 -0.049159 7459 7465
9 274.0 496.0 -0.144427 -0.05342 7475 7481
9 270.0 498.0 -0.145793 -0.048799 7491 7498
9 266.0 498.0 -0.147395 -0.05161 7507 7514
9 260.0 500.0 -0.145996 -0.050503 7523 7529
9 256.0 502.0 -0.145217 -0.048204 7540 7546
9 250.0 504.0 -0.148755 -0.041867 7556 7563
9 246.0 504.0 -0.144774 -0.045253 7572 7578
9 242.0 506.0 -0.145586 -0.036622 7588 7594
9 236.0 508.0 -0.14485 -0.040667 7604 7611
9 232.0 508.0 -0.142008 -0.036425 7620 7627
9 228.0 510.0 -0.139266 -0.034142 7636 7642
9 224.0 510.0 -0.136954 -0.030548 7653 7659
9 218.0 512.0 -0.134849 -0.027846 7668 7675
9 214.0 512.0 -0.134527 -0.022481 7684 7691
9 210.0 514.0 -0.131628 -0.024412 7700 7706
9 206.0 514.0 -0.128054 -0.018446 7717 7723
9 202.0 514.0 -0.12854 -0.015349 7732 7739
9 200.0 516.0 -0.120723 -0.019497 7748 7755
9 194.0 516.0 -0.120965 -0.01293 7764 7770
9 190.0 516.0 -0.119316 -0.0094 7780 7787
9 188.0 516.0 -0.113431 -0.009385 7796 7802
9 184.0 516.0 -0.110784 -0.003525 7813 7819
9 180.0 516.0 -0.113877 0.000348 7828 7835
9 176.0 516.0 -0.109373 -0.00075 7844 7850
9 172.0 516.0 -0.10839 0.002962 7860 7867
9 170.0 516.0 -0.105147 0.005883 7876 7883
9 166.0 516.0 -0.106119 0.007623 7892 7898
9 162.0 516.0 -0.102125 0.01103 7908 7915
9 160.0 516.0 -0.102998 0.013083 7924 7930
9 156.0 514.0 -0.1007 0.009607 7941 7947
9 154.0 514.0 -0.09962 0.016128 7956 7963
9 150.0 514.0 -0.096014 0.008796 7972 7978
9 146.0 514.0 -0.092948 0.009924 7989 7995
9 144.0 514.0 -0.089617 0.010408 8005 8012
9 142.0 514.0 -0.084742 0.001755 8021 8027
9 138.0 512.0 -0.080595 0.003755 8038 8044
9 136.0 512.0 -0.07821 0.010958 8053 8060
9 134.0 512.0 -0.070526 -0.00057 8069 8075
9 132.0 512.0 -0.064458 0.005433 8086 8092
9 130.0 512.0 -0.063887 0.003367 8101 8108
9 128.0 512.0 -0.05947 0.00124 8117 8124
9 126.0 512.0 -0.054401 0.005087 8133 8139
9 124.0 512.0 -0.052349 0.004305 8150 8157
9 124.0 512.0 -0.046809 0.004258 8165 8172
9 122.0 512.0 -0.040108 0.006077 8181 8187
9 120.0 512.0 -0.037684 0.008128 8197 8203
9 120.0 512.0 -0.034674 0.008466 8213 8220
9 118.0 510.0 -0.031304 0.011723 8230 8236
9 118.0 510.0 -0.023157 0.006406 8246 8253
9 116.0 510.0 -0.020566 0.005522 8262 8268
2 116.0 510.0 -0.017538 0.010064 8279 8284
2 116.0 510.0 -0.01376 0.007681 8294 8295
2 116.0 510.0 -0.013684 0.003277 8310 8311
2 116.0 510.0 -0.009171 0.009142 8327 8327
2 116.0 510.0 -0.006203 0.002513 8342 8343
2 114.0 510.0 -0.006099 0.000263 8358 8359
2 114.0 510.0 -0.004414 0.006407 8374 8375
2 114.0 510.0 -0.002892 -0.000662 8390 8391
2 114.0 510.0 -0.001386 -0.001161 8406 8407
2 114.0 510.0 -9.3e-05 -7.8e-05 8423 8423
2 114.0 510.0 -1.2e-05 -1e-05 8438 8438
2 114.0 510.0 -2e-06 -1e-06 8454 8454
2 114.0 510.0 -0.0 -0.0 8470 8471
2 114.0 510.0 -0.0 -0.0 8486 8487
2 114.0 510.0 0.002327 0.00249 8503 8503
2 114.0 510.0 0.004923 0.00527 8518 8519
2 116.0 508.0 0.007533 0.004372 8534 8535
2 116.0 508.0 0.005282 0.000514 8550 8551
2 116.0 508.0 0.006658 0.00297 8567 8567
2 116.0 508.0 0.00812 0.006277 8582 8582
2 116.0 508.0 0.006987 0.000632 8598 8599
2 116.0 508.0 0.007873 0.003742 8614 8615
2 116.0 508.0 0.009578 0.004086 8630 8631
2 116.0 508.0 0.007836 0.00476 8646 8647
2 118.0 508.0 0.005831 0.005014 8662 8663
2 118.0 508.0 0.008679 0.002627 8679 8679
2 118.0 508.0 0.008688 -0.002716 8695 8695
2 118.0 508.0 0.00508 0.00577 8711 8712
2 118.0 508.0 0.005973 0.000377 8727 8728
2 118.0 508.0 0.007355 0.00154 8743 8744
2 118.0 508.0 0.004903 0.004451 8759 8760
2 118.0 508.0 0.004279 0.004513 8775 8776
2 118.0 508.0 0.003756 0.0026 8792 8792
2 118.0 508.0 0.005409 0.00566 8807 8807
2 118.0 508.0 0.002057 -0.000655 8823 8824
2 120.0 508.0 0.00291 -8.7e-05 8839 8840
2 120.0 508.0 0.003974 0.003876 8855 8856
2 120.0 508.0 0.000749 -0.002931 8871 8872
2 120.0 508.0 0.000438 -0.000984 8887 8888
2 120.0 508.0 5.8e-05 -0.00013 8903 8904
2 120.0 508.0 8e-06 -1.7e-05 8919 8920
2 120.0 508.0 1e-06 -2e-06 8935 8936
2 120.0 508.0 0.0 -0.0 8951 8952
2 120.0 508.0 0.0 -0.0 8967 8968
2 120.0 508.0 0.000997 0.00108 8983 8984
2 120.0 508.0 0.000468 0.000507 9000 9000
2 120.0 508.0 0.001694 0.001836 9015 9015
2 120.0 508.0 0.002877 0.003118 9031 9032
2 120.0 508.0 -0.000903 -0.000978 9047 9048
2 120.0 508.0 0.001837 0.00199 9063 9064
2 120.0 508.0 0.000243 0.000263 9079 9080
2 120.0 508.0 0.001312 0.001422 9096 9096
2 120.0 508.0 0.00051 0.000553 9111 9111
2 120.0 508.0 6.7e-05 7.3e-05 9127 9128
2 120.0 508.0 9e-06 1e-05 9143 9144
2 120.0 508.0 1e-06 1e-06 9159 9160
2 120.0 508.0 0.0 0.0 9175 9176
7 120.0 508.0 0.0 0.0 9192 9192
7 120.0 508.0 0.0 0.0 9208 9214
7 120.0 508.0 0.0 0.0 9224 9230
7 120.0 508.0 0.0 0.0 9241 9246
7 120.0 508.0 0.0 0.0 9256 9262
7 120.0 508.0 0.0 0.0 9272 9278
7 120.0 508.0 0.0 0.0 9288 9294
7 120.0 508.0 0.0 0.0 9304 9310
7 120.0 508.0 0.0 0.0 9320 9325
7 120.0 508.0 0.0 0.0 9336 9342
7 120.0 508.0 0.0 0.0 9352 9358
7 120.0 508.0 0.0 0.0 9368 9374
7 120.0 508.0 0.0 0.0 9384 9389
7 120.0 508.0 0.0 0.0 9401 9406
7 120.0 508.0 0.0 0.0 9416 9422
7 120.0 508.0 0.0 0.0 9432 9438
7 120.0 508.0 0.0 0.0 9448 9454
7 120.0 508.0 0.0 0.0 9464 9469
7 120.0 508.0 0.0 0.0 9480 9486
7 120.0 508.0 0.0 0.0 9496 9502
7 120.0 508.0 0.000996 0.00108 9512 9518
7 120.0 508.0 0.003718 0.004033 9528 9534
7 120.0 506.0 0.0064 -0.002384 9544 9549
7 120.0 508.0 0.011695 -0.007307 9561 9566
7 120.0 508.0 0.014973 -0.002293 9576 9582
7 122.0 508.0 0.017693 -0.009823 9592 9598
1 122.0 508.0 0.021781 -0.009349 9608 9614
1 122.0 508.0 0.025249 -0.008846 9624 9630
1 124.0 508.0 0.024123 -0.013373 9640 9645
1 124.0 510.0 0.029259 -0.014797 9656 9662
1 126.0 510.0 0.034332 -0.00958 9672 9678
1 126.0 510.0 0.034846 -0.011449 9688 9694
1 128.0 510.0 0.035537 -0.004461 9704 9710
1 130.0 510.0 0.041174 -0.002922 9720 9726
1 130.0 510.0 0.042898 -0.003535 9736 9742
1 132.0 510.0 0.050369 0.003877 9752 9758
1 134.0 510.0 0.055173 0.000419 9768 9774
1 136.0 510.0 0.059373 0.000181 9784 9789
1 138.0 510.0 0.062504 0.003185 9800 9806
1 140.0 510.0 0.069534 -0.000356 9816 9822
1 142.0 510.0 0.076738 -0.000569 9832 9838
1 144.0 510.0 0.08063 0.003493 9848 9854
1 148.0 510.0 0.080921 5.6e-05 9864 9869
1 150.0 510.0 0.087051 0.001098 9881 9886
1 154.0 510.0 0.086873 0.009155 9896 9902
1 156.0 510.0 0.093234 0.005315 9912 9918
1 158.0 510.0 0.094921 0.012049 9928 9933
1 162.0 508.0 0.097586 0.013358 9944 9950
1 166.0 508.0 0.102419 0.012402 9960 9966
1 170.0 508.0 0.104745 0.015686 9976 9982
1 172.0 508.0 0.107914 0.020237 9992 9997
1 176.0 506.0 0.112179 0.018213 10009 10014
1 180.0 506.0 0.116284 0.025972 10024 10030
1 184.0 504.0 0.122315 0.02764 10040 10046
1 188.0 504.0 0.127033 0.023333 10056 10061
1 192.0 504.0 0.129525 0.028204 10072 10078
1 198.0 502.0 0.137386 0.024106 10088 10094
1 202.0 502.0 0.14128 0.025067 10104 10110
1 206.0 500.0 0.143913 0.031097 10120 10126
1 210.0 500.0 0.149933 0.025156 10137 10142
1 216.0 500.0 0.156998 0.02549 10152 10158
1 220.0 498.0 0.160258 0.02786 10168 10174
1 226.0 498.0 0.163501 0.02248 10184 10190
1 232.0 496.0 0.170365 0.024529 10200 10206
1 236.0 496.0 0.172902 0.024145 10216 10222
1 242.0 496.0 0.178546 0.023432 10233 10239
1 250.0 494.0 0.179626 0.02434 10249 10255
1 254.0 494.0 0.182714 0.023601 10265 10271
1 260.0 494.0 0.18623 0.019439 10281 10287
1 266.0 492.0 0.187243 0.022865 10298 10303
1 272.0 492.0 0.189757 0.016995 10313 10319
1 280.0 492.0 0.191783 0.020308 10329 10335
1 286.0 490.0 0.189803 0.019799 10345 10351
1 290.0 490.0 0.192216 0.01729 10362 10367
1 296.0 490.0 0.194662 0.01671 10378 10384
1 304.0 490.0 0.193059 0.018408 10394 10401
1 310.0 488.0 0.196206 0.014803 10410 10416
1 316.0 488.0 0.197441 0.017317 10426 10432
1 322.0 488.0 0.19892 0.015813 10443 10449
1 328.0 488.0 0.196814 0.012873 10458 10464
1 336.0 486.0 0.196386 0.017503 10474 10480
1 342.0 486.0 0.19676 0.016623 10490 10496
1 348.0 486.0 0.195633 0.010279 10506 10512
1 354.0 486.0 0.194927 0.014347 10522 10528
1 360.0 486.0 0.194568 0.014434 10538 10544
1 366.0 484.0 0.192803 0.010926 10554 10560
1 372.0 484.0 0.191269 0.014689 10570 10576
1 378.0 484.0 0.19066 0.011536 10586 10592
1 384.0 484.0 0.188276 0.01206 10602 10608
1 390.0 484.0 0.18495 0.012744 10618 10624
1 396.0 484.0 0.18541 0.005857 10634 10640
1 402.0 484.0 0.185004 0.00807 10651 10656
1 408.0 482.0 0.177872 0.011553 10666 10672
1 414.0 482.0 0.177749 0.004709 10682 10688
1 418.0 482.0 0.175226 0.006556 10698 10704
1 424.0 482.0 0.173564 0.006276 10714 10720
1 430.0 482.0 0.16963 0.003044 10731 10736
1 436.0 482.0 0.167691 0.004722 10747 10752
1 440.0 482.0 0.161313 0.005011 10763 10768
1 446.0 482.0 0.157068 0.00093 10778 10784
1 450.0 482.0 0.151365 0.003037 10794 10799
1 456.0 482.0 0.144439 0.003197 10811 10816
1 460.0 482.0 0.136193 0.000961 10827 10833
1 464.0 482.0 0.127419 0.00214 10843 10849
1 468.0 482.0 0.123128 0.001413 10859 10865
1 472.0 482.0 0.114923 -0.003223 10875 10880
1 476.0 482.0 0.103699 0.003943 10891 10897
1 478.0 482.0 0.093354 -0.001592 10907 10913
1 480.0 482.0 0.08438 0.000395 10923 10928
1 484.0 482.0 0.076262 -0.000431 10939 10945
1 486.0 482.0 0.069056 0.000578 10955 10961
1 488.0 482.0 0.061999 -0.003716 10971 10976
1 488.0 482.0 0.049212 5.3e-05 10987 10993
1 490.0 482.0 0.040471 -0.00802 11002 11008
2 492.0 482.0 0.034325 -0.00314 11018 11023
2 492.0 482.0 0.027484 -0.002755 11035 11035
2 492.0 482.0 0.024901 -0.006498 11051 11051
2 494.0 482.0 0.025568 -0.00924 11067 11067
2 494.0 482.0 0.022548 -0.007261 11083 11083
2 496.0 484.0 0.020305 -0.01609 11099 11100
2 496.0 484.0 0.020359 -0.014569 11115 11116
2 496.0 484.0 0.013772 -0.012672 11132 11132
2 496.0 484.0 0.011056 -0.010375 11147 11147
2 496.0 484.0 0.00833 -0.007838 11163 11163
2 498.0 486.0 0.007416 -0.006978 11179 11179
2 498.0 486.0 0.005689 -0.007745 11195 11196
2 498.0 486.0 0.001501 -0.010199 11211 11212
2 498.0 486.0 -0.001538 -0.010093 11228 11228
2 498.0 486.0 -0.003052 -0.009525 11245 11245
2 498.0 486.0 -0.002789 -0.008113 11261 11262
2 496.0 486.0 -0.00236 -0.006779 11277 11278
2 496.0 488.0 -0.001589 -0.004557 11293 11294
2 496.0 488.0 -0.002118 -0.006066 11309 11310
2 496.0 488.0 -0.003515 0.000996 11325 11326
2 496.0 488.0 -0.004883 0.002596 11342 11342
2 496.0 488.0 -0.004008 -0.001955 11358 11359
2 496.0 488.0 -0.002456 0.001554 11374 11375
2 496.0 488.0 -0.00038 0.000258 11391 11391
2 496.0 488.0 -0.002451 0.002301 11407 11408
2 496.0 488.0 -0.000824 0.000775 11423 11424
2 496.0 486.0 -0.003996 0.003763 11439 11440
2 496.0 486.0 -2.9e-05 2.7e-05 11455 11455
2 496.0 486.0 -0.003409 0.003212 11471 11472
2 496.0 486.0 0.001795 0.004325 11487 11488
2 496.0 486.0 -0.002519 0.005636 11503 11504
2 496.0 486.0 -0.004547 0.008961 11519 11519
2 496.0 486.0 0.001476 0.005311 11535 11536
2 496.0 486.0 -0.000313 0.008487 11551 11552
2 496.0 486.0 -0.002247 0.008134 11567 11568
2 496.0 486.0 0.00306 0.006988 11584 11584
2 496.0 486.0 -0.000912 0.002788 11599 11599
2 496.0 486.0 0.00067 0.002642 11615 11616
2 496.0 484.0 0.001505 0.004428 11631 11632
2 496.0 484.0 -0.000215 -0.000612 11648 11648
2 496.0 484.0 -2.8e-05 -8.1e-05 11663 11663
2 496.0 484.0 -4e-06 -1.1e-05 11679 11679
2 496.0 484.0 -0.0 -1e-06 11695 11696
2 496.0 484.0 -0.0 -0.0 11711 11712
2 496.0 484.0 -0.0 -0.0 11727 11728
2 496.0 484.0 -0.0 -0.0 11744 11744
2 496.0 484.0 -0.0 -0.0 11759 11759
2 496.0 486.0 -0.00143 -0.004112 11775 11776
2 496.0 486.0 -0.000654 -0.00188 11791 11792
2 496.0 486.0 -0.006692 -0.000808 11807 11808
2 496.0 486.0 -0.006856 0.003064 11824 11824
2 496.0 484.0 -0.009636 0.005032 11839 11840
2 494.0 486.0 -0.006416 -0.001117 11856 11856
2 494.0 484.0 -0.006023 -0.000122 11872 11872
2 494.0 484.0 -0.00838 0.003292 11888 11888
2 494.0 484.0 -0.008157 -0.001385 11904 11904
2 494.0 484.0 -0.00628 0.003495 11920 11920
2 494.0 484.0 -0.010831 0.001443 11936 11937
2 494.0 484.0 -0.009676 -0.000555 11952 11953
2 494.0 484.0 -0.009816 0.001373 11968 11969
2 492.0 484.0 -0.010365 -0.001563 11984 11984
2 492.0 484.0 -0.010853 -0.003336 12000 12000
2 492.0 484.0 -0.010623 0.000975 12016 12016
2 492.0 484.0 -0.008034 -0.002079 12032 12033
2 492.0 484.0 -0.00994 0.000214 12048 12049
2 490.0 484.0 -0.010173 0.000571 12064 12065
2 490.0 484.0 -0.007479 -0.0026 12080 12081
2 490.0 484.0 -0.00777 0.001227 12097 12097
7 490.0 484.0 -0.007377 -0.00069 12112 12118
7 490.0 484.0 -0.009478 -0.002288 12128 12135
7 490.0 484.0 -0.005937 0.001132 12144 12152
7 490.0 484.0 -0.005517 -0.000221 12160 12167
7 490.0 484.0 -0.006843 -0.004504 12176 12182
7 490.0 484.0 -0.006731 0.002958 12192 12199
7 488.0 484.0 -0.002687 -0.000929 12208 12214
7 488.0 486.0 -0.001652 -0.003776 12224 12231
7 488.0 486.0 -0.000532 -0.001383 12240 12246
7 488.0 486.0 -0.00012 -0.000331 12256 12263
7 488.0 486.0 0.000132 0.000372 12272 12278
7 488.0 486.0 -0.000308 -0.000868 12288 12295
7 488.0 486.0 -4.1e-05 -0.000115 12304 12310
7 488.0 486.0 -5e-06 -1.5e-05 12320 12327
7 488.0 486.0 -1e-06 -2e-06 12336 12342
7 488.0 486.0 -0.0 -0.0 12352 12359
7 488.0 486.0 -0.0 -0.0 12368 12374
7 488.0 486.0 -0.0 -0.0 12384 12391
7 488.0 486.0 -0.0 -0.0 12400 12406
7 488.0 486.0 -0.0 -0.0 12416 12423
7 488.0 486.0 0.00025 0.000706 12432 12438
7 488.0 486.0 3.3e-05 9.3e-05 12448 12455
7 488.0 486.0 0.001475 -0.001393 12464 12470
7 488.0 486.0 0.000195 -0.000184 12480 12487
7 488.0 486.0 1.3e-05 -1.2e-05 12496 12502
7 488.0 486.0 2e-06 -2e-06 12513 12519
7 488.0 486.0 0.0 -0.0 12528 12535
7 488.0 486.0 0.0 -0.0 12544 12552
7 488.0 486.0 0.0 -0.0 12561 12567
7 488.0 486.0 -0.001912 0.001827 12577 12584
7 488.0 486.0 -0.002661 0.002543 12593 12600
7 488.0 484.0 -0.007583 0.00361 12609 12616
7 488.0 484.0 -0.002608 -0.004041 12625 12631
7 488.0 484.0 -0.004144 0.002259 12642 12648
7 488.0 484.0 -0.006529 0.001755 12657 12664
7 488.0 484.0 -0.004873 -0.003842 12673 12679
7 488.0 484.0 -0.00419 0.00226 12689 12696
7 488.0 484.0 -0.006534 0.001757 12705 12712
7 488.0 484.0 -0.004876 -0.00384 12721 12727
7 488.0 484.0 -0.006593 0.003013 12737 12744
7 488.0 484.0 -0.003971 -0.000903 12753 12759
7 486.0 484.0 -0.005036 -0.001924 12769 12776
7 486.0 484.0 -0.006592 0.003015 12785 12792
7 486.0 484.0 -0.004447 -0.005382 12802 12808
7 486.0 484.0 -0.006531 0.002508 12818 12825
7 486.0 484.0 -0.007443 0.001771 12834 12840
7 486.0 484.0 -0.003113 -0.001997 12850 12857
7 486.0 484.0 -0.005914 -0.001113 12866 12873
7 486.0 484.0 -0.00862 0.00232 12882 12888
7 486.0 484.0 -0.005802 -0.001907 12898 12905
7 486.0 484.0 -0.005612 0.002525 12914 12920
7 484.0 484.0 -0.008297 0.002698 12930 12937
7 484.0 484.0 -0.00593 -0.004111 12946 12952
7 484.0 484.0 -0.00533 0.003203 12962 12969
7 484.0 484.0 -0.004945 -0.000402 12978 12984
7 484.0 484.0 -0.006142 -0.002702 12995 13000
7 484.0 484.0 -0.006581 0.003343 13010 13016
7 484.0 484.0 -0.004135 -0.000819 13026 13033
7 484.0 484.0 -0.007295 -0.000979 13042 13048
7 484.0 484.0 -0.006881 0.003159 13058 13065
7 484.0 484.0 -0.004013 -0.000873 13074 13080
7 484.0 484.0 -0.005374 -0.000687 13091 13097
7 482.0 484.0 -0.007924 0.003221 13106 13113
7 482.0 484.0 -0.00524 -0.002235 13123 13129
7 482.0 484.0 -0.005373 -0.000689 13138 13144
7 482.0 484.0 -0.007922 0.003225 13154 13161
7 482.0 484.0 -0.003341 -0.004072 13170 13176
7 482.0 484.0 -0.004179 0.002281 13186 13193
7 482.0 484.0 -0.007931 0.003154 13202 13209
7 482.0 484.0 -0.005082 -0.003633 13218 13224
7 482.0 484.0 -0.003869 0.003224 13234 13241
7 482.0 484.0 -0.005516 0.000982 13250 13256
7 482.0 484.0 -0.003781 -0.001208 13266 13273
7 482.0 484.0 -0.003239 0.001539 13282 13288
7 482.0 484.0 -0.003365 -0.000614 13298 13305
7 480.0 484.0 -0.004312 -0.003662 13314 13320
7 480.0 484.0 -0.003444 0.000505 13330 13337
7 480.0 484.0 -0.003392 -0.00075 13346 13352
7 480.0 484.0 -0.003444 0.001763 13362 13369
7 480.0 484.0 -0.005066 0.001672 13378 13384
7 480.0 484.0 0.000224 -0.004314 13394 13401
